[ 2017-12-19T11:06:52+08:00 ] 123.151.77.91 /tpchat/index.php/Chat/article
INFO: [ app_init ] --START--
INFO: Run Behavior\BuildLiteBehavior [ RunTime:0.000000s ]
INFO: [ app_init ] --END-- [ RunTime:0.001953s ]
INFO: [ app_begin ] --START--
INFO: Run Behavior\ReadHtmlCacheBehavior [ RunTime:0.005859s ]
INFO: [ app_begin ] --END-- [ RunTime:0.005859s ]
ERR: SQLSTATE[HY000] [2002] 由于目标计算机积极拒绝，无法连接。


[ 2017-12-19T11:06:57+08:00 ] 123.151.77.91 /tpchat/index.php/Chat/product
INFO: [ app_init ] --START--
INFO: Run Behavior\BuildLiteBehavior [ RunTime:0.000000s ]
INFO: [ app_init ] --END-- [ RunTime:0.001953s ]
INFO: [ app_begin ] --START--
INFO: Run Behavior\ReadHtmlCacheBehavior [ RunTime:0.001953s ]
INFO: [ app_begin ] --END-- [ RunTime:0.001953s ]
ERR: SQLSTATE[HY000] [2002] 由于目标计算机积极拒绝，无法连接。


[ 2017-12-19T11:07:02+08:00 ] 120.204.17.71 /tpchat/index.php/Chat/article
INFO: [ app_init ] --START--
INFO: Run Behavior\BuildLiteBehavior [ RunTime:0.000000s ]
INFO: [ app_init ] --END-- [ RunTime:0.001953s ]
INFO: [ app_begin ] --START--
INFO: Run Behavior\ReadHtmlCacheBehavior [ RunTime:0.001953s ]
INFO: [ app_begin ] --END-- [ RunTime:0.002930s ]
ERR: SQLSTATE[HY000] [2002] 由于目标计算机积极拒绝，无法连接。


[ 2017-12-19T11:07:49+08:00 ] 218.249.50.168 /tpchat/index.php/chat
INFO: [ app_init ] --START--
INFO: Run Behavior\BuildLiteBehavior [ RunTime:0.000000s ]
INFO: [ app_init ] --END-- [ RunTime:0.001953s ]
INFO: [ app_begin ] --START--
INFO: Run Behavior\ReadHtmlCacheBehavior [ RunTime:0.001954s ]
INFO: [ app_begin ] --END-- [ RunTime:0.001954s ]
ERR: SQLSTATE[HY000] [2002] 由于目标计算机积极拒绝，无法连接。


[ 2017-12-19T11:08:50+08:00 ] 218.249.50.168 /tpchat/index.php/chat
INFO: [ app_init ] --START--
INFO: Run Behavior\BuildLiteBehavior [ RunTime:0.000000s ]
INFO: [ app_init ] --END-- [ RunTime:0.000977s ]
INFO: [ app_begin ] --START--
INFO: Run Behavior\ReadHtmlCacheBehavior [ RunTime:0.001953s ]
INFO: [ app_begin ] --END-- [ RunTime:0.001953s ]
ERR: SQLSTATE[HY000] [2002] 由于目标计算机积极拒绝，无法连接。


[ 2017-12-19T11:09:56+08:00 ] 101.226.233.150 /tpchat/index.php/chat?code=061nximt05kY4f1WgBkt0c8Tlt0nxim3&state=1
INFO: [ app_init ] --START--
INFO: Run Behavior\BuildLiteBehavior [ RunTime:0.000000s ]
INFO: [ app_init ] --END-- [ RunTime:0.000977s ]
INFO: [ app_begin ] --START--
INFO: Run Behavior\ReadHtmlCacheBehavior [ RunTime:0.001953s ]
INFO: [ app_begin ] --END-- [ RunTime:0.001953s ]
ERR: SQLSTATE[HY000] [2002] 由于目标计算机积极拒绝，无法连接。


[ 2017-12-19T11:09:56+08:00 ] 123.151.77.73 /tpchat/index.php/chat?code=061nximt05kY4f1WgBkt0c8Tlt0nxim3&state=1
INFO: [ app_init ] --START--
INFO: Run Behavior\BuildLiteBehavior [ RunTime:0.000000s ]
INFO: [ app_init ] --END-- [ RunTime:0.001953s ]
INFO: [ app_begin ] --START--
INFO: Run Behavior\ReadHtmlCacheBehavior [ RunTime:0.001953s ]
INFO: [ app_begin ] --END-- [ RunTime:0.001953s ]
ERR: SQLSTATE[HY000] [2002] 由于目标计算机积极拒绝，无法连接。


[ 2017-12-19T11:10:25+08:00 ] 123.151.77.73 /tpchat/index.php/Chat/product
INFO: [ app_init ] --START--
INFO: Run Behavior\BuildLiteBehavior [ RunTime:0.000000s ]
INFO: [ app_init ] --END-- [ RunTime:0.001953s ]
INFO: [ app_begin ] --START--
INFO: Run Behavior\ReadHtmlCacheBehavior [ RunTime:0.002930s ]
INFO: [ app_begin ] --END-- [ RunTime:0.002930s ]
ERR: SQLSTATE[HY000] [2002] 由于目标计算机积极拒绝，无法连接。


[ 2017-12-19T14:29:36+08:00 ] 127.0.0.1 /tpchat/index.php/chat/
INFO: [ app_init ] --START--
INFO: Run Behavior\BuildLiteBehavior [ RunTime:0.000977s ]
INFO: [ app_init ] --END-- [ RunTime:0.001953s ]
INFO: [ app_begin ] --START--
INFO: Run Behavior\ReadHtmlCacheBehavior [ RunTime:0.001953s ]
INFO: [ app_begin ] --END-- [ RunTime:0.002930s ]
ERR: SQLSTATE[HY000] [2002] 由于目标计算机积极拒绝，无法连接。


[ 2017-12-19T14:39:45+08:00 ] 223.72.63.219 /tpchat/index.php/chat
INFO: [ app_init ] --START--
INFO: Run Behavior\BuildLiteBehavior [ RunTime:0.000000s ]
INFO: [ app_init ] --END-- [ RunTime:0.001953s ]
INFO: [ app_begin ] --START--
INFO: Run Behavior\ReadHtmlCacheBehavior [ RunTime:0.002930s ]
INFO: [ app_begin ] --END-- [ RunTime:0.002930s ]
ERR: SQLSTATE[HY000] [2002] 由于目标计算机积极拒绝，无法连接。


[ 2017-12-19T14:43:47+08:00 ] 223.72.63.219 /tpchat/index.php/chat?code=011DipAv1A9Js90hFZAv1b8hAv1DipA2&state=1
INFO: [ app_init ] --START--
INFO: Run Behavior\BuildLiteBehavior [ RunTime:0.000977s ]
INFO: [ app_init ] --END-- [ RunTime:0.002930s ]
INFO: [ app_begin ] --START--
INFO: Run Behavior\ReadHtmlCacheBehavior [ RunTime:0.001953s ]
INFO: [ app_begin ] --END-- [ RunTime:0.001953s ]
SQL: SHOW COLUMNS FROM `user` [ RunTime:0.0020s ]
SQL: SELECT * FROM `user` WHERE `openid` = 'oAdCq01YzcVjLWljmeEBFcDEswEY' LIMIT 1   [ RunTime:0.0020s ]
SQL: SHOW COLUMNS FROM `banner` [ RunTime:0.0010s ]
SQL: SELECT * FROM `banner`  [ RunTime:0.0010s ]
SQL: SHOW COLUMNS FROM `category` [ RunTime:0.0000s ]
SQL: SELECT * FROM `category`  [ RunTime:0.0010s ]
INFO: [ view_parse ] --START--
INFO: [ template_filter ] --START--
INFO: Run Behavior\ContentReplaceBehavior [ RunTime:0.022462s ]
INFO: [ template_filter ] --END-- [ RunTime:0.022462s ]
INFO: Run Behavior\ParseTemplateBehavior [ RunTime:0.127935s ]
INFO: [ view_parse ] --END-- [ RunTime:0.129888s ]
INFO: [ view_filter ] --START--
INFO: Run Behavior\WriteHtmlCacheBehavior [ RunTime:0.002930s ]
INFO: [ view_filter ] --END-- [ RunTime:0.002930s ]
INFO: [ app_end ] --START--
INFO: Run Behavior\ShowPageTraceBehavior [ RunTime:0.001953s ]
INFO: [ app_end ] --END-- [ RunTime:0.001953s ]

[ 2017-12-19T14:43:57+08:00 ] 223.72.63.219 /tpchat/index.php/Chat/Index/ajaxCourse
INFO: [ app_init ] --START--
INFO: Run Behavior\BuildLiteBehavior [ RunTime:0.000000s ]
INFO: [ app_init ] --END-- [ RunTime:0.001953s ]
INFO: [ app_begin ] --START--
INFO: Run Behavior\ReadHtmlCacheBehavior [ RunTime:0.001954s ]
INFO: [ app_begin ] --END-- [ RunTime:0.002930s ]
SQL: SHOW COLUMNS FROM `user` [ RunTime:0.0020s ]
SQL: SELECT * FROM `user` WHERE `openid` = 'oAdCq01YzcVjLWljmeEBFcDEswEY' LIMIT 1   [ RunTime:0.0010s ]
SQL: SHOW COLUMNS FROM `course` [ RunTime:0.0010s ]
SQL: SELECT * FROM `course` WHERE `publish_state` = 1 AND `big_category` = '涓棰娲诲' ORDER BY starttime desc LIMIT 30   [ RunTime:0.0010s ]

[ 2017-12-19T14:44:10+08:00 ] 223.72.63.219 /tpchat/index.php/Chat/Index/ajaxCourse
INFO: [ app_init ] --START--
INFO: Run Behavior\BuildLiteBehavior [ RunTime:0.000000s ]
INFO: [ app_init ] --END-- [ RunTime:0.001953s ]
INFO: [ app_begin ] --START--
INFO: Run Behavior\ReadHtmlCacheBehavior [ RunTime:0.001954s ]
INFO: [ app_begin ] --END-- [ RunTime:0.001954s ]
SQL: SHOW COLUMNS FROM `user` [ RunTime:0.0020s ]
SQL: SELECT * FROM `user` WHERE `openid` = 'oAdCq01YzcVjLWljmeEBFcDEswEY' LIMIT 1   [ RunTime:0.0010s ]
SQL: SHOW COLUMNS FROM `course` [ RunTime:0.0010s ]
SQL: SELECT * FROM `course` WHERE `publish_state` = 1 AND `big_category` = '瀹璺佃剧' ORDER BY starttime desc LIMIT 30   [ RunTime:0.0020s ]

[ 2017-12-19T14:44:10+08:00 ] 223.72.63.219 /tpchat/index.php/Chat/Index/ajaxCourse
INFO: [ app_init ] --START--
INFO: Run Behavior\BuildLiteBehavior [ RunTime:0.000976s ]
INFO: [ app_init ] --END-- [ RunTime:0.001953s ]
INFO: [ app_begin ] --START--
INFO: Run Behavior\ReadHtmlCacheBehavior [ RunTime:0.001953s ]
INFO: [ app_begin ] --END-- [ RunTime:0.001953s ]
SQL: SHOW COLUMNS FROM `user` [ RunTime:0.0010s ]
SQL: SELECT * FROM `user` WHERE `openid` = 'oAdCq01YzcVjLWljmeEBFcDEswEY' LIMIT 1   [ RunTime:0.0010s ]
SQL: SHOW COLUMNS FROM `course` [ RunTime:0.0010s ]
SQL: SELECT * FROM `course` WHERE `publish_state` = 1 AND `big_category` = '娓稿娓稿' ORDER BY starttime desc LIMIT 30   [ RunTime:0.0010s ]

[ 2017-12-19T14:44:12+08:00 ] 61.151.178.175 /tpchat/index.php/Chat/user
INFO: [ app_init ] --START--
INFO: Run Behavior\BuildLiteBehavior [ RunTime:0.000000s ]
INFO: [ app_init ] --END-- [ RunTime:0.000977s ]
INFO: [ app_begin ] --START--
INFO: Run Behavior\ReadHtmlCacheBehavior [ RunTime:0.001953s ]
INFO: [ app_begin ] --END-- [ RunTime:0.001953s ]
SQL: SHOW COLUMNS FROM `user` [ RunTime:0.0010s ]
SQL: SELECT * FROM `user` WHERE `openid` = 'oAdCq01YzcVjLWljmeEBFcDEswEY' LIMIT 1   [ RunTime:0.0010s ]
SQL: SELECT * FROM `user` WHERE `openid` = 'oAdCq01YzcVjLWljmeEBFcDEswEY' LIMIT 1   [ RunTime:0.0010s ]
INFO: [ view_parse ] --START--
INFO: [ template_filter ] --START--
INFO: Run Behavior\ContentReplaceBehavior [ RunTime:0.000976s ]
INFO: [ template_filter ] --END-- [ RunTime:0.000976s ]
INFO: Run Behavior\ParseTemplateBehavior [ RunTime:0.124028s ]
INFO: [ view_parse ] --END-- [ RunTime:0.124028s ]
INFO: [ view_filter ] --START--
INFO: Run Behavior\WriteHtmlCacheBehavior [ RunTime:0.004883s ]
INFO: [ view_filter ] --END-- [ RunTime:0.005860s ]
INFO: [ app_end ] --START--
INFO: Run Behavior\ShowPageTraceBehavior [ RunTime:0.002929s ]
INFO: [ app_end ] --END-- [ RunTime:0.002929s ]

[ 2017-12-19T14:44:15+08:00 ] 61.151.178.175 /tpchat/index.php/Chat/log
INFO: [ app_init ] --START--
INFO: Run Behavior\BuildLiteBehavior [ RunTime:0.000000s ]
INFO: [ app_init ] --END-- [ RunTime:0.000976s ]
INFO: [ app_begin ] --START--
INFO: Run Behavior\ReadHtmlCacheBehavior [ RunTime:0.000977s ]
INFO: [ app_begin ] --END-- [ RunTime:0.002929s ]
SQL: SHOW COLUMNS FROM `user` [ RunTime:0.0010s ]
SQL: SELECT * FROM `user` WHERE `openid` = 'oAdCq01YzcVjLWljmeEBFcDEswEY' LIMIT 1   [ RunTime:0.0010s ]
SQL: SHOW COLUMNS FROM `log` [ RunTime:0.0010s ]
SQL: SELECT * FROM `log` WHERE ( `openid` = '' OR `openid` = 'oAdCq01YzcVjLWljmeEBFcDEswEY' )  [ RunTime:0.0000s ]
INFO: [ view_parse ] --START--
INFO: [ template_filter ] --START--
INFO: Run Behavior\ContentReplaceBehavior [ RunTime:0.000000s ]
INFO: [ template_filter ] --END-- [ RunTime:0.000000s ]
INFO: Run Behavior\ParseTemplateBehavior [ RunTime:0.021485s ]
INFO: [ view_parse ] --END-- [ RunTime:0.021485s ]
INFO: [ view_filter ] --START--
INFO: Run Behavior\WriteHtmlCacheBehavior [ RunTime:0.000976s ]
INFO: [ view_filter ] --END-- [ RunTime:0.000976s ]
INFO: [ app_end ] --START--
INFO: Run Behavior\ShowPageTraceBehavior [ RunTime:0.000977s ]
INFO: [ app_end ] --END-- [ RunTime:0.001954s ]

[ 2017-12-19T14:44:16+08:00 ] 61.151.178.175 /tpchat/index.php/Chat
INFO: [ app_init ] --START--
INFO: Run Behavior\BuildLiteBehavior [ RunTime:0.000000s ]
INFO: [ app_init ] --END-- [ RunTime:0.001953s ]
INFO: [ app_begin ] --START--
INFO: Run Behavior\ReadHtmlCacheBehavior [ RunTime:0.001953s ]
INFO: [ app_begin ] --END-- [ RunTime:0.001953s ]
SQL: SHOW COLUMNS FROM `user` [ RunTime:0.0010s ]
SQL: SELECT * FROM `user` WHERE `openid` = 'oAdCq01YzcVjLWljmeEBFcDEswEY' LIMIT 1   [ RunTime:0.0000s ]
SQL: SHOW COLUMNS FROM `banner` [ RunTime:0.0010s ]
SQL: SELECT * FROM `banner`  [ RunTime:0.0000s ]
SQL: SHOW COLUMNS FROM `category` [ RunTime:0.0010s ]
SQL: SELECT * FROM `category`  [ RunTime:0.0000s ]
INFO: [ view_parse ] --START--
INFO: [ template_filter ] --START--
INFO: Run Behavior\ContentReplaceBehavior [ RunTime:0.000976s ]
INFO: [ template_filter ] --END-- [ RunTime:0.000976s ]
INFO: Run Behavior\ParseTemplateBehavior [ RunTime:0.030274s ]
INFO: [ view_parse ] --END-- [ RunTime:0.030274s ]
INFO: [ view_filter ] --START--
INFO: Run Behavior\WriteHtmlCacheBehavior [ RunTime:0.001953s ]
INFO: [ view_filter ] --END-- [ RunTime:0.001953s ]
INFO: [ app_end ] --START--
INFO: Run Behavior\ShowPageTraceBehavior [ RunTime:0.001954s ]
INFO: [ app_end ] --END-- [ RunTime:0.001954s ]

[ 2017-12-19T14:44:17+08:00 ] 61.151.178.175 /tpchat/index.php/Chat/Index/ajaxCourse
INFO: [ app_init ] --START--
INFO: Run Behavior\BuildLiteBehavior [ RunTime:0.000000s ]
INFO: [ app_init ] --END-- [ RunTime:0.001954s ]
INFO: [ app_begin ] --START--
INFO: Run Behavior\ReadHtmlCacheBehavior [ RunTime:0.000976s ]
INFO: [ app_begin ] --END-- [ RunTime:0.001953s ]
SQL: SHOW COLUMNS FROM `user` [ RunTime:0.0010s ]
SQL: SELECT * FROM `user` WHERE `openid` = 'oAdCq01YzcVjLWljmeEBFcDEswEY' LIMIT 1   [ RunTime:0.0010s ]
SQL: SHOW COLUMNS FROM `course` [ RunTime:0.0010s ]
SQL: SELECT * FROM `course` WHERE `publish_state` = 1 AND `big_category` = '涓棰娲诲' ORDER BY starttime desc LIMIT 30   [ RunTime:0.0010s ]

