[ 2017-12-29T19:37:14+08:00 ] 123.151.77.91 /tpchat/index.php/chat?code=011ceaMa2SqZ1P0z3nOa2HOuMa2ceaMF&state=1
INFO: [ app_init ] --START--
INFO: Run Behavior\BuildLiteBehavior [ RunTime:0.000000s ]
INFO: [ app_init ] --END-- [ RunTime:0.015625s ]
INFO: [ app_begin ] --START--
INFO: Run Behavior\ReadHtmlCacheBehavior [ RunTime:0.000000s ]
INFO: [ app_begin ] --END-- [ RunTime:0.000000s ]
SQL: SHOW COLUMNS FROM `user` [ RunTime:0.0156s ]
SQL: SELECT * FROM `user` WHERE `openid` = 'oAdCq01YzcVjLWljmeEBFcDEswEY' LIMIT 1   [ RunTime:0.0000s ]
SQL: SHOW COLUMNS FROM `banner` [ RunTime:0.0000s ]
SQL: SELECT * FROM `banner`  [ RunTime:0.0000s ]
SQL: SHOW COLUMNS FROM `category` [ RunTime:0.0156s ]
SQL: SELECT * FROM `category`  [ RunTime:0.0000s ]
INFO: [ view_parse ] --START--
INFO: [ template_filter ] --START--
INFO: Run Behavior\ContentReplaceBehavior [ RunTime:0.000000s ]
INFO: [ template_filter ] --END-- [ RunTime:0.015626s ]
INFO: Run Behavior\ParseTemplateBehavior [ RunTime:0.125004s ]
INFO: [ view_parse ] --END-- [ RunTime:0.125004s ]
INFO: [ view_filter ] --START--
INFO: Run Behavior\WriteHtmlCacheBehavior [ RunTime:0.000000s ]
INFO: [ view_filter ] --END-- [ RunTime:0.000000s ]
INFO: [ app_end ] --START--
INFO: Run Behavior\ShowPageTraceBehavior [ RunTime:0.000000s ]
INFO: [ app_end ] --END-- [ RunTime:0.000000s ]

[ 2017-12-29T19:37:22+08:00 ] 123.151.77.91 /tpchat/index.php/Chat/Index/ajaxCourse
INFO: [ app_init ] --START--
INFO: Run Behavior\BuildLiteBehavior [ RunTime:0.000000s ]
INFO: [ app_init ] --END-- [ RunTime:0.000000s ]
INFO: [ app_begin ] --START--
INFO: Run Behavior\ReadHtmlCacheBehavior [ RunTime:0.015626s ]
INFO: [ app_begin ] --END-- [ RunTime:0.015626s ]
SQL: SHOW COLUMNS FROM `user` [ RunTime:0.0000s ]
SQL: SELECT * FROM `user` WHERE `openid` = 'oAdCq01YzcVjLWljmeEBFcDEswEY' LIMIT 1   [ RunTime:0.0000s ]
SQL: SHOW COLUMNS FROM `course` [ RunTime:0.0000s ]
SQL: SELECT * FROM `course` WHERE `publish_state` = 1 AND `big_category` = '专题活动' ORDER BY starttime desc LIMIT 30   [ RunTime:0.0156s ]

[ 2017-12-29T19:37:57+08:00 ] 123.151.77.91 /tpchat/index.php/Chat/Index/ajaxCourse
INFO: [ app_init ] --START--
INFO: Run Behavior\BuildLiteBehavior [ RunTime:0.000000s ]
INFO: [ app_init ] --END-- [ RunTime:0.000000s ]
INFO: [ app_begin ] --START--
INFO: Run Behavior\ReadHtmlCacheBehavior [ RunTime:0.000000s ]
INFO: [ app_begin ] --END-- [ RunTime:0.000000s ]
SQL: SHOW COLUMNS FROM `user` [ RunTime:0.0000s ]
SQL: SELECT * FROM `user` WHERE `openid` = 'oAdCq01YzcVjLWljmeEBFcDEswEY' LIMIT 1   [ RunTime:0.0000s ]
SQL: SHOW COLUMNS FROM `course` [ RunTime:0.0000s ]
SQL: SELECT * FROM `course` WHERE `publish_state` = 1 AND `big_category` = '实践课程' ORDER BY starttime desc LIMIT 30   [ RunTime:0.0000s ]

[ 2017-12-29T19:38:01+08:00 ] 123.151.77.91 /tpchat/index.php/Chat/Index/sortcourse
INFO: [ app_init ] --START--
INFO: Run Behavior\BuildLiteBehavior [ RunTime:0.000000s ]
INFO: [ app_init ] --END-- [ RunTime:0.015626s ]
INFO: [ app_begin ] --START--
INFO: Run Behavior\ReadHtmlCacheBehavior [ RunTime:0.000000s ]
INFO: [ app_begin ] --END-- [ RunTime:0.000000s ]
SQL: SHOW COLUMNS FROM `user` [ RunTime:0.0000s ]
SQL: SELECT * FROM `user` WHERE `openid` = 'oAdCq01YzcVjLWljmeEBFcDEswEY' LIMIT 1   [ RunTime:0.0000s ]
SQL: SHOW COLUMNS FROM `course` [ RunTime:0.0156s ]
SQL: SELECT * FROM `course` WHERE `publish_state` = 1 AND `big_category` = '实践课程'  [ RunTime:0.0000s ]

[ 2017-12-29T19:38:02+08:00 ] 123.151.77.91 /tpchat/index.php/Chat/Index/sortCategory
INFO: [ app_init ] --START--
INFO: Run Behavior\BuildLiteBehavior [ RunTime:0.000000s ]
INFO: [ app_init ] --END-- [ RunTime:0.000000s ]
INFO: [ app_begin ] --START--
INFO: Run Behavior\ReadHtmlCacheBehavior [ RunTime:0.000000s ]
INFO: [ app_begin ] --END-- [ RunTime:0.000000s ]
SQL: SHOW COLUMNS FROM `user` [ RunTime:0.0000s ]
SQL: SELECT * FROM `user` WHERE `openid` = 'oAdCq01YzcVjLWljmeEBFcDEswEY' LIMIT 1   [ RunTime:0.0000s ]
SQL: SHOW COLUMNS FROM `course` [ RunTime:0.0000s ]
SQL: SELECT * FROM `course` WHERE `publish_state` = 1 AND `small_category` = '机器人' AND `big_category` = '实践课程' ORDER BY starttime desc  [ RunTime:0.0000s ]

[ 2017-12-29T19:38:04+08:00 ] 123.151.77.91 /tpchat/index.php/Chat/Index/sortCategory
INFO: [ app_init ] --START--
INFO: Run Behavior\BuildLiteBehavior [ RunTime:0.000000s ]
INFO: [ app_init ] --END-- [ RunTime:0.015625s ]
INFO: [ app_begin ] --START--
INFO: Run Behavior\ReadHtmlCacheBehavior [ RunTime:0.000000s ]
INFO: [ app_begin ] --END-- [ RunTime:0.000000s ]
SQL: SHOW COLUMNS FROM `user` [ RunTime:0.0000s ]
SQL: SELECT * FROM `user` WHERE `openid` = 'oAdCq01YzcVjLWljmeEBFcDEswEY' LIMIT 1   [ RunTime:0.0000s ]
SQL: SHOW COLUMNS FROM `course` [ RunTime:0.0000s ]
SQL: SELECT * FROM `course` WHERE `publish_state` = 1 AND `small_category` = '主持人' AND `big_category` = '实践课程' ORDER BY starttime desc  [ RunTime:0.0000s ]

[ 2017-12-29T19:38:07+08:00 ] 123.151.77.91 /tpchat/index.php/Chat/Index/ajaxCourse
INFO: [ app_init ] --START--
INFO: Run Behavior\BuildLiteBehavior [ RunTime:0.000000s ]
INFO: [ app_init ] --END-- [ RunTime:0.000000s ]
INFO: [ app_begin ] --START--
INFO: Run Behavior\ReadHtmlCacheBehavior [ RunTime:0.000000s ]
INFO: [ app_begin ] --END-- [ RunTime:0.000000s ]
SQL: SHOW COLUMNS FROM `user` [ RunTime:0.0000s ]
SQL: SELECT * FROM `user` WHERE `openid` = 'oAdCq01YzcVjLWljmeEBFcDEswEY' LIMIT 1   [ RunTime:0.0000s ]
SQL: SHOW COLUMNS FROM `course` [ RunTime:0.0000s ]
SQL: SELECT * FROM `course` WHERE `publish_state` = 1 AND `big_category` = '游历游学' ORDER BY starttime desc LIMIT 30   [ RunTime:0.0000s ]

