[ 2018-02-27T13:42:48+08:00 ] 123.151.77.121 /tpchat/index.php/Chat/Product?code=021rik220f7gKF1wcXZ10ZxW120rik2C&state=1
INFO: [ app_init ] --START--
INFO: Run Behavior\BuildLiteBehavior [ RunTime:0.000017s ]
INFO: [ app_init ] --END-- [ RunTime:0.000121s ]
INFO: [ app_begin ] --START--
INFO: Run Behavior\ReadHtmlCacheBehavior [ RunTime:0.000048s ]
INFO: [ app_begin ] --END-- [ RunTime:0.000086s ]
SQL: SHOW COLUMNS FROM `user` [ RunTime:0.1200s ]
SQL: SELECT * FROM `user` WHERE `openid` = 'oAdCq016X8Hgd9iVKRk6Ob-r-sNU' LIMIT 1   [ RunTime:0.0529s ]
SQL: SHOW COLUMNS FROM `video` [ RunTime:0.0877s ]
SQL: SHOW COLUMNS FROM `course` [ RunTime:0.0006s ]
SQL: SELECT * FROM `course` ORDER BY createtime desc  [ RunTime:0.0323s ]
SQL: SHOW COLUMNS FROM `article` [ RunTime:0.0425s ]
SQL: SELECT * FROM `article` ORDER BY createtime desc  [ RunTime:0.0004s ]
SQL: SHOW COLUMNS FROM `video_activity` [ RunTime:0.0303s ]
SQL: SELECT * FROM `video_activity` ORDER BY starttime desc  [ RunTime:0.0130s ]
INFO: [ view_parse ] --START--
INFO: [ template_filter ] --START--
INFO: Run Behavior\ContentReplaceBehavior [ RunTime:0.003258s ]
INFO: [ template_filter ] --END-- [ RunTime:0.003352s ]
NOTIC: [8] Undefined index: desc /mnt/tpchat/Application/Runtime/Cache/Chat/d8284913d94a3ddb4d5d2388b1d03584.php 第 53 行.
NOTIC: [8] Undefined variable: data /mnt/tpchat/Application/Runtime/Cache/Chat/d8284913d94a3ddb4d5d2388b1d03584.php 第 83 行.
INFO: Run Behavior\ParseTemplateBehavior [ RunTime:0.044356s ]
INFO: [ view_parse ] --END-- [ RunTime:0.044411s ]
INFO: [ view_filter ] --START--
INFO: Run Behavior\WriteHtmlCacheBehavior [ RunTime:0.000078s ]
INFO: [ view_filter ] --END-- [ RunTime:0.000111s ]
INFO: [ app_end ] --START--
INFO: Run Behavior\ShowPageTraceBehavior [ RunTime:0.000046s ]
INFO: [ app_end ] --END-- [ RunTime:0.000079s ]

