[ 2018-02-23T08:40:22+08:00 ] 123.151.77.121 /tpchat/index.php/Chat/Live?code=061qhFml1bLZzm0RS2kl1ozOml1qhFmN&state=1
INFO: [ app_init ] --START--
INFO: Run Behavior\BuildLiteBehavior [ RunTime:0.000020s ]
INFO: [ app_init ] --END-- [ RunTime:0.000173s ]
INFO: [ app_begin ] --START--
INFO: Run Behavior\ReadHtmlCacheBehavior [ RunTime:0.000125s ]
INFO: [ app_begin ] --END-- [ RunTime:0.000222s ]
INFO: [ view_parse ] --START--
INFO: [ template_filter ] --START--
INFO: Run Behavior\ContentReplaceBehavior [ RunTime:0.000058s ]
INFO: [ template_filter ] --END-- [ RunTime:0.000136s ]
INFO: Run Behavior\ParseTemplateBehavior [ RunTime:0.027727s ]
INFO: [ view_parse ] --END-- [ RunTime:0.027806s ]
INFO: [ view_filter ] --START--
INFO: Run Behavior\WriteHtmlCacheBehavior [ RunTime:0.000059s ]
INFO: [ view_filter ] --END-- [ RunTime:0.000104s ]
INFO: [ app_end ] --START--
INFO: Run Behavior\ShowPageTraceBehavior [ RunTime:0.000055s ]
INFO: [ app_end ] --END-- [ RunTime:0.000104s ]

[ 2018-02-23T08:40:29+08:00 ] 123.151.77.121 /tpchat/index.php/Chat/tutorial?code=001Q3avU08FtPX1GguwU0qWRuU0Q3avT&state=1
INFO: [ app_init ] --START--
INFO: Run Behavior\BuildLiteBehavior [ RunTime:0.000021s ]
INFO: [ app_init ] --END-- [ RunTime:0.000151s ]
INFO: [ app_begin ] --START--
INFO: Run Behavior\ReadHtmlCacheBehavior [ RunTime:0.000052s ]
INFO: [ app_begin ] --END-- [ RunTime:0.000131s ]
SQL: SHOW COLUMNS FROM `tutorial` [ RunTime:0.1197s ]
SQL: SELECT * FROM `tutorial` ORDER BY createtime desc  [ RunTime:0.0003s ]
INFO: [ view_parse ] --START--
INFO: [ template_filter ] --START--
INFO: Run Behavior\ContentReplaceBehavior [ RunTime:0.000065s ]
INFO: [ template_filter ] --END-- [ RunTime:0.000130s ]
INFO: Run Behavior\ParseTemplateBehavior [ RunTime:0.009440s ]
INFO: [ view_parse ] --END-- [ RunTime:0.009507s ]
INFO: [ view_filter ] --START--
INFO: Run Behavior\WriteHtmlCacheBehavior [ RunTime:0.000051s ]
INFO: [ view_filter ] --END-- [ RunTime:0.000097s ]
INFO: [ app_end ] --START--
INFO: Run Behavior\ShowPageTraceBehavior [ RunTime:0.000049s ]
INFO: [ app_end ] --END-- [ RunTime:0.000096s ]

[ 2018-02-23T08:40:30+08:00 ] 123.151.77.121 /tpchat/index.php/Chat/tutorial?code=001Q3avU08FtPX1GguwU0qWRuU0Q3avT&state=1
INFO: [ app_init ] --START--
INFO: Run Behavior\BuildLiteBehavior [ RunTime:0.000016s ]
INFO: [ app_init ] --END-- [ RunTime:0.000136s ]
INFO: [ app_begin ] --START--
INFO: Run Behavior\ReadHtmlCacheBehavior [ RunTime:0.000053s ]
INFO: [ app_begin ] --END-- [ RunTime:0.000110s ]
SQL: SHOW COLUMNS FROM `tutorial` [ RunTime:0.0009s ]
SQL: SELECT * FROM `tutorial` ORDER BY createtime desc  [ RunTime:0.0003s ]
INFO: [ view_parse ] --START--
INFO: [ template_filter ] --START--
INFO: Run Behavior\ContentReplaceBehavior [ RunTime:0.000056s ]
INFO: [ template_filter ] --END-- [ RunTime:0.000117s ]
INFO: Run Behavior\ParseTemplateBehavior [ RunTime:0.003476s ]
INFO: [ view_parse ] --END-- [ RunTime:0.003535s ]
INFO: [ view_filter ] --START--
INFO: Run Behavior\WriteHtmlCacheBehavior [ RunTime:0.000049s ]
INFO: [ view_filter ] --END-- [ RunTime:0.000094s ]
INFO: [ app_end ] --START--
INFO: Run Behavior\ShowPageTraceBehavior [ RunTime:0.000048s ]
INFO: [ app_end ] --END-- [ RunTime:0.000094s ]

[ 2018-02-23T08:40:39+08:00 ] 123.151.77.121 /tpchat/index.php/Chat/tutorial?code=001Q3avU08FtPX1GguwU0qWRuU0Q3avT&state=1
INFO: [ app_init ] --START--
INFO: Run Behavior\BuildLiteBehavior [ RunTime:0.000015s ]
INFO: [ app_init ] --END-- [ RunTime:0.000123s ]
INFO: [ app_begin ] --START--
INFO: Run Behavior\ReadHtmlCacheBehavior [ RunTime:0.000053s ]
INFO: [ app_begin ] --END-- [ RunTime:0.000105s ]
SQL: SHOW COLUMNS FROM `tutorial` [ RunTime:0.0007s ]
SQL: SELECT * FROM `tutorial` ORDER BY createtime desc  [ RunTime:0.0003s ]
INFO: [ view_parse ] --START--
INFO: [ template_filter ] --START--
INFO: Run Behavior\ContentReplaceBehavior [ RunTime:0.000056s ]
INFO: [ template_filter ] --END-- [ RunTime:0.000116s ]
INFO: Run Behavior\ParseTemplateBehavior [ RunTime:0.003550s ]
INFO: [ view_parse ] --END-- [ RunTime:0.003626s ]
INFO: [ view_filter ] --START--
INFO: Run Behavior\WriteHtmlCacheBehavior [ RunTime:0.000074s ]
INFO: [ view_filter ] --END-- [ RunTime:0.000124s ]
INFO: [ app_end ] --START--
INFO: Run Behavior\ShowPageTraceBehavior [ RunTime:0.000049s ]
INFO: [ app_end ] --END-- [ RunTime:0.000097s ]

[ 2018-02-23T08:40:50+08:00 ] 123.151.77.121 /tpchat/index.php/Chat/Product?code=071zgOIA19sgbe0aC4IA1O9BIA1zgOIr&state=1
INFO: [ app_init ] --START--
INFO: Run Behavior\BuildLiteBehavior [ RunTime:0.000015s ]
INFO: [ app_init ] --END-- [ RunTime:0.000115s ]
INFO: [ app_begin ] --START--
INFO: Run Behavior\ReadHtmlCacheBehavior [ RunTime:0.000052s ]
INFO: [ app_begin ] --END-- [ RunTime:0.000103s ]
SQL: SHOW COLUMNS FROM `user` [ RunTime:0.0008s ]
SQL: SELECT * FROM `user` WHERE `openid` = 'oAdCq016X8Hgd9iVKRk6Ob-r-sNU' LIMIT 1   [ RunTime:0.0005s ]
SQL: SHOW COLUMNS FROM `video` [ RunTime:0.0052s ]
SQL: SHOW COLUMNS FROM `course` [ RunTime:0.0005s ]
SQL: SELECT * FROM `course` ORDER BY createtime desc  [ RunTime:0.0083s ]
SQL: SHOW COLUMNS FROM `article` [ RunTime:0.0005s ]
SQL: SELECT * FROM `article` ORDER BY createtime desc  [ RunTime:0.0002s ]
SQL: SHOW COLUMNS FROM `video_activity` [ RunTime:0.0004s ]
SQL: SELECT * FROM `video_activity` ORDER BY starttime desc  [ RunTime:0.0002s ]
INFO: [ view_parse ] --START--
INFO: [ template_filter ] --START--
INFO: Run Behavior\ContentReplaceBehavior [ RunTime:0.000089s ]
INFO: [ template_filter ] --END-- [ RunTime:0.000152s ]
NOTIC: [8] Undefined index: desc /mnt/tpchat/Application/Runtime/Cache/Chat/d8284913d94a3ddb4d5d2388b1d03584.php 第 53 行.
NOTIC: [8] Undefined variable: data /mnt/tpchat/Application/Runtime/Cache/Chat/d8284913d94a3ddb4d5d2388b1d03584.php 第 83 行.
INFO: Run Behavior\ParseTemplateBehavior [ RunTime:0.015251s ]
INFO: [ view_parse ] --END-- [ RunTime:0.015336s ]
INFO: [ view_filter ] --START--
INFO: Run Behavior\WriteHtmlCacheBehavior [ RunTime:0.000058s ]
INFO: [ view_filter ] --END-- [ RunTime:0.000104s ]
INFO: [ app_end ] --START--
INFO: Run Behavior\ShowPageTraceBehavior [ RunTime:0.000053s ]
INFO: [ app_end ] --END-- [ RunTime:0.000101s ]

[ 2018-02-23T08:41:09+08:00 ] 123.151.77.121 /tpchat/index.php/Chat/Product?code=001yWxF10raaqG1a3pH10K0uF10yWxFG&state=1
INFO: [ app_init ] --START--
INFO: Run Behavior\BuildLiteBehavior [ RunTime:0.000015s ]
INFO: [ app_init ] --END-- [ RunTime:0.000115s ]
INFO: [ app_begin ] --START--
INFO: Run Behavior\ReadHtmlCacheBehavior [ RunTime:0.000052s ]
INFO: [ app_begin ] --END-- [ RunTime:0.000104s ]
SQL: SHOW COLUMNS FROM `user` [ RunTime:0.0008s ]
SQL: SELECT * FROM `user` WHERE `openid` = 'oAdCq016X8Hgd9iVKRk6Ob-r-sNU' LIMIT 1   [ RunTime:0.0005s ]
SQL: SHOW COLUMNS FROM `video` [ RunTime:0.0007s ]
SQL: SHOW COLUMNS FROM `course` [ RunTime:0.0006s ]
SQL: SELECT * FROM `course` ORDER BY createtime desc  [ RunTime:0.0004s ]
SQL: SHOW COLUMNS FROM `article` [ RunTime:0.0005s ]
SQL: SELECT * FROM `article` ORDER BY createtime desc  [ RunTime:0.0002s ]
SQL: SHOW COLUMNS FROM `video_activity` [ RunTime:0.0004s ]
SQL: SELECT * FROM `video_activity` ORDER BY starttime desc  [ RunTime:0.0002s ]
INFO: [ view_parse ] --START--
INFO: [ template_filter ] --START--
INFO: Run Behavior\ContentReplaceBehavior [ RunTime:0.000091s ]
INFO: [ template_filter ] --END-- [ RunTime:0.000170s ]
NOTIC: [8] Undefined index: desc /mnt/tpchat/Application/Runtime/Cache/Chat/d8284913d94a3ddb4d5d2388b1d03584.php 第 53 行.
NOTIC: [8] Undefined variable: data /mnt/tpchat/Application/Runtime/Cache/Chat/d8284913d94a3ddb4d5d2388b1d03584.php 第 83 行.
INFO: Run Behavior\ParseTemplateBehavior [ RunTime:0.012298s ]
INFO: [ view_parse ] --END-- [ RunTime:0.012399s ]
INFO: [ view_filter ] --START--
INFO: Run Behavior\WriteHtmlCacheBehavior [ RunTime:0.000052s ]
INFO: [ view_filter ] --END-- [ RunTime:0.000099s ]
INFO: [ app_end ] --START--
INFO: Run Behavior\ShowPageTraceBehavior [ RunTime:0.000050s ]
INFO: [ app_end ] --END-- [ RunTime:0.000099s ]

[ 2018-02-23T08:41:26+08:00 ] 125.39.45.236 /tpchat/index.php/Chat/tutorial?code=081J7KZ22tKOyY0BYJX22vwxZ22J7KZD&state=1
INFO: [ app_init ] --START--
INFO: Run Behavior\BuildLiteBehavior [ RunTime:0.000018s ]
INFO: [ app_init ] --END-- [ RunTime:0.000118s ]
INFO: [ app_begin ] --START--
INFO: Run Behavior\ReadHtmlCacheBehavior [ RunTime:0.000053s ]
INFO: [ app_begin ] --END-- [ RunTime:0.000105s ]
SQL: SHOW COLUMNS FROM `tutorial` [ RunTime:0.0007s ]
SQL: SELECT * FROM `tutorial` ORDER BY createtime desc  [ RunTime:0.0003s ]
INFO: [ view_parse ] --START--
INFO: [ template_filter ] --START--
INFO: Run Behavior\ContentReplaceBehavior [ RunTime:0.000055s ]
INFO: [ template_filter ] --END-- [ RunTime:0.000116s ]
INFO: Run Behavior\ParseTemplateBehavior [ RunTime:0.003403s ]
INFO: [ view_parse ] --END-- [ RunTime:0.003463s ]
INFO: [ view_filter ] --START--
INFO: Run Behavior\WriteHtmlCacheBehavior [ RunTime:0.000050s ]
INFO: [ view_filter ] --END-- [ RunTime:0.000096s ]
INFO: [ app_end ] --START--
INFO: Run Behavior\ShowPageTraceBehavior [ RunTime:0.000047s ]
INFO: [ app_end ] --END-- [ RunTime:0.000094s ]

[ 2018-02-23T08:41:34+08:00 ] 123.151.77.121 /tpchat/index.php/chat?code=021osukx1eaXKa09Majx14SNkx1osuk2&state=1
INFO: [ app_init ] --START--
INFO: Run Behavior\BuildLiteBehavior [ RunTime:0.000016s ]
INFO: [ app_init ] --END-- [ RunTime:0.000117s ]
INFO: [ app_begin ] --START--
INFO: Run Behavior\ReadHtmlCacheBehavior [ RunTime:0.000050s ]
INFO: [ app_begin ] --END-- [ RunTime:0.000101s ]
SQL: SHOW COLUMNS FROM `user` [ RunTime:0.0008s ]
SQL: SELECT * FROM `user` WHERE `openid` = 'oAdCq016X8Hgd9iVKRk6Ob-r-sNU' LIMIT 1   [ RunTime:0.0005s ]
SQL: SHOW COLUMNS FROM `banner` [ RunTime:0.0006s ]
SQL: SELECT * FROM `banner`  [ RunTime:0.0002s ]
SQL: SHOW COLUMNS FROM `category` [ RunTime:0.0004s ]
SQL: SELECT * FROM `category`  [ RunTime:0.0003s ]
INFO: [ view_parse ] --START--
INFO: [ template_filter ] --START--
INFO: Run Behavior\ContentReplaceBehavior [ RunTime:0.000140s ]
INFO: [ template_filter ] --END-- [ RunTime:0.000233s ]
INFO: Run Behavior\ParseTemplateBehavior [ RunTime:0.048412s ]
INFO: [ view_parse ] --END-- [ RunTime:0.048513s ]
INFO: [ view_filter ] --START--
INFO: Run Behavior\WriteHtmlCacheBehavior [ RunTime:0.000062s ]
INFO: [ view_filter ] --END-- [ RunTime:0.000108s ]
INFO: [ app_end ] --START--
INFO: Run Behavior\ShowPageTraceBehavior [ RunTime:0.000075s ]
INFO: [ app_end ] --END-- [ RunTime:0.000147s ]

[ 2018-02-23T08:41:35+08:00 ] 123.151.77.121 /tpchat/index.php/Chat/Index/ajaxCourse
INFO: [ app_init ] --START--
INFO: Run Behavior\BuildLiteBehavior [ RunTime:0.000015s ]
INFO: [ app_init ] --END-- [ RunTime:0.000113s ]
INFO: [ app_begin ] --START--
INFO: Run Behavior\ReadHtmlCacheBehavior [ RunTime:0.000048s ]
INFO: [ app_begin ] --END-- [ RunTime:0.000096s ]
SQL: SHOW COLUMNS FROM `user` [ RunTime:0.0008s ]
SQL: SELECT * FROM `user` WHERE `openid` = 'oAdCq016X8Hgd9iVKRk6Ob-r-sNU' LIMIT 1   [ RunTime:0.0003s ]
SQL: SHOW COLUMNS FROM `course` [ RunTime:0.0005s ]
SQL: SELECT * FROM `course` WHERE `publish_state` = 1 AND `big_category` = '专题活动' ORDER BY starttime desc LIMIT 30   [ RunTime:0.0003s ]

[ 2018-02-23T15:57:29+08:00 ] 123.120.57.167 /tpchat/index.php/chat
INFO: [ app_init ] --START--
INFO: Run Behavior\BuildLiteBehavior [ RunTime:0.000017s ]
INFO: [ app_init ] --END-- [ RunTime:0.000101s ]
INFO: [ app_begin ] --START--
INFO: Run Behavior\ReadHtmlCacheBehavior [ RunTime:0.000072s ]
INFO: [ app_begin ] --END-- [ RunTime:0.000142s ]
SQL: SHOW COLUMNS FROM `user` [ RunTime:0.0336s ]
SQL: SELECT * FROM `user` WHERE `openid` = null LIMIT 1   [ RunTime:0.0003s ]
SQL: SHOW COLUMNS FROM `banner` [ RunTime:0.0246s ]
SQL: SELECT * FROM `banner`  [ RunTime:0.0002s ]
SQL: SHOW COLUMNS FROM `category` [ RunTime:0.0260s ]
SQL: SELECT * FROM `category`  [ RunTime:0.0003s ]
INFO: [ view_parse ] --START--
INFO: [ template_filter ] --START--
INFO: Run Behavior\ContentReplaceBehavior [ RunTime:0.000148s ]
INFO: [ template_filter ] --END-- [ RunTime:0.000212s ]
INFO: Run Behavior\ParseTemplateBehavior [ RunTime:0.098402s ]
INFO: [ view_parse ] --END-- [ RunTime:0.098491s ]
INFO: [ view_filter ] --START--
INFO: Run Behavior\WriteHtmlCacheBehavior [ RunTime:0.002274s ]
INFO: [ view_filter ] --END-- [ RunTime:0.002316s ]
INFO: [ app_end ] --START--
INFO: Run Behavior\ShowPageTraceBehavior [ RunTime:0.000064s ]
INFO: [ app_end ] --END-- [ RunTime:0.000107s ]

[ 2018-02-23T16:21:05+08:00 ] 123.120.57.167 /tpchat/index.php/Chat/Live?code=0018luTa1Z53mu0GZDTa1bEzTa18luTo&state=1
INFO: [ app_init ] --START--
INFO: Run Behavior\BuildLiteBehavior [ RunTime:0.000014s ]
INFO: [ app_init ] --END-- [ RunTime:0.000090s ]
INFO: [ app_begin ] --START--
INFO: Run Behavior\ReadHtmlCacheBehavior [ RunTime:0.000035s ]
INFO: [ app_begin ] --END-- [ RunTime:0.000072s ]
INFO: [ view_parse ] --START--
INFO: [ template_filter ] --START--
INFO: Run Behavior\ContentReplaceBehavior [ RunTime:0.000067s ]
INFO: [ template_filter ] --END-- [ RunTime:0.000152s ]
INFO: Run Behavior\ParseTemplateBehavior [ RunTime:0.031845s ]
INFO: [ view_parse ] --END-- [ RunTime:0.031915s ]
INFO: [ view_filter ] --START--
INFO: Run Behavior\WriteHtmlCacheBehavior [ RunTime:0.000046s ]
INFO: [ view_filter ] --END-- [ RunTime:0.000076s ]
INFO: [ app_end ] --START--
INFO: Run Behavior\ShowPageTraceBehavior [ RunTime:0.000039s ]
INFO: [ app_end ] --END-- [ RunTime:0.000072s ]

