[ 2018-02-07T10:14:28+08:00 ] 111.197.248.241 /tpchat/index.php/chat/product
INFO: [ app_init ] --START--
INFO: Run Behavior\BuildLiteBehavior [ RunTime:0.000026s ]
INFO: [ app_init ] --END-- [ RunTime:0.000221s ]
INFO: [ app_begin ] --START--
INFO: Run Behavior\ReadHtmlCacheBehavior [ RunTime:0.000130s ]
INFO: [ app_begin ] --END-- [ RunTime:0.000227s ]
SQL: SHOW COLUMNS FROM `user` [ RunTime:0.1147s ]
SQL: SELECT * FROM `user` WHERE `openid` = null LIMIT 1   [ RunTime:0.0003s ]
SQL: SHOW COLUMNS FROM `video` [ RunTime:0.1068s ]
SQL: SHOW COLUMNS FROM `video_activity` [ RunTime:0.0119s ]
SQL: SELECT * FROM `video_activity` ORDER BY starttime desc  [ RunTime:0.0003s ]
SQL: SELECT*
                            FROM  `video`  
                            WHERE   `publish_state`=1 and activity_title=''
                            ORDER BY confirm_time DESC [ RunTime:0.0005s ]
INFO: [ view_parse ] --START--
INFO: [ template_filter ] --START--
INFO: Run Behavior\ContentReplaceBehavior [ RunTime:0.000076s ]
INFO: [ template_filter ] --END-- [ RunTime:0.000179s ]
NOTIC: [8] Undefined index: content /mnt/tpchat/Application/Runtime/Cache/Chat/d8284913d94a3ddb4d5d2388b1d03584.php 第 44 行.
NOTIC: [8] Undefined index: content /mnt/tpchat/Application/Runtime/Cache/Chat/d8284913d94a3ddb4d5d2388b1d03584.php 第 44 行.
INFO: Run Behavior\ParseTemplateBehavior [ RunTime:0.074631s ]
INFO: [ view_parse ] --END-- [ RunTime:0.074709s ]
INFO: [ view_filter ] --START--
INFO: Run Behavior\WriteHtmlCacheBehavior [ RunTime:0.000074s ]
INFO: [ view_filter ] --END-- [ RunTime:0.000121s ]
INFO: [ app_end ] --START--
INFO: Run Behavior\ShowPageTraceBehavior [ RunTime:0.000058s ]
INFO: [ app_end ] --END-- [ RunTime:0.000108s ]

[ 2018-02-07T10:14:33+08:00 ] 111.197.248.241 /tpchat/index.php/chat/video
INFO: [ app_init ] --START--
INFO: Run Behavior\BuildLiteBehavior [ RunTime:0.000016s ]
INFO: [ app_init ] --END-- [ RunTime:0.000136s ]
INFO: [ app_begin ] --START--
INFO: Run Behavior\ReadHtmlCacheBehavior [ RunTime:0.000051s ]
INFO: [ app_begin ] --END-- [ RunTime:0.000102s ]
INFO: [ view_parse ] --START--
INFO: [ template_filter ] --START--
INFO: Run Behavior\ContentReplaceBehavior [ RunTime:0.000053s ]
INFO: [ template_filter ] --END-- [ RunTime:0.000116s ]
NOTIC: [8] Undefined variable: data /mnt/tpchat/Application/Runtime/Cache/Chat/4fd5f7072a5593faabc13e94e5afdd9e.php 第 58 行.
INFO: Run Behavior\ParseTemplateBehavior [ RunTime:0.008636s ]
INFO: [ view_parse ] --END-- [ RunTime:0.008690s ]
INFO: [ view_filter ] --START--
INFO: Run Behavior\WriteHtmlCacheBehavior [ RunTime:0.000048s ]
INFO: [ view_filter ] --END-- [ RunTime:0.000094s ]
INFO: [ app_end ] --START--
INFO: Run Behavior\ShowPageTraceBehavior [ RunTime:0.000048s ]
INFO: [ app_end ] --END-- [ RunTime:0.000097s ]

[ 2018-02-07T10:14:45+08:00 ] 111.197.248.241 /tpchat/index.php/chat/video
INFO: [ app_init ] --START--
INFO: Run Behavior\BuildLiteBehavior [ RunTime:0.000017s ]
INFO: [ app_init ] --END-- [ RunTime:0.000138s ]
INFO: [ app_begin ] --START--
INFO: Run Behavior\ReadHtmlCacheBehavior [ RunTime:0.000077s ]
INFO: [ app_begin ] --END-- [ RunTime:0.000157s ]
INFO: [ view_parse ] --START--
INFO: [ template_filter ] --START--
INFO: Run Behavior\ContentReplaceBehavior [ RunTime:0.000092s ]
INFO: [ template_filter ] --END-- [ RunTime:0.000201s ]
NOTIC: [8] Undefined variable: data /mnt/tpchat/Application/Runtime/Cache/Chat/4fd5f7072a5593faabc13e94e5afdd9e.php 第 58 行.
INFO: Run Behavior\ParseTemplateBehavior [ RunTime:0.006421s ]
INFO: [ view_parse ] --END-- [ RunTime:0.006501s ]
INFO: [ view_filter ] --START--
INFO: Run Behavior\WriteHtmlCacheBehavior [ RunTime:0.000079s ]
INFO: [ view_filter ] --END-- [ RunTime:0.000153s ]
INFO: [ app_end ] --START--
INFO: Run Behavior\ShowPageTraceBehavior [ RunTime:0.000102s ]
INFO: [ app_end ] --END-- [ RunTime:0.000181s ]

[ 2018-02-07T10:15:00+08:00 ] 111.197.248.241 /tpchat/index.php/chat/article
INFO: [ app_init ] --START--
INFO: Run Behavior\BuildLiteBehavior [ RunTime:0.000017s ]
INFO: [ app_init ] --END-- [ RunTime:0.000139s ]
INFO: [ app_begin ] --START--
INFO: Run Behavior\ReadHtmlCacheBehavior [ RunTime:0.000053s ]
INFO: [ app_begin ] --END-- [ RunTime:0.000105s ]
SQL: SHOW COLUMNS FROM `article` [ RunTime:0.0007s ]
SQL: SELECT * FROM `article` ORDER BY createtime desc  [ RunTime:0.0003s ]
INFO: [ view_parse ] --START--
INFO: [ template_filter ] --START--
INFO: Run Behavior\ContentReplaceBehavior [ RunTime:0.000080s ]
INFO: [ template_filter ] --END-- [ RunTime:0.000157s ]
INFO: Run Behavior\ParseTemplateBehavior [ RunTime:0.005284s ]
INFO: [ view_parse ] --END-- [ RunTime:0.005344s ]
INFO: [ view_filter ] --START--
INFO: Run Behavior\WriteHtmlCacheBehavior [ RunTime:0.000070s ]
INFO: [ view_filter ] --END-- [ RunTime:0.000132s ]
INFO: [ app_end ] --START--
INFO: Run Behavior\ShowPageTraceBehavior [ RunTime:0.000061s ]
INFO: [ app_end ] --END-- [ RunTime:0.000125s ]

[ 2018-02-07T10:18:04+08:00 ] 111.197.248.241 /tpchat/index.php?s=/Chat/Product/activity?title=%E5%8F%8C%E5%8D%81%E4%BA%8C
INFO: [ app_init ] --START--
INFO: Run Behavior\BuildLiteBehavior [ RunTime:0.000017s ]
INFO: [ app_init ] --END-- [ RunTime:0.000138s ]
INFO: [ app_begin ] --START--
INFO: Run Behavior\ReadHtmlCacheBehavior [ RunTime:0.000051s ]
INFO: [ app_begin ] --END-- [ RunTime:0.000103s ]
SQL: SHOW COLUMNS FROM `user` [ RunTime:0.0008s ]
SQL: SELECT * FROM `user` WHERE `openid` = null LIMIT 1   [ RunTime:0.0002s ]
SQL: SHOW COLUMNS FROM `video` [ RunTime:0.0008s ]
ERR: 非法操作:activity?title=双十二

[ 2018-02-07T10:18:07+08:00 ] 111.197.248.241 /tpchat/index.php?s=/Chat/Product/activity?title=%E5%8F%8C%E5%8D%81%E4%B8%80
INFO: [ app_init ] --START--
INFO: Run Behavior\BuildLiteBehavior [ RunTime:0.000017s ]
INFO: [ app_init ] --END-- [ RunTime:0.000139s ]
INFO: [ app_begin ] --START--
INFO: Run Behavior\ReadHtmlCacheBehavior [ RunTime:0.000051s ]
INFO: [ app_begin ] --END-- [ RunTime:0.000102s ]
SQL: SHOW COLUMNS FROM `user` [ RunTime:0.0008s ]
SQL: SELECT * FROM `user` WHERE `openid` = null LIMIT 1   [ RunTime:0.0004s ]
SQL: SHOW COLUMNS FROM `video` [ RunTime:0.0011s ]
ERR: 非法操作:activity?title=双十一

[ 2018-02-07T10:18:18+08:00 ] 111.197.248.241 /tpchat/index.php?s=/Chat/Product/activity?title=%E5%8F%8C%E5%8D%81%E4%BA%8C
INFO: [ app_init ] --START--
INFO: Run Behavior\BuildLiteBehavior [ RunTime:0.000014s ]
INFO: [ app_init ] --END-- [ RunTime:0.000114s ]
INFO: [ app_begin ] --START--
INFO: Run Behavior\ReadHtmlCacheBehavior [ RunTime:0.000051s ]
INFO: [ app_begin ] --END-- [ RunTime:0.000103s ]
SQL: SHOW COLUMNS FROM `user` [ RunTime:0.0008s ]
SQL: SELECT * FROM `user` WHERE `openid` = null LIMIT 1   [ RunTime:0.0002s ]
SQL: SHOW COLUMNS FROM `video` [ RunTime:0.0008s ]
ERR: 非法操作:activity?title=双十二

[ 2018-02-07T10:18:40+08:00 ] 111.197.248.241 /tpchat/index.php?s=/Chat/Product/activity?title=%27%E5%8F%8C%E5%8D%81%E4%BA%8C%27\
INFO: [ app_init ] --START--
INFO: Run Behavior\BuildLiteBehavior [ RunTime:0.000015s ]
INFO: [ app_init ] --END-- [ RunTime:0.000112s ]
INFO: [ app_begin ] --START--
INFO: Run Behavior\ReadHtmlCacheBehavior [ RunTime:0.000057s ]
INFO: [ app_begin ] --END-- [ RunTime:0.000151s ]
SQL: SHOW COLUMNS FROM `user` [ RunTime:0.0008s ]
SQL: SELECT * FROM `user` WHERE `openid` = null LIMIT 1   [ RunTime:0.0002s ]
SQL: SHOW COLUMNS FROM `video` [ RunTime:0.0008s ]
ERR: 非法操作:activity?title='双十二'\

[ 2018-02-07T10:18:43+08:00 ] 111.197.248.241 /tpchat/index.php?s=/Chat/Product/activity?title=%E5%8F%8C%E5%8D%81%E4%BA%8C
INFO: [ app_init ] --START--
INFO: Run Behavior\BuildLiteBehavior [ RunTime:0.000015s ]
INFO: [ app_init ] --END-- [ RunTime:0.000117s ]
INFO: [ app_begin ] --START--
INFO: Run Behavior\ReadHtmlCacheBehavior [ RunTime:0.000052s ]
INFO: [ app_begin ] --END-- [ RunTime:0.000107s ]
SQL: SHOW COLUMNS FROM `user` [ RunTime:0.0008s ]
SQL: SELECT * FROM `user` WHERE `openid` = null LIMIT 1   [ RunTime:0.0002s ]
SQL: SHOW COLUMNS FROM `video` [ RunTime:0.0008s ]
ERR: 非法操作:activity?title=双十二

[ 2018-02-07T10:18:47+08:00 ] 111.197.248.241 /tpchat/index.php/Chat/Product/activity?title=%E5%8F%8C%E5%8D%81%E4%BA%8C
INFO: [ app_init ] --START--
INFO: Run Behavior\BuildLiteBehavior [ RunTime:0.000015s ]
INFO: [ app_init ] --END-- [ RunTime:0.000115s ]
INFO: [ app_begin ] --START--
INFO: Run Behavior\ReadHtmlCacheBehavior [ RunTime:0.000052s ]
INFO: [ app_begin ] --END-- [ RunTime:0.000105s ]
SQL: SHOW COLUMNS FROM `user` [ RunTime:0.0008s ]
SQL: SELECT * FROM `user` WHERE `openid` = null LIMIT 1   [ RunTime:0.0002s ]
SQL: SHOW COLUMNS FROM `video` [ RunTime:0.0009s ]
SQL: SELECT*
                            FROM  `video`  a
                            INNER JOIN `video_activity` b
                            ON  a.activity_title=b.title
                            WHERE   a.activity_title='双十二'
                            AND a.`publish_state`=1
                            ORDER BY confirm_time DESC [ RunTime:0.0130s ]
INFO: [ view_parse ] --START--
INFO: [ template_filter ] --START--
INFO: Run Behavior\ContentReplaceBehavior [ RunTime:0.000077s ]
INFO: [ template_filter ] --END-- [ RunTime:0.000157s ]
INFO: Run Behavior\ParseTemplateBehavior [ RunTime:0.006455s ]
INFO: [ view_parse ] --END-- [ RunTime:0.006527s ]
INFO: [ view_filter ] --START--
INFO: Run Behavior\WriteHtmlCacheBehavior [ RunTime:0.000051s ]
INFO: [ view_filter ] --END-- [ RunTime:0.000097s ]
INFO: [ app_end ] --START--
INFO: Run Behavior\ShowPageTraceBehavior [ RunTime:0.000050s ]
INFO: [ app_end ] --END-- [ RunTime:0.000095s ]

[ 2018-02-07T10:18:49+08:00 ] 111.197.248.241 /tpchat/index.php/Chat/Product/activity?title=%E5%8F%8C%E5%8D%81%E4%BA%8C
INFO: [ app_init ] --START--
INFO: Run Behavior\BuildLiteBehavior [ RunTime:0.000015s ]
INFO: [ app_init ] --END-- [ RunTime:0.000123s ]
INFO: [ app_begin ] --START--
INFO: Run Behavior\ReadHtmlCacheBehavior [ RunTime:0.000051s ]
INFO: [ app_begin ] --END-- [ RunTime:0.000103s ]
SQL: SHOW COLUMNS FROM `user` [ RunTime:0.0008s ]
SQL: SELECT * FROM `user` WHERE `openid` = null LIMIT 1   [ RunTime:0.0002s ]
SQL: SHOW COLUMNS FROM `video` [ RunTime:0.0008s ]
SQL: SELECT*
                            FROM  `video`  a
                            INNER JOIN `video_activity` b
                            ON  a.activity_title=b.title
                            WHERE   a.activity_title='双十二'
                            AND a.`publish_state`=1
                            ORDER BY confirm_time DESC [ RunTime:0.0010s ]
INFO: [ view_parse ] --START--
INFO: [ template_filter ] --START--
INFO: Run Behavior\ContentReplaceBehavior [ RunTime:0.000068s ]
INFO: [ template_filter ] --END-- [ RunTime:0.000138s ]
INFO: Run Behavior\ParseTemplateBehavior [ RunTime:0.005182s ]
INFO: [ view_parse ] --END-- [ RunTime:0.005255s ]
INFO: [ view_filter ] --START--
INFO: Run Behavior\WriteHtmlCacheBehavior [ RunTime:0.000054s ]
INFO: [ view_filter ] --END-- [ RunTime:0.000101s ]
INFO: [ app_end ] --START--
INFO: Run Behavior\ShowPageTraceBehavior [ RunTime:0.000085s ]
INFO: [ app_end ] --END-- [ RunTime:0.000162s ]

[ 2018-02-07T10:18:53+08:00 ] 111.197.248.241 /tpchat/index.php/Chat/Product/activity?title=%27%E5%8F%8C%E5%8D%81%E4%BA%8C%27
INFO: [ app_init ] --START--
INFO: Run Behavior\BuildLiteBehavior [ RunTime:0.000015s ]
INFO: [ app_init ] --END-- [ RunTime:0.000120s ]
INFO: [ app_begin ] --START--
INFO: Run Behavior\ReadHtmlCacheBehavior [ RunTime:0.000066s ]
INFO: [ app_begin ] --END-- [ RunTime:0.000137s ]
SQL: SHOW COLUMNS FROM `user` [ RunTime:0.0009s ]
SQL: SELECT * FROM `user` WHERE `openid` = null LIMIT 1   [ RunTime:0.0002s ]
SQL: SHOW COLUMNS FROM `video` [ RunTime:0.0008s ]
ERR: 1064:You have an error in your SQL syntax; check the manual that corresponds to your MySQL server version for the right syntax to use near '双十二''
                            AND a.`publish_state`=1
              ' at line 5
 [ SQL语句 ] : SELECT*
                            FROM  `video`  a
                            INNER JOIN `video_activity` b
                            ON  a.activity_title=b.title
                            WHERE   a.activity_title=''双十二''
                            AND a.`publish_state`=1
                            ORDER BY confirm_time DESC
ERR: 1064:You have an error in your SQL syntax; check the manual that corresponds to your MySQL server version for the right syntax to use near '双十二''
                            AND a.`publish_state`=1
              ' at line 5
 [ SQL语句 ] : SELECT*
                            FROM  `video`  a
                            INNER JOIN `video_activity` b
                            ON  a.activity_title=b.title
                            WHERE   a.activity_title=''双十二''
                            AND a.`publish_state`=1
                            ORDER BY confirm_time DESC

[ 2018-02-07T10:19:04+08:00 ] 111.197.248.241 /tpchat/index.php/Chat/Product/activity?title=%22%E5%8F%8C%E5%8D%81%E4%BA%8C%22
INFO: [ app_init ] --START--
INFO: Run Behavior\BuildLiteBehavior [ RunTime:0.000015s ]
INFO: [ app_init ] --END-- [ RunTime:0.000115s ]
INFO: [ app_begin ] --START--
INFO: Run Behavior\ReadHtmlCacheBehavior [ RunTime:0.000053s ]
INFO: [ app_begin ] --END-- [ RunTime:0.000105s ]
SQL: SHOW COLUMNS FROM `user` [ RunTime:0.0007s ]
SQL: SELECT * FROM `user` WHERE `openid` = null LIMIT 1   [ RunTime:0.0002s ]
SQL: SHOW COLUMNS FROM `video` [ RunTime:0.0008s ]
SQL: SELECT*
                            FROM  `video`  a
                            INNER JOIN `video_activity` b
                            ON  a.activity_title=b.title
                            WHERE   a.activity_title='"双十二"'
                            AND a.`publish_state`=1
                            ORDER BY confirm_time DESC [ RunTime:0.0006s ]
INFO: [ view_parse ] --START--
INFO: [ template_filter ] --START--
INFO: Run Behavior\ContentReplaceBehavior [ RunTime:0.000059s ]
INFO: [ template_filter ] --END-- [ RunTime:0.000116s ]
INFO: Run Behavior\ParseTemplateBehavior [ RunTime:0.003965s ]
INFO: [ view_parse ] --END-- [ RunTime:0.004027s ]
INFO: [ view_filter ] --START--
INFO: Run Behavior\WriteHtmlCacheBehavior [ RunTime:0.000049s ]
INFO: [ view_filter ] --END-- [ RunTime:0.000095s ]
INFO: [ app_end ] --START--
INFO: Run Behavior\ShowPageTraceBehavior [ RunTime:0.000049s ]
INFO: [ app_end ] --END-- [ RunTime:0.000096s ]

[ 2018-02-07T10:19:06+08:00 ] 111.197.248.241 /tpchat/index.php/Chat/Product/activity?title=
INFO: [ app_init ] --START--
INFO: Run Behavior\BuildLiteBehavior [ RunTime:0.000015s ]
INFO: [ app_init ] --END-- [ RunTime:0.000135s ]
INFO: [ app_begin ] --START--
INFO: Run Behavior\ReadHtmlCacheBehavior [ RunTime:0.000052s ]
INFO: [ app_begin ] --END-- [ RunTime:0.000103s ]
SQL: SHOW COLUMNS FROM `user` [ RunTime:0.0010s ]
SQL: SELECT * FROM `user` WHERE `openid` = null LIMIT 1   [ RunTime:0.0002s ]
SQL: SHOW COLUMNS FROM `video` [ RunTime:0.0009s ]
SQL: SELECT*
                            FROM  `video`  a
                            INNER JOIN `video_activity` b
                            ON  a.activity_title=b.title
                            WHERE   a.activity_title=''
                            AND a.`publish_state`=1
                            ORDER BY confirm_time DESC [ RunTime:0.0006s ]
INFO: [ view_parse ] --START--
INFO: [ template_filter ] --START--
INFO: Run Behavior\ContentReplaceBehavior [ RunTime:0.000061s ]
INFO: [ template_filter ] --END-- [ RunTime:0.000136s ]
INFO: Run Behavior\ParseTemplateBehavior [ RunTime:0.004180s ]
INFO: [ view_parse ] --END-- [ RunTime:0.004245s ]
INFO: [ view_filter ] --START--
INFO: Run Behavior\WriteHtmlCacheBehavior [ RunTime:0.000055s ]
INFO: [ view_filter ] --END-- [ RunTime:0.000100s ]
INFO: [ app_end ] --START--
INFO: Run Behavior\ShowPageTraceBehavior [ RunTime:0.000049s ]
INFO: [ app_end ] --END-- [ RunTime:0.000096s ]

[ 2018-02-07T10:19:10+08:00 ] 111.197.248.241 /tpchat/index.php/Chat/Product/activity
INFO: [ app_init ] --START--
INFO: Run Behavior\BuildLiteBehavior [ RunTime:0.000015s ]
INFO: [ app_init ] --END-- [ RunTime:0.000125s ]
INFO: [ app_begin ] --START--
INFO: Run Behavior\ReadHtmlCacheBehavior [ RunTime:0.000052s ]
INFO: [ app_begin ] --END-- [ RunTime:0.000105s ]
SQL: SHOW COLUMNS FROM `user` [ RunTime:0.0008s ]
SQL: SELECT * FROM `user` WHERE `openid` = null LIMIT 1   [ RunTime:0.0002s ]
SQL: SHOW COLUMNS FROM `video` [ RunTime:0.0008s ]
ERR: 参数错误或者未定义:title

[ 2018-02-07T10:19:19+08:00 ] 111.197.248.241 /tpchat/index.php/Chat/Product/activity?title=%27%E4%BA%8C%27
INFO: [ app_init ] --START--
INFO: Run Behavior\BuildLiteBehavior [ RunTime:0.000016s ]
INFO: [ app_init ] --END-- [ RunTime:0.000116s ]
INFO: [ app_begin ] --START--
INFO: Run Behavior\ReadHtmlCacheBehavior [ RunTime:0.000062s ]
INFO: [ app_begin ] --END-- [ RunTime:0.000133s ]
SQL: SHOW COLUMNS FROM `user` [ RunTime:0.0008s ]
SQL: SELECT * FROM `user` WHERE `openid` = null LIMIT 1   [ RunTime:0.0003s ]
SQL: SHOW COLUMNS FROM `video` [ RunTime:0.0009s ]
ERR: 1064:You have an error in your SQL syntax; check the manual that corresponds to your MySQL server version for the right syntax to use near '二''
                            AND a.`publish_state`=1
                    ' at line 5
 [ SQL语句 ] : SELECT*
                            FROM  `video`  a
                            INNER JOIN `video_activity` b
                            ON  a.activity_title=b.title
                            WHERE   a.activity_title=''二''
                            AND a.`publish_state`=1
                            ORDER BY confirm_time DESC
ERR: 1064:You have an error in your SQL syntax; check the manual that corresponds to your MySQL server version for the right syntax to use near '二''
                            AND a.`publish_state`=1
                    ' at line 5
 [ SQL语句 ] : SELECT*
                            FROM  `video`  a
                            INNER JOIN `video_activity` b
                            ON  a.activity_title=b.title
                            WHERE   a.activity_title=''二''
                            AND a.`publish_state`=1
                            ORDER BY confirm_time DESC

[ 2018-02-07T10:19:23+08:00 ] 111.197.248.241 /tpchat/index.php/Chat/Product/activity
INFO: [ app_init ] --START--
INFO: Run Behavior\BuildLiteBehavior [ RunTime:0.000015s ]
INFO: [ app_init ] --END-- [ RunTime:0.000116s ]
INFO: [ app_begin ] --START--
INFO: Run Behavior\ReadHtmlCacheBehavior [ RunTime:0.000053s ]
INFO: [ app_begin ] --END-- [ RunTime:0.000106s ]
SQL: SHOW COLUMNS FROM `user` [ RunTime:0.0007s ]
SQL: SELECT * FROM `user` WHERE `openid` = null LIMIT 1   [ RunTime:0.0002s ]
SQL: SHOW COLUMNS FROM `video` [ RunTime:0.0008s ]
ERR: 参数错误或者未定义:title

[ 2018-02-07T10:19:25+08:00 ] 111.197.248.241 /tpchat/index.php/Chat/Product/activity?title=%27%E5%8F%8C%E5%8D%81%E4%BA%8C%27
INFO: [ app_init ] --START--
INFO: Run Behavior\BuildLiteBehavior [ RunTime:0.000016s ]
INFO: [ app_init ] --END-- [ RunTime:0.000114s ]
INFO: [ app_begin ] --START--
INFO: Run Behavior\ReadHtmlCacheBehavior [ RunTime:0.000050s ]
INFO: [ app_begin ] --END-- [ RunTime:0.000100s ]
SQL: SHOW COLUMNS FROM `user` [ RunTime:0.0007s ]
SQL: SELECT * FROM `user` WHERE `openid` = null LIMIT 1   [ RunTime:0.0002s ]
SQL: SHOW COLUMNS FROM `video` [ RunTime:0.0009s ]
ERR: 1064:You have an error in your SQL syntax; check the manual that corresponds to your MySQL server version for the right syntax to use near '双十二''
                            AND a.`publish_state`=1
              ' at line 5
 [ SQL语句 ] : SELECT*
                            FROM  `video`  a
                            INNER JOIN `video_activity` b
                            ON  a.activity_title=b.title
                            WHERE   a.activity_title=''双十二''
                            AND a.`publish_state`=1
                            ORDER BY confirm_time DESC
ERR: 1064:You have an error in your SQL syntax; check the manual that corresponds to your MySQL server version for the right syntax to use near '双十二''
                            AND a.`publish_state`=1
              ' at line 5
 [ SQL语句 ] : SELECT*
                            FROM  `video`  a
                            INNER JOIN `video_activity` b
                            ON  a.activity_title=b.title
                            WHERE   a.activity_title=''双十二''
                            AND a.`publish_state`=1
                            ORDER BY confirm_time DESC

[ 2018-02-07T10:19:27+08:00 ] 111.197.248.241 /tpchat/index.php?s=/Chat/Product/activity?title=%E5%8F%8C%E5%8D%81%E4%BA%8C
INFO: [ app_init ] --START--
INFO: Run Behavior\BuildLiteBehavior [ RunTime:0.000014s ]
INFO: [ app_init ] --END-- [ RunTime:0.000116s ]
INFO: [ app_begin ] --START--
INFO: Run Behavior\ReadHtmlCacheBehavior [ RunTime:0.000055s ]
INFO: [ app_begin ] --END-- [ RunTime:0.000108s ]
SQL: SHOW COLUMNS FROM `user` [ RunTime:0.0007s ]
SQL: SELECT * FROM `user` WHERE `openid` = null LIMIT 1   [ RunTime:0.0002s ]
SQL: SHOW COLUMNS FROM `video` [ RunTime:0.0008s ]
ERR: 非法操作:activity?title=双十二

[ 2018-02-07T10:19:28+08:00 ] 111.197.248.241 /tpchat/index.php?s=/Chat/Product/activity?title=%27%E5%8F%8C%E5%8D%81%E4%BA%8C%27\
INFO: [ app_init ] --START--
INFO: Run Behavior\BuildLiteBehavior [ RunTime:0.000015s ]
INFO: [ app_init ] --END-- [ RunTime:0.000122s ]
INFO: [ app_begin ] --START--
INFO: Run Behavior\ReadHtmlCacheBehavior [ RunTime:0.000078s ]
INFO: [ app_begin ] --END-- [ RunTime:0.000141s ]
SQL: SHOW COLUMNS FROM `user` [ RunTime:0.0008s ]
SQL: SELECT * FROM `user` WHERE `openid` = null LIMIT 1   [ RunTime:0.0003s ]
SQL: SHOW COLUMNS FROM `video` [ RunTime:0.0008s ]
ERR: 非法操作:activity?title='双十二'\

[ 2018-02-07T10:19:28+08:00 ] 111.197.248.241 /tpchat/index.php?s=/Chat/Product/activity?title=%E5%8F%8C%E5%8D%81%E4%BA%8C
INFO: [ app_init ] --START--
INFO: Run Behavior\BuildLiteBehavior [ RunTime:0.000015s ]
INFO: [ app_init ] --END-- [ RunTime:0.000119s ]
INFO: [ app_begin ] --START--
INFO: Run Behavior\ReadHtmlCacheBehavior [ RunTime:0.000055s ]
INFO: [ app_begin ] --END-- [ RunTime:0.000107s ]
SQL: SHOW COLUMNS FROM `user` [ RunTime:0.0008s ]
SQL: SELECT * FROM `user` WHERE `openid` = null LIMIT 1   [ RunTime:0.0002s ]
SQL: SHOW COLUMNS FROM `video` [ RunTime:0.0008s ]
ERR: 非法操作:activity?title=双十二

[ 2018-02-07T10:19:30+08:00 ] 111.197.248.241 /tpchat/index.php/chat/product
INFO: [ app_init ] --START--
INFO: Run Behavior\BuildLiteBehavior [ RunTime:0.000015s ]
INFO: [ app_init ] --END-- [ RunTime:0.000127s ]
INFO: [ app_begin ] --START--
INFO: Run Behavior\ReadHtmlCacheBehavior [ RunTime:0.000054s ]
INFO: [ app_begin ] --END-- [ RunTime:0.000107s ]
SQL: SHOW COLUMNS FROM `user` [ RunTime:0.0007s ]
SQL: SELECT * FROM `user` WHERE `openid` = null LIMIT 1   [ RunTime:0.0002s ]
SQL: SHOW COLUMNS FROM `video` [ RunTime:0.0008s ]
SQL: SHOW COLUMNS FROM `video_activity` [ RunTime:0.0004s ]
SQL: SELECT * FROM `video_activity` ORDER BY starttime desc  [ RunTime:0.0003s ]
SQL: SELECT*
                            FROM  `video`  
                            WHERE   `publish_state`=1 and activity_title=''
                            ORDER BY confirm_time DESC [ RunTime:0.0003s ]
INFO: [ view_parse ] --START--
INFO: [ template_filter ] --START--
INFO: Run Behavior\ContentReplaceBehavior [ RunTime:0.000062s ]
INFO: [ template_filter ] --END-- [ RunTime:0.000121s ]
NOTIC: [8] Undefined index: content /mnt/tpchat/Application/Runtime/Cache/Chat/d8284913d94a3ddb4d5d2388b1d03584.php 第 44 行.
NOTIC: [8] Undefined index: content /mnt/tpchat/Application/Runtime/Cache/Chat/d8284913d94a3ddb4d5d2388b1d03584.php 第 44 行.
INFO: Run Behavior\ParseTemplateBehavior [ RunTime:0.006114s ]
INFO: [ view_parse ] --END-- [ RunTime:0.006179s ]
INFO: [ view_filter ] --START--
INFO: Run Behavior\WriteHtmlCacheBehavior [ RunTime:0.000062s ]
INFO: [ view_filter ] --END-- [ RunTime:0.000123s ]
INFO: [ app_end ] --START--
INFO: Run Behavior\ShowPageTraceBehavior [ RunTime:0.000049s ]
INFO: [ app_end ] --END-- [ RunTime:0.000097s ]

[ 2018-02-07T10:19:31+08:00 ] 111.197.248.241 /tpchat/index.php?s=/Chat/Product/activity?title=%E9%BB%98%E8%AE%A4%E6%B4%BB%E5%8A%A8
INFO: [ app_init ] --START--
INFO: Run Behavior\BuildLiteBehavior [ RunTime:0.000015s ]
INFO: [ app_init ] --END-- [ RunTime:0.000115s ]
INFO: [ app_begin ] --START--
INFO: Run Behavior\ReadHtmlCacheBehavior [ RunTime:0.000052s ]
INFO: [ app_begin ] --END-- [ RunTime:0.000104s ]
SQL: SHOW COLUMNS FROM `user` [ RunTime:0.0007s ]
SQL: SELECT * FROM `user` WHERE `openid` = null LIMIT 1   [ RunTime:0.0002s ]
SQL: SHOW COLUMNS FROM `video` [ RunTime:0.0008s ]
ERR: 非法操作:activity?title=默认活动

[ 2018-02-07T10:19:37+08:00 ] 111.197.248.241 /tpchat/index.php/Chat/Product/activity?title=%E9%BB%98%E8%AE%A4%E6%B4%BB%E5%8A%A8
INFO: [ app_init ] --START--
INFO: Run Behavior\BuildLiteBehavior [ RunTime:0.000015s ]
INFO: [ app_init ] --END-- [ RunTime:0.000114s ]
INFO: [ app_begin ] --START--
INFO: Run Behavior\ReadHtmlCacheBehavior [ RunTime:0.000053s ]
INFO: [ app_begin ] --END-- [ RunTime:0.000113s ]
SQL: SHOW COLUMNS FROM `user` [ RunTime:0.0008s ]
SQL: SELECT * FROM `user` WHERE `openid` = null LIMIT 1   [ RunTime:0.0002s ]
SQL: SHOW COLUMNS FROM `video` [ RunTime:0.0009s ]
SQL: SELECT*
                            FROM  `video`  a
                            INNER JOIN `video_activity` b
                            ON  a.activity_title=b.title
                            WHERE   a.activity_title='默认活动'
                            AND a.`publish_state`=1
                            ORDER BY confirm_time DESC [ RunTime:0.0008s ]
SQL: SHOW COLUMNS FROM `video_praise` [ RunTime:0.0190s ]
SQL: SELECT * FROM `video_praise` WHERE `video_id` = 65  [ RunTime:0.0002s ]
SQL: SELECT * FROM `video_praise` WHERE `video_id` = 41  [ RunTime:0.0002s ]
INFO: [ view_parse ] --START--
INFO: [ template_filter ] --START--
INFO: Run Behavior\ContentReplaceBehavior [ RunTime:0.000064s ]
INFO: [ template_filter ] --END-- [ RunTime:0.000122s ]
INFO: Run Behavior\ParseTemplateBehavior [ RunTime:0.004137s ]
INFO: [ view_parse ] --END-- [ RunTime:0.004202s ]
INFO: [ view_filter ] --START--
INFO: Run Behavior\WriteHtmlCacheBehavior [ RunTime:0.000047s ]
INFO: [ view_filter ] --END-- [ RunTime:0.000092s ]
INFO: [ app_end ] --START--
INFO: Run Behavior\ShowPageTraceBehavior [ RunTime:0.000070s ]
INFO: [ app_end ] --END-- [ RunTime:0.000128s ]

[ 2018-02-07T10:19:40+08:00 ] 111.197.248.241 /tpchat/index.php?s=/Chat/Product/activity?title=%E9%BB%98%E8%AE%A4%E6%B4%BB%E5%8A%A8
INFO: [ app_init ] --START--
INFO: Run Behavior\BuildLiteBehavior [ RunTime:0.000014s ]
INFO: [ app_init ] --END-- [ RunTime:0.000113s ]
INFO: [ app_begin ] --START--
INFO: Run Behavior\ReadHtmlCacheBehavior [ RunTime:0.000052s ]
INFO: [ app_begin ] --END-- [ RunTime:0.000103s ]
SQL: SHOW COLUMNS FROM `user` [ RunTime:0.0008s ]
SQL: SELECT * FROM `user` WHERE `openid` = null LIMIT 1   [ RunTime:0.0002s ]
SQL: SHOW COLUMNS FROM `video` [ RunTime:0.0009s ]
ERR: 非法操作:activity?title=默认活动

[ 2018-02-07T10:21:08+08:00 ] 111.197.248.241 /tpchat/index.php/chat/product
INFO: [ app_init ] --START--
INFO: Run Behavior\BuildLiteBehavior [ RunTime:0.000020s ]
INFO: [ app_init ] --END-- [ RunTime:0.000151s ]
INFO: [ app_begin ] --START--
INFO: Run Behavior\ReadHtmlCacheBehavior [ RunTime:0.000069s ]
INFO: [ app_begin ] --END-- [ RunTime:0.000126s ]
SQL: SHOW COLUMNS FROM `user` [ RunTime:0.0008s ]
SQL: SELECT * FROM `user` WHERE `openid` = null LIMIT 1   [ RunTime:0.0002s ]
SQL: SHOW COLUMNS FROM `video` [ RunTime:0.0008s ]
SQL: SHOW COLUMNS FROM `video_activity` [ RunTime:0.0005s ]
SQL: SELECT * FROM `video_activity` ORDER BY starttime desc  [ RunTime:0.0003s ]
SQL: SELECT*
                            FROM  `video`  
                            WHERE   `publish_state`=1 and activity_title=''
                            ORDER BY confirm_time DESC [ RunTime:0.0003s ]
INFO: [ view_parse ] --START--
INFO: [ template_filter ] --START--
INFO: Run Behavior\ContentReplaceBehavior [ RunTime:0.000072s ]
INFO: [ template_filter ] --END-- [ RunTime:0.000143s ]
NOTIC: [8] Undefined index: content /mnt/tpchat/Application/Runtime/Cache/Chat/d8284913d94a3ddb4d5d2388b1d03584.php 第 44 行.
NOTIC: [8] Undefined index: content /mnt/tpchat/Application/Runtime/Cache/Chat/d8284913d94a3ddb4d5d2388b1d03584.php 第 44 行.
INFO: Run Behavior\ParseTemplateBehavior [ RunTime:0.008228s ]
INFO: [ view_parse ] --END-- [ RunTime:0.008285s ]
INFO: [ view_filter ] --START--
INFO: Run Behavior\WriteHtmlCacheBehavior [ RunTime:0.000065s ]
INFO: [ view_filter ] --END-- [ RunTime:0.000113s ]
INFO: [ app_end ] --START--
INFO: Run Behavior\ShowPageTraceBehavior [ RunTime:0.000056s ]
INFO: [ app_end ] --END-- [ RunTime:0.000104s ]

[ 2018-02-07T10:21:14+08:00 ] 111.197.248.241 /tpchat/index.php?s=/Chat/Product/activity?title=%E5%8F%8C%E5%8D%81%E4%B8%80
INFO: [ app_init ] --START--
INFO: Run Behavior\BuildLiteBehavior [ RunTime:0.000016s ]
INFO: [ app_init ] --END-- [ RunTime:0.000172s ]
INFO: [ app_begin ] --START--
INFO: Run Behavior\ReadHtmlCacheBehavior [ RunTime:0.000052s ]
INFO: [ app_begin ] --END-- [ RunTime:0.000104s ]
SQL: SHOW COLUMNS FROM `user` [ RunTime:0.0008s ]
SQL: SELECT * FROM `user` WHERE `openid` = null LIMIT 1   [ RunTime:0.0002s ]
SQL: SHOW COLUMNS FROM `video` [ RunTime:0.0009s ]
ERR: 非法操作:activity?title=双十一

[ 2018-02-07T10:21:16+08:00 ] 111.197.248.241 /tpchat/index.php/chat/product
INFO: [ app_init ] --START--
INFO: Run Behavior\BuildLiteBehavior [ RunTime:0.000016s ]
INFO: [ app_init ] --END-- [ RunTime:0.000122s ]
INFO: [ app_begin ] --START--
INFO: Run Behavior\ReadHtmlCacheBehavior [ RunTime:0.000051s ]
INFO: [ app_begin ] --END-- [ RunTime:0.000104s ]
SQL: SHOW COLUMNS FROM `user` [ RunTime:0.0008s ]
SQL: SELECT * FROM `user` WHERE `openid` = null LIMIT 1   [ RunTime:0.0002s ]
SQL: SHOW COLUMNS FROM `video` [ RunTime:0.0009s ]
SQL: SHOW COLUMNS FROM `video_activity` [ RunTime:0.0004s ]
SQL: SELECT * FROM `video_activity` ORDER BY starttime desc  [ RunTime:0.0003s ]
SQL: SELECT*
                            FROM  `video`  
                            WHERE   `publish_state`=1 and activity_title=''
                            ORDER BY confirm_time DESC [ RunTime:0.0003s ]
INFO: [ view_parse ] --START--
INFO: [ template_filter ] --START--
INFO: Run Behavior\ContentReplaceBehavior [ RunTime:0.000097s ]
INFO: [ template_filter ] --END-- [ RunTime:0.000218s ]
NOTIC: [8] Undefined index: content /mnt/tpchat/Application/Runtime/Cache/Chat/d8284913d94a3ddb4d5d2388b1d03584.php 第 44 行.
NOTIC: [8] Undefined index: content /mnt/tpchat/Application/Runtime/Cache/Chat/d8284913d94a3ddb4d5d2388b1d03584.php 第 44 行.
INFO: Run Behavior\ParseTemplateBehavior [ RunTime:0.006367s ]
INFO: [ view_parse ] --END-- [ RunTime:0.006433s ]
INFO: [ view_filter ] --START--
INFO: Run Behavior\WriteHtmlCacheBehavior [ RunTime:0.000065s ]
INFO: [ view_filter ] --END-- [ RunTime:0.000112s ]
INFO: [ app_end ] --START--
INFO: Run Behavior\ShowPageTraceBehavior [ RunTime:0.000052s ]
INFO: [ app_end ] --END-- [ RunTime:0.000102s ]

[ 2018-02-07T10:21:17+08:00 ] 111.197.248.241 /tpchat/index.php?s=/Chat/Product/activity?title=%E5%8F%8C%E5%8D%81%E4%B8%80
INFO: [ app_init ] --START--
INFO: Run Behavior\BuildLiteBehavior [ RunTime:0.000015s ]
INFO: [ app_init ] --END-- [ RunTime:0.000125s ]
INFO: [ app_begin ] --START--
INFO: Run Behavior\ReadHtmlCacheBehavior [ RunTime:0.000053s ]
INFO: [ app_begin ] --END-- [ RunTime:0.000106s ]
SQL: SHOW COLUMNS FROM `user` [ RunTime:0.0007s ]
SQL: SELECT * FROM `user` WHERE `openid` = null LIMIT 1   [ RunTime:0.0002s ]
SQL: SHOW COLUMNS FROM `video` [ RunTime:0.0008s ]
ERR: 非法操作:activity?title=双十一

[ 2018-02-07T10:21:49+08:00 ] 111.197.248.241 /tpchat/index.php/chat/product
INFO: [ app_init ] --START--
INFO: Run Behavior\BuildLiteBehavior [ RunTime:0.000016s ]
INFO: [ app_init ] --END-- [ RunTime:0.000118s ]
INFO: [ app_begin ] --START--
INFO: Run Behavior\ReadHtmlCacheBehavior [ RunTime:0.000052s ]
INFO: [ app_begin ] --END-- [ RunTime:0.000104s ]
SQL: SHOW COLUMNS FROM `user` [ RunTime:0.0009s ]
SQL: SELECT * FROM `user` WHERE `openid` = null LIMIT 1   [ RunTime:0.0002s ]
SQL: SHOW COLUMNS FROM `video` [ RunTime:0.0009s ]
SQL: SHOW COLUMNS FROM `video_activity` [ RunTime:0.0004s ]
SQL: SELECT * FROM `video_activity` ORDER BY starttime desc  [ RunTime:0.0003s ]
SQL: SELECT*
                            FROM  `video`  
                            WHERE   `publish_state`=1 and activity_title=''
                            ORDER BY confirm_time DESC [ RunTime:0.0003s ]
INFO: [ view_parse ] --START--
INFO: [ template_filter ] --START--
INFO: Run Behavior\ContentReplaceBehavior [ RunTime:0.000064s ]
INFO: [ template_filter ] --END-- [ RunTime:0.000122s ]
NOTIC: [8] Undefined index: content /mnt/tpchat/Application/Runtime/Cache/Chat/d8284913d94a3ddb4d5d2388b1d03584.php 第 44 行.
NOTIC: [8] Undefined index: content /mnt/tpchat/Application/Runtime/Cache/Chat/d8284913d94a3ddb4d5d2388b1d03584.php 第 44 行.
INFO: Run Behavior\ParseTemplateBehavior [ RunTime:0.005753s ]
INFO: [ view_parse ] --END-- [ RunTime:0.005811s ]
INFO: [ view_filter ] --START--
INFO: Run Behavior\WriteHtmlCacheBehavior [ RunTime:0.000049s ]
INFO: [ view_filter ] --END-- [ RunTime:0.000508s ]
INFO: [ app_end ] --START--
INFO: Run Behavior\ShowPageTraceBehavior [ RunTime:0.000057s ]
INFO: [ app_end ] --END-- [ RunTime:0.000106s ]

[ 2018-02-07T10:21:50+08:00 ] 111.197.248.241 /tpchat/index.php/chat/product
INFO: [ app_init ] --START--
INFO: Run Behavior\BuildLiteBehavior [ RunTime:0.000016s ]
INFO: [ app_init ] --END-- [ RunTime:0.000121s ]
INFO: [ app_begin ] --START--
INFO: Run Behavior\ReadHtmlCacheBehavior [ RunTime:0.000053s ]
INFO: [ app_begin ] --END-- [ RunTime:0.000107s ]
SQL: SHOW COLUMNS FROM `user` [ RunTime:0.0007s ]
SQL: SELECT * FROM `user` WHERE `openid` = null LIMIT 1   [ RunTime:0.0002s ]
SQL: SHOW COLUMNS FROM `video` [ RunTime:0.0008s ]
SQL: SHOW COLUMNS FROM `video_activity` [ RunTime:0.0004s ]
SQL: SELECT * FROM `video_activity` ORDER BY starttime desc  [ RunTime:0.0003s ]
SQL: SELECT*
                            FROM  `video`  
                            WHERE   `publish_state`=1 and activity_title=''
                            ORDER BY confirm_time DESC [ RunTime:0.0003s ]
INFO: [ view_parse ] --START--
INFO: [ template_filter ] --START--
INFO: Run Behavior\ContentReplaceBehavior [ RunTime:0.000066s ]
INFO: [ template_filter ] --END-- [ RunTime:0.000133s ]
NOTIC: [8] Undefined index: content /mnt/tpchat/Application/Runtime/Cache/Chat/d8284913d94a3ddb4d5d2388b1d03584.php 第 44 行.
NOTIC: [8] Undefined index: content /mnt/tpchat/Application/Runtime/Cache/Chat/d8284913d94a3ddb4d5d2388b1d03584.php 第 44 行.
INFO: Run Behavior\ParseTemplateBehavior [ RunTime:0.005957s ]
INFO: [ view_parse ] --END-- [ RunTime:0.006015s ]
INFO: [ view_filter ] --START--
INFO: Run Behavior\WriteHtmlCacheBehavior [ RunTime:0.000088s ]
INFO: [ view_filter ] --END-- [ RunTime:0.000135s ]
INFO: [ app_end ] --START--
INFO: Run Behavior\ShowPageTraceBehavior [ RunTime:0.000064s ]
INFO: [ app_end ] --END-- [ RunTime:0.000123s ]

[ 2018-02-07T10:21:51+08:00 ] 111.197.248.241 /tpchat/index.php/Chat/Product/activity?title=%E5%8F%8C%E5%8D%81%E4%B8%80
INFO: [ app_init ] --START--
INFO: Run Behavior\BuildLiteBehavior [ RunTime:0.000015s ]
INFO: [ app_init ] --END-- [ RunTime:0.000115s ]
INFO: [ app_begin ] --START--
INFO: Run Behavior\ReadHtmlCacheBehavior [ RunTime:0.000084s ]
INFO: [ app_begin ] --END-- [ RunTime:0.000148s ]
SQL: SHOW COLUMNS FROM `user` [ RunTime:0.0008s ]
SQL: SELECT * FROM `user` WHERE `openid` = null LIMIT 1   [ RunTime:0.0002s ]
SQL: SHOW COLUMNS FROM `video` [ RunTime:0.0008s ]
SQL: SELECT*
                            FROM  `video`  a
                            INNER JOIN `video_activity` b
                            ON  a.activity_title=b.title
                            WHERE   a.activity_title='双十一'
                            AND a.`publish_state`=1
                            ORDER BY confirm_time DESC [ RunTime:0.0009s ]
SQL: SHOW COLUMNS FROM `video_praise` [ RunTime:0.0004s ]
SQL: SELECT * FROM `video_praise` WHERE `video_id` = 63  [ RunTime:0.0002s ]
INFO: [ view_parse ] --START--
INFO: [ template_filter ] --START--
INFO: Run Behavior\ContentReplaceBehavior [ RunTime:0.000063s ]
INFO: [ template_filter ] --END-- [ RunTime:0.000133s ]
INFO: Run Behavior\ParseTemplateBehavior [ RunTime:0.004310s ]
INFO: [ view_parse ] --END-- [ RunTime:0.004382s ]
INFO: [ view_filter ] --START--
INFO: Run Behavior\WriteHtmlCacheBehavior [ RunTime:0.000055s ]
INFO: [ view_filter ] --END-- [ RunTime:0.000101s ]
INFO: [ app_end ] --START--
INFO: Run Behavior\ShowPageTraceBehavior [ RunTime:0.000049s ]
INFO: [ app_end ] --END-- [ RunTime:0.000101s ]

[ 2018-02-07T10:21:59+08:00 ] 111.197.248.241 /tpchat/index.php/Chat/Product/video?video_id=60
INFO: [ app_init ] --START--
INFO: Run Behavior\BuildLiteBehavior [ RunTime:0.000015s ]
INFO: [ app_init ] --END-- [ RunTime:0.000121s ]
INFO: [ app_begin ] --START--
INFO: Run Behavior\ReadHtmlCacheBehavior [ RunTime:0.000052s ]
INFO: [ app_begin ] --END-- [ RunTime:0.000103s ]
SQL: SHOW COLUMNS FROM `user` [ RunTime:0.0008s ]
SQL: SELECT * FROM `user` WHERE `openid` = null LIMIT 1   [ RunTime:0.0002s ]
SQL: SHOW COLUMNS FROM `video` [ RunTime:0.0009s ]
SQL: SELECT * FROM `video` WHERE `video_id` = 60 LIMIT 1   [ RunTime:0.0003s ]
SQL: UPDATE `video` SET `video_title`='英特尔酷睿i5创意广告《追击》1',`video_category`='创意',`video_url`='www.baidu.com',`confirm_url`='https://v.qq.com/x/page/s01953z9f6j.html',`user_desc`='嘻嘻嘻嘻',`admin_desc`='你确定不要看看？！',`view_count`='66',`score`='10',`createtime`='2017-09-28 18:34:33',`check_status`='审核通过',`openid`='oAdCq01YzcVjLWljmeEBFcDEswEY',`admin_comment`='满分推荐 视频真棒',`chatname`='徐开元',`image`='./Application/Admin/Public/up/2017-10-16/59e4d58cbf526.jpg',`profile`='http://wx.qlogo.cn/mmhead/Xewa2JUmZ1ovdQUjozWhnUEnhQucSD0eGlfaE5d1rliaNmZ7G66NicVg/0',`confirm_time`='2017-10-28',`admin_username`='测试管理员',`publish_state`='1',`activity_title`='' WHERE `video_id` = 60 [ RunTime:0.0916s ]
SQL: SHOW COLUMNS FROM `video_praise` [ RunTime:0.0008s ]
SQL: SELECT * FROM `video_praise` WHERE `openid` = null AND `video_id` = 60 LIMIT 1   [ RunTime:0.0003s ]
SQL: SELECT * FROM `video_praise` WHERE `video_id` = 60  [ RunTime:0.0002s ]
SQL: SHOW COLUMNS FROM `video_comment` [ RunTime:0.0376s ]
SQL: SELECT * FROM `video_comment` WHERE `video_id` = 60  [ RunTime:0.0003s ]
INFO: [ view_parse ] --START--
INFO: [ template_filter ] --START--
INFO: Run Behavior\ContentReplaceBehavior [ RunTime:0.000081s ]
INFO: [ template_filter ] --END-- [ RunTime:0.000141s ]
INFO: Run Behavior\ParseTemplateBehavior [ RunTime:0.008059s ]
INFO: [ view_parse ] --END-- [ RunTime:0.008132s ]
INFO: [ view_filter ] --START--
INFO: Run Behavior\WriteHtmlCacheBehavior [ RunTime:0.000057s ]
INFO: [ view_filter ] --END-- [ RunTime:0.000105s ]
INFO: [ app_end ] --START--
INFO: Run Behavior\ShowPageTraceBehavior [ RunTime:0.000057s ]
INFO: [ app_end ] --END-- [ RunTime:0.000115s ]

[ 2018-02-07T12:09:30+08:00 ] 111.197.248.241 /tpchat/index.php/chat/product
INFO: [ app_init ] --START--
INFO: Run Behavior\BuildLiteBehavior [ RunTime:0.000028s ]
INFO: [ app_init ] --END-- [ RunTime:0.000205s ]
INFO: [ app_begin ] --START--
INFO: Run Behavior\ReadHtmlCacheBehavior [ RunTime:0.000094s ]
INFO: [ app_begin ] --END-- [ RunTime:0.000160s ]
SQL: SHOW COLUMNS FROM `user` [ RunTime:0.0008s ]
SQL: SELECT * FROM `user` WHERE `openid` = null LIMIT 1   [ RunTime:0.0002s ]
SQL: SHOW COLUMNS FROM `video` [ RunTime:0.0009s ]
SQL: SHOW COLUMNS FROM `video_activity` [ RunTime:0.0006s ]
SQL: SELECT * FROM `video_activity` ORDER BY starttime desc  [ RunTime:0.0184s ]
SQL: SELECT*
                            FROM  `video`  
                            WHERE   `publish_state`=1 and activity_title=''
                            ORDER BY confirm_time DESC [ RunTime:0.0004s ]
INFO: [ view_parse ] --START--
INFO: [ template_filter ] --START--
INFO: Run Behavior\ContentReplaceBehavior [ RunTime:0.000065s ]
INFO: [ template_filter ] --END-- [ RunTime:0.000143s ]
NOTIC: [8] Undefined index: content /mnt/tpchat/Application/Runtime/Cache/Chat/d8284913d94a3ddb4d5d2388b1d03584.php 第 44 行.
NOTIC: [8] Undefined index: content /mnt/tpchat/Application/Runtime/Cache/Chat/d8284913d94a3ddb4d5d2388b1d03584.php 第 44 行.
INFO: Run Behavior\ParseTemplateBehavior [ RunTime:0.016711s ]
INFO: [ view_parse ] --END-- [ RunTime:0.016808s ]
INFO: [ view_filter ] --START--
INFO: Run Behavior\WriteHtmlCacheBehavior [ RunTime:0.000056s ]
INFO: [ view_filter ] --END-- [ RunTime:0.000102s ]
INFO: [ app_end ] --START--
INFO: Run Behavior\ShowPageTraceBehavior [ RunTime:0.000055s ]
INFO: [ app_end ] --END-- [ RunTime:0.000107s ]

[ 2018-02-07T12:09:33+08:00 ] 111.197.248.241 /tpchat/index.php/Chat/Product/activity?title=%E5%8F%8C%E5%8D%81%E4%B8%80
INFO: [ app_init ] --START--
INFO: Run Behavior\BuildLiteBehavior [ RunTime:0.000015s ]
INFO: [ app_init ] --END-- [ RunTime:0.000118s ]
INFO: [ app_begin ] --START--
INFO: Run Behavior\ReadHtmlCacheBehavior [ RunTime:0.000056s ]
INFO: [ app_begin ] --END-- [ RunTime:0.000113s ]
SQL: SHOW COLUMNS FROM `user` [ RunTime:0.0008s ]
SQL: SELECT * FROM `user` WHERE `openid` = null LIMIT 1   [ RunTime:0.0002s ]
SQL: SHOW COLUMNS FROM `video` [ RunTime:0.0009s ]
SQL: SELECT*
                            FROM  `video`  a
                            INNER JOIN `video_activity` b
                            ON  a.activity_title=b.title
                            WHERE   a.activity_title='双十一'
                            AND a.`publish_state`=1
                            ORDER BY confirm_time DESC [ RunTime:0.0008s ]
SQL: SHOW COLUMNS FROM `video_praise` [ RunTime:0.0004s ]
SQL: SELECT * FROM `video_praise` WHERE `video_id` = 63  [ RunTime:0.0002s ]
INFO: [ view_parse ] --START--
INFO: [ template_filter ] --START--
INFO: Run Behavior\ContentReplaceBehavior [ RunTime:0.000065s ]
INFO: [ template_filter ] --END-- [ RunTime:0.000146s ]
INFO: Run Behavior\ParseTemplateBehavior [ RunTime:0.041126s ]
INFO: [ view_parse ] --END-- [ RunTime:0.041194s ]
INFO: [ view_filter ] --START--
INFO: Run Behavior\WriteHtmlCacheBehavior [ RunTime:0.000047s ]
INFO: [ view_filter ] --END-- [ RunTime:0.000091s ]
INFO: [ app_end ] --START--
INFO: Run Behavior\ShowPageTraceBehavior [ RunTime:0.000048s ]
INFO: [ app_end ] --END-- [ RunTime:0.000097s ]

[ 2018-02-07T12:09:34+08:00 ] 111.197.248.241 /tpchat/index.php/Chat/Product/video?video_id=63
INFO: [ app_init ] --START--
INFO: Run Behavior\BuildLiteBehavior [ RunTime:0.000024s ]
INFO: [ app_init ] --END-- [ RunTime:0.000138s ]
INFO: [ app_begin ] --START--
INFO: Run Behavior\ReadHtmlCacheBehavior [ RunTime:0.000097s ]
INFO: [ app_begin ] --END-- [ RunTime:0.000151s ]
SQL: SHOW COLUMNS FROM `user` [ RunTime:0.0009s ]
SQL: SELECT * FROM `user` WHERE `openid` = null LIMIT 1   [ RunTime:0.0003s ]
SQL: SHOW COLUMNS FROM `video` [ RunTime:0.0008s ]
SQL: SELECT * FROM `video` WHERE `video_id` = 63 LIMIT 1   [ RunTime:0.0003s ]
SQL: UPDATE `video` SET `video_title`='测试',`video_category`='原创',`video_url`='测试',`confirm_url`='https://v.qq.com/iframe/player.html?vid=i0502nhzvc0&tiny=0&auto=0
',`user_desc`=' ',`admin_desc`='这么好看',`view_count`='12',`score`='10',`createtime`='2017-11-11 10:10:25',`check_status`='审核通过',`openid`='oAdCq01YzcVjLWljmeEBFcDEswEY',`admin_comment`='这么好看',`chatname`='徐开元',`image`='./Application/Admin/Public/up/2017-11-11/5a0676de3cb1d.jpg',`profile`='http://wx.qlogo.cn/mmhead/Xewa2JUmZ1ovdQUjozWhnUEnhQucSD0eGlfaE5d1rliaNmZ7G66NicVg/0',`confirm_time`='2017-11-11',`admin_username`='测试管理员',`publish_state`='1',`activity_title`='双十一' WHERE `video_id` = 63 [ RunTime:0.0205s ]
SQL: SHOW COLUMNS FROM `video_praise` [ RunTime:0.0007s ]
SQL: SELECT * FROM `video_praise` WHERE `openid` = null AND `video_id` = 63 LIMIT 1   [ RunTime:0.0003s ]
SQL: SELECT * FROM `video_praise` WHERE `video_id` = 63  [ RunTime:0.0002s ]
SQL: SHOW COLUMNS FROM `video_comment` [ RunTime:0.0004s ]
SQL: SELECT * FROM `video_comment` WHERE `video_id` = 63  [ RunTime:0.0002s ]
INFO: [ view_parse ] --START--
INFO: [ template_filter ] --START--
INFO: Run Behavior\ContentReplaceBehavior [ RunTime:0.000079s ]
INFO: [ template_filter ] --END-- [ RunTime:0.000144s ]
INFO: Run Behavior\ParseTemplateBehavior [ RunTime:0.008695s ]
INFO: [ view_parse ] --END-- [ RunTime:0.008761s ]
INFO: [ view_filter ] --START--
INFO: Run Behavior\WriteHtmlCacheBehavior [ RunTime:0.000050s ]
INFO: [ view_filter ] --END-- [ RunTime:0.000097s ]
INFO: [ app_end ] --START--
INFO: Run Behavior\ShowPageTraceBehavior [ RunTime:0.000078s ]
INFO: [ app_end ] --END-- [ RunTime:0.000143s ]

[ 2018-02-07T14:21:41+08:00 ] 111.197.248.241 /tpchat/index.php/chat/product
INFO: [ app_init ] --START--
INFO: Run Behavior\BuildLiteBehavior [ RunTime:0.000016s ]
INFO: [ app_init ] --END-- [ RunTime:0.000142s ]
INFO: [ app_begin ] --START--
INFO: Run Behavior\ReadHtmlCacheBehavior [ RunTime:0.000107s ]
INFO: [ app_begin ] --END-- [ RunTime:0.000225s ]
SQL: SHOW COLUMNS FROM `user` [ RunTime:0.0008s ]
SQL: SELECT * FROM `user` WHERE `openid` = null LIMIT 1   [ RunTime:0.0002s ]
SQL: SHOW COLUMNS FROM `video` [ RunTime:0.0008s ]
SQL: SHOW COLUMNS FROM `video_activity` [ RunTime:0.0004s ]
SQL: SELECT * FROM `video_activity` ORDER BY starttime desc  [ RunTime:0.0003s ]
SQL: SELECT*
                            FROM  `video`  
                            WHERE   `publish_state`=1 and activity_title=''
                            ORDER BY confirm_time DESC [ RunTime:0.0003s ]
INFO: [ view_parse ] --START--
INFO: [ template_filter ] --START--
INFO: Run Behavior\ContentReplaceBehavior [ RunTime:0.000084s ]
INFO: [ template_filter ] --END-- [ RunTime:0.000189s ]
NOTIC: [8] Undefined index: content /mnt/tpchat/Application/Runtime/Cache/Chat/d8284913d94a3ddb4d5d2388b1d03584.php 第 44 行.
NOTIC: [8] Undefined index: content /mnt/tpchat/Application/Runtime/Cache/Chat/d8284913d94a3ddb4d5d2388b1d03584.php 第 44 行.
INFO: Run Behavior\ParseTemplateBehavior [ RunTime:0.019589s ]
INFO: [ view_parse ] --END-- [ RunTime:0.019651s ]
INFO: [ view_filter ] --START--
INFO: Run Behavior\WriteHtmlCacheBehavior [ RunTime:0.000069s ]
INFO: [ view_filter ] --END-- [ RunTime:0.000115s ]
INFO: [ app_end ] --START--
INFO: Run Behavior\ShowPageTraceBehavior [ RunTime:0.000056s ]
INFO: [ app_end ] --END-- [ RunTime:0.000104s ]

[ 2018-02-07T14:31:28+08:00 ] 111.197.248.241 /tpchat/index.php/chat/product
INFO: [ app_init ] --START--
INFO: Run Behavior\BuildLiteBehavior [ RunTime:0.000020s ]
INFO: [ app_init ] --END-- [ RunTime:0.002267s ]
INFO: [ app_begin ] --START--
INFO: Run Behavior\ReadHtmlCacheBehavior [ RunTime:0.002318s ]
INFO: [ app_begin ] --END-- [ RunTime:0.002409s ]
SQL: SHOW COLUMNS FROM `user` [ RunTime:0.0010s ]
SQL: SELECT * FROM `user` WHERE `openid` = null LIMIT 1   [ RunTime:0.0002s ]
SQL: SHOW COLUMNS FROM `video` [ RunTime:0.0008s ]
SQL: SHOW COLUMNS FROM `video_activity` [ RunTime:0.0004s ]
SQL: SELECT * FROM `video_activity` ORDER BY starttime desc  [ RunTime:0.0003s ]
SQL: SELECT*
                            FROM  `video`  
                            WHERE   `publish_state`=1 and activity_title=''
                            ORDER BY confirm_time DESC [ RunTime:0.0003s ]
INFO: [ view_parse ] --START--
INFO: [ template_filter ] --START--
INFO: Run Behavior\ContentReplaceBehavior [ RunTime:0.000067s ]
INFO: [ template_filter ] --END-- [ RunTime:0.000158s ]
NOTIC: [8] Undefined index: content /mnt/tpchat/Application/Runtime/Cache/Chat/d8284913d94a3ddb4d5d2388b1d03584.php 第 44 行.
NOTIC: [8] Undefined index: content /mnt/tpchat/Application/Runtime/Cache/Chat/d8284913d94a3ddb4d5d2388b1d03584.php 第 44 行.
INFO: Run Behavior\ParseTemplateBehavior [ RunTime:0.017658s ]
INFO: [ view_parse ] --END-- [ RunTime:0.017731s ]
INFO: [ view_filter ] --START--
INFO: Run Behavior\WriteHtmlCacheBehavior [ RunTime:0.003301s ]
INFO: [ view_filter ] --END-- [ RunTime:0.003361s ]
INFO: [ app_end ] --START--
INFO: Run Behavior\ShowPageTraceBehavior [ RunTime:0.002604s ]
INFO: [ app_end ] --END-- [ RunTime:0.002669s ]

