[ 2018-03-06T18:34:42+08:00 ] 223.72.89.13 /tpchat/index.php/chat/product/ajax
INFO: [ app_init ] --START--
INFO: Run Behavior\BuildLiteBehavior [ RunTime:0.000014s ]
INFO: [ app_init ] --END-- [ RunTime:0.000096s ]
INFO: [ app_begin ] --START--
INFO: Run Behavior\ReadHtmlCacheBehavior [ RunTime:0.000047s ]
INFO: [ app_begin ] --END-- [ RunTime:0.000093s ]
SQL: SHOW COLUMNS FROM `user` [ RunTime:0.0007s ]
SQL: SELECT * FROM `user` WHERE `openid` = null LIMIT 1   [ RunTime:0.0153s ]
SQL: SHOW COLUMNS FROM `video` [ RunTime:0.0102s ]
SQL: SHOW COLUMNS FROM `course` [ RunTime:0.0008s ]
SQL: SELECT * FROM `course` ORDER BY createtime desc  [ RunTime:0.0007s ]
SQL: SHOW COLUMNS FROM `article` [ RunTime:0.0004s ]
SQL: SELECT * FROM `article` ORDER BY createtime desc  [ RunTime:0.0002s ]
SQL: SHOW COLUMNS FROM `video_activity` [ RunTime:0.0004s ]
SQL: SELECT * FROM `video_activity` ORDER BY starttime desc  [ RunTime:0.0002s ]

[ 2018-03-06T18:34:44+08:00 ] 223.72.89.13 /tpchat/index.php/chat?code=021WA2Mr16UEto0CviMr1PAELr1WA2MA&state=1
INFO: [ app_init ] --START--
INFO: Run Behavior\BuildLiteBehavior [ RunTime:0.000012s ]
INFO: [ app_init ] --END-- [ RunTime:0.000088s ]
INFO: [ app_begin ] --START--
INFO: Run Behavior\ReadHtmlCacheBehavior [ RunTime:0.000036s ]
INFO: [ app_begin ] --END-- [ RunTime:0.000071s ]
SQL: SHOW COLUMNS FROM `user` [ RunTime:0.0007s ]
SQL: SELECT * FROM `user` WHERE `openid` = 'oAdCq01YzcVjLWljmeEBFcDEswEY' LIMIT 1   [ RunTime:0.0005s ]
SQL: SHOW COLUMNS FROM `banner` [ RunTime:0.0006s ]
SQL: SELECT * FROM `banner`  [ RunTime:0.0002s ]
SQL: SHOW COLUMNS FROM `category` [ RunTime:0.0004s ]
SQL: SELECT * FROM `category`  [ RunTime:0.0002s ]
INFO: [ view_parse ] --START--
INFO: [ template_filter ] --START--
INFO: Run Behavior\ContentReplaceBehavior [ RunTime:0.000126s ]
INFO: [ template_filter ] --END-- [ RunTime:0.000187s ]
INFO: Run Behavior\ParseTemplateBehavior [ RunTime:0.042517s ]
INFO: [ view_parse ] --END-- [ RunTime:0.042567s ]
INFO: [ view_filter ] --START--
INFO: Run Behavior\WriteHtmlCacheBehavior [ RunTime:0.000047s ]
INFO: [ view_filter ] --END-- [ RunTime:0.000078s ]
INFO: [ app_end ] --START--
INFO: Run Behavior\ShowPageTraceBehavior [ RunTime:0.000048s ]
INFO: [ app_end ] --END-- [ RunTime:0.000087s ]

[ 2018-03-06T18:34:52+08:00 ] 223.72.89.13 /tpchat/index.php/Chat/Index/ajaxCourse
INFO: [ app_init ] --START--
INFO: Run Behavior\BuildLiteBehavior [ RunTime:0.000029s ]
INFO: [ app_init ] --END-- [ RunTime:0.000114s ]
INFO: [ app_begin ] --START--
INFO: Run Behavior\ReadHtmlCacheBehavior [ RunTime:0.000039s ]
INFO: [ app_begin ] --END-- [ RunTime:0.000074s ]
SQL: SHOW COLUMNS FROM `user` [ RunTime:0.0007s ]
SQL: SELECT * FROM `user` WHERE `openid` = 'oAdCq01YzcVjLWljmeEBFcDEswEY' LIMIT 1   [ RunTime:0.0003s ]
SQL: SHOW COLUMNS FROM `course` [ RunTime:0.0005s ]
SQL: SELECT * FROM `course` WHERE `publish_state` = 1 AND `big_category` = '专题活动' ORDER BY starttime desc LIMIT 30   [ RunTime:0.0003s ]

[ 2018-03-06T18:34:57+08:00 ] 223.72.89.13 /tpchat/index.php/Chat/Index/ajaxCourse
INFO: [ app_init ] --START--
INFO: Run Behavior\BuildLiteBehavior [ RunTime:0.000014s ]
INFO: [ app_init ] --END-- [ RunTime:0.000095s ]
INFO: [ app_begin ] --START--
INFO: Run Behavior\ReadHtmlCacheBehavior [ RunTime:0.000036s ]
INFO: [ app_begin ] --END-- [ RunTime:0.000070s ]
SQL: SHOW COLUMNS FROM `user` [ RunTime:0.0007s ]
SQL: SELECT * FROM `user` WHERE `openid` = 'oAdCq01YzcVjLWljmeEBFcDEswEY' LIMIT 1   [ RunTime:0.0003s ]
SQL: SHOW COLUMNS FROM `course` [ RunTime:0.0006s ]
SQL: SELECT * FROM `course` WHERE `publish_state` = 1 AND `big_category` = '实践课程' ORDER BY starttime desc LIMIT 30   [ RunTime:0.0003s ]

[ 2018-03-06T18:34:58+08:00 ] 223.72.89.13 /tpchat/index.php/Chat/Index/ajaxCourse
INFO: [ app_init ] --START--
INFO: Run Behavior\BuildLiteBehavior [ RunTime:0.000015s ]
INFO: [ app_init ] --END-- [ RunTime:0.000091s ]
INFO: [ app_begin ] --START--
INFO: Run Behavior\ReadHtmlCacheBehavior [ RunTime:0.000034s ]
INFO: [ app_begin ] --END-- [ RunTime:0.000067s ]
SQL: SHOW COLUMNS FROM `user` [ RunTime:0.0007s ]
SQL: SELECT * FROM `user` WHERE `openid` = 'oAdCq01YzcVjLWljmeEBFcDEswEY' LIMIT 1   [ RunTime:0.0003s ]
SQL: SHOW COLUMNS FROM `course` [ RunTime:0.0005s ]
SQL: SELECT * FROM `course` WHERE `publish_state` = 1 AND `big_category` = '专题活动' ORDER BY starttime desc LIMIT 30   [ RunTime:0.0003s ]

[ 2018-03-06T18:34:59+08:00 ] 223.72.89.13 /tpchat/index.php/Chat/index/course?courseid=14
INFO: [ app_init ] --START--
INFO: Run Behavior\BuildLiteBehavior [ RunTime:0.000015s ]
INFO: [ app_init ] --END-- [ RunTime:0.000103s ]
INFO: [ app_begin ] --START--
INFO: Run Behavior\ReadHtmlCacheBehavior [ RunTime:0.000035s ]
INFO: [ app_begin ] --END-- [ RunTime:0.000071s ]
SQL: SHOW COLUMNS FROM `user` [ RunTime:0.0007s ]
SQL: SELECT * FROM `user` WHERE `openid` = 'oAdCq01YzcVjLWljmeEBFcDEswEY' LIMIT 1   [ RunTime:0.0003s ]
SQL: SHOW COLUMNS FROM `course` [ RunTime:0.0012s ]
SQL: SELECT * FROM `course` WHERE ( course_id='14' ) LIMIT 1   [ RunTime:0.0003s ]
SQL: SELECT * FROM `user` WHERE `openid` = 'oAdCq01YzcVjLWljmeEBFcDEswEY' LIMIT 1   [ RunTime:0.0002s ]
INFO: [ view_parse ] --START--
NOTIC: [2] file_get_contents(./Application/Chat/View/Index/head.html): failed to open stream: No such file or directory /mnt/tpchat/ThinkPHP/Library/Think/Template.class.php 第 696 行.
INFO: [ template_filter ] --START--
INFO: Run Behavior\ContentReplaceBehavior [ RunTime:0.000052s ]
INFO: [ template_filter ] --END-- [ RunTime:0.000104s ]
NOTIC: [8] Undefined variable: openid /mnt/tpchat/Application/Runtime/Cache/Chat/364b759fdaa1fcdb48451e9a42928adb.php 第 37 行.
INFO: Run Behavior\ParseTemplateBehavior [ RunTime:0.005804s ]
INFO: [ view_parse ] --END-- [ RunTime:0.005855s ]
INFO: [ view_filter ] --START--
INFO: Run Behavior\WriteHtmlCacheBehavior [ RunTime:0.000045s ]
INFO: [ view_filter ] --END-- [ RunTime:0.000076s ]
INFO: [ app_end ] --START--
INFO: Run Behavior\ShowPageTraceBehavior [ RunTime:0.000046s ]
INFO: [ app_end ] --END-- [ RunTime:0.000088s ]

[ 2018-03-06T18:35:01+08:00 ] 223.72.89.13 /tpchat/index.php/Chat/Index/trade?course_id=14
INFO: [ app_init ] --START--
INFO: Run Behavior\BuildLiteBehavior [ RunTime:0.000013s ]
INFO: [ app_init ] --END-- [ RunTime:0.000094s ]
INFO: [ app_begin ] --START--
INFO: Run Behavior\ReadHtmlCacheBehavior [ RunTime:0.000038s ]
INFO: [ app_begin ] --END-- [ RunTime:0.000082s ]
SQL: SHOW COLUMNS FROM `user` [ RunTime:0.0007s ]
SQL: SELECT * FROM `user` WHERE `openid` = 'oAdCq01YzcVjLWljmeEBFcDEswEY' LIMIT 1   [ RunTime:0.0005s ]
NOTIC: [8] Undefined index: code /mnt/tpchat/Application/Chat/Controller/IndexController.class.php 第 208 行.
SQL: SHOW COLUMNS FROM `course` [ RunTime:0.0007s ]
SQL: SELECT * FROM `course` WHERE `course_id` = 14 LIMIT 1   [ RunTime:0.0003s ]
SQL: SELECT * FROM `user` WHERE `openid` = 'oAdCq01YzcVjLWljmeEBFcDEswEY' LIMIT 1   [ RunTime:0.0002s ]
INFO: [ view_parse ] --START--
INFO: [ template_filter ] --START--
INFO: Run Behavior\ContentReplaceBehavior [ RunTime:0.000082s ]
INFO: [ template_filter ] --END-- [ RunTime:0.000138s ]
INFO: Run Behavior\ParseTemplateBehavior [ RunTime:0.005458s ]
INFO: [ view_parse ] --END-- [ RunTime:0.005505s ]
INFO: [ view_filter ] --START--
INFO: Run Behavior\WriteHtmlCacheBehavior [ RunTime:0.000042s ]
INFO: [ view_filter ] --END-- [ RunTime:0.000071s ]
INFO: [ app_end ] --START--
INFO: Run Behavior\ShowPageTraceBehavior [ RunTime:0.000038s ]
INFO: [ app_end ] --END-- [ RunTime:0.000069s ]

[ 2018-03-06T18:35:04+08:00 ] 223.72.89.13 /tpchat/index.php/Chat/Index/trade
INFO: [ app_init ] --START--
INFO: Run Behavior\BuildLiteBehavior [ RunTime:0.000013s ]
INFO: [ app_init ] --END-- [ RunTime:0.000095s ]
INFO: [ app_begin ] --START--
INFO: Run Behavior\ReadHtmlCacheBehavior [ RunTime:0.000038s ]
INFO: [ app_begin ] --END-- [ RunTime:0.000072s ]
SQL: SHOW COLUMNS FROM `user` [ RunTime:0.0007s ]
SQL: SELECT * FROM `user` WHERE `openid` = 'oAdCq01YzcVjLWljmeEBFcDEswEY' LIMIT 1   [ RunTime:0.0003s ]
NOTIC: [8] Undefined index: code /mnt/tpchat/Application/Chat/Controller/IndexController.class.php 第 208 行.
SQL: SHOW COLUMNS FROM `trade` [ RunTime:0.0327s ]
NOTIC: [8] Undefined index: validate /mnt/tpchat/ThinkPHP/Library/Think/Model.class.php 第 1185 行.
NOTIC: [8] Undefined index: auto /mnt/tpchat/ThinkPHP/Library/Think/Model.class.php 第 1128 行.
SQL: SHOW COLUMNS FROM `evidence` [ RunTime:0.0005s ]
SQL: INSERT INTO `evidence` (`evidence`,`course_id`) VALUES ('iAjN0TXnCb8wnwUD','14') [ RunTime:0.0430s ]
SQL: SHOW COLUMNS FROM `course` [ RunTime:0.0008s ]
SQL: SELECT * FROM `course` WHERE `course_id` = 14 LIMIT 1   [ RunTime:0.0003s ]
SQL: UPDATE `course` SET `title`='诵读经典，一起争当国学小名士',`content`='&lt;h3 style=&quot;text-align:center;&quot;&gt;
诵读经典，一起争当国学小名士&lt;img src=&quot;https://style.ipaiban.com/stylenew/symbol/sym_004.png&quot; class=&quot;xhr&quot; style=&quot;width:8px;height:13px;&quot; width=&quot;8&quot; height=&quot;13&quot; /&gt;
&lt;/h3&gt;
&lt;p&gt;
学校又有活动要举办啦！想要展示自己，可是唱歌跳舞都不够有新意？快来报名参加诵读经典实训课程吧。
&lt;/p&gt;
&lt;p&gt;
&lt;img src=&quot;/tpchat/Public/upload/image/20171012/20171012113855_70092.jpg&quot; alt=&quot;&quot; title=&quot;&quot; width=&quot;340&quot; height=&quot;346&quot; align=&quot;&quot; /&gt;
&lt;/p&gt;
&lt;p&gt;
筑影学堂精心打磨的经典诵读实训，让孩子们在最短时间内玩转校园活动。本次实训课程诵读经典，在朱丹老师带领下，通过讲解诵读要点，朗诵经典国学，根据每个孩子自身情况，纠正问题，拔高诵读能力。
&lt;/p&gt;
&lt;p&gt;
&lt;img src=&quot;/tpchat/Public/upload/image/20171012/20171012113404_97318.jpg&quot; alt=&quot;&quot; title=&quot;&quot; width=&quot;340&quot; height=&quot;104&quot; align=&quot;&quot; /&gt;
&lt;/p&gt;
&lt;p&gt;
&lt;span style=&quot;line-height:1.5;&quot;&gt;为什么要学习诵读经典？&lt;/span&gt;
&lt;/p&gt;
用民族文明中最美好的精神食粮来滋养少年成长&lt;br /&gt;
&lt;p&gt;
在经典诵读课程中，鲁迅、庄子、论语这些本身枯燥不能让孩子足够有兴趣的内容，都会在老师带领下，让孩子理解含义，通过诵读汲取营养。
&lt;/p&gt;
&lt;p&gt;
扩展文化视野
&lt;/p&gt;
&lt;p&gt;
孩子每天都要做作业，阅读课外书籍时间紧张。想要陪孩子一起读书，却又不知道选择哪一本？在经典诵读中，由专业老师指导，孩子学得更好更有趣。
&lt;/p&gt;
&lt;img src=&quot;/tpchat/Public/upload/image/20170925/20170925130818_72600.jpg&quot; alt=&quot;&quot; title=&quot;&quot; width=&quot;340&quot; height=&quot;204&quot; align=&quot;&quot; /&gt;&lt;br /&gt;
&lt;img src=&quot;https://style.ipaiban.com/stylenew/symbol/sym_004.png&quot; class=&quot;xhr&quot; style=&quot;width:8px;&quot; /&gt;
&lt;p&gt;
诵读形式分为个人诵读和集体诵读。
&lt;/p&gt;
&lt;p&gt;
个人诵读：选择经典诗文篇目进行朗诵。
&lt;/p&gt;
&lt;p&gt;
集体诵读：选择经典诗文篇目进行朗诵。
&lt;/p&gt;
&lt;p style=&quot;color:#EEEEEE;font-size:13px;&quot;&gt;
&lt;span style=&quot;color:#64451D;&quot;&gt; 授课形式：筑影资深教师讲解、情景模拟教学、学生分组练习、专家面对面一对一指导&lt;/span&gt;
&lt;/p&gt;
&lt;p style=&quot;color:#EEEEEE;font-size:13px;&quot;&gt;
&lt;span style=&quot;color:#64451D;&quot;&gt; 授课内容：学生学习朗诵要点、难点，了解常见诵读篇目选择要点，分组和个人作品练习&lt;/span&gt;&lt;span style=&quot;color:#64451D;line-height:1.5em;font-size:0.875rem;&quot;&gt;。&lt;/span&gt;
&lt;/p&gt;
&lt;p style=&quot;color:#EEEEEE;font-size:13px;&quot;&gt;
&lt;span style=&quot;color:#64451D;&quot;&gt; 实训展示：学生分个人和小组，分别进行展示。&lt;/span&gt;
&lt;/p&gt;
&lt;p class=&quot;shifubrush&quot;&gt;
&lt;br /&gt;
&lt;/p&gt;
&lt;p&gt;
家长们可以一同观看汇报演出哟！
&lt;/p&gt;
&lt;p&gt;
授课教师：朱丹
&lt;/p&gt;
&lt;img src=&quot;https://style.ipaiban.com/stylenew/symbol/sym_002.png&quot; class=&quot;xhr&quot; style=&quot;width:8px;&quot; /&gt;&lt;img src=&quot;https://style.ipaiban.com/stylenew/symbol/sym_018.png&quot; class=&quot;xhr&quot; style=&quot;width:1.2rem;&quot; /&gt;&lt;img src=&quot;/tpchat/Public/upload/image/20171012/20171012113147_76930.jpg&quot; alt=&quot;&quot; title=&quot;&quot; width=&quot;300&quot; height=&quot;392&quot; align=&quot;&quot; /&gt;
&lt;p style=&quot;font-size:12px;&quot;&gt;
授课风格：朱丹老师是一位亲和力强、阳光开朗的老师，她曾被学生亲亲切的称为“晓丹姐姐”，她的课堂，不是单向的讲与听，而是让学生充分参与体验的实践课程，老师对每一位学生都有着很大的期待和耐心，认真聆听孩子的心声，为每一位筑影计划的孩子找到最适合自己的学习方法。
&lt;/p&gt;
&lt;p class=&quot;shifubrush&quot;&gt;
授课现场：
&lt;/p&gt;
&lt;p class=&quot;shifubrush&quot;&gt;
&lt;img src=&quot;/tpchat/Public/upload/image/20171012/20171012113525_64896.jpg&quot; alt=&quot;&quot; title=&quot;&quot; width=&quot;340&quot; height=&quot;263&quot; align=&quot;&quot; /&gt;
&lt;/p&gt;
&lt;p class=&quot;shifubrush&quot;&gt;
授课时间：10月28日 下午13:00——15:00
&lt;/p&gt;
&lt;p class=&quot;shifubrush&quot;&gt;
授课地点：丰台区草桥地铁站B口，欣园二区9号楼底商C座三层泺喜机器人
&lt;/p&gt;
&lt;p class=&quot;shifubrush&quot;&gt;
报名费用：原价200元/每人&lt;span style=&quot;color:#E53333;&quot;&gt;（活动期间只要扫描下方的二维码，关注公众号“筑影学堂”即可获得本节免费课程）&lt;/span&gt;
&lt;/p&gt;
&lt;p class=&quot;shifubrush&quot;&gt;
报名方式：
&lt;/p&gt;
&lt;p class=&quot;shifubrush&quot;&gt;
1 关注公众号：筑影学堂
&lt;/p&gt;
&lt;p class=&quot;shifubrush&quot; style=&quot;text-align:center;&quot;&gt;
&lt;img src=&quot;/tpchat/Public/upload/image/20171013/20171013150738_69239.jpg&quot; alt=&quot;&quot; title=&quot;&quot; width=&quot;200&quot; height=&quot;200&quot; align=&quot;&quot; /&gt;
&lt;/p&gt;
&lt;p class=&quot;shifubrush&quot;&gt;
2 点击菜单栏&lt;img src=&quot;/tpchat/Public/upload/image/20171013/20171013145758_82700.png&quot; alt=&quot;&quot; title=&quot;&quot; width=&quot;350&quot; height=&quot;48&quot; align=&quot;&quot; /&gt;
&lt;/p&gt;
&lt;p class=&quot;shifubrush&quot;&gt;
3 选择课程
&lt;/p&gt;
&lt;p class=&quot;shifubrush&quot;&gt;
4 点击立即报名！
&lt;/p&gt;
&lt;p class=&quot;shifubrush&quot;&gt;
&lt;img src=&quot;http://cunpianzi.com/tpchat/Public/upload/image/20171013/20171013150159_19948.jpg&quot; alt=&quot;&quot; title=&quot;&quot; width=&quot;350&quot; height=&quot;55&quot; align=&quot;&quot; /&gt;
&lt;/p&gt;
&lt;p class=&quot;shifubrush&quot;&gt;
快加入筑影学堂一起学习吧！
&lt;/p&gt;
&lt;p class=&quot;shifubrush&quot;&gt;
&lt;span style=&quot;line-height:1.5;&quot;&gt;&lt;br /&gt;
&lt;/span&gt;
&lt;/p&gt;',`subtitle`='',`price`='49',`image`='./Application/Admin/Public/up/2017-09-25/59c88f6e9fece.jpg',`createtime`='2017-08-21 10:11:22',`starttime`='2017-11-12 01:30',`lasttime`='',`phone`='13011133933',`age_limit`='6-12',`desc`='民族文化精髓滋润少年成长，成为懂规矩，知礼节，有修养的好孩子',`overtime`='0000-00-00 00:00:00',`address`='丰台区草桥地铁站B口欣园二区9号楼底商C座三层泺喜机器人',`speaker`='朱丹',`people_limit`='20',`category_id`='0',`publish_state`='1',`people_current`='41',`endtime`='2017-11-15 01:30',`course_count`='0',`course_eachtime`='',`point_x`='',`point_y`='',`big_category`='专题活动',`small_category`='机器人',`is_activity`='1' WHERE `course_id` = 14 [ RunTime:0.0064s ]
SQL: INSERT INTO `trade` (`people_count`,`user_discount`,`user_bonus`,`course_title`,`course_price`,`final_price`,`course_id`,`openid`,`cheap_price`,`evidence`) VALUES ('1','0','2','诵读经典，一起争当国学小名士','49','47','14','oAdCq01YzcVjLWljmeEBFcDEswEY','2','iAjN0TXnCb8wnwUD') [ RunTime:0.0157s ]

