[ 2017-09-01T11:27:08+08:00 ] 121.71.211.142 /tpchat/index.php/chat?code=0016Ctfk1WIegk0YCsgk1Zgofk16CtfC&state=1
INFO: [ app_init ] --START--
INFO: Run Behavior\BuildLiteBehavior [ RunTime:0.000015s ]
INFO: [ app_init ] --END-- [ RunTime:0.000114s ]
INFO: [ app_begin ] --START--
INFO: Run Behavior\ReadHtmlCacheBehavior [ RunTime:0.000137s ]
INFO: [ app_begin ] --END-- [ RunTime:0.000202s ]
SQL: SHOW COLUMNS FROM `user` [ RunTime:0.0007s ]
SQL: SELECT * FROM `user` WHERE `openid` = 'oAdCq01YzcVjLWljmeEBFcDEswEY' LIMIT 1   [ RunTime:0.0004s ]
SQL: SHOW COLUMNS FROM `course` [ RunTime:0.0006s ]
SQL: SELECT * FROM `course`  [ RunTime:0.0002s ]
INFO: [ view_parse ] --START--
INFO: [ template_filter ] --START--
INFO: Run Behavior\ContentReplaceBehavior [ RunTime:0.000095s ]
INFO: [ template_filter ] --END-- [ RunTime:0.000176s ]
INFO: Run Behavior\ParseTemplateBehavior [ RunTime:0.056697s ]
INFO: [ view_parse ] --END-- [ RunTime:0.056757s ]
INFO: [ view_filter ] --START--
INFO: Run Behavior\WriteHtmlCacheBehavior [ RunTime:0.000047s ]
INFO: [ view_filter ] --END-- [ RunTime:0.000094s ]
INFO: [ app_end ] --START--
INFO: Run Behavior\ShowPageTraceBehavior [ RunTime:0.000053s ]
INFO: [ app_end ] --END-- [ RunTime:0.000106s ]

[ 2017-09-01T11:27:12+08:00 ] 121.71.211.142 /tpchat/index.php/Chat/log
INFO: [ app_init ] --START--
INFO: Run Behavior\BuildLiteBehavior [ RunTime:0.000029s ]
INFO: [ app_init ] --END-- [ RunTime:0.000129s ]
INFO: [ app_begin ] --START--
INFO: Run Behavior\ReadHtmlCacheBehavior [ RunTime:0.000052s ]
INFO: [ app_begin ] --END-- [ RunTime:0.000105s ]
SQL: SHOW COLUMNS FROM `user` [ RunTime:0.0007s ]
SQL: SHOW COLUMNS FROM `log` [ RunTime:0.0008s ]
SQL: SELECT * FROM `log` WHERE ( `openid` = '' OR `openid` = 'oAdCq01YzcVjLWljmeEBFcDEswEY' )  [ RunTime:0.0003s ]
INFO: [ view_parse ] --START--
INFO: [ template_filter ] --START--
INFO: Run Behavior\ContentReplaceBehavior [ RunTime:0.000116s ]
INFO: [ template_filter ] --END-- [ RunTime:0.000195s ]
NOTIC: [8] Use of undefined constant openid - assumed 'openid' /mnt/tpchat/Application/Runtime/Cache/Chat/c5245a165cd888012fb49a33a2971e66.php 第 39 行.
NOTIC: [8] Use of undefined constant openid - assumed 'openid' /mnt/tpchat/Application/Runtime/Cache/Chat/c5245a165cd888012fb49a33a2971e66.php 第 39 行.
NOTIC: [8] Use of undefined constant openid - assumed 'openid' /mnt/tpchat/Application/Runtime/Cache/Chat/c5245a165cd888012fb49a33a2971e66.php 第 39 行.
NOTIC: [8] Use of undefined constant openid - assumed 'openid' /mnt/tpchat/Application/Runtime/Cache/Chat/c5245a165cd888012fb49a33a2971e66.php 第 39 行.
NOTIC: [8] Use of undefined constant openid - assumed 'openid' /mnt/tpchat/Application/Runtime/Cache/Chat/c5245a165cd888012fb49a33a2971e66.php 第 39 行.
NOTIC: [8] Use of undefined constant openid - assumed 'openid' /mnt/tpchat/Application/Runtime/Cache/Chat/c5245a165cd888012fb49a33a2971e66.php 第 39 行.
INFO: Run Behavior\ParseTemplateBehavior [ RunTime:0.034569s ]
INFO: [ view_parse ] --END-- [ RunTime:0.034629s ]
INFO: [ view_filter ] --START--
INFO: Run Behavior\WriteHtmlCacheBehavior [ RunTime:0.000047s ]
INFO: [ view_filter ] --END-- [ RunTime:0.000092s ]
INFO: [ app_end ] --START--
INFO: Run Behavior\ShowPageTraceBehavior [ RunTime:0.000048s ]
INFO: [ app_end ] --END-- [ RunTime:0.000097s ]

[ 2017-09-01T11:27:13+08:00 ] 121.71.211.142 /tpchat/index.php/Chat/user
INFO: [ app_init ] --START--
INFO: Run Behavior\BuildLiteBehavior [ RunTime:0.000015s ]
INFO: [ app_init ] --END-- [ RunTime:0.000114s ]
INFO: [ app_begin ] --START--
INFO: Run Behavior\ReadHtmlCacheBehavior [ RunTime:0.000051s ]
INFO: [ app_begin ] --END-- [ RunTime:0.000105s ]
SQL: SHOW COLUMNS FROM `user` [ RunTime:0.0007s ]
SQL: SELECT * FROM `user` WHERE `openid` = 'oAdCq01YzcVjLWljmeEBFcDEswEY' LIMIT 1   [ RunTime:0.0003s ]
INFO: [ view_parse ] --START--
INFO: [ template_filter ] --START--
INFO: Run Behavior\ContentReplaceBehavior [ RunTime:0.000063s ]
INFO: [ template_filter ] --END-- [ RunTime:0.000132s ]
INFO: Run Behavior\ParseTemplateBehavior [ RunTime:0.023925s ]
INFO: [ view_parse ] --END-- [ RunTime:0.023985s ]
INFO: [ view_filter ] --START--
INFO: Run Behavior\WriteHtmlCacheBehavior [ RunTime:0.000047s ]
INFO: [ view_filter ] --END-- [ RunTime:0.000092s ]
INFO: [ app_end ] --START--
INFO: Run Behavior\ShowPageTraceBehavior [ RunTime:0.000046s ]
INFO: [ app_end ] --END-- [ RunTime:0.000093s ]

[ 2017-09-01T11:27:15+08:00 ] 121.71.211.142 /tpchat/index.php/Chat/User/trade
INFO: [ app_init ] --START--
INFO: Run Behavior\BuildLiteBehavior [ RunTime:0.000015s ]
INFO: [ app_init ] --END-- [ RunTime:0.000112s ]
INFO: [ app_begin ] --START--
INFO: Run Behavior\ReadHtmlCacheBehavior [ RunTime:0.000049s ]
INFO: [ app_begin ] --END-- [ RunTime:0.000100s ]
SQL: SHOW COLUMNS FROM `user` [ RunTime:0.0007s ]
SQL: SHOW COLUMNS FROM `trade` [ RunTime:0.0005s ]
SQL: SELECT*
                            FROM  `trade`  a
                            
                            INNER JOIN `course` b
                            
                            ON  a.course_id=b.course_id
                          
                            WHERE  a.openid='oAdCq01YzcVjLWljmeEBFcDEswEY' [ RunTime:0.0005s ]
INFO: [ view_parse ] --START--
INFO: [ template_filter ] --START--
INFO: Run Behavior\ContentReplaceBehavior [ RunTime:0.000062s ]
INFO: [ template_filter ] --END-- [ RunTime:0.000196s ]
NOTIC: [8] Use of undefined constant 已支付 - assumed '已支付' /mnt/tpchat/Application/Runtime/Cache/Chat/1efa3d3aee875cacf4e1049bb43e94ca.php 第 47 行.
NOTIC: [8] Use of undefined constant 已支付 - assumed '已支付' /mnt/tpchat/Application/Runtime/Cache/Chat/1efa3d3aee875cacf4e1049bb43e94ca.php 第 47 行.
NOTIC: [8] Use of undefined constant 已支付 - assumed '已支付' /mnt/tpchat/Application/Runtime/Cache/Chat/1efa3d3aee875cacf4e1049bb43e94ca.php 第 47 行.
NOTIC: [8] Use of undefined constant 已支付 - assumed '已支付' /mnt/tpchat/Application/Runtime/Cache/Chat/1efa3d3aee875cacf4e1049bb43e94ca.php 第 47 行.
NOTIC: [8] Use of undefined constant 已支付 - assumed '已支付' /mnt/tpchat/Application/Runtime/Cache/Chat/1efa3d3aee875cacf4e1049bb43e94ca.php 第 47 行.
NOTIC: [8] Use of undefined constant 已支付 - assumed '已支付' /mnt/tpchat/Application/Runtime/Cache/Chat/1efa3d3aee875cacf4e1049bb43e94ca.php 第 47 行.
NOTIC: [8] Use of undefined constant 已支付 - assumed '已支付' /mnt/tpchat/Application/Runtime/Cache/Chat/1efa3d3aee875cacf4e1049bb43e94ca.php 第 47 行.
NOTIC: [8] Use of undefined constant 已支付 - assumed '已支付' /mnt/tpchat/Application/Runtime/Cache/Chat/1efa3d3aee875cacf4e1049bb43e94ca.php 第 47 行.
INFO: Run Behavior\ParseTemplateBehavior [ RunTime:0.011955s ]
INFO: [ view_parse ] --END-- [ RunTime:0.012009s ]
INFO: [ view_filter ] --START--
INFO: Run Behavior\WriteHtmlCacheBehavior [ RunTime:0.000048s ]
INFO: [ view_filter ] --END-- [ RunTime:0.000093s ]
INFO: [ app_end ] --START--
INFO: Run Behavior\ShowPageTraceBehavior [ RunTime:0.000052s ]
INFO: [ app_end ] --END-- [ RunTime:0.000369s ]

[ 2017-09-01T11:27:18+08:00 ] 121.71.211.142 /tpchat/index.php/Chat/user/tradeinfo.html?trade_id=74
INFO: [ app_init ] --START--
INFO: Run Behavior\BuildLiteBehavior [ RunTime:0.000015s ]
INFO: [ app_init ] --END-- [ RunTime:0.000126s ]
INFO: [ app_begin ] --START--
INFO: Run Behavior\ReadHtmlCacheBehavior [ RunTime:0.000068s ]
INFO: [ app_begin ] --END-- [ RunTime:0.000133s ]
SQL: SHOW COLUMNS FROM `user` [ RunTime:0.0007s ]
SQL: SHOW COLUMNS FROM `trade` [ RunTime:0.0004s ]
SQL: SELECT * FROM `trade` WHERE `trade_id` = 74 LIMIT 1   [ RunTime:0.0002s ]
INFO: [ view_parse ] --START--
INFO: [ template_filter ] --START--
INFO: Run Behavior\ContentReplaceBehavior [ RunTime:0.000062s ]
INFO: [ template_filter ] --END-- [ RunTime:0.000155s ]
NOTIC: [8] Use of undefined constant 已支付 - assumed '已支付' /mnt/tpchat/Application/Runtime/Cache/Chat/334ceabf7d35c4a0d9fd5f699f73278a.php 第 41 行.
INFO: Run Behavior\ParseTemplateBehavior [ RunTime:0.027999s ]
INFO: [ view_parse ] --END-- [ RunTime:0.028054s ]
INFO: [ view_filter ] --START--
INFO: Run Behavior\WriteHtmlCacheBehavior [ RunTime:0.000047s ]
INFO: [ view_filter ] --END-- [ RunTime:0.000094s ]
INFO: [ app_end ] --START--
INFO: Run Behavior\ShowPageTraceBehavior [ RunTime:0.000047s ]
INFO: [ app_end ] --END-- [ RunTime:0.000094s ]

[ 2017-09-01T11:27:25+08:00 ] 121.71.211.142 /tpchat/index.php/Chat
INFO: [ app_init ] --START--
INFO: Run Behavior\BuildLiteBehavior [ RunTime:0.000016s ]
INFO: [ app_init ] --END-- [ RunTime:0.000139s ]
INFO: [ app_begin ] --START--
INFO: Run Behavior\ReadHtmlCacheBehavior [ RunTime:0.000051s ]
INFO: [ app_begin ] --END-- [ RunTime:0.000103s ]
SQL: SHOW COLUMNS FROM `user` [ RunTime:0.0007s ]
SQL: SELECT * FROM `user` WHERE `openid` = 'oAdCq01YzcVjLWljmeEBFcDEswEY' LIMIT 1   [ RunTime:0.0003s ]
SQL: SHOW COLUMNS FROM `course` [ RunTime:0.0004s ]
SQL: SELECT * FROM `course`  [ RunTime:0.0002s ]
INFO: [ view_parse ] --START--
INFO: [ template_filter ] --START--
INFO: Run Behavior\ContentReplaceBehavior [ RunTime:0.000093s ]
INFO: [ template_filter ] --END-- [ RunTime:0.000171s ]
INFO: Run Behavior\ParseTemplateBehavior [ RunTime:0.006542s ]
INFO: [ view_parse ] --END-- [ RunTime:0.006604s ]
INFO: [ view_filter ] --START--
INFO: Run Behavior\WriteHtmlCacheBehavior [ RunTime:0.000056s ]
INFO: [ view_filter ] --END-- [ RunTime:0.000105s ]
INFO: [ app_end ] --START--
INFO: Run Behavior\ShowPageTraceBehavior [ RunTime:0.000053s ]
INFO: [ app_end ] --END-- [ RunTime:0.000105s ]

[ 2017-09-01T22:52:54+08:00 ] 117.118.1.133 /tpchat/index.php/chat?code=011Z5OFT0qIzNU1N91ET0KA1GT0Z5OFc&state=1
INFO: [ app_init ] --START--
INFO: Run Behavior\BuildLiteBehavior [ RunTime:0.000015s ]
INFO: [ app_init ] --END-- [ RunTime:0.000112s ]
INFO: [ app_begin ] --START--
INFO: Run Behavior\ReadHtmlCacheBehavior [ RunTime:0.000071s ]
INFO: [ app_begin ] --END-- [ RunTime:0.000143s ]
SQL: SHOW COLUMNS FROM `user` [ RunTime:0.0007s ]
SQL: SELECT * FROM `user` WHERE `openid` = 'oAdCq01YzcVjLWljmeEBFcDEswEY' LIMIT 1   [ RunTime:0.0005s ]
SQL: SHOW COLUMNS FROM `course` [ RunTime:0.0006s ]
SQL: SELECT * FROM `course`  [ RunTime:0.0002s ]
INFO: [ view_parse ] --START--
INFO: [ template_filter ] --START--
INFO: Run Behavior\ContentReplaceBehavior [ RunTime:0.000090s ]
INFO: [ template_filter ] --END-- [ RunTime:0.000154s ]
INFO: Run Behavior\ParseTemplateBehavior [ RunTime:0.014500s ]
INFO: [ view_parse ] --END-- [ RunTime:0.014560s ]
INFO: [ view_filter ] --START--
INFO: Run Behavior\WriteHtmlCacheBehavior [ RunTime:0.001346s ]
INFO: [ view_filter ] --END-- [ RunTime:0.001399s ]
INFO: [ app_end ] --START--
INFO: Run Behavior\ShowPageTraceBehavior [ RunTime:0.000055s ]
INFO: [ app_end ] --END-- [ RunTime:0.000109s ]

[ 2017-09-01T22:52:58+08:00 ] 117.118.1.133 /tpchat/index.php/Chat/user
INFO: [ app_init ] --START--
INFO: Run Behavior\BuildLiteBehavior [ RunTime:0.000019s ]
INFO: [ app_init ] --END-- [ RunTime:0.000149s ]
INFO: [ app_begin ] --START--
INFO: Run Behavior\ReadHtmlCacheBehavior [ RunTime:0.000056s ]
INFO: [ app_begin ] --END-- [ RunTime:0.000109s ]
SQL: SHOW COLUMNS FROM `user` [ RunTime:0.0007s ]
SQL: SELECT * FROM `user` WHERE `openid` = 'oAdCq01YzcVjLWljmeEBFcDEswEY' LIMIT 1   [ RunTime:0.0003s ]
INFO: [ view_parse ] --START--
INFO: [ template_filter ] --START--
INFO: Run Behavior\ContentReplaceBehavior [ RunTime:0.000062s ]
INFO: [ template_filter ] --END-- [ RunTime:0.000118s ]
INFO: Run Behavior\ParseTemplateBehavior [ RunTime:0.003572s ]
INFO: [ view_parse ] --END-- [ RunTime:0.003632s ]
INFO: [ view_filter ] --START--
INFO: Run Behavior\WriteHtmlCacheBehavior [ RunTime:0.000046s ]
INFO: [ view_filter ] --END-- [ RunTime:0.000092s ]
INFO: [ app_end ] --START--
INFO: Run Behavior\ShowPageTraceBehavior [ RunTime:0.000048s ]
INFO: [ app_end ] --END-- [ RunTime:0.000095s ]

[ 2017-09-01T22:52:59+08:00 ] 117.118.1.133 /tpchat/index.php/Chat/log
INFO: [ app_init ] --START--
INFO: Run Behavior\BuildLiteBehavior [ RunTime:0.000015s ]
INFO: [ app_init ] --END-- [ RunTime:0.000114s ]
INFO: [ app_begin ] --START--
INFO: Run Behavior\ReadHtmlCacheBehavior [ RunTime:0.000053s ]
INFO: [ app_begin ] --END-- [ RunTime:0.000104s ]
SQL: SHOW COLUMNS FROM `user` [ RunTime:0.0007s ]
SQL: SHOW COLUMNS FROM `log` [ RunTime:0.0004s ]
SQL: SELECT * FROM `log` WHERE ( `openid` = '' OR `openid` = 'oAdCq01YzcVjLWljmeEBFcDEswEY' )  [ RunTime:0.0003s ]
INFO: [ view_parse ] --START--
INFO: [ template_filter ] --START--
INFO: Run Behavior\ContentReplaceBehavior [ RunTime:0.000058s ]
INFO: [ template_filter ] --END-- [ RunTime:0.000121s ]
NOTIC: [8] Use of undefined constant openid - assumed 'openid' /mnt/tpchat/Application/Runtime/Cache/Chat/c5245a165cd888012fb49a33a2971e66.php 第 39 行.
NOTIC: [8] Use of undefined constant openid - assumed 'openid' /mnt/tpchat/Application/Runtime/Cache/Chat/c5245a165cd888012fb49a33a2971e66.php 第 39 行.
NOTIC: [8] Use of undefined constant openid - assumed 'openid' /mnt/tpchat/Application/Runtime/Cache/Chat/c5245a165cd888012fb49a33a2971e66.php 第 39 行.
NOTIC: [8] Use of undefined constant openid - assumed 'openid' /mnt/tpchat/Application/Runtime/Cache/Chat/c5245a165cd888012fb49a33a2971e66.php 第 39 行.
NOTIC: [8] Use of undefined constant openid - assumed 'openid' /mnt/tpchat/Application/Runtime/Cache/Chat/c5245a165cd888012fb49a33a2971e66.php 第 39 行.
NOTIC: [8] Use of undefined constant openid - assumed 'openid' /mnt/tpchat/Application/Runtime/Cache/Chat/c5245a165cd888012fb49a33a2971e66.php 第 39 行.
INFO: Run Behavior\ParseTemplateBehavior [ RunTime:0.004486s ]
INFO: [ view_parse ] --END-- [ RunTime:0.004540s ]
INFO: [ view_filter ] --START--
INFO: Run Behavior\WriteHtmlCacheBehavior [ RunTime:0.000047s ]
INFO: [ view_filter ] --END-- [ RunTime:0.000105s ]
INFO: [ app_end ] --START--
INFO: Run Behavior\ShowPageTraceBehavior [ RunTime:0.000049s ]
INFO: [ app_end ] --END-- [ RunTime:0.000099s ]

[ 2017-09-01T22:53:00+08:00 ] 123.151.152.240 /tpchat/index.php/Chat/user
INFO: [ app_init ] --START--
INFO: Run Behavior\BuildLiteBehavior [ RunTime:0.000015s ]
INFO: [ app_init ] --END-- [ RunTime:0.000118s ]
INFO: [ app_begin ] --START--
INFO: Run Behavior\ReadHtmlCacheBehavior [ RunTime:0.000052s ]
INFO: [ app_begin ] --END-- [ RunTime:0.000104s ]
SQL: SHOW COLUMNS FROM `user` [ RunTime:0.0007s ]
SQL: SELECT * FROM `user` WHERE `openid` = 'oAdCq01YzcVjLWljmeEBFcDEswEY' LIMIT 1   [ RunTime:0.0003s ]
INFO: [ view_parse ] --START--
INFO: [ template_filter ] --START--
INFO: Run Behavior\ContentReplaceBehavior [ RunTime:0.000063s ]
INFO: [ template_filter ] --END-- [ RunTime:0.000130s ]
INFO: Run Behavior\ParseTemplateBehavior [ RunTime:0.004063s ]
INFO: [ view_parse ] --END-- [ RunTime:0.004121s ]
INFO: [ view_filter ] --START--
INFO: Run Behavior\WriteHtmlCacheBehavior [ RunTime:0.000047s ]
INFO: [ view_filter ] --END-- [ RunTime:0.000092s ]
INFO: [ app_end ] --START--
INFO: Run Behavior\ShowPageTraceBehavior [ RunTime:0.000046s ]
INFO: [ app_end ] --END-- [ RunTime:0.000092s ]

[ 2017-09-01T22:53:01+08:00 ] 123.151.152.240 /tpchat/index.php/Chat/User/trade
INFO: [ app_init ] --START--
INFO: Run Behavior\BuildLiteBehavior [ RunTime:0.000016s ]
INFO: [ app_init ] --END-- [ RunTime:0.000113s ]
INFO: [ app_begin ] --START--
INFO: Run Behavior\ReadHtmlCacheBehavior [ RunTime:0.000052s ]
INFO: [ app_begin ] --END-- [ RunTime:0.000105s ]
SQL: SHOW COLUMNS FROM `user` [ RunTime:0.0007s ]
SQL: SHOW COLUMNS FROM `trade` [ RunTime:0.0008s ]
SQL: SELECT*
                            FROM  `trade`  a
                            
                            INNER JOIN `course` b
                            
                            ON  a.course_id=b.course_id
                          
                            WHERE  a.openid='oAdCq01YzcVjLWljmeEBFcDEswEY' [ RunTime:0.0006s ]
INFO: [ view_parse ] --START--
INFO: [ template_filter ] --START--
INFO: Run Behavior\ContentReplaceBehavior [ RunTime:0.000065s ]
INFO: [ template_filter ] --END-- [ RunTime:0.000135s ]
NOTIC: [8] Use of undefined constant 已支付 - assumed '已支付' /mnt/tpchat/Application/Runtime/Cache/Chat/1efa3d3aee875cacf4e1049bb43e94ca.php 第 47 行.
NOTIC: [8] Use of undefined constant 已支付 - assumed '已支付' /mnt/tpchat/Application/Runtime/Cache/Chat/1efa3d3aee875cacf4e1049bb43e94ca.php 第 47 行.
NOTIC: [8] Use of undefined constant 已支付 - assumed '已支付' /mnt/tpchat/Application/Runtime/Cache/Chat/1efa3d3aee875cacf4e1049bb43e94ca.php 第 47 行.
NOTIC: [8] Use of undefined constant 已支付 - assumed '已支付' /mnt/tpchat/Application/Runtime/Cache/Chat/1efa3d3aee875cacf4e1049bb43e94ca.php 第 47 行.
NOTIC: [8] Use of undefined constant 已支付 - assumed '已支付' /mnt/tpchat/Application/Runtime/Cache/Chat/1efa3d3aee875cacf4e1049bb43e94ca.php 第 47 行.
NOTIC: [8] Use of undefined constant 已支付 - assumed '已支付' /mnt/tpchat/Application/Runtime/Cache/Chat/1efa3d3aee875cacf4e1049bb43e94ca.php 第 47 行.
NOTIC: [8] Use of undefined constant 已支付 - assumed '已支付' /mnt/tpchat/Application/Runtime/Cache/Chat/1efa3d3aee875cacf4e1049bb43e94ca.php 第 47 行.
NOTIC: [8] Use of undefined constant 已支付 - assumed '已支付' /mnt/tpchat/Application/Runtime/Cache/Chat/1efa3d3aee875cacf4e1049bb43e94ca.php 第 47 行.
INFO: Run Behavior\ParseTemplateBehavior [ RunTime:0.005817s ]
INFO: [ view_parse ] --END-- [ RunTime:0.005989s ]
INFO: [ view_filter ] --START--
INFO: Run Behavior\WriteHtmlCacheBehavior [ RunTime:0.000055s ]
INFO: [ view_filter ] --END-- [ RunTime:0.000102s ]
INFO: [ app_end ] --START--
INFO: Run Behavior\ShowPageTraceBehavior [ RunTime:0.000056s ]
INFO: [ app_end ] --END-- [ RunTime:0.000110s ]

[ 2017-09-01T22:53:04+08:00 ] 123.151.152.240 /tpchat/index.php/Chat/User/video
INFO: [ app_init ] --START--
INFO: Run Behavior\BuildLiteBehavior [ RunTime:0.000015s ]
INFO: [ app_init ] --END-- [ RunTime:0.000115s ]
INFO: [ app_begin ] --START--
INFO: Run Behavior\ReadHtmlCacheBehavior [ RunTime:0.000051s ]
INFO: [ app_begin ] --END-- [ RunTime:0.000105s ]
SQL: SHOW COLUMNS FROM `user` [ RunTime:0.0007s ]
SQL: SHOW COLUMNS FROM `video` [ RunTime:0.0004s ]
SQL: SELECT * FROM `video` WHERE `openid` = 'oAdCq01YzcVjLWljmeEBFcDEswEY'  [ RunTime:0.0003s ]
INFO: [ view_parse ] --START--
INFO: [ template_filter ] --START--
INFO: Run Behavior\ContentReplaceBehavior [ RunTime:0.000054s ]
INFO: [ template_filter ] --END-- [ RunTime:0.000118s ]
INFO: Run Behavior\ParseTemplateBehavior [ RunTime:0.006268s ]
INFO: [ view_parse ] --END-- [ RunTime:0.006326s ]
INFO: [ view_filter ] --START--
INFO: Run Behavior\WriteHtmlCacheBehavior [ RunTime:0.000046s ]
INFO: [ view_filter ] --END-- [ RunTime:0.000091s ]
INFO: [ app_end ] --START--
INFO: Run Behavior\ShowPageTraceBehavior [ RunTime:0.000046s ]
INFO: [ app_end ] --END-- [ RunTime:0.000093s ]

[ 2017-09-01T22:53:07+08:00 ] 123.151.152.240 /tpchat/index.php/Chat/User/addvideo
INFO: [ app_init ] --START--
INFO: Run Behavior\BuildLiteBehavior [ RunTime:0.000015s ]
INFO: [ app_init ] --END-- [ RunTime:0.000112s ]
INFO: [ app_begin ] --START--
INFO: Run Behavior\ReadHtmlCacheBehavior [ RunTime:0.000050s ]
INFO: [ app_begin ] --END-- [ RunTime:0.000102s ]
SQL: SHOW COLUMNS FROM `user` [ RunTime:0.0009s ]
INFO: [ view_parse ] --START--
INFO: [ template_filter ] --START--
INFO: Run Behavior\ContentReplaceBehavior [ RunTime:0.000064s ]
INFO: [ template_filter ] --END-- [ RunTime:0.000169s ]
INFO: Run Behavior\ParseTemplateBehavior [ RunTime:0.016076s ]
INFO: [ view_parse ] --END-- [ RunTime:0.016152s ]
INFO: [ view_filter ] --START--
INFO: Run Behavior\WriteHtmlCacheBehavior [ RunTime:0.000047s ]
INFO: [ view_filter ] --END-- [ RunTime:0.000091s ]
INFO: [ app_end ] --START--
INFO: Run Behavior\ShowPageTraceBehavior [ RunTime:0.000049s ]
INFO: [ app_end ] --END-- [ RunTime:0.000096s ]

[ 2017-09-01T22:53:08+08:00 ] 123.151.152.240 /tpchat/index.php/Chat/User/addvideo
INFO: [ app_init ] --START--
INFO: Run Behavior\BuildLiteBehavior [ RunTime:0.000015s ]
INFO: [ app_init ] --END-- [ RunTime:0.000115s ]
INFO: [ app_begin ] --START--
INFO: Run Behavior\ReadHtmlCacheBehavior [ RunTime:0.000048s ]
INFO: [ app_begin ] --END-- [ RunTime:0.000101s ]
SQL: SHOW COLUMNS FROM `user` [ RunTime:0.0007s ]
SQL: SHOW COLUMNS FROM `video` [ RunTime:0.0004s ]
NOTIC: [8] Undefined index: validate /mnt/tpchat/ThinkPHP/Library/Think/Model.class.php 第 1185 行.
NOTIC: [8] Undefined index: auto /mnt/tpchat/ThinkPHP/Library/Think/Model.class.php 第 1128 行.
SQL: INSERT INTO `video` (`video_title`,`video_url`,`video_category`,`user_desc`,`openid`) VALUES ('','','',' ','oAdCq01YzcVjLWljmeEBFcDEswEY') [ RunTime:0.0645s ]
INFO: [ view_parse ] --START--
INFO: [ template_filter ] --START--
INFO: Run Behavior\ContentReplaceBehavior [ RunTime:0.000061s ]
INFO: [ template_filter ] --END-- [ RunTime:0.000124s ]
INFO: Run Behavior\ParseTemplateBehavior [ RunTime:0.003009s ]
INFO: [ view_parse ] --END-- [ RunTime:0.003074s ]
INFO: [ view_filter ] --START--
INFO: Run Behavior\WriteHtmlCacheBehavior [ RunTime:0.000048s ]
INFO: [ view_filter ] --END-- [ RunTime:0.000092s ]
INFO: [ app_end ] --START--
INFO: Run Behavior\ShowPageTraceBehavior [ RunTime:0.000048s ]
INFO: [ app_end ] --END-- [ RunTime:0.000097s ]

[ 2017-09-01T22:53:09+08:00 ] 117.185.27.113 /tpchat/index.php/Chat/log
INFO: [ app_init ] --START--
INFO: Run Behavior\BuildLiteBehavior [ RunTime:0.000015s ]
INFO: [ app_init ] --END-- [ RunTime:0.000111s ]
INFO: [ app_begin ] --START--
INFO: Run Behavior\ReadHtmlCacheBehavior [ RunTime:0.000049s ]
INFO: [ app_begin ] --END-- [ RunTime:0.000100s ]
SQL: SHOW COLUMNS FROM `user` [ RunTime:0.0007s ]
NOTIC: [2] array_reverse() expects parameter 1 to be array, boolean given /mnt/tpchat/Application/Chat/Controller/LogController.class.php 第 12 行.
INFO: [ view_parse ] --START--
INFO: [ template_filter ] --START--
INFO: Run Behavior\ContentReplaceBehavior [ RunTime:0.000056s ]
INFO: [ template_filter ] --END-- [ RunTime:0.000119s ]
INFO: Run Behavior\ParseTemplateBehavior [ RunTime:0.004577s ]
INFO: [ view_parse ] --END-- [ RunTime:0.004636s ]
INFO: [ view_filter ] --START--
INFO: Run Behavior\WriteHtmlCacheBehavior [ RunTime:0.000047s ]
INFO: [ view_filter ] --END-- [ RunTime:0.000090s ]
INFO: [ app_end ] --START--
INFO: Run Behavior\ShowPageTraceBehavior [ RunTime:0.000045s ]
INFO: [ app_end ] --END-- [ RunTime:0.000090s ]

[ 2017-09-01T22:53:09+08:00 ] 123.151.152.240 /tpchat/index.php/Chat/User/video
INFO: [ app_init ] --START--
INFO: Run Behavior\BuildLiteBehavior [ RunTime:0.000014s ]
INFO: [ app_init ] --END-- [ RunTime:0.000113s ]
INFO: [ app_begin ] --START--
INFO: Run Behavior\ReadHtmlCacheBehavior [ RunTime:0.000052s ]
INFO: [ app_begin ] --END-- [ RunTime:0.000103s ]
SQL: SHOW COLUMNS FROM `user` [ RunTime:0.0007s ]
SQL: SHOW COLUMNS FROM `video` [ RunTime:0.0004s ]
SQL: SELECT * FROM `video` WHERE `openid` = 'oAdCq01YzcVjLWljmeEBFcDEswEY'  [ RunTime:0.0003s ]
INFO: [ view_parse ] --START--
INFO: [ template_filter ] --START--
INFO: Run Behavior\ContentReplaceBehavior [ RunTime:0.000050s ]
INFO: [ template_filter ] --END-- [ RunTime:0.000106s ]
INFO: Run Behavior\ParseTemplateBehavior [ RunTime:0.004189s ]
INFO: [ view_parse ] --END-- [ RunTime:0.004248s ]
INFO: [ view_filter ] --START--
INFO: Run Behavior\WriteHtmlCacheBehavior [ RunTime:0.000046s ]
INFO: [ view_filter ] --END-- [ RunTime:0.000092s ]
INFO: [ app_end ] --START--
INFO: Run Behavior\ShowPageTraceBehavior [ RunTime:0.000046s ]
INFO: [ app_end ] --END-- [ RunTime:0.000092s ]

[ 2017-09-01T22:53:11+08:00 ] 123.151.152.240 /tpchat/index.php/Chat/User/addvideo
INFO: [ app_init ] --START--
INFO: Run Behavior\BuildLiteBehavior [ RunTime:0.000015s ]
INFO: [ app_init ] --END-- [ RunTime:0.000110s ]
INFO: [ app_begin ] --START--
INFO: Run Behavior\ReadHtmlCacheBehavior [ RunTime:0.000050s ]
INFO: [ app_begin ] --END-- [ RunTime:0.000100s ]
SQL: SHOW COLUMNS FROM `user` [ RunTime:0.0007s ]
INFO: [ view_parse ] --START--
INFO: [ template_filter ] --START--
INFO: Run Behavior\ContentReplaceBehavior [ RunTime:0.000058s ]
INFO: [ template_filter ] --END-- [ RunTime:0.000127s ]
INFO: Run Behavior\ParseTemplateBehavior [ RunTime:0.003042s ]
INFO: [ view_parse ] --END-- [ RunTime:0.003134s ]
INFO: [ view_filter ] --START--
INFO: Run Behavior\WriteHtmlCacheBehavior [ RunTime:0.000080s ]
INFO: [ view_filter ] --END-- [ RunTime:0.000126s ]
INFO: [ app_end ] --START--
INFO: Run Behavior\ShowPageTraceBehavior [ RunTime:0.000049s ]
INFO: [ app_end ] --END-- [ RunTime:0.000095s ]

[ 2017-09-01T22:53:11+08:00 ] 123.151.152.240 /tpchat/index.php/Chat/User/addvideo
INFO: [ app_init ] --START--
INFO: Run Behavior\BuildLiteBehavior [ RunTime:0.000016s ]
INFO: [ app_init ] --END-- [ RunTime:0.000114s ]
INFO: [ app_begin ] --START--
INFO: Run Behavior\ReadHtmlCacheBehavior [ RunTime:0.000048s ]
INFO: [ app_begin ] --END-- [ RunTime:0.000101s ]
SQL: SHOW COLUMNS FROM `user` [ RunTime:0.0007s ]
SQL: SHOW COLUMNS FROM `video` [ RunTime:0.0004s ]
NOTIC: [8] Undefined index: validate /mnt/tpchat/ThinkPHP/Library/Think/Model.class.php 第 1185 行.
NOTIC: [8] Undefined index: auto /mnt/tpchat/ThinkPHP/Library/Think/Model.class.php 第 1128 行.
SQL: INSERT INTO `video` (`video_title`,`video_url`,`video_category`,`user_desc`,`openid`) VALUES ('','','',' ','oAdCq01YzcVjLWljmeEBFcDEswEY') [ RunTime:0.0078s ]
INFO: [ view_parse ] --START--
INFO: [ template_filter ] --START--
INFO: Run Behavior\ContentReplaceBehavior [ RunTime:0.000055s ]
INFO: [ template_filter ] --END-- [ RunTime:0.000113s ]
INFO: Run Behavior\ParseTemplateBehavior [ RunTime:0.002961s ]
INFO: [ view_parse ] --END-- [ RunTime:0.003021s ]
INFO: [ view_filter ] --START--
INFO: Run Behavior\WriteHtmlCacheBehavior [ RunTime:0.000046s ]
INFO: [ view_filter ] --END-- [ RunTime:0.000090s ]
INFO: [ app_end ] --START--
INFO: Run Behavior\ShowPageTraceBehavior [ RunTime:0.000046s ]
INFO: [ app_end ] --END-- [ RunTime:0.000091s ]

[ 2017-09-01T22:53:17+08:00 ] 117.185.27.114 /tpchat/index.php/Chat/User/addvideo
INFO: [ app_init ] --START--
INFO: Run Behavior\BuildLiteBehavior [ RunTime:0.000015s ]
INFO: [ app_init ] --END-- [ RunTime:0.000112s ]
INFO: [ app_begin ] --START--
INFO: Run Behavior\ReadHtmlCacheBehavior [ RunTime:0.000069s ]
INFO: [ app_begin ] --END-- [ RunTime:0.000123s ]
SQL: SHOW COLUMNS FROM `user` [ RunTime:0.0007s ]
INFO: [ view_parse ] --START--
INFO: [ template_filter ] --START--
INFO: Run Behavior\ContentReplaceBehavior [ RunTime:0.000063s ]
INFO: [ template_filter ] --END-- [ RunTime:0.000214s ]
INFO: Run Behavior\ParseTemplateBehavior [ RunTime:0.003459s ]
INFO: [ view_parse ] --END-- [ RunTime:0.003525s ]
INFO: [ view_filter ] --START--
INFO: Run Behavior\WriteHtmlCacheBehavior [ RunTime:0.000061s ]
INFO: [ view_filter ] --END-- [ RunTime:0.000107s ]
INFO: [ app_end ] --START--
INFO: Run Behavior\ShowPageTraceBehavior [ RunTime:0.000051s ]
INFO: [ app_end ] --END-- [ RunTime:0.000100s ]

[ 2017-09-01T22:53:27+08:00 ] 117.185.27.115 /tpchat/index.php/Chat/User/video
INFO: [ app_init ] --START--
INFO: Run Behavior\BuildLiteBehavior [ RunTime:0.000015s ]
INFO: [ app_init ] --END-- [ RunTime:0.000116s ]
INFO: [ app_begin ] --START--
INFO: Run Behavior\ReadHtmlCacheBehavior [ RunTime:0.000053s ]
INFO: [ app_begin ] --END-- [ RunTime:0.000124s ]
SQL: SHOW COLUMNS FROM `user` [ RunTime:0.0007s ]
SQL: SHOW COLUMNS FROM `video` [ RunTime:0.0004s ]
SQL: SELECT * FROM `video` WHERE `openid` = null  [ RunTime:0.0159s ]
INFO: [ view_parse ] --START--
INFO: [ template_filter ] --START--
INFO: Run Behavior\ContentReplaceBehavior [ RunTime:0.000057s ]
INFO: [ template_filter ] --END-- [ RunTime:0.000117s ]
INFO: Run Behavior\ParseTemplateBehavior [ RunTime:0.004436s ]
INFO: [ view_parse ] --END-- [ RunTime:0.004514s ]
INFO: [ view_filter ] --START--
INFO: Run Behavior\WriteHtmlCacheBehavior [ RunTime:0.000047s ]
INFO: [ view_filter ] --END-- [ RunTime:0.000093s ]
INFO: [ app_end ] --START--
INFO: Run Behavior\ShowPageTraceBehavior [ RunTime:0.000046s ]
INFO: [ app_end ] --END-- [ RunTime:0.000092s ]

