[ 2017-09-12T12:59:56+08:00 ] 106.38.159.194 /tpchat/index.php/Admin/Index/index.html
INFO: [ app_init ] --START--
INFO: Run Behavior\BuildLiteBehavior [ RunTime:0.000024s ]
INFO: [ app_init ] --END-- [ RunTime:0.000185s ]
INFO: [ app_begin ] --START--
INFO: Run Behavior\ReadHtmlCacheBehavior [ RunTime:0.000083s ]
INFO: [ app_begin ] --END-- [ RunTime:0.000168s ]

[ 2017-09-12T12:59:57+08:00 ] 106.38.159.194 /tpchat/index.php/Admin/admin/login.html
INFO: [ app_init ] --START--
INFO: Run Behavior\BuildLiteBehavior [ RunTime:0.000015s ]
INFO: [ app_init ] --END-- [ RunTime:0.000116s ]
INFO: [ app_begin ] --START--
INFO: Run Behavior\ReadHtmlCacheBehavior [ RunTime:0.000051s ]
INFO: [ app_begin ] --END-- [ RunTime:0.000104s ]
INFO: [ view_parse ] --START--
INFO: [ template_filter ] --START--
INFO: Run Behavior\ContentReplaceBehavior [ RunTime:0.000054s ]
INFO: [ template_filter ] --END-- [ RunTime:0.000149s ]
INFO: Run Behavior\ParseTemplateBehavior [ RunTime:0.018255s ]
INFO: [ view_parse ] --END-- [ RunTime:0.018326s ]
INFO: [ view_filter ] --START--
INFO: Run Behavior\WriteHtmlCacheBehavior [ RunTime:0.000062s ]
INFO: [ view_filter ] --END-- [ RunTime:0.000108s ]

[ 2017-09-12T13:00:00+08:00 ] 106.38.159.194 /tpchat/index.php/Admin/Index/index.html
INFO: [ app_init ] --START--
INFO: Run Behavior\BuildLiteBehavior [ RunTime:0.000015s ]
INFO: [ app_init ] --END-- [ RunTime:0.000113s ]
INFO: [ app_begin ] --START--
INFO: Run Behavior\ReadHtmlCacheBehavior [ RunTime:0.000062s ]
INFO: [ app_begin ] --END-- [ RunTime:0.000117s ]
INFO: [ view_parse ] --START--
INFO: [ template_filter ] --START--
INFO: Run Behavior\ContentReplaceBehavior [ RunTime:0.000063s ]
INFO: [ template_filter ] --END-- [ RunTime:0.000146s ]
INFO: Run Behavior\ParseTemplateBehavior [ RunTime:0.009247s ]
INFO: [ view_parse ] --END-- [ RunTime:0.009305s ]
INFO: [ view_filter ] --START--
INFO: Run Behavior\WriteHtmlCacheBehavior [ RunTime:0.000052s ]
INFO: [ view_filter ] --END-- [ RunTime:0.000097s ]
INFO: [ app_end ] --START--
INFO: Run Behavior\ShowPageTraceBehavior [ RunTime:0.000049s ]
INFO: [ app_end ] --END-- [ RunTime:0.000097s ]

[ 2017-09-12T13:00:00+08:00 ] 106.38.159.194 /tpchat/index.php/Admin/Trade/index
INFO: [ app_init ] --START--
INFO: Run Behavior\BuildLiteBehavior [ RunTime:0.000015s ]
INFO: [ app_init ] --END-- [ RunTime:0.000113s ]
INFO: [ app_begin ] --START--
INFO: Run Behavior\ReadHtmlCacheBehavior [ RunTime:0.000078s ]
INFO: [ app_begin ] --END-- [ RunTime:0.000134s ]
SQL: SHOW COLUMNS FROM `trade` [ RunTime:0.0007s ]
SQL: SELECT COUNT(*) AS tp_count FROM `trade` LIMIT 1   [ RunTime:0.0002s ]
SQL: SELECT*
                            FROM  `trade`  a

                            INNER JOIN `user` b

                            WHERE  a.openid=b.openid
                             LIMIT 0,5 [ RunTime:0.0006s ]
INFO: [ view_parse ] --START--
INFO: [ template_filter ] --START--
INFO: Run Behavior\ContentReplaceBehavior [ RunTime:0.000078s ]
INFO: [ template_filter ] --END-- [ RunTime:0.000154s ]
NOTIC: [8] Undefined variable: count /mnt/tpchat/Application/Runtime/Cache/Admin/81859317836b157d1bd41ebfea9ca286.php 第 125 行.
NOTIC: [8] Use of undefined constant 已支付 - assumed '已支付' /mnt/tpchat/Application/Runtime/Cache/Admin/81859317836b157d1bd41ebfea9ca286.php 第 177 行.
NOTIC: [8] Use of undefined constant 已支付 - assumed '已支付' /mnt/tpchat/Application/Runtime/Cache/Admin/81859317836b157d1bd41ebfea9ca286.php 第 177 行.
NOTIC: [8] Use of undefined constant 已支付 - assumed '已支付' /mnt/tpchat/Application/Runtime/Cache/Admin/81859317836b157d1bd41ebfea9ca286.php 第 177 行.
NOTIC: [8] Use of undefined constant 已支付 - assumed '已支付' /mnt/tpchat/Application/Runtime/Cache/Admin/81859317836b157d1bd41ebfea9ca286.php 第 177 行.
NOTIC: [8] Use of undefined constant 已支付 - assumed '已支付' /mnt/tpchat/Application/Runtime/Cache/Admin/81859317836b157d1bd41ebfea9ca286.php 第 177 行.
INFO: Run Behavior\ParseTemplateBehavior [ RunTime:0.008964s ]
INFO: [ view_parse ] --END-- [ RunTime:0.009022s ]
INFO: [ view_filter ] --START--
INFO: Run Behavior\WriteHtmlCacheBehavior [ RunTime:0.000052s ]
INFO: [ view_filter ] --END-- [ RunTime:0.000098s ]
INFO: [ app_end ] --START--
INFO: Run Behavior\ShowPageTraceBehavior [ RunTime:0.000053s ]
INFO: [ app_end ] --END-- [ RunTime:0.000107s ]

[ 2017-09-12T13:00:59+08:00 ] 106.38.159.194 /tpchat/index.php/Admin/Course/index
INFO: [ app_init ] --START--
INFO: Run Behavior\BuildLiteBehavior [ RunTime:0.000015s ]
INFO: [ app_init ] --END-- [ RunTime:0.000113s ]
INFO: [ app_begin ] --START--
INFO: Run Behavior\ReadHtmlCacheBehavior [ RunTime:0.000053s ]
INFO: [ app_begin ] --END-- [ RunTime:0.000105s ]
SQL: SHOW COLUMNS FROM `course` [ RunTime:0.0007s ]
SQL: SELECT * FROM `course`  [ RunTime:0.0003s ]
INFO: [ view_parse ] --START--
INFO: [ template_filter ] --START--
INFO: Run Behavior\ContentReplaceBehavior [ RunTime:0.000081s ]
INFO: [ template_filter ] --END-- [ RunTime:0.000162s ]
INFO: Run Behavior\ParseTemplateBehavior [ RunTime:0.021771s ]
INFO: [ view_parse ] --END-- [ RunTime:0.021842s ]
INFO: [ view_filter ] --START--
INFO: Run Behavior\WriteHtmlCacheBehavior [ RunTime:0.000050s ]
INFO: [ view_filter ] --END-- [ RunTime:0.000102s ]
INFO: [ app_end ] --START--
INFO: Run Behavior\ShowPageTraceBehavior [ RunTime:0.000054s ]
INFO: [ app_end ] --END-- [ RunTime:0.000107s ]

[ 2017-09-12T13:01:05+08:00 ] 106.38.159.194 /tpchat/index.php/Admin/Course/update?i=12
INFO: [ app_init ] --START--
INFO: Run Behavior\BuildLiteBehavior [ RunTime:0.000016s ]
INFO: [ app_init ] --END-- [ RunTime:0.000115s ]
INFO: [ app_begin ] --START--
INFO: Run Behavior\ReadHtmlCacheBehavior [ RunTime:0.000051s ]
INFO: [ app_begin ] --END-- [ RunTime:0.000107s ]
SQL: SHOW COLUMNS FROM `course` [ RunTime:0.0007s ]
SQL: SELECT * FROM `course` WHERE ( course_id='12' ) LIMIT 1   [ RunTime:0.0003s ]
INFO: [ view_parse ] --START--
INFO: [ template_filter ] --START--
INFO: Run Behavior\ContentReplaceBehavior [ RunTime:0.000075s ]
INFO: [ template_filter ] --END-- [ RunTime:0.000146s ]
NOTIC: [8] Undefined index: address_big /mnt/tpchat/Application/Runtime/Cache/Admin/cb2f467cbaf8f35452290d8202b91cd1.php 第 181 行.
INFO: Run Behavior\ParseTemplateBehavior [ RunTime:0.007736s ]
INFO: [ view_parse ] --END-- [ RunTime:0.007790s ]
INFO: [ view_filter ] --START--
INFO: Run Behavior\WriteHtmlCacheBehavior [ RunTime:0.000048s ]
INFO: [ view_filter ] --END-- [ RunTime:0.000094s ]
INFO: [ app_end ] --START--
INFO: Run Behavior\ShowPageTraceBehavior [ RunTime:0.000052s ]
INFO: [ app_end ] --END-- [ RunTime:0.000128s ]

[ 2017-09-12T13:01:09+08:00 ] 61.151.218.118 /tpchat/index.php/Admin/Course/index
INFO: [ app_init ] --START--
INFO: Run Behavior\BuildLiteBehavior [ RunTime:0.000015s ]
INFO: [ app_init ] --END-- [ RunTime:0.000114s ]
INFO: [ app_begin ] --START--
INFO: Run Behavior\ReadHtmlCacheBehavior [ RunTime:0.000083s ]
INFO: [ app_begin ] --END-- [ RunTime:0.000170s ]

[ 2017-09-12T13:15:06+08:00 ] 106.38.159.194 /tpchat/index.php/Admin/Course/update?i=12
INFO: [ app_init ] --START--
INFO: Run Behavior\BuildLiteBehavior [ RunTime:0.000015s ]
INFO: [ app_init ] --END-- [ RunTime:0.000128s ]
INFO: [ app_begin ] --START--
INFO: Run Behavior\ReadHtmlCacheBehavior [ RunTime:0.000078s ]
INFO: [ app_begin ] --END-- [ RunTime:0.000133s ]
SQL: SHOW COLUMNS FROM `course` [ RunTime:0.0007s ]
SQL: SELECT * FROM `course` WHERE ( course_id='12' ) LIMIT 1   [ RunTime:0.0003s ]
NOTIC: [2] call_user_func() expects parameter 1 to be a valid callback, no array or string given /mnt/tpchat/ThinkPHP/Library/Think/Upload.class.php 第 170 行.
NOTIC: [8] Undefined index: validate /mnt/tpchat/ThinkPHP/Library/Think/Model.class.php 第 1185 行.
NOTIC: [8] Undefined index: auto /mnt/tpchat/ThinkPHP/Library/Think/Model.class.php 第 1128 行.
SQL: UPDATE `course` SET `title`='校园活动小主持从这里开始修改',`subtitle`='享受主持，培养少年优干风范',`desc`='校园活动这么多，主持人总是轮不到我？总是觉得自己主持不够精彩？没关系，短短两小时，掌握活动主持难点、要点，轻松驾驭校园活动！还有机会成为知名电视台做客小主持人哟！
授课形式：专家讲解、示范、学生分组练习、专家面对面一对一指导
授课内容：了解常见校园活动分类，掌握不同活动主持难点要点，根据场景，学生自主主持。
',`age_limit`='6-12',`speaker`='丁媛',`people_limit`='50',`price`='200',`starttime`='2017-10-10 09:00:00',`address`='海淀区',`phone`='1111111111',`content`='&lt;h1 style=&quot;text-align:left;&quot;&gt;
	&lt;span style=&quot;font-size:14px;font-family:\'Microsoft YaHei\';&quot;&gt;想要充分展示自己，最重要的不是唱歌跳舞弹琴，而是语言。学习校园活动主持，通过两个小时的精品实训，掌握校园活动主持难点、要点。&lt;/span&gt;&lt;span style=&quot;font-size:14px;font-family:\'Microsoft YaHei\';&quot;&gt;&lt;/span&gt;&lt;br /&gt;
&lt;/h1&gt;
&lt;p&gt;
	&lt;span style=&quot;color:#191919;font-family:\'Microsoft YaHei\';font-size:14px;background-color:#FFFFFF;&quot;&gt; 什么是口才好。口才好，就是让孩子说自己想说的话。&lt;/span&gt;其实我们可以看到，一个孩子从小到大的成长过程中，有的孩子就变得突然的很内向。而且，和别人交流的时候，可能也总是不太说话。甚至，在人多的时候，就更加得内向了，在家里还是可以的。在这些过程里，可能很多家长都会发现。唉，我的孩子表达能力怎么就没有那么好呢？
&lt;/p&gt;
&lt;p style=&quot;font-size:16px;color:#191919;font-family:\'PingFang SC\', Arial, 微软雅黑, 宋体, simsun, sans-serif;background-color:#FFFFFF;&quot;&gt;
	&lt;span style=&quot;font-size:14px;font-family:\'Microsoft YaHei\';&quot;&gt;那可以告诉您，这就是因为您从小的时候没有注重口才培养。其实口才培养，非常的简单，而且非常的有效。从小注重孩子口才培养，可以让孩子在今后的路上更善于表达自我，大方自信！在筑影学堂里，短短两小时的课程就能让孩子充分掌握活动主持要点，让孩子自信的在活动中展示自己的风采。&lt;/span&gt;
&lt;/p&gt;
&lt;p&gt;
	&lt;br /&gt;
&lt;/p&gt;
&lt;p style=&quot;text-align:left;&quot;&gt;
	&lt;img src=&quot;/tpchat/Public/upload/image/20170831/20170831143420_24017.jpg&quot; alt=&quot;&quot; width=&quot;273&quot; height=&quot;200&quot; title=&quot;&quot; align=&quot;&quot; /&gt;
&lt;/p&gt;
&lt;p&gt;
	&lt;p class=&quot;MsoNormal&quot;&gt;
		&lt;strong&gt;授课专家：&lt;/strong&gt;&lt;span&gt;&lt;strong&gt; 丁媛&lt;/strong&gt;&lt;/span&gt;
	&lt;/p&gt;
	&lt;p class=&quot;MsoNormal&quot;&gt;
		少年口才教练&lt;span&gt;&lt;/span&gt;
	&lt;/p&gt;
	&lt;p class=&quot;MsoNormal&quot;&gt;
		筑影计划实力培训高级讲师&lt;span&gt;&lt;/span&gt;
	&lt;/p&gt;
	&lt;p class=&quot;MsoNormal&quot;&gt;
		XXXX资深专家&lt;span&gt;&lt;/span&gt;
	&lt;/p&gt;
	&lt;p class=&quot;MsoNormal&quot;&gt;
		XXX协会常任委员&lt;span&gt;&lt;/span&gt;
	&lt;/p&gt;
	&lt;p class=&quot;MsoNormal&quot;&gt;
		授课风格：&lt;span&gt;丁媛&lt;/span&gt;老师是一位亲和力强、阳光开朗的老师，她曾被学生亲亲切的称为““&lt;span&gt;&amp;nbsp;媛媛姐姐&lt;/span&gt;””，她的课堂，不是单向的讲与听，而是让学生充分参与体验的实践课程，&lt;span&gt;丁媛&lt;/span&gt;老师对每一位学生都有着很大的期待和耐心，认真聆听孩子的心声，为每一位筑影计划的孩子找到最适合自己的学习方法。&lt;span&gt;&lt;/span&gt;
	&lt;/p&gt;
&lt;/p&gt;',`image`='./Application/Admin/Public/up/2017-09-12/59b76d5a06b7f.png' WHERE ( course_id='12' ) [ RunTime:0.0361s ]

[ 2017-09-12T13:15:08+08:00 ] 106.38.159.194 /tpchat/index.php/Admin/Course/index.html
INFO: [ app_init ] --START--
INFO: Run Behavior\BuildLiteBehavior [ RunTime:0.000023s ]
INFO: [ app_init ] --END-- [ RunTime:0.000137s ]
INFO: [ app_begin ] --START--
INFO: Run Behavior\ReadHtmlCacheBehavior [ RunTime:0.000051s ]
INFO: [ app_begin ] --END-- [ RunTime:0.000102s ]
SQL: SHOW COLUMNS FROM `course` [ RunTime:0.0006s ]
SQL: SELECT * FROM `course`  [ RunTime:0.0003s ]
INFO: [ view_parse ] --START--
INFO: [ template_filter ] --START--
INFO: Run Behavior\ContentReplaceBehavior [ RunTime:0.000085s ]
INFO: [ template_filter ] --END-- [ RunTime:0.000180s ]
INFO: Run Behavior\ParseTemplateBehavior [ RunTime:0.007600s ]
INFO: [ view_parse ] --END-- [ RunTime:0.007665s ]
INFO: [ view_filter ] --START--
INFO: Run Behavior\WriteHtmlCacheBehavior [ RunTime:0.000063s ]
INFO: [ view_filter ] --END-- [ RunTime:0.000109s ]
INFO: [ app_end ] --START--
INFO: Run Behavior\ShowPageTraceBehavior [ RunTime:0.000055s ]
INFO: [ app_end ] --END-- [ RunTime:0.000111s ]

[ 2017-09-12T13:15:18+08:00 ] 101.226.99.195 /tpchat/index.php/Admin/Course/index.html
INFO: [ app_init ] --START--
INFO: Run Behavior\BuildLiteBehavior [ RunTime:0.000021s ]
INFO: [ app_init ] --END-- [ RunTime:0.000151s ]
INFO: [ app_begin ] --START--
INFO: Run Behavior\ReadHtmlCacheBehavior [ RunTime:0.000055s ]
INFO: [ app_begin ] --END-- [ RunTime:0.000107s ]

[ 2017-09-12T13:15:25+08:00 ] 106.38.159.194 /tpchat/index.php/Admin/Course/update?i=14
INFO: [ app_init ] --START--
INFO: Run Behavior\BuildLiteBehavior [ RunTime:0.000015s ]
INFO: [ app_init ] --END-- [ RunTime:0.000113s ]
INFO: [ app_begin ] --START--
INFO: Run Behavior\ReadHtmlCacheBehavior [ RunTime:0.000052s ]
INFO: [ app_begin ] --END-- [ RunTime:0.000104s ]
SQL: SHOW COLUMNS FROM `course` [ RunTime:0.0008s ]
SQL: SELECT * FROM `course` WHERE ( course_id='14' ) LIMIT 1   [ RunTime:0.0003s ]
INFO: [ view_parse ] --START--
INFO: [ template_filter ] --START--
INFO: Run Behavior\ContentReplaceBehavior [ RunTime:0.000071s ]
INFO: [ template_filter ] --END-- [ RunTime:0.000134s ]
NOTIC: [8] Undefined index: address_big /mnt/tpchat/Application/Runtime/Cache/Admin/cb2f467cbaf8f35452290d8202b91cd1.php 第 181 行.
INFO: Run Behavior\ParseTemplateBehavior [ RunTime:0.005265s ]
INFO: [ view_parse ] --END-- [ RunTime:0.005318s ]
INFO: [ view_filter ] --START--
INFO: Run Behavior\WriteHtmlCacheBehavior [ RunTime:0.000047s ]
INFO: [ view_filter ] --END-- [ RunTime:0.000092s ]
INFO: [ app_end ] --START--
INFO: Run Behavior\ShowPageTraceBehavior [ RunTime:0.000051s ]
INFO: [ app_end ] --END-- [ RunTime:0.000102s ]

[ 2017-09-12T13:15:35+08:00 ] 101.226.33.200 /tpchat/index.php/Admin/Course/update?i=14
INFO: [ app_init ] --START--
INFO: Run Behavior\BuildLiteBehavior [ RunTime:0.000015s ]
INFO: [ app_init ] --END-- [ RunTime:0.000113s ]
INFO: [ app_begin ] --START--
INFO: Run Behavior\ReadHtmlCacheBehavior [ RunTime:0.000054s ]
INFO: [ app_begin ] --END-- [ RunTime:0.000122s ]

[ 2017-09-12T13:21:18+08:00 ] 106.38.159.194 /tpchat/index.php/Admin/Course/update?i=14
INFO: [ app_init ] --START--
INFO: Run Behavior\BuildLiteBehavior [ RunTime:0.000016s ]
INFO: [ app_init ] --END-- [ RunTime:0.000116s ]
INFO: [ app_begin ] --START--
INFO: Run Behavior\ReadHtmlCacheBehavior [ RunTime:0.000049s ]
INFO: [ app_begin ] --END-- [ RunTime:0.000101s ]
SQL: SHOW COLUMNS FROM `course` [ RunTime:0.0007s ]
SQL: SELECT * FROM `course` WHERE ( course_id='14' ) LIMIT 1   [ RunTime:0.0003s ]
NOTIC: [2] call_user_func() expects parameter 1 to be a valid callback, no array or string given /mnt/tpchat/ThinkPHP/Library/Think/Upload.class.php 第 170 行.
NOTIC: [8] Undefined index: validate /mnt/tpchat/ThinkPHP/Library/Think/Model.class.php 第 1185 行.
NOTIC: [8] Undefined index: auto /mnt/tpchat/ThinkPHP/Library/Think/Model.class.php 第 1128 行.
SQL: UPDATE `course` SET `title`='诵读经典，一起争当国学小名士',`subtitle`='',`desc`='通过清楚响亮的声音，结合自身语言特点，指导学生表达充满感情地经典诵读作品。诵读经典作品，成为懂规矩，知礼节，有修养的好孩子。',`age_limit`='6-12',`speaker`='丁媛',`people_limit`='30',`price`='200',`starttime`='2017-10-10 09:00:00',`address`='海淀区学院路38号',`phone`='13574894224',`content`='&lt;p&gt;
	&lt;span&gt;&lt;span style=&quot;font-size:14px;line-height:28.0000514984131px;font-family:\'Microsoft YaHei\';color:#000000;background-color:#FFFFFF;&quot;&gt;&lt;u&gt;诵读经典是当代学生教育中重要的组成部分，通过经典诵读，孩子们可以获得很多益处。&lt;/u&gt;&lt;/span&gt;&lt;/span&gt;
&lt;/p&gt;
&lt;p&gt;
&lt;pre id=&quot;best-content-1083980349&quot; class=&quot;best-text mb-10&quot;&gt;1.人格优化，身心健康——经常诵读经典的孩子，会养成孝顺父母，懂礼貌，知礼仪，有教养的良好习惯。孩子的生活品位和人生内涵会在更高的起点上迈步，从而不仅身心健康，而且会使成功的几率明显增加。
2.专注力提高——经常进行诵读经典的训练，会逐渐形成精神集中专一、头脑里少杂念、内心宁静安详的良好读书习惯，从而使学习的效率和质量明显提高。
3.语文能力增强——背熟&lt;a href=&quot;https://www.baidu.com/s?wd=%E3%80%8A%E5%BC%9F%E5%AD%90%E8%A7%84%E3%80%8B&amp;amp;tn=44039180_cpr&amp;amp;fenlei=mv6quAkxTZn0IZRqIHckPjm4nH00T1d9rHbdnj64rH-BPHT3mhu90ZwV5Hcvrjm3rH6sPfKWUMw85HfYnjn4nH6sgvPsT6KdThsqpZwYTjCEQLGCpyw9Uz4Bmy-bIi4WUvYETgN-TLwGUv3EPjf1nWckP10k&quot; target=&quot;_blank&quot; class=&quot;baidu-highlight&quot;&gt;《弟子规》&lt;/a&gt;、&lt;a href=&quot;https://www.baidu.com/s?wd=%E3%80%8A%E4%B8%89%E5%AD%97%E7%BB%8F%E3%80%8B&amp;amp;tn=44039180_cpr&amp;amp;fenlei=mv6quAkxTZn0IZRqIHckPjm4nH00T1d9rHbdnj64rH-BPHT3mhu90ZwV5Hcvrjm3rH6sPfKWUMw85HfYnjn4nH6sgvPsT6KdThsqpZwYTjCEQLGCpyw9Uz4Bmy-bIi4WUvYETgN-TLwGUv3EPjf1nWckP10k&quot; target=&quot;_blank&quot; class=&quot;baidu-highlight&quot;&gt;《三字经》&lt;/a&gt;、&lt;a href=&quot;https://www.baidu.com/s?wd=%E3%80%8A%E5%8D%83%E5%AD%97%E6%96%87%E3%80%8B&amp;amp;tn=44039180_cpr&amp;amp;fenlei=mv6quAkxTZn0IZRqIHckPjm4nH00T1d9rHbdnj64rH-BPHT3mhu90ZwV5Hcvrjm3rH6sPfKWUMw85HfYnjn4nH6sgvPsT6KdThsqpZwYTjCEQLGCpyw9Uz4Bmy-bIi4WUvYETgN-TLwGUv3EPjf1nWckP10k&quot; target=&quot;_blank&quot; class=&quot;baidu-highlight&quot;&gt;《千字文》&lt;/a&gt;、&lt;a href=&quot;https://www.baidu.com/s?wd=%E3%80%8A%E6%98%93%E7%BB%8F%E3%80%8B&amp;amp;tn=44039180_cpr&amp;amp;fenlei=mv6quAkxTZn0IZRqIHckPjm4nH00T1d9rHbdnj64rH-BPHT3mhu90ZwV5Hcvrjm3rH6sPfKWUMw85HfYnjn4nH6sgvPsT6KdThsqpZwYTjCEQLGCpyw9Uz4Bmy-bIi4WUvYETgN-TLwGUv3EPjf1nWckP10k&quot; target=&quot;_blank&quot; class=&quot;baidu-highlight&quot;&gt;《易经》&lt;/a&gt;、&lt;a href=&quot;https://www.baidu.com/s?wd=%E3%80%8A%E8%AE%BA%E8%AF%AD%E3%80%8B&amp;amp;tn=44039180_cpr&amp;amp;fenlei=mv6quAkxTZn0IZRqIHckPjm4nH00T1d9rHbdnj64rH-BPHT3mhu90ZwV5Hcvrjm3rH6sPfKWUMw85HfYnjn4nH6sgvPsT6KdThsqpZwYTjCEQLGCpyw9Uz4Bmy-bIi4WUvYETgN-TLwGUv3EPjf1nWckP10k&quot; target=&quot;_blank&quot; class=&quot;baidu-highlight&quot;&gt;《论语》&lt;/a&gt;、&lt;a href=&quot;https://www.baidu.com/s?wd=%E3%80%8A%E5%A4%A7%E5%AD%A6%E3%80%8B&amp;amp;tn=44039180_cpr&amp;amp;fenlei=mv6quAkxTZn0IZRqIHckPjm4nH00T1d9rHbdnj64rH-BPHT3mhu90ZwV5Hcvrjm3rH6sPfKWUMw85HfYnjn4nH6sgvPsT6KdThsqpZwYTjCEQLGCpyw9Uz4Bmy-bIi4WUvYETgN-TLwGUv3EPjf1nWckP10k&quot; target=&quot;_blank&quot; class=&quot;baidu-highlight&quot;&gt;《大学》&lt;/a&gt;、&lt;a href=&quot;https://www.baidu.com/s?wd=%E3%80%8A%E5%AD%9D%E7%BB%8F%E3%80%8B&amp;amp;tn=44039180_cpr&amp;amp;fenlei=mv6quAkxTZn0IZRqIHckPjm4nH00T1d9rHbdnj64rH-BPHT3mhu90ZwV5Hcvrjm3rH6sPfKWUMw85HfYnjn4nH6sgvPsT6KdThsqpZwYTjCEQLGCpyw9Uz4Bmy-bIi4WUvYETgN-TLwGUv3EPjf1nWckP10k&quot; target=&quot;_blank&quot; class=&quot;baidu-highlight&quot;&gt;《孝经》&lt;/a&gt;、&lt;a href=&quot;https://www.baidu.com/s?wd=%E3%80%8A%E8%80%81%E5%AD%90%E3%80%8B&amp;amp;tn=44039180_cpr&amp;amp;fenlei=mv6quAkxTZn0IZRqIHckPjm4nH00T1d9rHbdnj64rH-BPHT3mhu90ZwV5Hcvrjm3rH6sPfKWUMw85HfYnjn4nH6sgvPsT6KdThsqpZwYTjCEQLGCpyw9Uz4Bmy-bIi4WUvYETgN-TLwGUv3EPjf1nWckP10k&quot; target=&quot;_blank&quot; class=&quot;baidu-highlight&quot;&gt;《老子》&lt;/a&gt;、&lt;a href=&quot;https://www.baidu.com/s?wd=%E3%80%8A%E4%B8%AD%E5%BA%B8%E3%80%8B&amp;amp;tn=44039180_cpr&amp;amp;fenlei=mv6quAkxTZn0IZRqIHckPjm4nH00T1d9rHbdnj64rH-BPHT3mhu90ZwV5Hcvrjm3rH6sPfKWUMw85HfYnjn4nH6sgvPsT6KdThsqpZwYTjCEQLGCpyw9Uz4Bmy-bIi4WUvYETgN-TLwGUv3EPjf1nWckP10k&quot; target=&quot;_blank&quot; class=&quot;baidu-highlight&quot;&gt;《中庸》&lt;/a&gt;、&lt;a href=&quot;https://www.baidu.com/s?wd=%E3%80%8A%E5%AD%9F%E5%AD%90%E3%80%8B&amp;amp;tn=44039180_cpr&amp;amp;fenlei=mv6quAkxTZn0IZRqIHckPjm4nH00T1d9rHbdnj64rH-BPHT3mhu90ZwV5Hcvrjm3rH6sPfKWUMw85HfYnjn4nH6sgvPsT6KdThsqpZwYTjCEQLGCpyw9Uz4Bmy-bIi4WUvYETgN-TLwGUv3EPjf1nWckP10k&quot; target=&quot;_blank&quot; class=&quot;baidu-highlight&quot;&gt;《孟子》&lt;/a&gt;、《文学启蒙》等经典后，孩子的识字量将达到5000字左右。此后，孩子作文、发言时就会出口成章、引经据典，很有深度。
4.记忆力大大提升——经常背诵经典，孩子的记忆力将获得明显提高，50％的孩子能达到“过目不忘”的程度。一旦获得了这种记忆能力，记忆任何科目的知识都会很轻松，并一生保持这种超越常人的记忆力。
5.阅读兴趣和能力大为提高——读懂经典，孩子会形成博览群书的习惯。许多诵读经典的孩子，在6岁－10岁时，能主动找书读。一个7岁前诵读10部左右经典的孩子，可创造1年阅读500册到1000册书的奇迹，从而视野开阔，智慧流溢，比不诵读经典的孩子的智商高出许多倍。
6.对其他科目的学习有很大帮助——通过诵读经典，孩子的形象思维（右脑）获得全面的锻炼，从而为学习数学、外语、物理、化学等课程奠定坚实的基础，这些科目的学习成绩也随之提升2－4倍；此外，经典的内容早一点存储到头里边，孩子在日常的学习生活中就会潜移默化地进行消化，从而使理解力也获得提升。&lt;/pre&gt;
&lt;span style=&quot;font-family:\'Microsoft YaHei\';font-size:14px;color:#000000;&quot;&gt;&lt;u&gt;&lt;/u&gt;&lt;/span&gt;
&lt;/p&gt;
&lt;p&gt;
	&lt;br /&gt;
&lt;/p&gt;',`image`='./Application/Admin/Public/up/2017-09-12/59b76ecde320c.jpg' WHERE ( course_id='14' ) [ RunTime:0.0729s ]

[ 2017-09-12T13:21:19+08:00 ] 106.38.159.194 /tpchat/index.php/Admin/Course/index
INFO: [ app_init ] --START--
INFO: Run Behavior\BuildLiteBehavior [ RunTime:0.000014s ]
INFO: [ app_init ] --END-- [ RunTime:0.000111s ]
INFO: [ app_begin ] --START--
INFO: Run Behavior\ReadHtmlCacheBehavior [ RunTime:0.000052s ]
INFO: [ app_begin ] --END-- [ RunTime:0.000118s ]
SQL: SHOW COLUMNS FROM `course` [ RunTime:0.0007s ]
SQL: SELECT * FROM `course`  [ RunTime:0.0003s ]
INFO: [ view_parse ] --START--
INFO: [ template_filter ] --START--
INFO: Run Behavior\ContentReplaceBehavior [ RunTime:0.000075s ]
INFO: [ template_filter ] --END-- [ RunTime:0.000137s ]
INFO: Run Behavior\ParseTemplateBehavior [ RunTime:0.006873s ]
INFO: [ view_parse ] --END-- [ RunTime:0.006933s ]
INFO: [ view_filter ] --START--
INFO: Run Behavior\WriteHtmlCacheBehavior [ RunTime:0.000048s ]
INFO: [ view_filter ] --END-- [ RunTime:0.000105s ]
INFO: [ app_end ] --START--
INFO: Run Behavior\ShowPageTraceBehavior [ RunTime:0.000053s ]
INFO: [ app_end ] --END-- [ RunTime:0.000106s ]

[ 2017-09-12T13:21:27+08:00 ] 106.38.159.194 /tpchat/index.php/Admin/Course/update?i=19
INFO: [ app_init ] --START--
INFO: Run Behavior\BuildLiteBehavior [ RunTime:0.000021s ]
INFO: [ app_init ] --END-- [ RunTime:0.000163s ]
INFO: [ app_begin ] --START--
INFO: Run Behavior\ReadHtmlCacheBehavior [ RunTime:0.000101s ]
INFO: [ app_begin ] --END-- [ RunTime:0.000178s ]
SQL: SHOW COLUMNS FROM `course` [ RunTime:0.0007s ]
SQL: SELECT * FROM `course` WHERE ( course_id='19' ) LIMIT 1   [ RunTime:0.0003s ]
INFO: [ view_parse ] --START--
INFO: [ template_filter ] --START--
INFO: Run Behavior\ContentReplaceBehavior [ RunTime:0.000073s ]
INFO: [ template_filter ] --END-- [ RunTime:0.000134s ]
NOTIC: [8] Undefined index: address_big /mnt/tpchat/Application/Runtime/Cache/Admin/cb2f467cbaf8f35452290d8202b91cd1.php 第 181 行.
INFO: Run Behavior\ParseTemplateBehavior [ RunTime:0.005118s ]
INFO: [ view_parse ] --END-- [ RunTime:0.005174s ]
INFO: [ view_filter ] --START--
INFO: Run Behavior\WriteHtmlCacheBehavior [ RunTime:0.000046s ]
INFO: [ view_filter ] --END-- [ RunTime:0.000092s ]
INFO: [ app_end ] --START--
INFO: Run Behavior\ShowPageTraceBehavior [ RunTime:0.000051s ]
INFO: [ app_end ] --END-- [ RunTime:0.000104s ]

[ 2017-09-12T13:21:37+08:00 ] 101.226.65.105 /tpchat/index.php/Admin/Course/update?i=19
INFO: [ app_init ] --START--
INFO: Run Behavior\BuildLiteBehavior [ RunTime:0.000021s ]
INFO: [ app_init ] --END-- [ RunTime:0.000161s ]
INFO: [ app_begin ] --START--
INFO: Run Behavior\ReadHtmlCacheBehavior [ RunTime:0.000052s ]
INFO: [ app_begin ] --END-- [ RunTime:0.000106s ]

[ 2017-09-12T13:31:12+08:00 ] 106.38.159.194 /tpchat/index.php/Admin/Course/update?i=19
INFO: [ app_init ] --START--
INFO: Run Behavior\BuildLiteBehavior [ RunTime:0.000015s ]
INFO: [ app_init ] --END-- [ RunTime:0.000111s ]
INFO: [ app_begin ] --START--
INFO: Run Behavior\ReadHtmlCacheBehavior [ RunTime:0.000048s ]
INFO: [ app_begin ] --END-- [ RunTime:0.000101s ]
SQL: SHOW COLUMNS FROM `course` [ RunTime:0.0007s ]
SQL: SELECT * FROM `course` WHERE ( course_id='19' ) LIMIT 1   [ RunTime:0.0003s ]
NOTIC: [2] call_user_func() expects parameter 1 to be a valid callback, no array or string given /mnt/tpchat/ThinkPHP/Library/Think/Upload.class.php 第 170 行.
NOTIC: [8] Undefined index: validate /mnt/tpchat/ThinkPHP/Library/Think/Model.class.php 第 1185 行.
NOTIC: [8] Undefined index: auto /mnt/tpchat/ThinkPHP/Library/Think/Model.class.php 第 1128 行.
SQL: UPDATE `course` SET `title`='孩子讲述空洞无物，怎样提高感染力？',`subtitle`='逻辑|这样表达，事半功倍',`desc`='学校总有辩论赛，孩子总是不爱参加不敢参加？总是担心自己说不好？本次实训，通过两小时的课程，提高孩子的条理逻辑能力。逻辑思维对孩子成长十分重要，它能培养孩子的观察能力、分析能力、判断能力、推理能力，提升孩子的综合能力，为将来的学习打好基础。',`age_limit`='6-8',`speaker`='丁媛',`people_limit`='50',`price`='200',`starttime`='2017-10-16 09:00:00',`address`='北京市海淀区花园路49号',`phone`='13574894224',`content`='&lt;p style=&quot;text-align:center;&quot;&gt;
	让孩子学会好好说话，赢在人生第一站
&lt;/p&gt;
&lt;p style=&quot;text-align:left;&quot;&gt;
	&lt;span style=&quot;background-color:;&quot;&gt;&lt;/span&gt;&lt;span style=&quot;font-family:宋体, Arial, sans-serif;font-size:14px;&quot;&gt;人的逻辑思维发展的总趋势是：由动作思维发展到形象思维，再依次发展到抽象逻辑思维。所以，逻辑思维能力也是从小就发展的，要让孩子更胜人一筹，培养孩子的逻辑思维能力就变得相当重要了&lt;/span&gt;&lt;span style=&quot;background-color:;&quot;&gt;。&lt;/span&gt;
&lt;/p&gt;
&lt;p style=&quot;text-align:left;&quot;&gt;
	&lt;span style=&quot;background-color:;&quot;&gt;&lt;span style=&quot;color:#333333;font-family:\'PingFang SC\', \'Lantinghei SC\', \'Microsoft YaHei\', arial, 宋体, sans-serif, tahoma;font-size:14px;background-color:#FFFFFF;&quot;&gt;逻辑思维训练就是要根据孩子的思维发展特点，借助一些有组织的、系统的材料，对&lt;span style=&quot;color:#333333;font-family:\'PingFang SC\', \'Lantinghei SC\', \'Microsoft YaHei\', arial, 宋体, sans-serif, tahoma;font-size:14px;line-height:21px;background-color:#FFFFFF;&quot;&gt;孩子&lt;/span&gt;的思维能力进行系统的训练，从而提高&lt;span style=&quot;color:#333333;font-family:\'PingFang SC\', \'Lantinghei SC\', \'Microsoft YaHei\', arial, 宋体, sans-serif, tahoma;font-size:14px;line-height:21px;background-color:#FFFFFF;&quot;&gt;孩子&lt;/span&gt;的思维品质:如思维的敏捷性、深刻性、创造性、灵活性等，提高&lt;span style=&quot;color:#333333;font-family:\'PingFang SC\', \'Lantinghei SC\', \'Microsoft YaHei\', arial, 宋体, sans-serif, tahoma;font-size:14px;line-height:21px;background-color:#FFFFFF;&quot;&gt;孩子&lt;/span&gt;分析问题、解决问题的能力以及创造性思维能力。&lt;/span&gt;&lt;br /&gt;
&lt;span style=&quot;color:#333333;font-family:\'PingFang SC\', \'Lantinghei SC\', \'Microsoft YaHei\', arial, 宋体, sans-serif, tahoma;font-size:14px;background-color:#FFFFFF;&quot;&gt;中国有句古话，授之以鱼，不如授之以渔，给孩子现成的知识和技能，不如让孩子学会自己获取这些的能力。逻辑思维训练就是要交给孩子正确的思维方法，发展孩子的思维能力。通过适当的思维训练，借助适合学生年龄特点的一些材料，可以帮助孩子学会如何思考、如何学习，例如:如何进行分析、分类，如何进行比较、判断，如何解决问题等。掌握了正确的思维方法，就如插上了一双翅膀，使孩子的抽象思维能力得到迅速的发展和提高，从而大大提高孩子的知识水平和智力水平。&lt;/span&gt;&lt;/span&gt;
&lt;/p&gt;
&lt;p style=&quot;text-align:left;&quot;&gt;
	&lt;span style=&quot;background-color:;&quot;&gt;&lt;br /&gt;
&lt;/span&gt;
&lt;/p&gt;
&lt;p style=&quot;text-align:left;&quot;&gt;
	&lt;span style=&quot;background-color:;&quot;&gt;&lt;br /&gt;
&lt;/span&gt;
&lt;/p&gt;
&lt;p style=&quot;text-align:left;&quot;&gt;
	&lt;span style=&quot;background-color:;&quot;&gt;&lt;br /&gt;
&lt;/span&gt;
&lt;/p&gt;
&lt;p style=&quot;text-align:left;&quot;&gt;
	&lt;span style=&quot;background-color:;&quot;&gt;&lt;br /&gt;
&lt;/span&gt;
&lt;/p&gt;
&lt;p&gt;
	&lt;br /&gt;
&lt;/p&gt;
&lt;p&gt;
	&lt;br /&gt;
&lt;/p&gt;',`image`='./Application/Admin/Public/up/2017-09-12/59b77120795c2.jpg' WHERE ( course_id='19' ) [ RunTime:0.0211s ]

[ 2017-09-12T13:31:14+08:00 ] 106.38.159.194 /tpchat/index.php/Admin/Course/index.html
INFO: [ app_init ] --START--
INFO: Run Behavior\BuildLiteBehavior [ RunTime:0.000014s ]
INFO: [ app_init ] --END-- [ RunTime:0.000118s ]
INFO: [ app_begin ] --START--
INFO: Run Behavior\ReadHtmlCacheBehavior [ RunTime:0.000052s ]
INFO: [ app_begin ] --END-- [ RunTime:0.000104s ]
SQL: SHOW COLUMNS FROM `course` [ RunTime:0.0007s ]
SQL: SELECT * FROM `course`  [ RunTime:0.0003s ]
INFO: [ view_parse ] --START--
INFO: [ template_filter ] --START--
INFO: Run Behavior\ContentReplaceBehavior [ RunTime:0.000077s ]
INFO: [ template_filter ] --END-- [ RunTime:0.000140s ]
INFO: Run Behavior\ParseTemplateBehavior [ RunTime:0.007030s ]
INFO: [ view_parse ] --END-- [ RunTime:0.007090s ]
INFO: [ view_filter ] --START--
INFO: Run Behavior\WriteHtmlCacheBehavior [ RunTime:0.000053s ]
INFO: [ view_filter ] --END-- [ RunTime:0.000098s ]
INFO: [ app_end ] --START--
INFO: Run Behavior\ShowPageTraceBehavior [ RunTime:0.000053s ]
INFO: [ app_end ] --END-- [ RunTime:0.000107s ]

[ 2017-09-12T13:31:26+08:00 ] 106.38.159.194 /tpchat/index.php/Admin/Course/update?i=20
INFO: [ app_init ] --START--
INFO: Run Behavior\BuildLiteBehavior [ RunTime:0.000015s ]
INFO: [ app_init ] --END-- [ RunTime:0.000115s ]
INFO: [ app_begin ] --START--
INFO: Run Behavior\ReadHtmlCacheBehavior [ RunTime:0.000051s ]
INFO: [ app_begin ] --END-- [ RunTime:0.000103s ]
SQL: SHOW COLUMNS FROM `course` [ RunTime:0.0007s ]
SQL: SELECT * FROM `course` WHERE ( course_id='20' ) LIMIT 1   [ RunTime:0.0003s ]
INFO: [ view_parse ] --START--
INFO: [ template_filter ] --START--
INFO: Run Behavior\ContentReplaceBehavior [ RunTime:0.000072s ]
INFO: [ template_filter ] --END-- [ RunTime:0.000131s ]
NOTIC: [8] Undefined index: address_big /mnt/tpchat/Application/Runtime/Cache/Admin/cb2f467cbaf8f35452290d8202b91cd1.php 第 181 行.
INFO: Run Behavior\ParseTemplateBehavior [ RunTime:0.005203s ]
INFO: [ view_parse ] --END-- [ RunTime:0.005262s ]
INFO: [ view_filter ] --START--
INFO: Run Behavior\WriteHtmlCacheBehavior [ RunTime:0.000046s ]
INFO: [ view_filter ] --END-- [ RunTime:0.000092s ]
INFO: [ app_end ] --START--
INFO: Run Behavior\ShowPageTraceBehavior [ RunTime:0.000051s ]
INFO: [ app_end ] --END-- [ RunTime:0.000104s ]

[ 2017-09-12T13:31:54+08:00 ] 61.151.218.119 /tpchat/index.php/Admin/Course/update?i=20
INFO: [ app_init ] --START--
INFO: Run Behavior\BuildLiteBehavior [ RunTime:0.000014s ]
INFO: [ app_init ] --END-- [ RunTime:0.000112s ]
INFO: [ app_begin ] --START--
INFO: Run Behavior\ReadHtmlCacheBehavior [ RunTime:0.000052s ]
INFO: [ app_begin ] --END-- [ RunTime:0.000105s ]

[ 2017-09-12T13:34:12+08:00 ] 106.38.159.194 /tpchat/index.php/Admin/Course/update?i=20
INFO: [ app_init ] --START--
INFO: Run Behavior\BuildLiteBehavior [ RunTime:0.000023s ]
INFO: [ app_init ] --END-- [ RunTime:0.000145s ]
INFO: [ app_begin ] --START--
INFO: Run Behavior\ReadHtmlCacheBehavior [ RunTime:0.000050s ]
INFO: [ app_begin ] --END-- [ RunTime:0.000108s ]
SQL: SHOW COLUMNS FROM `course` [ RunTime:0.0006s ]
SQL: SELECT * FROM `course` WHERE ( course_id='20' ) LIMIT 1   [ RunTime:0.0004s ]
NOTIC: [2] call_user_func() expects parameter 1 to be a valid callback, no array or string given /mnt/tpchat/ThinkPHP/Library/Think/Upload.class.php 第 170 行.
NOTIC: [8] Undefined index: validate /mnt/tpchat/ThinkPHP/Library/Think/Model.class.php 第 1185 行.
NOTIC: [8] Undefined index: auto /mnt/tpchat/ThinkPHP/Library/Think/Model.class.php 第 1128 行.
SQL: UPDATE `course` SET `title`='自信大方的向别人介绍自己吧',`subtitle`='测试小标题',`desc`='孩子害羞性格内向怎么办？爸爸妈妈不要急！本节技巧实训课程帮助孩子在轻松愉快学习中勇敢表达自我，塑造自信。
课程内容：标准发声技巧；自我介绍要点；个性化设计自我介绍',`age_limit`='6-12',`speaker`='丁媛',`people_limit`='50',`price`='200',`starttime`='2017-10-11-',`address`='海淀区北京大学',`phone`='13574894224',`content`='&lt;p&gt;
	&lt;br /&gt;
&lt;/p&gt;
&lt;p&gt;
	&lt;br /&gt;
&lt;/p&gt;
&lt;p&gt;
	&lt;br /&gt;
&lt;/p&gt;
&lt;h1 style=&quot;text-align:center;&quot;&gt;
	&lt;em&gt;&lt;span style=&quot;font-family:Impact, Charcoal, sans-serif;font-size:36px;&quot;&gt;摄影&lt;/span&gt;&lt;/em&gt; 
&lt;/h1&gt;
&lt;h1 style=&quot;text-align:center;&quot;&gt;
	&lt;em&gt;&lt;span style=&quot;font-family:Impact, Charcoal, sans-serif;font-size:36px;&quot;&gt; &lt;strong&gt;&lt;img src=&quot;http://182.92.97.97/tpchat/Public/upload/image/20170830/20170830171543_86994.jpg&quot; alt=&quot;&quot; width=&quot;50&quot; height=&quot;50&quot; title=&quot;&quot; align=&quot;&quot; /&gt;&lt;/strong&gt; &lt;strong&gt;&lt;img src=&quot;http://182.92.97.97/tpchat/Public/upload/image/20170830/20170830171543_86994.jpg&quot; alt=&quot;&quot; width=&quot;50&quot; height=&quot;50&quot; title=&quot;&quot; align=&quot;&quot; /&gt;&lt;/strong&gt;&lt;/span&gt;&lt;/em&gt; 
&lt;/h1&gt;
&lt;p&gt;
	&lt;br /&gt;
&lt;/p&gt;
&lt;div style=&quot;text-align:center;&quot;&gt;
&lt;/div&gt;
&lt;p&gt;
	&lt;br /&gt;
&lt;/p&gt;
&lt;p&gt;
	&lt;em&gt;摄影&lt;/em&gt;&lt;span&gt;一词是源于希腊语φῶς phos（光线）和 γραφι graphis（绘画、绘图）或γραφή graphê，两字一起的意思是”以光线绘图”。&lt;/span&gt;&lt;em&gt;摄影&lt;/em&gt;&lt;span&gt;是指使用某种专门设备进行影像记录的过程，一般我们使用机械照相机或者数码照相机进行&lt;/span&gt;&lt;em&gt;摄影。&lt;/em&gt; 
&lt;/p&gt;
&lt;p&gt;
	&lt;br /&gt;
&lt;/p&gt;
&lt;p&gt;
	&lt;br /&gt;
&lt;/p&gt;
&lt;div style=&quot;text-align:center;&quot;&gt;
	&lt;strong&gt;&lt;img src=&quot;/tpchat/Public/upload/image/20170830/20170830171543_86994.jpg&quot; alt=&quot;&quot; width=&quot;50&quot; height=&quot;50&quot; title=&quot;&quot; align=&quot;&quot; /&gt;&lt;strong&gt;&lt;img src=&quot;http://182.92.97.97/tpchat/Public/upload/image/20170830/20170830171543_86994.jpg&quot; alt=&quot;&quot; width=&quot;50&quot; height=&quot;50&quot; title=&quot;&quot; align=&quot;&quot; /&gt;&lt;/strong&gt;&lt;/strong&gt; 
&lt;/div&gt;
&lt;strong&gt; 为你带来各类实用原创&lt;em&gt;摄影&lt;/em&gt;技巧、教程心得,让你轻松从&lt;em&gt;摄影&lt;/em&gt;入门到后期制作,从简单拍摄到拍摄技巧,从不熟器材到玩转器材,从新手变高手&lt;/strong&gt;&lt;strong&gt;&lt;br class=&quot;Apple-interchange-newline&quot; /&gt;
&lt;/strong&gt; 
&lt;p&gt;
	&lt;br /&gt;
&lt;/p&gt;
&lt;p&gt;
	&lt;br /&gt;
&lt;/p&gt;',`image`='./Application/Admin/Public/up/2017-09-12/59b771d438114.jpg' WHERE ( course_id='20' ) [ RunTime:0.0260s ]

[ 2017-09-12T13:34:13+08:00 ] 106.38.159.194 /tpchat/index.php/Admin/Course/index
INFO: [ app_init ] --START--
INFO: Run Behavior\BuildLiteBehavior [ RunTime:0.000018s ]
INFO: [ app_init ] --END-- [ RunTime:0.000128s ]
INFO: [ app_begin ] --START--
INFO: Run Behavior\ReadHtmlCacheBehavior [ RunTime:0.000064s ]
INFO: [ app_begin ] --END-- [ RunTime:0.000118s ]
SQL: SHOW COLUMNS FROM `course` [ RunTime:0.0008s ]
SQL: SELECT * FROM `course`  [ RunTime:0.0004s ]
INFO: [ view_parse ] --START--
INFO: [ template_filter ] --START--
INFO: Run Behavior\ContentReplaceBehavior [ RunTime:0.000078s ]
INFO: [ template_filter ] --END-- [ RunTime:0.000158s ]
INFO: Run Behavior\ParseTemplateBehavior [ RunTime:0.006805s ]
INFO: [ view_parse ] --END-- [ RunTime:0.006869s ]
INFO: [ view_filter ] --START--
INFO: Run Behavior\WriteHtmlCacheBehavior [ RunTime:0.000053s ]
INFO: [ view_filter ] --END-- [ RunTime:0.000100s ]
INFO: [ app_end ] --START--
INFO: Run Behavior\ShowPageTraceBehavior [ RunTime:0.000053s ]
INFO: [ app_end ] --END-- [ RunTime:0.000108s ]

[ 2017-09-12T13:34:20+08:00 ] 106.38.159.194 /tpchat/index.php/Admin/Course/update?i=21
INFO: [ app_init ] --START--
INFO: Run Behavior\BuildLiteBehavior [ RunTime:0.000016s ]
INFO: [ app_init ] --END-- [ RunTime:0.000116s ]
INFO: [ app_begin ] --START--
INFO: Run Behavior\ReadHtmlCacheBehavior [ RunTime:0.000049s ]
INFO: [ app_begin ] --END-- [ RunTime:0.000101s ]
SQL: SHOW COLUMNS FROM `course` [ RunTime:0.0006s ]
SQL: SELECT * FROM `course` WHERE ( course_id='21' ) LIMIT 1   [ RunTime:0.0003s ]
INFO: [ view_parse ] --START--
INFO: [ template_filter ] --START--
INFO: Run Behavior\ContentReplaceBehavior [ RunTime:0.000071s ]
INFO: [ template_filter ] --END-- [ RunTime:0.000131s ]
NOTIC: [8] Undefined index: address_big /mnt/tpchat/Application/Runtime/Cache/Admin/cb2f467cbaf8f35452290d8202b91cd1.php 第 181 行.
INFO: Run Behavior\ParseTemplateBehavior [ RunTime:0.005070s ]
INFO: [ view_parse ] --END-- [ RunTime:0.005125s ]
INFO: [ view_filter ] --START--
INFO: Run Behavior\WriteHtmlCacheBehavior [ RunTime:0.000049s ]
INFO: [ view_filter ] --END-- [ RunTime:0.000095s ]
INFO: [ app_end ] --START--
INFO: Run Behavior\ShowPageTraceBehavior [ RunTime:0.000052s ]
INFO: [ app_end ] --END-- [ RunTime:0.000104s ]

[ 2017-09-12T13:34:30+08:00 ] 101.226.66.179 /tpchat/index.php/Admin/Course/update?i=21
INFO: [ app_init ] --START--
INFO: Run Behavior\BuildLiteBehavior [ RunTime:0.000016s ]
INFO: [ app_init ] --END-- [ RunTime:0.000145s ]
INFO: [ app_begin ] --START--
INFO: Run Behavior\ReadHtmlCacheBehavior [ RunTime:0.000051s ]
INFO: [ app_begin ] --END-- [ RunTime:0.000103s ]

[ 2017-09-12T13:37:47+08:00 ] 106.38.159.194 /tpchat/index.php/Admin/Course/update?i=21
INFO: [ app_init ] --START--
INFO: Run Behavior\BuildLiteBehavior [ RunTime:0.000015s ]
INFO: [ app_init ] --END-- [ RunTime:0.000113s ]
INFO: [ app_begin ] --START--
INFO: Run Behavior\ReadHtmlCacheBehavior [ RunTime:0.000050s ]
INFO: [ app_begin ] --END-- [ RunTime:0.000102s ]
SQL: SHOW COLUMNS FROM `course` [ RunTime:0.0006s ]
SQL: SELECT * FROM `course` WHERE ( course_id='21' ) LIMIT 1   [ RunTime:0.0003s ]
NOTIC: [2] call_user_func() expects parameter 1 to be a valid callback, no array or string given /mnt/tpchat/ThinkPHP/Library/Think/Upload.class.php 第 170 行.
NOTIC: [8] Undefined index: validate /mnt/tpchat/ThinkPHP/Library/Think/Model.class.php 第 1185 行.
NOTIC: [8] Undefined index: auto /mnt/tpchat/ThinkPHP/Library/Think/Model.class.php 第 1128 行.
SQL: UPDATE `course` SET `title`='手机编辑视频 高大上效果随时有',`subtitle`='使用手机编辑合成视频',`desc`='手机里的视频，一段一段存了太久。占内存还没新意。用手机编辑视频，立马变成大片。
课程内容：1 手机拍摄视频要点 2 室内外拍摄注意区别 3 视频构图',`age_limit`='6-12',`speaker`='丁文华',`people_limit`='50',`price`='200',`starttime`='2017-11-10 09:00:00',`address`='北京市清华大学',`phone`='13574894224',`content`='&lt;p&gt;
	&lt;br /&gt;
&lt;/p&gt;
&lt;p&gt;
	&lt;br /&gt;
&lt;/p&gt;
&lt;p&gt;
	&lt;br /&gt;
&lt;/p&gt;
&lt;h1 style=&quot;text-align:center;&quot;&gt;
	&lt;em&gt;&lt;span style=&quot;font-family:Impact, Charcoal, sans-serif;font-size:36px;&quot;&gt;摄影&lt;/span&gt;&lt;/em&gt; 
&lt;/h1&gt;
&lt;h1 style=&quot;text-align:center;&quot;&gt;
	&lt;em&gt;&lt;span style=&quot;font-family:Impact, Charcoal, sans-serif;font-size:36px;&quot;&gt; &lt;strong&gt;&lt;img src=&quot;http://182.92.97.97/tpchat/Public/upload/image/20170830/20170830171543_86994.jpg&quot; alt=&quot;&quot; width=&quot;50&quot; height=&quot;50&quot; title=&quot;&quot; align=&quot;&quot; /&gt;&lt;/strong&gt; &lt;strong&gt;&lt;img src=&quot;http://182.92.97.97/tpchat/Public/upload/image/20170830/20170830171543_86994.jpg&quot; alt=&quot;&quot; width=&quot;50&quot; height=&quot;50&quot; title=&quot;&quot; align=&quot;&quot; /&gt;&lt;/strong&gt;&lt;/span&gt;&lt;/em&gt; 
&lt;/h1&gt;
&lt;p&gt;
	&lt;br /&gt;
&lt;/p&gt;
&lt;div style=&quot;text-align:center;&quot;&gt;
&lt;/div&gt;
&lt;p&gt;
	&lt;br /&gt;
&lt;/p&gt;
&lt;p&gt;
	&lt;em&gt;摄影&lt;/em&gt;&lt;span&gt;一词是源于希腊语φῶς phos（光线）和 γραφι graphis（绘画、绘图）或γραφή graphê，两字一起的意思是”以光线绘图”。&lt;/span&gt;&lt;em&gt;摄影&lt;/em&gt;&lt;span&gt;是指使用某种专门设备进行影像记录的过程，一般我们使用机械照相机或者数码照相机进行&lt;/span&gt;&lt;em&gt;摄影。&lt;/em&gt; 
&lt;/p&gt;
&lt;p&gt;
	&lt;br /&gt;
&lt;/p&gt;
&lt;p&gt;
	&lt;br /&gt;
&lt;/p&gt;
&lt;div style=&quot;text-align:center;&quot;&gt;
	&lt;strong&gt;&lt;img src=&quot;/tpchat/Public/upload/image/20170830/20170830171543_86994.jpg&quot; alt=&quot;&quot; width=&quot;50&quot; height=&quot;50&quot; title=&quot;&quot; align=&quot;&quot; /&gt;&lt;strong&gt;&lt;img src=&quot;http://182.92.97.97/tpchat/Public/upload/image/20170830/20170830171543_86994.jpg&quot; alt=&quot;&quot; width=&quot;50&quot; height=&quot;50&quot; title=&quot;&quot; align=&quot;&quot; /&gt;&lt;/strong&gt;&lt;/strong&gt; 
&lt;/div&gt;
&lt;strong&gt; 为你带来各类实用原创&lt;em&gt;摄影&lt;/em&gt;技巧、教程心得,让你轻松从&lt;em&gt;摄影&lt;/em&gt;入门到后期制作,从简单拍摄到拍摄技巧,从不熟器材到玩转器材,从新手变高手&lt;/strong&gt;&lt;strong&gt;&lt;br class=&quot;Apple-interchange-newline&quot; /&gt;
&lt;/strong&gt; 
&lt;p&gt;
	&lt;br /&gt;
&lt;/p&gt;
&lt;p&gt;
	&lt;br /&gt;
&lt;/p&gt;',`image`='./Application/Admin/Public/up/2017-09-12/59b772ab654dd.jpg' WHERE ( course_id='21' ) [ RunTime:0.0132s ]

[ 2017-09-12T13:37:49+08:00 ] 106.38.159.194 /tpchat/index.php/Admin/Course/index.html
INFO: [ app_init ] --START--
INFO: Run Behavior\BuildLiteBehavior [ RunTime:0.000016s ]
INFO: [ app_init ] --END-- [ RunTime:0.000124s ]
INFO: [ app_begin ] --START--
INFO: Run Behavior\ReadHtmlCacheBehavior [ RunTime:0.000146s ]
INFO: [ app_begin ] --END-- [ RunTime:0.000203s ]
SQL: SHOW COLUMNS FROM `course` [ RunTime:0.0007s ]
SQL: SELECT * FROM `course`  [ RunTime:0.0003s ]
INFO: [ view_parse ] --START--
INFO: [ template_filter ] --START--
INFO: Run Behavior\ContentReplaceBehavior [ RunTime:0.000083s ]
INFO: [ template_filter ] --END-- [ RunTime:0.000169s ]
INFO: Run Behavior\ParseTemplateBehavior [ RunTime:0.007702s ]
INFO: [ view_parse ] --END-- [ RunTime:0.007767s ]
INFO: [ view_filter ] --START--
INFO: Run Behavior\WriteHtmlCacheBehavior [ RunTime:0.000061s ]
INFO: [ view_filter ] --END-- [ RunTime:0.000109s ]
INFO: [ app_end ] --START--
INFO: Run Behavior\ShowPageTraceBehavior [ RunTime:0.000079s ]
INFO: [ app_end ] --END-- [ RunTime:0.000150s ]

[ 2017-09-12T13:38:30+08:00 ] 106.38.159.194 /tpchat/index.php/Admin/Course/update?i=22
INFO: [ app_init ] --START--
INFO: Run Behavior\BuildLiteBehavior [ RunTime:0.000022s ]
INFO: [ app_init ] --END-- [ RunTime:0.000161s ]
INFO: [ app_begin ] --START--
INFO: Run Behavior\ReadHtmlCacheBehavior [ RunTime:0.000074s ]
INFO: [ app_begin ] --END-- [ RunTime:0.000153s ]
SQL: SHOW COLUMNS FROM `course` [ RunTime:0.0009s ]
SQL: SELECT * FROM `course` WHERE ( course_id='22' ) LIMIT 1   [ RunTime:0.0003s ]
INFO: [ view_parse ] --START--
INFO: [ template_filter ] --START--
INFO: Run Behavior\ContentReplaceBehavior [ RunTime:0.000079s ]
INFO: [ template_filter ] --END-- [ RunTime:0.000163s ]
NOTIC: [8] Undefined index: address_big /mnt/tpchat/Application/Runtime/Cache/Admin/cb2f467cbaf8f35452290d8202b91cd1.php 第 181 行.
INFO: Run Behavior\ParseTemplateBehavior [ RunTime:0.005720s ]
INFO: [ view_parse ] --END-- [ RunTime:0.005790s ]
INFO: [ view_filter ] --START--
INFO: Run Behavior\WriteHtmlCacheBehavior [ RunTime:0.000057s ]
INFO: [ view_filter ] --END-- [ RunTime:0.000105s ]
INFO: [ app_end ] --START--
INFO: Run Behavior\ShowPageTraceBehavior [ RunTime:0.000053s ]
INFO: [ app_end ] --END-- [ RunTime:0.000107s ]

[ 2017-09-12T13:38:40+08:00 ] 61.151.228.22 /tpchat/index.php/Admin/Course/update?i=22
INFO: [ app_init ] --START--
INFO: Run Behavior\BuildLiteBehavior [ RunTime:0.000016s ]
INFO: [ app_init ] --END-- [ RunTime:0.000162s ]
INFO: [ app_begin ] --START--
INFO: Run Behavior\ReadHtmlCacheBehavior [ RunTime:0.000053s ]
INFO: [ app_begin ] --END-- [ RunTime:0.000104s ]

[ 2017-09-12T13:41:23+08:00 ] 106.38.159.194 /tpchat/index.php/Admin/Course/update?i=22
INFO: [ app_init ] --START--
INFO: Run Behavior\BuildLiteBehavior [ RunTime:0.000016s ]
INFO: [ app_init ] --END-- [ RunTime:0.000116s ]
INFO: [ app_begin ] --START--
INFO: Run Behavior\ReadHtmlCacheBehavior [ RunTime:0.000048s ]
INFO: [ app_begin ] --END-- [ RunTime:0.000100s ]
SQL: SHOW COLUMNS FROM `course` [ RunTime:0.0006s ]
SQL: SELECT * FROM `course` WHERE ( course_id='22' ) LIMIT 1   [ RunTime:0.0003s ]
NOTIC: [2] call_user_func() expects parameter 1 to be a valid callback, no array or string given /mnt/tpchat/ThinkPHP/Library/Think/Upload.class.php 第 170 行.
NOTIC: [8] Undefined index: validate /mnt/tpchat/ThinkPHP/Library/Think/Model.class.php 第 1185 行.
NOTIC: [8] Undefined index: auto /mnt/tpchat/ThinkPHP/Library/Think/Model.class.php 第 1128 行.
SQL: UPDATE `course` SET `title`='想拍大片？就用手机也能行',`subtitle`='手机拍摄微电影',`desc`='想拍大片不用摄像机！手机就能完成。手机拍视频，怎样更专业。
课程内容：1 手机视频处理app功能讲解； 2着重实践掌握一个视频编辑app ；3 当堂完成视频设计拍摄小作业
课堂自备：学生需自行准备可以拍摄视频的手机，以及APP光影魔术手',`age_limit`='6-12',`speaker`='丁文华',`people_limit`='30',`price`='300',`starttime`='2017-10-20 09:00:00',`address`='北京市清华大学',`phone`='13574894224',`content`='&lt;p&gt;
	&lt;br /&gt;
&lt;/p&gt;
&lt;p&gt;
	&lt;br /&gt;
&lt;/p&gt;
&lt;p&gt;
	&lt;br /&gt;
&lt;/p&gt;
&lt;h1 style=&quot;text-align:center;&quot;&gt;
	&lt;em&gt;&lt;span style=&quot;font-family:Impact, Charcoal, sans-serif;font-size:36px;&quot;&gt;摄影&lt;/span&gt;&lt;/em&gt; 
&lt;/h1&gt;
&lt;h1 style=&quot;text-align:center;&quot;&gt;
	&lt;em&gt;&lt;span style=&quot;font-family:Impact, Charcoal, sans-serif;font-size:36px;&quot;&gt; &lt;strong&gt;&lt;img src=&quot;http://182.92.97.97/tpchat/Public/upload/image/20170830/20170830171543_86994.jpg&quot; alt=&quot;&quot; width=&quot;50&quot; height=&quot;50&quot; title=&quot;&quot; align=&quot;&quot; /&gt;&lt;/strong&gt; &lt;strong&gt;&lt;img src=&quot;http://182.92.97.97/tpchat/Public/upload/image/20170830/20170830171543_86994.jpg&quot; alt=&quot;&quot; width=&quot;50&quot; height=&quot;50&quot; title=&quot;&quot; align=&quot;&quot; /&gt;&lt;/strong&gt;&lt;/span&gt;&lt;/em&gt; 
&lt;/h1&gt;
&lt;p&gt;
	&lt;br /&gt;
&lt;/p&gt;
&lt;div style=&quot;text-align:center;&quot;&gt;
&lt;/div&gt;
&lt;p&gt;
	&lt;br /&gt;
&lt;/p&gt;
&lt;p&gt;
	&lt;em&gt;摄影&lt;/em&gt;&lt;span&gt;一词是源于希腊语φῶς phos（光线）和 γραφι graphis（绘画、绘图）或γραφή graphê，两字一起的意思是”以光线绘图”。&lt;/span&gt;&lt;em&gt;摄影&lt;/em&gt;&lt;span&gt;是指使用某种专门设备进行影像记录的过程，一般我们使用机械照相机或者数码照相机进行&lt;/span&gt;&lt;em&gt;摄影。&lt;/em&gt; 
&lt;/p&gt;
&lt;p&gt;
	&lt;br /&gt;
&lt;/p&gt;
&lt;p&gt;
	&lt;br /&gt;
&lt;/p&gt;
&lt;div style=&quot;text-align:center;&quot;&gt;
	&lt;strong&gt;&lt;img src=&quot;/tpchat/Public/upload/image/20170830/20170830171543_86994.jpg&quot; alt=&quot;&quot; width=&quot;50&quot; height=&quot;50&quot; title=&quot;&quot; align=&quot;&quot; /&gt;&lt;strong&gt;&lt;img src=&quot;http://182.92.97.97/tpchat/Public/upload/image/20170830/20170830171543_86994.jpg&quot; alt=&quot;&quot; width=&quot;50&quot; height=&quot;50&quot; title=&quot;&quot; align=&quot;&quot; /&gt;&lt;/strong&gt;&lt;/strong&gt; 
&lt;/div&gt;
&lt;strong&gt; 为你带来各类实用原创&lt;em&gt;摄影&lt;/em&gt;技巧、教程心得,让你轻松从&lt;em&gt;摄影&lt;/em&gt;入门到后期制作,从简单拍摄到拍摄技巧,从不熟器材到玩转器材,从新手变高手&lt;/strong&gt;&lt;strong&gt;&lt;br class=&quot;Apple-interchange-newline&quot; /&gt;
&lt;/strong&gt; 
&lt;p&gt;
	&lt;br /&gt;
&lt;/p&gt;
&lt;p&gt;
	&lt;br /&gt;
&lt;/p&gt;',`image`='./Application/Admin/Public/up/2017-09-12/59b77383e52f7.jpg' WHERE ( course_id='22' ) [ RunTime:0.0284s ]

[ 2017-09-12T13:41:25+08:00 ] 106.38.159.194 /tpchat/index.php/Admin/Course/index
INFO: [ app_init ] --START--
INFO: Run Behavior\BuildLiteBehavior [ RunTime:0.000015s ]
INFO: [ app_init ] --END-- [ RunTime:0.000112s ]
INFO: [ app_begin ] --START--
INFO: Run Behavior\ReadHtmlCacheBehavior [ RunTime:0.000052s ]
INFO: [ app_begin ] --END-- [ RunTime:0.000105s ]
SQL: SHOW COLUMNS FROM `course` [ RunTime:0.0007s ]
SQL: SELECT * FROM `course`  [ RunTime:0.0003s ]
INFO: [ view_parse ] --START--
INFO: [ template_filter ] --START--
INFO: Run Behavior\ContentReplaceBehavior [ RunTime:0.000072s ]
INFO: [ template_filter ] --END-- [ RunTime:0.000131s ]
INFO: Run Behavior\ParseTemplateBehavior [ RunTime:0.006611s ]
INFO: [ view_parse ] --END-- [ RunTime:0.006672s ]
INFO: [ view_filter ] --START--
INFO: Run Behavior\WriteHtmlCacheBehavior [ RunTime:0.000048s ]
INFO: [ view_filter ] --END-- [ RunTime:0.000098s ]
INFO: [ app_end ] --START--
INFO: Run Behavior\ShowPageTraceBehavior [ RunTime:0.000053s ]
INFO: [ app_end ] --END-- [ RunTime:0.000107s ]

[ 2017-09-12T13:41:31+08:00 ] 106.38.159.194 /tpchat/index.php/Admin/Course/update?i=23
INFO: [ app_init ] --START--
INFO: Run Behavior\BuildLiteBehavior [ RunTime:0.000015s ]
INFO: [ app_init ] --END-- [ RunTime:0.000118s ]
INFO: [ app_begin ] --START--
INFO: Run Behavior\ReadHtmlCacheBehavior [ RunTime:0.000071s ]
INFO: [ app_begin ] --END-- [ RunTime:0.000133s ]
SQL: SHOW COLUMNS FROM `course` [ RunTime:0.0007s ]
SQL: SELECT * FROM `course` WHERE ( course_id='23' ) LIMIT 1   [ RunTime:0.0003s ]
INFO: [ view_parse ] --START--
INFO: [ template_filter ] --START--
INFO: Run Behavior\ContentReplaceBehavior [ RunTime:0.000075s ]
INFO: [ template_filter ] --END-- [ RunTime:0.000140s ]
NOTIC: [8] Undefined index: address_big /mnt/tpchat/Application/Runtime/Cache/Admin/cb2f467cbaf8f35452290d8202b91cd1.php 第 181 行.
INFO: Run Behavior\ParseTemplateBehavior [ RunTime:0.005337s ]
INFO: [ view_parse ] --END-- [ RunTime:0.005391s ]
INFO: [ view_filter ] --START--
INFO: Run Behavior\WriteHtmlCacheBehavior [ RunTime:0.000055s ]
INFO: [ view_filter ] --END-- [ RunTime:0.000116s ]
INFO: [ app_end ] --START--
INFO: Run Behavior\ShowPageTraceBehavior [ RunTime:0.000052s ]
INFO: [ app_end ] --END-- [ RunTime:0.000106s ]

[ 2017-09-12T13:44:37+08:00 ] 106.38.159.194 /tpchat/index.php/Admin/Course/update?i=23
INFO: [ app_init ] --START--
INFO: Run Behavior\BuildLiteBehavior [ RunTime:0.000014s ]
INFO: [ app_init ] --END-- [ RunTime:0.000113s ]
INFO: [ app_begin ] --START--
INFO: Run Behavior\ReadHtmlCacheBehavior [ RunTime:0.000049s ]
INFO: [ app_begin ] --END-- [ RunTime:0.000102s ]
SQL: SHOW COLUMNS FROM `course` [ RunTime:0.0006s ]
SQL: SELECT * FROM `course` WHERE ( course_id='23' ) LIMIT 1   [ RunTime:0.0003s ]
NOTIC: [2] call_user_func() expects parameter 1 to be a valid callback, no array or string given /mnt/tpchat/ThinkPHP/Library/Think/Upload.class.php 第 170 行.
NOTIC: [8] Undefined index: validate /mnt/tpchat/ThinkPHP/Library/Think/Model.class.php 第 1185 行.
NOTIC: [8] Undefined index: auto /mnt/tpchat/ThinkPHP/Library/Think/Model.class.php 第 1128 行.
SQL: UPDATE `course` SET `title`='拍好一段视频我需要知道什么？',`subtitle`='视频基础知识点',`desc`='冯小刚？张艺谋？我也想当导演！想要自己开始动手拍微电影！这些基础知识点你不得不知
课程内容：1、策划一部微电影基本流程和角色分工； 2、作为导演，自身职责是什么？ 3、 视频拍摄注意核心要点和基本步骤',`age_limit`='6-12',`speaker`='丁媛媛',`people_limit`='100',`price`='200',`starttime`='2017-10-27 09:00:00',`address`='北京市中国传媒大学',`phone`='13574894224',`content`='&lt;p&gt;
	&lt;br /&gt;
&lt;/p&gt;
&lt;p&gt;
	&lt;br /&gt;
&lt;/p&gt;
&lt;p&gt;
	&lt;br /&gt;
&lt;/p&gt;
&lt;h1 style=&quot;text-align:center;&quot;&gt;
	&lt;em&gt;&lt;span style=&quot;font-family:Impact, Charcoal, sans-serif;font-size:36px;&quot;&gt;摄影&lt;/span&gt;&lt;/em&gt; 
&lt;/h1&gt;
&lt;h1 style=&quot;text-align:center;&quot;&gt;
	&lt;em&gt;&lt;span style=&quot;font-family:Impact, Charcoal, sans-serif;font-size:36px;&quot;&gt; &lt;strong&gt;&lt;img src=&quot;http://182.92.97.97/tpchat/Public/upload/image/20170830/20170830171543_86994.jpg&quot; alt=&quot;&quot; width=&quot;50&quot; height=&quot;50&quot; title=&quot;&quot; align=&quot;&quot; /&gt;&lt;/strong&gt; &lt;strong&gt;&lt;img src=&quot;http://182.92.97.97/tpchat/Public/upload/image/20170830/20170830171543_86994.jpg&quot; alt=&quot;&quot; width=&quot;50&quot; height=&quot;50&quot; title=&quot;&quot; align=&quot;&quot; /&gt;&lt;/strong&gt;&lt;/span&gt;&lt;/em&gt; 
&lt;/h1&gt;
&lt;p&gt;
	&lt;br /&gt;
&lt;/p&gt;
&lt;div style=&quot;text-align:center;&quot;&gt;
&lt;/div&gt;
&lt;p&gt;
	&lt;br /&gt;
&lt;/p&gt;
&lt;p&gt;
	&lt;em&gt;摄影&lt;/em&gt;&lt;span&gt;一词是源于希腊语φῶς phos（光线）和 γραφι graphis（绘画、绘图）或γραφή graphê，两字一起的意思是”以光线绘图”。&lt;/span&gt;&lt;em&gt;摄影&lt;/em&gt;&lt;span&gt;是指使用某种专门设备进行影像记录的过程，一般我们使用机械照相机或者数码照相机进行&lt;/span&gt;&lt;em&gt;摄影。&lt;/em&gt; 
&lt;/p&gt;
&lt;p&gt;
	&lt;br /&gt;
&lt;/p&gt;
&lt;p&gt;
	&lt;br /&gt;
&lt;/p&gt;
&lt;div style=&quot;text-align:center;&quot;&gt;
	&lt;strong&gt;&lt;img src=&quot;/tpchat/Public/upload/image/20170830/20170830171543_86994.jpg&quot; alt=&quot;&quot; width=&quot;50&quot; height=&quot;50&quot; title=&quot;&quot; align=&quot;&quot; /&gt;&lt;strong&gt;&lt;img src=&quot;http://182.92.97.97/tpchat/Public/upload/image/20170830/20170830171543_86994.jpg&quot; alt=&quot;&quot; width=&quot;50&quot; height=&quot;50&quot; title=&quot;&quot; align=&quot;&quot; /&gt;&lt;/strong&gt;&lt;/strong&gt; 
&lt;/div&gt;
&lt;strong&gt; 为你带来各类实用原创&lt;em&gt;摄影&lt;/em&gt;技巧、教程心得,让你轻松从&lt;em&gt;摄影&lt;/em&gt;入门到后期制作,从简单拍摄到拍摄技巧,从不熟器材到玩转器材,从新手变高手&lt;/strong&gt;&lt;strong&gt;&lt;br class=&quot;Apple-interchange-newline&quot; /&gt;
&lt;/strong&gt; 
&lt;p&gt;
	&lt;br /&gt;
&lt;/p&gt;
&lt;p&gt;
	&lt;br /&gt;
&lt;/p&gt;',`image`='./Application/Admin/Public/up/2017-09-12/59b7744569e4a.jpg' WHERE ( course_id='23' ) [ RunTime:0.0105s ]

[ 2017-09-12T13:44:39+08:00 ] 106.38.159.194 /tpchat/index.php/Admin/Course/index.html
INFO: [ app_init ] --START--
INFO: Run Behavior\BuildLiteBehavior [ RunTime:0.000015s ]
INFO: [ app_init ] --END-- [ RunTime:0.000111s ]
INFO: [ app_begin ] --START--
INFO: Run Behavior\ReadHtmlCacheBehavior [ RunTime:0.000058s ]
INFO: [ app_begin ] --END-- [ RunTime:0.000124s ]
SQL: SHOW COLUMNS FROM `course` [ RunTime:0.0007s ]
SQL: SELECT * FROM `course`  [ RunTime:0.0003s ]
INFO: [ view_parse ] --START--
INFO: [ template_filter ] --START--
INFO: Run Behavior\ContentReplaceBehavior [ RunTime:0.000095s ]
INFO: [ template_filter ] --END-- [ RunTime:0.000197s ]
INFO: Run Behavior\ParseTemplateBehavior [ RunTime:0.006886s ]
INFO: [ view_parse ] --END-- [ RunTime:0.006949s ]
INFO: [ view_filter ] --START--
INFO: Run Behavior\WriteHtmlCacheBehavior [ RunTime:0.000062s ]
INFO: [ view_filter ] --END-- [ RunTime:0.000107s ]
INFO: [ app_end ] --START--
INFO: Run Behavior\ShowPageTraceBehavior [ RunTime:0.000054s ]
INFO: [ app_end ] --END-- [ RunTime:0.000107s ]

[ 2017-09-12T13:44:39+08:00 ] 106.38.159.194 /tpchat/index.php/Admin/Course/index
INFO: [ app_init ] --START--
INFO: Run Behavior\BuildLiteBehavior [ RunTime:0.000014s ]
INFO: [ app_init ] --END-- [ RunTime:0.000109s ]
INFO: [ app_begin ] --START--
INFO: Run Behavior\ReadHtmlCacheBehavior [ RunTime:0.000052s ]
INFO: [ app_begin ] --END-- [ RunTime:0.000103s ]
SQL: SHOW COLUMNS FROM `course` [ RunTime:0.0007s ]
SQL: SELECT * FROM `course`  [ RunTime:0.0006s ]
INFO: [ view_parse ] --START--
INFO: [ template_filter ] --START--
INFO: Run Behavior\ContentReplaceBehavior [ RunTime:0.000075s ]
INFO: [ template_filter ] --END-- [ RunTime:0.000134s ]
INFO: Run Behavior\ParseTemplateBehavior [ RunTime:0.006942s ]
INFO: [ view_parse ] --END-- [ RunTime:0.007007s ]
INFO: [ view_filter ] --START--
INFO: Run Behavior\WriteHtmlCacheBehavior [ RunTime:0.000048s ]
INFO: [ view_filter ] --END-- [ RunTime:0.000094s ]
INFO: [ app_end ] --START--
INFO: Run Behavior\ShowPageTraceBehavior [ RunTime:0.000057s ]
INFO: [ app_end ] --END-- [ RunTime:0.000113s ]

