[ 2017-09-08T13:20:43+08:00 ] 117.118.2.141 /tpchat/index.php/admin
INFO: [ app_init ] --START--
INFO: Run Behavior\BuildLiteBehavior [ RunTime:0.000016s ]
INFO: [ app_init ] --END-- [ RunTime:0.000131s ]
INFO: [ app_begin ] --START--
INFO: Run Behavior\ReadHtmlCacheBehavior [ RunTime:0.000060s ]
INFO: [ app_begin ] --END-- [ RunTime:0.000128s ]

[ 2017-09-08T13:20:44+08:00 ] 117.118.2.141 /tpchat/index.php/Admin/admin/login.html
INFO: [ app_init ] --START--
INFO: Run Behavior\BuildLiteBehavior [ RunTime:0.000016s ]
INFO: [ app_init ] --END-- [ RunTime:0.000113s ]
INFO: [ app_begin ] --START--
INFO: Run Behavior\ReadHtmlCacheBehavior [ RunTime:0.000060s ]
INFO: [ app_begin ] --END-- [ RunTime:0.000138s ]
INFO: [ view_parse ] --START--
INFO: [ template_filter ] --START--
INFO: Run Behavior\ContentReplaceBehavior [ RunTime:0.000078s ]
INFO: [ template_filter ] --END-- [ RunTime:0.000212s ]
INFO: Run Behavior\ParseTemplateBehavior [ RunTime:0.024872s ]
INFO: [ view_parse ] --END-- [ RunTime:0.024930s ]
INFO: [ view_filter ] --START--
INFO: Run Behavior\WriteHtmlCacheBehavior [ RunTime:0.000050s ]
INFO: [ view_filter ] --END-- [ RunTime:0.000096s ]

[ 2017-09-08T13:20:47+08:00 ] 117.118.2.141 /tpchat/index.php/Admin/Index/index.html
INFO: [ app_init ] --START--
INFO: Run Behavior\BuildLiteBehavior [ RunTime:0.000024s ]
INFO: [ app_init ] --END-- [ RunTime:0.000172s ]
INFO: [ app_begin ] --START--
INFO: Run Behavior\ReadHtmlCacheBehavior [ RunTime:0.000055s ]
INFO: [ app_begin ] --END-- [ RunTime:0.000108s ]
INFO: [ view_parse ] --START--
INFO: [ template_filter ] --START--
INFO: Run Behavior\ContentReplaceBehavior [ RunTime:0.000078s ]
INFO: [ template_filter ] --END-- [ RunTime:0.000165s ]
INFO: Run Behavior\ParseTemplateBehavior [ RunTime:0.046766s ]
INFO: [ view_parse ] --END-- [ RunTime:0.046824s ]
INFO: [ view_filter ] --START--
INFO: Run Behavior\WriteHtmlCacheBehavior [ RunTime:0.000047s ]
INFO: [ view_filter ] --END-- [ RunTime:0.000093s ]
INFO: [ app_end ] --START--
INFO: Run Behavior\ShowPageTraceBehavior [ RunTime:0.000048s ]
INFO: [ app_end ] --END-- [ RunTime:0.000097s ]

[ 2017-09-08T13:33:08+08:00 ] 117.118.2.141 /tpchat/index.php/admin
INFO: [ app_init ] --START--
INFO: Run Behavior\BuildLiteBehavior [ RunTime:0.000015s ]
INFO: [ app_init ] --END-- [ RunTime:0.000113s ]
INFO: [ app_begin ] --START--
INFO: Run Behavior\ReadHtmlCacheBehavior [ RunTime:0.000070s ]
INFO: [ app_begin ] --END-- [ RunTime:0.000137s ]
INFO: [ view_parse ] --START--
INFO: [ template_filter ] --START--
INFO: Run Behavior\ContentReplaceBehavior [ RunTime:0.000063s ]
INFO: [ template_filter ] --END-- [ RunTime:0.000135s ]
INFO: Run Behavior\ParseTemplateBehavior [ RunTime:0.004573s ]
INFO: [ view_parse ] --END-- [ RunTime:0.004630s ]
INFO: [ view_filter ] --START--
INFO: Run Behavior\WriteHtmlCacheBehavior [ RunTime:0.000052s ]
INFO: [ view_filter ] --END-- [ RunTime:0.000096s ]
INFO: [ app_end ] --START--
INFO: Run Behavior\ShowPageTraceBehavior [ RunTime:0.000048s ]
INFO: [ app_end ] --END-- [ RunTime:0.000095s ]

[ 2017-09-08T13:33:08+08:00 ] 117.118.2.141 /tpchat/index.php/Admin/Trade/index
INFO: [ app_init ] --START--
INFO: Run Behavior\BuildLiteBehavior [ RunTime:0.000015s ]
INFO: [ app_init ] --END-- [ RunTime:0.000118s ]
INFO: [ app_begin ] --START--
INFO: Run Behavior\ReadHtmlCacheBehavior [ RunTime:0.000050s ]
INFO: [ app_begin ] --END-- [ RunTime:0.000102s ]
SQL: SHOW COLUMNS FROM `trade` [ RunTime:0.0007s ]
SQL: SELECT COUNT(*) AS tp_count FROM `trade` LIMIT 1   [ RunTime:0.0002s ]
SQL: SELECT*
                            FROM  `trade`  a

                            INNER JOIN `user` b

                            WHERE  a.openid=b.openid
                             LIMIT 0,5 [ RunTime:0.0004s ]
INFO: [ view_parse ] --START--
INFO: [ template_filter ] --START--
INFO: Run Behavior\ContentReplaceBehavior [ RunTime:0.000077s ]
INFO: [ template_filter ] --END-- [ RunTime:0.000166s ]
NOTIC: [8] Undefined variable: count /mnt/tpchat/Application/Runtime/Cache/Admin/81859317836b157d1bd41ebfea9ca286.php 第 122 行.
NOTIC: [8] Use of undefined constant 已支付 - assumed '已支付' /mnt/tpchat/Application/Runtime/Cache/Admin/81859317836b157d1bd41ebfea9ca286.php 第 174 行.
NOTIC: [8] Use of undefined constant 已支付 - assumed '已支付' /mnt/tpchat/Application/Runtime/Cache/Admin/81859317836b157d1bd41ebfea9ca286.php 第 174 行.
NOTIC: [8] Use of undefined constant 已支付 - assumed '已支付' /mnt/tpchat/Application/Runtime/Cache/Admin/81859317836b157d1bd41ebfea9ca286.php 第 174 行.
NOTIC: [8] Use of undefined constant 已支付 - assumed '已支付' /mnt/tpchat/Application/Runtime/Cache/Admin/81859317836b157d1bd41ebfea9ca286.php 第 174 行.
NOTIC: [8] Use of undefined constant 已支付 - assumed '已支付' /mnt/tpchat/Application/Runtime/Cache/Admin/81859317836b157d1bd41ebfea9ca286.php 第 174 行.
INFO: Run Behavior\ParseTemplateBehavior [ RunTime:0.018993s ]
INFO: [ view_parse ] --END-- [ RunTime:0.019053s ]
INFO: [ view_filter ] --START--
INFO: Run Behavior\WriteHtmlCacheBehavior [ RunTime:0.000059s ]
INFO: [ view_filter ] --END-- [ RunTime:0.000107s ]
INFO: [ app_end ] --START--
INFO: Run Behavior\ShowPageTraceBehavior [ RunTime:0.000055s ]
INFO: [ app_end ] --END-- [ RunTime:0.000110s ]

[ 2017-09-08T13:33:10+08:00 ] 117.118.2.141 /tpchat/index.php/Admin/Course/index
INFO: [ app_init ] --START--
INFO: Run Behavior\BuildLiteBehavior [ RunTime:0.000016s ]
INFO: [ app_init ] --END-- [ RunTime:0.000117s ]
INFO: [ app_begin ] --START--
INFO: Run Behavior\ReadHtmlCacheBehavior [ RunTime:0.000051s ]
INFO: [ app_begin ] --END-- [ RunTime:0.000105s ]
SQL: SHOW COLUMNS FROM `course` [ RunTime:0.0007s ]
SQL: SELECT * FROM `course`  [ RunTime:0.0003s ]
INFO: [ view_parse ] --START--
INFO: [ template_filter ] --START--
INFO: Run Behavior\ContentReplaceBehavior [ RunTime:0.000082s ]
INFO: [ template_filter ] --END-- [ RunTime:0.000158s ]
INFO: Run Behavior\ParseTemplateBehavior [ RunTime:0.023249s ]
INFO: [ view_parse ] --END-- [ RunTime:0.023311s ]
INFO: [ view_filter ] --START--
INFO: Run Behavior\WriteHtmlCacheBehavior [ RunTime:0.000050s ]
INFO: [ view_filter ] --END-- [ RunTime:0.000107s ]
INFO: [ app_end ] --START--
INFO: Run Behavior\ShowPageTraceBehavior [ RunTime:0.000055s ]
INFO: [ app_end ] --END-- [ RunTime:0.000116s ]

[ 2017-09-08T13:33:11+08:00 ] 117.118.2.141 /tpchat/index.php/Admin/Course/index
INFO: [ app_init ] --START--
INFO: Run Behavior\BuildLiteBehavior [ RunTime:0.000022s ]
INFO: [ app_init ] --END-- [ RunTime:0.000147s ]
INFO: [ app_begin ] --START--
INFO: Run Behavior\ReadHtmlCacheBehavior [ RunTime:0.000065s ]
INFO: [ app_begin ] --END-- [ RunTime:0.000120s ]
SQL: SHOW COLUMNS FROM `course` [ RunTime:0.0007s ]
SQL: SELECT * FROM `course`  [ RunTime:0.0003s ]
INFO: [ view_parse ] --START--
INFO: [ template_filter ] --START--
INFO: Run Behavior\ContentReplaceBehavior [ RunTime:0.000088s ]
INFO: [ template_filter ] --END-- [ RunTime:0.000181s ]
INFO: Run Behavior\ParseTemplateBehavior [ RunTime:0.007239s ]
INFO: [ view_parse ] --END-- [ RunTime:0.007301s ]
INFO: [ view_filter ] --START--
INFO: Run Behavior\WriteHtmlCacheBehavior [ RunTime:0.000062s ]
INFO: [ view_filter ] --END-- [ RunTime:0.000109s ]
INFO: [ app_end ] --START--
INFO: Run Behavior\ShowPageTraceBehavior [ RunTime:0.000056s ]
INFO: [ app_end ] --END-- [ RunTime:0.000112s ]

[ 2017-09-08T13:34:21+08:00 ] 117.118.2.141 /tpchat/index.php/Admin/Course/index
INFO: [ app_init ] --START--
INFO: Run Behavior\BuildLiteBehavior [ RunTime:0.000015s ]
INFO: [ app_init ] --END-- [ RunTime:0.000112s ]
INFO: [ app_begin ] --START--
INFO: Run Behavior\ReadHtmlCacheBehavior [ RunTime:0.000050s ]
INFO: [ app_begin ] --END-- [ RunTime:0.000101s ]
SQL: SHOW COLUMNS FROM `course` [ RunTime:0.0007s ]
SQL: SHOW COLUMNS FROM `evidence` [ RunTime:0.0004s ]
SQL: SELECT * FROM `evidence`  [ RunTime:0.0002s ]
SQL: SHOW COLUMNS FROM `trade` [ RunTime:0.0004s ]
SQL: SELECT * FROM `trade`  [ RunTime:0.0002s ]
SQL: UPDATE `evidence` SET `course_id`='14' WHERE `evidence` = 'SKGVKKOQKkk2mp4f' [ RunTime:0.0109s ]
SQL: UPDATE `evidence` SET `course_id`='14' WHERE `evidence` = 'vgdwXfLVSCToTlco' [ RunTime:0.0048s ]
SQL: UPDATE `evidence` SET `course_id`='13' WHERE `evidence` = 'qyUEqXUwMAPmWvEg' [ RunTime:0.0117s ]
SQL: UPDATE `evidence` SET `course_id`='13' WHERE `evidence` = 'L87V4LadV7kosPbd' [ RunTime:0.0165s ]
SQL: UPDATE `evidence` SET `course_id`='13' WHERE `evidence` = 'dPYfOHQEQeUbOH1y' [ RunTime:0.0047s ]
SQL: UPDATE `evidence` SET `course_id`='13' WHERE `evidence` = 'a75miQzGuVZGdaPu' [ RunTime:0.0048s ]
SQL: UPDATE `evidence` SET `course_id`='13' WHERE `evidence` = 'XuCnJBMTiZstshtA' [ RunTime:0.0071s ]
SQL: UPDATE `evidence` SET `course_id`='13' WHERE `evidence` = '20OIy8ExKX6YF8KQ' [ RunTime:0.0054s ]
SQL: UPDATE `evidence` SET `course_id`='13' WHERE `evidence` = 'FOFWMhdPmp8KTFUE' [ RunTime:0.0048s ]
SQL: UPDATE `evidence` SET `course_id`='13' WHERE `evidence` = 'V0YQQK7kznfrTbmQ' [ RunTime:0.0050s ]
SQL: UPDATE `evidence` SET `course_id`='13' WHERE `evidence` = '1fPnmd5RC32GOlGE' [ RunTime:0.0048s ]
SQL: UPDATE `evidence` SET `course_id`='12' WHERE `evidence` = 'micFUl8gqdmmqIDQ' [ RunTime:0.0046s ]
SQL: UPDATE `evidence` SET `course_id`='12' WHERE `evidence` = 'ODSAOBl5Eu4CXHxw' [ RunTime:0.0053s ]
SQL: UPDATE `evidence` SET `course_id`='12' WHERE `evidence` = 'uOUVVezdKPwky8nK' [ RunTime:0.0055s ]
SQL: UPDATE `evidence` SET `course_id`='12' WHERE `evidence` = 'M6WDGqvXTdGLp7U1' [ RunTime:0.0050s ]
SQL: UPDATE `evidence` SET `course_id`='12' WHERE `evidence` = '0v7Fc64bGZ2WiW0n' [ RunTime:0.0066s ]
INFO: [ view_parse ] --START--
INFO: [ template_filter ] --START--
INFO: Run Behavior\ContentReplaceBehavior [ RunTime:0.000080s ]
INFO: [ template_filter ] --END-- [ RunTime:0.000145s ]
NOTIC: [8] Undefined variable: count /mnt/tpchat/Application/Runtime/Cache/Admin/0a118b67613e888354da043b45de67d3.php 第 171 行.
NOTIC: [8] Undefined variable: data /mnt/tpchat/Application/Runtime/Cache/Admin/0a118b67613e888354da043b45de67d3.php 第 240 行.
INFO: Run Behavior\ParseTemplateBehavior [ RunTime:0.011111s ]
INFO: [ view_parse ] --END-- [ RunTime:0.011184s ]
INFO: [ view_filter ] --START--
INFO: Run Behavior\WriteHtmlCacheBehavior [ RunTime:0.000051s ]
INFO: [ view_filter ] --END-- [ RunTime:0.000097s ]
INFO: [ app_end ] --START--
INFO: Run Behavior\ShowPageTraceBehavior [ RunTime:0.000054s ]
INFO: [ app_end ] --END-- [ RunTime:0.000110s ]

[ 2017-09-08T13:34:24+08:00 ] 117.118.2.141 /tpchat/index.php/Admin/Trade/index
INFO: [ app_init ] --START--
INFO: Run Behavior\BuildLiteBehavior [ RunTime:0.000015s ]
INFO: [ app_init ] --END-- [ RunTime:0.000118s ]
INFO: [ app_begin ] --START--
INFO: Run Behavior\ReadHtmlCacheBehavior [ RunTime:0.000050s ]
INFO: [ app_begin ] --END-- [ RunTime:0.000102s ]
SQL: SHOW COLUMNS FROM `trade` [ RunTime:0.0007s ]
SQL: SELECT COUNT(*) AS tp_count FROM `trade` LIMIT 1   [ RunTime:0.0002s ]
SQL: SELECT*
                            FROM  `trade`  a

                            INNER JOIN `user` b

                            WHERE  a.openid=b.openid
                             LIMIT 0,5 [ RunTime:0.0004s ]
INFO: [ view_parse ] --START--
INFO: [ template_filter ] --START--
INFO: Run Behavior\ContentReplaceBehavior [ RunTime:0.000072s ]
INFO: [ template_filter ] --END-- [ RunTime:0.000135s ]
NOTIC: [8] Undefined variable: count /mnt/tpchat/Application/Runtime/Cache/Admin/81859317836b157d1bd41ebfea9ca286.php 第 122 行.
NOTIC: [8] Use of undefined constant 已支付 - assumed '已支付' /mnt/tpchat/Application/Runtime/Cache/Admin/81859317836b157d1bd41ebfea9ca286.php 第 174 行.
NOTIC: [8] Use of undefined constant 已支付 - assumed '已支付' /mnt/tpchat/Application/Runtime/Cache/Admin/81859317836b157d1bd41ebfea9ca286.php 第 174 行.
NOTIC: [8] Use of undefined constant 已支付 - assumed '已支付' /mnt/tpchat/Application/Runtime/Cache/Admin/81859317836b157d1bd41ebfea9ca286.php 第 174 行.
NOTIC: [8] Use of undefined constant 已支付 - assumed '已支付' /mnt/tpchat/Application/Runtime/Cache/Admin/81859317836b157d1bd41ebfea9ca286.php 第 174 行.
NOTIC: [8] Use of undefined constant 已支付 - assumed '已支付' /mnt/tpchat/Application/Runtime/Cache/Admin/81859317836b157d1bd41ebfea9ca286.php 第 174 行.
INFO: Run Behavior\ParseTemplateBehavior [ RunTime:0.006415s ]
INFO: [ view_parse ] --END-- [ RunTime:0.006471s ]
INFO: [ view_filter ] --START--
INFO: Run Behavior\WriteHtmlCacheBehavior [ RunTime:0.000050s ]
INFO: [ view_filter ] --END-- [ RunTime:0.000096s ]
INFO: [ app_end ] --START--
INFO: Run Behavior\ShowPageTraceBehavior [ RunTime:0.000051s ]
INFO: [ app_end ] --END-- [ RunTime:0.000104s ]

[ 2017-09-08T13:34:25+08:00 ] 117.118.2.141 /tpchat/index.php/Admin/Admin/index
INFO: [ app_init ] --START--
INFO: Run Behavior\BuildLiteBehavior [ RunTime:0.000016s ]
INFO: [ app_init ] --END-- [ RunTime:0.000113s ]
INFO: [ app_begin ] --START--
INFO: Run Behavior\ReadHtmlCacheBehavior [ RunTime:0.000052s ]
INFO: [ app_begin ] --END-- [ RunTime:0.000105s ]
SQL: SHOW COLUMNS FROM `admin` [ RunTime:0.0006s ]
SQL: SELECT * FROM `admin`  [ RunTime:0.0002s ]
INFO: [ view_parse ] --START--
INFO: [ template_filter ] --START--
INFO: Run Behavior\ContentReplaceBehavior [ RunTime:0.000060s ]
INFO: [ template_filter ] --END-- [ RunTime:0.000140s ]
NOTIC: [8] Undefined index: role /mnt/tpchat/Application/Runtime/Cache/Admin/b682812e058c4f7cab74d08ab9eabe11.php 第 157 行.
NOTIC: [8] Undefined variable: page /mnt/tpchat/Application/Runtime/Cache/Admin/b682812e058c4f7cab74d08ab9eabe11.php 第 172 行.
INFO: Run Behavior\ParseTemplateBehavior [ RunTime:0.020578s ]
INFO: [ view_parse ] --END-- [ RunTime:0.020632s ]
INFO: [ view_filter ] --START--
INFO: Run Behavior\WriteHtmlCacheBehavior [ RunTime:0.000051s ]
INFO: [ view_filter ] --END-- [ RunTime:0.000098s ]
INFO: [ app_end ] --START--
INFO: Run Behavior\ShowPageTraceBehavior [ RunTime:0.000049s ]
INFO: [ app_end ] --END-- [ RunTime:0.000096s ]

[ 2017-09-08T13:34:25+08:00 ] 117.118.2.141 /tpchat/index.php/Admin/Trade/index
INFO: [ app_init ] --START--
INFO: Run Behavior\BuildLiteBehavior [ RunTime:0.000015s ]
INFO: [ app_init ] --END-- [ RunTime:0.000119s ]
INFO: [ app_begin ] --START--
INFO: Run Behavior\ReadHtmlCacheBehavior [ RunTime:0.000062s ]
INFO: [ app_begin ] --END-- [ RunTime:0.000116s ]
SQL: SHOW COLUMNS FROM `trade` [ RunTime:0.0007s ]
SQL: SELECT COUNT(*) AS tp_count FROM `trade` LIMIT 1   [ RunTime:0.0002s ]
SQL: SELECT*
                            FROM  `trade`  a

                            INNER JOIN `user` b

                            WHERE  a.openid=b.openid
                             LIMIT 0,5 [ RunTime:0.0004s ]
INFO: [ view_parse ] --START--
INFO: [ template_filter ] --START--
INFO: Run Behavior\ContentReplaceBehavior [ RunTime:0.000071s ]
INFO: [ template_filter ] --END-- [ RunTime:0.000135s ]
NOTIC: [8] Undefined variable: count /mnt/tpchat/Application/Runtime/Cache/Admin/81859317836b157d1bd41ebfea9ca286.php 第 122 行.
NOTIC: [8] Use of undefined constant 已支付 - assumed '已支付' /mnt/tpchat/Application/Runtime/Cache/Admin/81859317836b157d1bd41ebfea9ca286.php 第 174 行.
NOTIC: [8] Use of undefined constant 已支付 - assumed '已支付' /mnt/tpchat/Application/Runtime/Cache/Admin/81859317836b157d1bd41ebfea9ca286.php 第 174 行.
NOTIC: [8] Use of undefined constant 已支付 - assumed '已支付' /mnt/tpchat/Application/Runtime/Cache/Admin/81859317836b157d1bd41ebfea9ca286.php 第 174 行.
NOTIC: [8] Use of undefined constant 已支付 - assumed '已支付' /mnt/tpchat/Application/Runtime/Cache/Admin/81859317836b157d1bd41ebfea9ca286.php 第 174 行.
NOTIC: [8] Use of undefined constant 已支付 - assumed '已支付' /mnt/tpchat/Application/Runtime/Cache/Admin/81859317836b157d1bd41ebfea9ca286.php 第 174 行.
INFO: Run Behavior\ParseTemplateBehavior [ RunTime:0.006200s ]
INFO: [ view_parse ] --END-- [ RunTime:0.006259s ]
INFO: [ view_filter ] --START--
INFO: Run Behavior\WriteHtmlCacheBehavior [ RunTime:0.000050s ]
INFO: [ view_filter ] --END-- [ RunTime:0.000095s ]
INFO: [ app_end ] --START--
INFO: Run Behavior\ShowPageTraceBehavior [ RunTime:0.000052s ]
INFO: [ app_end ] --END-- [ RunTime:0.000105s ]

[ 2017-09-08T13:34:54+08:00 ] 117.118.2.141 /tpchat/index.php/Admin/Course/index
INFO: [ app_init ] --START--
INFO: Run Behavior\BuildLiteBehavior [ RunTime:0.000024s ]
INFO: [ app_init ] --END-- [ RunTime:0.000195s ]
INFO: [ app_begin ] --START--
INFO: Run Behavior\ReadHtmlCacheBehavior [ RunTime:0.000086s ]
INFO: [ app_begin ] --END-- [ RunTime:0.000181s ]
SQL: SHOW COLUMNS FROM `course` [ RunTime:0.0009s ]
SQL: SHOW COLUMNS FROM `evidence` [ RunTime:0.0005s ]
SQL: SELECT * FROM `evidence`  [ RunTime:0.0002s ]
SQL: SHOW COLUMNS FROM `trade` [ RunTime:0.0004s ]
SQL: SELECT * FROM `trade`  [ RunTime:0.0002s ]
SQL: UPDATE `evidence` SET `course_id`='14' WHERE `evidence` = 'SKGVKKOQKkk2mp4f' [ RunTime:0.0097s ]
SQL: UPDATE `evidence` SET `course_id`='14' WHERE `evidence` = 'vgdwXfLVSCToTlco' [ RunTime:0.0046s ]
SQL: UPDATE `evidence` SET `course_id`='13' WHERE `evidence` = 'qyUEqXUwMAPmWvEg' [ RunTime:0.0062s ]
SQL: UPDATE `evidence` SET `course_id`='13' WHERE `evidence` = 'L87V4LadV7kosPbd' [ RunTime:0.0058s ]
SQL: UPDATE `evidence` SET `course_id`='13' WHERE `evidence` = 'dPYfOHQEQeUbOH1y' [ RunTime:0.0060s ]
SQL: UPDATE `evidence` SET `course_id`='13' WHERE `evidence` = 'a75miQzGuVZGdaPu' [ RunTime:0.0052s ]
SQL: UPDATE `evidence` SET `course_id`='13' WHERE `evidence` = 'XuCnJBMTiZstshtA' [ RunTime:0.0052s ]
SQL: UPDATE `evidence` SET `course_id`='13' WHERE `evidence` = '20OIy8ExKX6YF8KQ' [ RunTime:0.0056s ]
SQL: UPDATE `evidence` SET `course_id`='13' WHERE `evidence` = 'FOFWMhdPmp8KTFUE' [ RunTime:0.0318s ]
SQL: UPDATE `evidence` SET `course_id`='13' WHERE `evidence` = 'V0YQQK7kznfrTbmQ' [ RunTime:0.0078s ]
SQL: UPDATE `evidence` SET `course_id`='13' WHERE `evidence` = '1fPnmd5RC32GOlGE' [ RunTime:0.0048s ]
SQL: UPDATE `evidence` SET `course_id`='12' WHERE `evidence` = 'micFUl8gqdmmqIDQ' [ RunTime:0.0103s ]
SQL: UPDATE `evidence` SET `course_id`='12' WHERE `evidence` = 'ODSAOBl5Eu4CXHxw' [ RunTime:0.0061s ]
SQL: UPDATE `evidence` SET `course_id`='12' WHERE `evidence` = 'uOUVVezdKPwky8nK' [ RunTime:0.0063s ]
SQL: UPDATE `evidence` SET `course_id`='12' WHERE `evidence` = 'M6WDGqvXTdGLp7U1' [ RunTime:0.0055s ]
SQL: UPDATE `evidence` SET `course_id`='12' WHERE `evidence` = '0v7Fc64bGZ2WiW0n' [ RunTime:0.0065s ]
INFO: [ view_parse ] --START--
INFO: [ template_filter ] --START--
INFO: Run Behavior\ContentReplaceBehavior [ RunTime:0.000083s ]
INFO: [ template_filter ] --END-- [ RunTime:0.000165s ]
NOTIC: [8] Undefined variable: count /mnt/tpchat/Application/Runtime/Cache/Admin/0a118b67613e888354da043b45de67d3.php 第 171 行.
NOTIC: [8] Undefined variable: data /mnt/tpchat/Application/Runtime/Cache/Admin/0a118b67613e888354da043b45de67d3.php 第 240 行.
INFO: Run Behavior\ParseTemplateBehavior [ RunTime:0.007492s ]
INFO: [ view_parse ] --END-- [ RunTime:0.007555s ]
INFO: [ view_filter ] --START--
INFO: Run Behavior\WriteHtmlCacheBehavior [ RunTime:0.000059s ]
INFO: [ view_filter ] --END-- [ RunTime:0.000104s ]
INFO: [ app_end ] --START--
INFO: Run Behavior\ShowPageTraceBehavior [ RunTime:0.000070s ]
INFO: [ app_end ] --END-- [ RunTime:0.000155s ]

[ 2017-09-08T13:37:53+08:00 ] 117.118.2.141 /tpchat/index.php/Admin/Trade/index
INFO: [ app_init ] --START--
INFO: Run Behavior\BuildLiteBehavior [ RunTime:0.000015s ]
INFO: [ app_init ] --END-- [ RunTime:0.000123s ]
INFO: [ app_begin ] --START--
INFO: Run Behavior\ReadHtmlCacheBehavior [ RunTime:0.000050s ]
INFO: [ app_begin ] --END-- [ RunTime:0.000102s ]
ERR: 无法加载控制器:Trade

[ 2017-09-08T13:37:53+08:00 ] 117.118.2.141 /tpchat/index.php/Admin/Course/index
INFO: [ app_init ] --START--
INFO: Run Behavior\BuildLiteBehavior [ RunTime:0.000015s ]
INFO: [ app_init ] --END-- [ RunTime:0.000129s ]
INFO: [ app_begin ] --START--
INFO: Run Behavior\ReadHtmlCacheBehavior [ RunTime:0.000053s ]
INFO: [ app_begin ] --END-- [ RunTime:0.000110s ]
ERR: 无法加载控制器:Course

[ 2017-09-08T13:37:54+08:00 ] 117.118.2.141 /tpchat/index.php/Admin/Trade/index
INFO: [ app_init ] --START--
INFO: Run Behavior\BuildLiteBehavior [ RunTime:0.000015s ]
INFO: [ app_init ] --END-- [ RunTime:0.000113s ]
INFO: [ app_begin ] --START--
INFO: Run Behavior\ReadHtmlCacheBehavior [ RunTime:0.000053s ]
INFO: [ app_begin ] --END-- [ RunTime:0.000105s ]
ERR: 无法加载控制器:Trade

[ 2017-09-08T13:37:54+08:00 ] 117.118.2.141 /tpchat/index.php/Admin/Course/index
INFO: [ app_init ] --START--
INFO: Run Behavior\BuildLiteBehavior [ RunTime:0.000023s ]
INFO: [ app_init ] --END-- [ RunTime:0.000173s ]
INFO: [ app_begin ] --START--
INFO: Run Behavior\ReadHtmlCacheBehavior [ RunTime:0.000077s ]
INFO: [ app_begin ] --END-- [ RunTime:0.000186s ]
ERR: 无法加载控制器:Course

[ 2017-09-08T13:37:55+08:00 ] 117.118.2.141 /tpchat/index.php/Admin/Trade/index
INFO: [ app_init ] --START--
INFO: Run Behavior\BuildLiteBehavior [ RunTime:0.000014s ]
INFO: [ app_init ] --END-- [ RunTime:0.000115s ]
INFO: [ app_begin ] --START--
INFO: Run Behavior\ReadHtmlCacheBehavior [ RunTime:0.000049s ]
INFO: [ app_begin ] --END-- [ RunTime:0.000103s ]
ERR: 无法加载控制器:Trade

[ 2017-09-08T13:37:55+08:00 ] 117.118.2.141 /tpchat/index.php/Admin/Course/index
INFO: [ app_init ] --START--
INFO: Run Behavior\BuildLiteBehavior [ RunTime:0.000015s ]
INFO: [ app_init ] --END-- [ RunTime:0.000112s ]
INFO: [ app_begin ] --START--
INFO: Run Behavior\ReadHtmlCacheBehavior [ RunTime:0.000052s ]
INFO: [ app_begin ] --END-- [ RunTime:0.000120s ]
ERR: 无法加载控制器:Course

[ 2017-09-08T13:38:21+08:00 ] 117.118.2.141 /tpchat/index.php/Admin/Trade/index
INFO: [ app_init ] --START--
INFO: Run Behavior\BuildLiteBehavior [ RunTime:0.000021s ]
INFO: [ app_init ] --END-- [ RunTime:0.000160s ]
INFO: [ app_begin ] --START--
INFO: Run Behavior\ReadHtmlCacheBehavior [ RunTime:0.000052s ]
INFO: [ app_begin ] --END-- [ RunTime:0.000104s ]
SQL: SHOW COLUMNS FROM `trade` [ RunTime:0.0008s ]
SQL: SELECT COUNT(*) AS tp_count FROM `trade` LIMIT 1   [ RunTime:0.0002s ]
SQL: SELECT*
                            FROM  `trade`  a

                            INNER JOIN `user` b

                            WHERE  a.openid=b.openid
                             LIMIT 0,5 [ RunTime:0.0004s ]
INFO: [ view_parse ] --START--
INFO: [ template_filter ] --START--
INFO: Run Behavior\ContentReplaceBehavior [ RunTime:0.000090s ]
INFO: [ template_filter ] --END-- [ RunTime:0.000167s ]
NOTIC: [8] Undefined variable: count /mnt/tpchat/Application/Runtime/Cache/Admin/81859317836b157d1bd41ebfea9ca286.php 第 122 行.
NOTIC: [8] Use of undefined constant 已支付 - assumed '已支付' /mnt/tpchat/Application/Runtime/Cache/Admin/81859317836b157d1bd41ebfea9ca286.php 第 174 行.
NOTIC: [8] Use of undefined constant 已支付 - assumed '已支付' /mnt/tpchat/Application/Runtime/Cache/Admin/81859317836b157d1bd41ebfea9ca286.php 第 174 行.
NOTIC: [8] Use of undefined constant 已支付 - assumed '已支付' /mnt/tpchat/Application/Runtime/Cache/Admin/81859317836b157d1bd41ebfea9ca286.php 第 174 行.
NOTIC: [8] Use of undefined constant 已支付 - assumed '已支付' /mnt/tpchat/Application/Runtime/Cache/Admin/81859317836b157d1bd41ebfea9ca286.php 第 174 行.
NOTIC: [8] Use of undefined constant 已支付 - assumed '已支付' /mnt/tpchat/Application/Runtime/Cache/Admin/81859317836b157d1bd41ebfea9ca286.php 第 174 行.
INFO: Run Behavior\ParseTemplateBehavior [ RunTime:0.006279s ]
INFO: [ view_parse ] --END-- [ RunTime:0.006363s ]
INFO: [ view_filter ] --START--
INFO: Run Behavior\WriteHtmlCacheBehavior [ RunTime:0.000072s ]
INFO: [ view_filter ] --END-- [ RunTime:0.000124s ]
INFO: [ app_end ] --START--
INFO: Run Behavior\ShowPageTraceBehavior [ RunTime:0.000052s ]
INFO: [ app_end ] --END-- [ RunTime:0.000105s ]

[ 2017-09-08T13:38:29+08:00 ] 117.118.2.141 /tpchat/index.php/Admin/Course/index
INFO: [ app_init ] --START--
INFO: Run Behavior\BuildLiteBehavior [ RunTime:0.000014s ]
INFO: [ app_init ] --END-- [ RunTime:0.000113s ]
INFO: [ app_begin ] --START--
INFO: Run Behavior\ReadHtmlCacheBehavior [ RunTime:0.000051s ]
INFO: [ app_begin ] --END-- [ RunTime:0.000102s ]
SQL: SHOW COLUMNS FROM `course` [ RunTime:0.0007s ]
SQL: SELECT * FROM `course`  [ RunTime:0.0003s ]
INFO: [ view_parse ] --START--
INFO: [ template_filter ] --START--
INFO: Run Behavior\ContentReplaceBehavior [ RunTime:0.000073s ]
INFO: [ template_filter ] --END-- [ RunTime:0.000137s ]
INFO: Run Behavior\ParseTemplateBehavior [ RunTime:0.007316s ]
INFO: [ view_parse ] --END-- [ RunTime:0.007389s ]
INFO: [ view_filter ] --START--
INFO: Run Behavior\WriteHtmlCacheBehavior [ RunTime:0.000052s ]
INFO: [ view_filter ] --END-- [ RunTime:0.000098s ]
INFO: [ app_end ] --START--
INFO: Run Behavior\ShowPageTraceBehavior [ RunTime:0.000059s ]
INFO: [ app_end ] --END-- [ RunTime:0.000131s ]

[ 2017-09-08T13:38:29+08:00 ] 117.118.2.141 /tpchat/index.php/Admin/Trade/index
INFO: [ app_init ] --START--
INFO: Run Behavior\BuildLiteBehavior [ RunTime:0.000014s ]
INFO: [ app_init ] --END-- [ RunTime:0.000114s ]
INFO: [ app_begin ] --START--
INFO: Run Behavior\ReadHtmlCacheBehavior [ RunTime:0.000052s ]
INFO: [ app_begin ] --END-- [ RunTime:0.000106s ]
SQL: SHOW COLUMNS FROM `trade` [ RunTime:0.0007s ]
SQL: SELECT COUNT(*) AS tp_count FROM `trade` LIMIT 1   [ RunTime:0.0002s ]
SQL: SELECT*
                            FROM  `trade`  a

                            INNER JOIN `user` b

                            WHERE  a.openid=b.openid
                             LIMIT 0,5 [ RunTime:0.0004s ]
INFO: [ view_parse ] --START--
INFO: [ template_filter ] --START--
INFO: Run Behavior\ContentReplaceBehavior [ RunTime:0.000071s ]
INFO: [ template_filter ] --END-- [ RunTime:0.000132s ]
NOTIC: [8] Undefined variable: count /mnt/tpchat/Application/Runtime/Cache/Admin/81859317836b157d1bd41ebfea9ca286.php 第 122 行.
NOTIC: [8] Use of undefined constant 已支付 - assumed '已支付' /mnt/tpchat/Application/Runtime/Cache/Admin/81859317836b157d1bd41ebfea9ca286.php 第 174 行.
NOTIC: [8] Use of undefined constant 已支付 - assumed '已支付' /mnt/tpchat/Application/Runtime/Cache/Admin/81859317836b157d1bd41ebfea9ca286.php 第 174 行.
NOTIC: [8] Use of undefined constant 已支付 - assumed '已支付' /mnt/tpchat/Application/Runtime/Cache/Admin/81859317836b157d1bd41ebfea9ca286.php 第 174 行.
NOTIC: [8] Use of undefined constant 已支付 - assumed '已支付' /mnt/tpchat/Application/Runtime/Cache/Admin/81859317836b157d1bd41ebfea9ca286.php 第 174 行.
NOTIC: [8] Use of undefined constant 已支付 - assumed '已支付' /mnt/tpchat/Application/Runtime/Cache/Admin/81859317836b157d1bd41ebfea9ca286.php 第 174 行.
INFO: Run Behavior\ParseTemplateBehavior [ RunTime:0.006074s ]
INFO: [ view_parse ] --END-- [ RunTime:0.006130s ]
INFO: [ view_filter ] --START--
INFO: Run Behavior\WriteHtmlCacheBehavior [ RunTime:0.000047s ]
INFO: [ view_filter ] --END-- [ RunTime:0.000094s ]
INFO: [ app_end ] --START--
INFO: Run Behavior\ShowPageTraceBehavior [ RunTime:0.000052s ]
INFO: [ app_end ] --END-- [ RunTime:0.000105s ]

[ 2017-09-08T13:38:30+08:00 ] 117.118.2.141 /tpchat/index.php/Admin/Course/index
INFO: [ app_init ] --START--
INFO: Run Behavior\BuildLiteBehavior [ RunTime:0.000016s ]
INFO: [ app_init ] --END-- [ RunTime:0.000117s ]
INFO: [ app_begin ] --START--
INFO: Run Behavior\ReadHtmlCacheBehavior [ RunTime:0.000050s ]
INFO: [ app_begin ] --END-- [ RunTime:0.000101s ]
SQL: SHOW COLUMNS FROM `course` [ RunTime:0.0007s ]
SQL: SELECT * FROM `course`  [ RunTime:0.0003s ]
INFO: [ view_parse ] --START--
INFO: [ template_filter ] --START--
INFO: Run Behavior\ContentReplaceBehavior [ RunTime:0.000070s ]
INFO: [ template_filter ] --END-- [ RunTime:0.000130s ]
INFO: Run Behavior\ParseTemplateBehavior [ RunTime:0.006620s ]
INFO: [ view_parse ] --END-- [ RunTime:0.006682s ]
INFO: [ view_filter ] --START--
INFO: Run Behavior\WriteHtmlCacheBehavior [ RunTime:0.000049s ]
INFO: [ view_filter ] --END-- [ RunTime:0.000095s ]
INFO: [ app_end ] --START--
INFO: Run Behavior\ShowPageTraceBehavior [ RunTime:0.000052s ]
INFO: [ app_end ] --END-- [ RunTime:0.000106s ]

