[ 2017-09-03T08:30:29+08:00 ] 140.207.54.76 /tpchat/index.php/home/?signature=5a3f1be5051bd683970196e59dff439db8160e62&timestamp=1504398628&nonce=1908335657&openid=oAdCq016X8Hgd9iVKRk6Ob-r-sNU
INFO: [ app_init ] --START--
INFO: Run Behavior\BuildLiteBehavior [ RunTime:0.000023s ]
INFO: [ app_init ] --END-- [ RunTime:0.000209s ]
INFO: [ app_begin ] --START--
INFO: Run Behavior\ReadHtmlCacheBehavior [ RunTime:0.000102s ]
INFO: [ app_begin ] --END-- [ RunTime:0.000197s ]
INFO: [ app_end ] --START--
INFO: Run Behavior\ShowPageTraceBehavior [ RunTime:0.000080s ]
INFO: [ app_end ] --END-- [ RunTime:0.000181s ]

[ 2017-09-03T08:30:31+08:00 ] 140.207.54.76 /tpchat/index.php/home/?signature=c32a1fa43d29f459cc9943366927c076c80fcdaf&timestamp=1504398631&nonce=1016513470&openid=oAdCq016X8Hgd9iVKRk6Ob-r-sNU
INFO: [ app_init ] --START--
INFO: Run Behavior\BuildLiteBehavior [ RunTime:0.000016s ]
INFO: [ app_init ] --END-- [ RunTime:0.000124s ]
INFO: [ app_begin ] --START--
INFO: Run Behavior\ReadHtmlCacheBehavior [ RunTime:0.000046s ]
INFO: [ app_begin ] --END-- [ RunTime:0.000098s ]
INFO: [ app_end ] --START--
INFO: Run Behavior\ShowPageTraceBehavior [ RunTime:0.000051s ]
INFO: [ app_end ] --END-- [ RunTime:0.000104s ]

[ 2017-09-03T08:31:12+08:00 ] 111.161.57.68 /tpchat/index.php/home/jspay?trade_id=76
INFO: [ app_init ] --START--
INFO: Run Behavior\BuildLiteBehavior [ RunTime:0.000014s ]
INFO: [ app_init ] --END-- [ RunTime:0.000112s ]
INFO: [ app_begin ] --START--
INFO: Run Behavior\ReadHtmlCacheBehavior [ RunTime:0.000050s ]
INFO: [ app_begin ] --END-- [ RunTime:0.000101s ]
NOTIC: [2] fopen(../logs/2017-09-03.log): failed to open stream: No such file or directory /mnt/tpchat/ThinkPHP/Library/Vendor/Wechat/log.php 第 16 行.

[ 2017-09-03T08:31:14+08:00 ] 111.161.57.68 /tpchat/index.php/home/jspay?trade_id=76trade_id=76&code=021c3mdR01NgDb2Oo2cR099zdR0c3mdu&state=STATE
INFO: [ app_init ] --START--
INFO: Run Behavior\BuildLiteBehavior [ RunTime:0.000015s ]
INFO: [ app_init ] --END-- [ RunTime:0.000113s ]
INFO: [ app_begin ] --START--
INFO: Run Behavior\ReadHtmlCacheBehavior [ RunTime:0.000054s ]
INFO: [ app_begin ] --END-- [ RunTime:0.000124s ]
NOTIC: [2] fopen(../logs/2017-09-03.log): failed to open stream: No such file or directory /mnt/tpchat/ThinkPHP/Library/Vendor/Wechat/log.php 第 16 行.
NOTIC: [8] Undefined property: JsApiPay::$curl_timeout /mnt/tpchat/ThinkPHP/Library/Vendor/Wechat/WxPayJsApiPay.php 第 99 行.
SQL: SHOW COLUMNS FROM `trade` [ RunTime:0.0008s ]
SQL: SELECT * FROM `trade` WHERE `trade_id` = 76 LIMIT 1   [ RunTime:0.0003s ]
INFO: [ view_parse ] --START--
INFO: [ template_filter ] --START--
INFO: Run Behavior\ContentReplaceBehavior [ RunTime:0.000065s ]
INFO: [ template_filter ] --END-- [ RunTime:0.000170s ]
INFO: Run Behavior\ParseTemplateBehavior [ RunTime:0.010238s ]
INFO: [ view_parse ] --END-- [ RunTime:0.010342s ]
INFO: [ view_filter ] --START--
INFO: Run Behavior\WriteHtmlCacheBehavior [ RunTime:0.000057s ]
INFO: [ view_filter ] --END-- [ RunTime:0.000104s ]
INFO: [ app_end ] --START--
INFO: Run Behavior\ShowPageTraceBehavior [ RunTime:0.000054s ]
INFO: [ app_end ] --END-- [ RunTime:0.000114s ]

[ 2017-09-03T08:31:18+08:00 ] 123.151.138.100 /tpchat/index.php/home/jspay?trade_id=77
INFO: [ app_init ] --START--
INFO: Run Behavior\BuildLiteBehavior [ RunTime:0.000016s ]
INFO: [ app_init ] --END-- [ RunTime:0.000155s ]
INFO: [ app_begin ] --START--
INFO: Run Behavior\ReadHtmlCacheBehavior [ RunTime:0.000052s ]
INFO: [ app_begin ] --END-- [ RunTime:0.000102s ]
NOTIC: [2] fopen(../logs/2017-09-03.log): failed to open stream: No such file or directory /mnt/tpchat/ThinkPHP/Library/Vendor/Wechat/log.php 第 16 行.

[ 2017-09-03T08:31:19+08:00 ] 123.151.138.100 /tpchat/index.php/home/jspay?trade_id=77trade_id=77&code=081v9YhX1b0grW0gILjX1DpdiX1v9Yhy&state=STATE
INFO: [ app_init ] --START--
INFO: Run Behavior\BuildLiteBehavior [ RunTime:0.000018s ]
INFO: [ app_init ] --END-- [ RunTime:0.000138s ]
INFO: [ app_begin ] --START--
INFO: Run Behavior\ReadHtmlCacheBehavior [ RunTime:0.000051s ]
INFO: [ app_begin ] --END-- [ RunTime:0.000103s ]
NOTIC: [2] fopen(../logs/2017-09-03.log): failed to open stream: No such file or directory /mnt/tpchat/ThinkPHP/Library/Vendor/Wechat/log.php 第 16 行.
NOTIC: [8] Undefined property: JsApiPay::$curl_timeout /mnt/tpchat/ThinkPHP/Library/Vendor/Wechat/WxPayJsApiPay.php 第 99 行.
SQL: SHOW COLUMNS FROM `trade` [ RunTime:0.0008s ]
SQL: SELECT * FROM `trade` WHERE `trade_id` = 77 LIMIT 1   [ RunTime:0.0003s ]
INFO: [ view_parse ] --START--
INFO: [ template_filter ] --START--
INFO: Run Behavior\ContentReplaceBehavior [ RunTime:0.000053s ]
INFO: [ template_filter ] --END-- [ RunTime:0.000121s ]
INFO: Run Behavior\ParseTemplateBehavior [ RunTime:0.002523s ]
INFO: [ view_parse ] --END-- [ RunTime:0.002598s ]
INFO: [ view_filter ] --START--
INFO: Run Behavior\WriteHtmlCacheBehavior [ RunTime:0.000046s ]
INFO: [ view_filter ] --END-- [ RunTime:0.000092s ]
INFO: [ app_end ] --START--
INFO: Run Behavior\ShowPageTraceBehavior [ RunTime:0.000048s ]
INFO: [ app_end ] --END-- [ RunTime:0.000101s ]

[ 2017-09-03T08:31:19+08:00 ] 123.151.138.100 /tpchat/index.php/home/jspay?trade_id=77trade_id=77&code=08126D5o1MWwYk0ocl7o1XaQ5o126D5o&state=STATE
INFO: [ app_init ] --START--
INFO: Run Behavior\BuildLiteBehavior [ RunTime:0.000014s ]
INFO: [ app_init ] --END-- [ RunTime:0.000111s ]
INFO: [ app_begin ] --START--
INFO: Run Behavior\ReadHtmlCacheBehavior [ RunTime:0.000050s ]
INFO: [ app_begin ] --END-- [ RunTime:0.000103s ]
NOTIC: [2] fopen(../logs/2017-09-03.log): failed to open stream: No such file or directory /mnt/tpchat/ThinkPHP/Library/Vendor/Wechat/log.php 第 16 行.
NOTIC: [8] Undefined property: JsApiPay::$curl_timeout /mnt/tpchat/ThinkPHP/Library/Vendor/Wechat/WxPayJsApiPay.php 第 99 行.
SQL: SHOW COLUMNS FROM `trade` [ RunTime:0.0007s ]
SQL: SELECT * FROM `trade` WHERE `trade_id` = 77 LIMIT 1   [ RunTime:0.0003s ]
INFO: [ view_parse ] --START--
INFO: [ template_filter ] --START--
INFO: Run Behavior\ContentReplaceBehavior [ RunTime:0.000053s ]
INFO: [ template_filter ] --END-- [ RunTime:0.000123s ]
INFO: Run Behavior\ParseTemplateBehavior [ RunTime:0.002558s ]
INFO: [ view_parse ] --END-- [ RunTime:0.002650s ]
INFO: [ view_filter ] --START--
INFO: Run Behavior\WriteHtmlCacheBehavior [ RunTime:0.000046s ]
INFO: [ view_filter ] --END-- [ RunTime:0.000106s ]
INFO: [ app_end ] --START--
INFO: Run Behavior\ShowPageTraceBehavior [ RunTime:0.000050s ]
INFO: [ app_end ] --END-- [ RunTime:0.000099s ]

[ 2017-09-03T08:31:19+08:00 ] 123.151.138.100 /tpchat/index.php/home/jspay?trade_id=77trade_id=77&code=021JRRuu0lIfBe1YbZru0PkYuu0JRRuO&state=STATE
INFO: [ app_init ] --START--
INFO: Run Behavior\BuildLiteBehavior [ RunTime:0.000015s ]
INFO: [ app_init ] --END-- [ RunTime:0.000111s ]
INFO: [ app_begin ] --START--
INFO: Run Behavior\ReadHtmlCacheBehavior [ RunTime:0.000049s ]
INFO: [ app_begin ] --END-- [ RunTime:0.000100s ]
NOTIC: [2] fopen(../logs/2017-09-03.log): failed to open stream: No such file or directory /mnt/tpchat/ThinkPHP/Library/Vendor/Wechat/log.php 第 16 行.
NOTIC: [8] Undefined property: JsApiPay::$curl_timeout /mnt/tpchat/ThinkPHP/Library/Vendor/Wechat/WxPayJsApiPay.php 第 99 行.
SQL: SHOW COLUMNS FROM `trade` [ RunTime:0.0007s ]
SQL: SELECT * FROM `trade` WHERE `trade_id` = 77 LIMIT 1   [ RunTime:0.0003s ]
INFO: [ view_parse ] --START--
INFO: [ template_filter ] --START--
INFO: Run Behavior\ContentReplaceBehavior [ RunTime:0.000055s ]
INFO: [ template_filter ] --END-- [ RunTime:0.000127s ]
INFO: Run Behavior\ParseTemplateBehavior [ RunTime:0.002499s ]
INFO: [ view_parse ] --END-- [ RunTime:0.002588s ]
INFO: [ view_filter ] --START--
INFO: Run Behavior\WriteHtmlCacheBehavior [ RunTime:0.000049s ]
INFO: [ view_filter ] --END-- [ RunTime:0.000097s ]
INFO: [ app_end ] --START--
INFO: Run Behavior\ShowPageTraceBehavior [ RunTime:0.000047s ]
INFO: [ app_end ] --END-- [ RunTime:0.000094s ]

[ 2017-09-03T08:31:22+08:00 ] 117.185.27.113 /tpchat/index.php/home/jspay?trade_id=76
INFO: [ app_init ] --START--
INFO: Run Behavior\BuildLiteBehavior [ RunTime:0.000014s ]
INFO: [ app_init ] --END-- [ RunTime:0.000112s ]
INFO: [ app_begin ] --START--
INFO: Run Behavior\ReadHtmlCacheBehavior [ RunTime:0.000052s ]
INFO: [ app_begin ] --END-- [ RunTime:0.000104s ]
NOTIC: [2] fopen(../logs/2017-09-03.log): failed to open stream: No such file or directory /mnt/tpchat/ThinkPHP/Library/Vendor/Wechat/log.php 第 16 行.

[ 2017-09-03T08:31:28+08:00 ] 117.185.27.113 /tpchat/index.php/home/jspay?trade_id=77trade_id=77
INFO: [ app_init ] --START--
INFO: Run Behavior\BuildLiteBehavior [ RunTime:0.000022s ]
INFO: [ app_init ] --END-- [ RunTime:0.000174s ]
INFO: [ app_begin ] --START--
INFO: Run Behavior\ReadHtmlCacheBehavior [ RunTime:0.000075s ]
INFO: [ app_begin ] --END-- [ RunTime:0.000156s ]
NOTIC: [2] fopen(../logs/2017-09-03.log): failed to open stream: No such file or directory /mnt/tpchat/ThinkPHP/Library/Vendor/Wechat/log.php 第 16 行.

[ 2017-09-03T08:31:28+08:00 ] 123.151.138.100 /tpchat/index.php/home/jspay?trade_id=77trade_id=77&code=021hsZgp0AfxJs1vSAjp0Id6hp0hsZgi&state=STATE
INFO: [ app_init ] --START--
INFO: Run Behavior\BuildLiteBehavior [ RunTime:0.000015s ]
INFO: [ app_init ] --END-- [ RunTime:0.000304s ]
INFO: [ app_begin ] --START--
INFO: Run Behavior\ReadHtmlCacheBehavior [ RunTime:0.000065s ]
INFO: [ app_begin ] --END-- [ RunTime:0.000178s ]
NOTIC: [2] fopen(../logs/2017-09-03.log): failed to open stream: No such file or directory /mnt/tpchat/ThinkPHP/Library/Vendor/Wechat/log.php 第 16 行.
NOTIC: [8] Undefined property: JsApiPay::$curl_timeout /mnt/tpchat/ThinkPHP/Library/Vendor/Wechat/WxPayJsApiPay.php 第 99 行.
SQL: SHOW COLUMNS FROM `trade` [ RunTime:0.0007s ]
SQL: SELECT * FROM `trade` WHERE `trade_id` = 77 LIMIT 1   [ RunTime:0.0004s ]
INFO: [ view_parse ] --START--
INFO: [ template_filter ] --START--
INFO: Run Behavior\ContentReplaceBehavior [ RunTime:0.000053s ]
INFO: [ template_filter ] --END-- [ RunTime:0.000119s ]
INFO: Run Behavior\ParseTemplateBehavior [ RunTime:0.002385s ]
INFO: [ view_parse ] --END-- [ RunTime:0.002465s ]
INFO: [ view_filter ] --START--
INFO: Run Behavior\WriteHtmlCacheBehavior [ RunTime:0.000046s ]
INFO: [ view_filter ] --END-- [ RunTime:0.000091s ]
INFO: [ app_end ] --START--
INFO: Run Behavior\ShowPageTraceBehavior [ RunTime:0.000048s ]
INFO: [ app_end ] --END-- [ RunTime:0.000095s ]

[ 2017-09-03T08:31:33+08:00 ] 123.151.138.100 /tpchat/index.php/home/result
INFO: [ app_init ] --START--
INFO: Run Behavior\BuildLiteBehavior [ RunTime:0.000015s ]
INFO: [ app_init ] --END-- [ RunTime:0.000113s ]
INFO: [ app_begin ] --START--
INFO: Run Behavior\ReadHtmlCacheBehavior [ RunTime:0.000050s ]
INFO: [ app_begin ] --END-- [ RunTime:0.000101s ]
INFO: [ view_parse ] --START--
INFO: [ template_filter ] --START--
INFO: Run Behavior\ContentReplaceBehavior [ RunTime:0.000083s ]
INFO: [ template_filter ] --END-- [ RunTime:0.000182s ]
INFO: Run Behavior\ParseTemplateBehavior [ RunTime:0.008386s ]
INFO: [ view_parse ] --END-- [ RunTime:0.008474s ]
INFO: [ view_filter ] --START--
INFO: Run Behavior\WriteHtmlCacheBehavior [ RunTime:0.000049s ]
INFO: [ view_filter ] --END-- [ RunTime:0.000094s ]
INFO: [ app_end ] --START--
INFO: Run Behavior\ShowPageTraceBehavior [ RunTime:0.000047s ]
INFO: [ app_end ] --END-- [ RunTime:0.000095s ]

[ 2017-09-03T08:32:57+08:00 ] 140.207.54.75 /tpchat/index.php/home/?signature=b3bfcfd0f4686387ebaab93779e026511f232442&timestamp=1504398777&nonce=171155572&openid=oAdCq016X8Hgd9iVKRk6Ob-r-sNU
INFO: [ app_init ] --START--
INFO: Run Behavior\BuildLiteBehavior [ RunTime:0.000022s ]
INFO: [ app_init ] --END-- [ RunTime:0.000173s ]
INFO: [ app_begin ] --START--
INFO: Run Behavior\ReadHtmlCacheBehavior [ RunTime:0.000080s ]
INFO: [ app_begin ] --END-- [ RunTime:0.000165s ]
INFO: [ app_end ] --START--
INFO: Run Behavior\ShowPageTraceBehavior [ RunTime:0.000085s ]
INFO: [ app_end ] --END-- [ RunTime:0.000184s ]

[ 2017-09-03T08:32:58+08:00 ] 140.207.54.75 /tpchat/index.php/home/?signature=49db16b611e95bbe724d7c576b43cd1d43809b7f&timestamp=1504398778&nonce=1356796058&openid=oAdCq016X8Hgd9iVKRk6Ob-r-sNU
INFO: [ app_init ] --START--
INFO: Run Behavior\BuildLiteBehavior [ RunTime:0.000015s ]
INFO: [ app_init ] --END-- [ RunTime:0.000112s ]
INFO: [ app_begin ] --START--
INFO: Run Behavior\ReadHtmlCacheBehavior [ RunTime:0.000046s ]
INFO: [ app_begin ] --END-- [ RunTime:0.000113s ]
INFO: [ app_end ] --START--
INFO: Run Behavior\ShowPageTraceBehavior [ RunTime:0.000049s ]
INFO: [ app_end ] --END-- [ RunTime:0.000104s ]

[ 2017-09-03T08:33:16+08:00 ] 111.161.57.68 /tpchat/index.php/home/jspay?trade_id=76
INFO: [ app_init ] --START--
INFO: Run Behavior\BuildLiteBehavior [ RunTime:0.000014s ]
INFO: [ app_init ] --END-- [ RunTime:0.000113s ]
INFO: [ app_begin ] --START--
INFO: Run Behavior\ReadHtmlCacheBehavior [ RunTime:0.000048s ]
INFO: [ app_begin ] --END-- [ RunTime:0.000101s ]
NOTIC: [2] fopen(../logs/2017-09-03.log): failed to open stream: No such file or directory /mnt/tpchat/ThinkPHP/Library/Vendor/Wechat/log.php 第 16 行.

[ 2017-09-03T08:33:17+08:00 ] 111.161.57.68 /tpchat/index.php/home/jspay?trade_id=76trade_id=76&code=021S0CNj0LOIIk1Q2cOj0axONj0S0CNs&state=STATE
INFO: [ app_init ] --START--
INFO: Run Behavior\BuildLiteBehavior [ RunTime:0.000015s ]
INFO: [ app_init ] --END-- [ RunTime:0.000112s ]
INFO: [ app_begin ] --START--
INFO: Run Behavior\ReadHtmlCacheBehavior [ RunTime:0.000051s ]
INFO: [ app_begin ] --END-- [ RunTime:0.000106s ]
NOTIC: [2] fopen(../logs/2017-09-03.log): failed to open stream: No such file or directory /mnt/tpchat/ThinkPHP/Library/Vendor/Wechat/log.php 第 16 行.
NOTIC: [8] Undefined property: JsApiPay::$curl_timeout /mnt/tpchat/ThinkPHP/Library/Vendor/Wechat/WxPayJsApiPay.php 第 99 行.
SQL: SHOW COLUMNS FROM `trade` [ RunTime:0.0007s ]
SQL: SELECT * FROM `trade` WHERE `trade_id` = 76 LIMIT 1   [ RunTime:0.0003s ]
INFO: [ view_parse ] --START--
INFO: [ template_filter ] --START--
INFO: Run Behavior\ContentReplaceBehavior [ RunTime:0.000104s ]
INFO: [ template_filter ] --END-- [ RunTime:0.000176s ]
INFO: Run Behavior\ParseTemplateBehavior [ RunTime:0.002504s ]
INFO: [ view_parse ] --END-- [ RunTime:0.002584s ]
INFO: [ view_filter ] --START--
INFO: Run Behavior\WriteHtmlCacheBehavior [ RunTime:0.000046s ]
INFO: [ view_filter ] --END-- [ RunTime:0.000093s ]
INFO: [ app_end ] --START--
INFO: Run Behavior\ShowPageTraceBehavior [ RunTime:0.000047s ]
INFO: [ app_end ] --END-- [ RunTime:0.000094s ]

[ 2017-09-03T08:33:17+08:00 ] 111.161.57.68 /tpchat/index.php/home/jspay?trade_id=76trade_id=76&code=021KQMWi1lNs3z0743Wi1XbVWi1KQMW6&state=STATE
INFO: [ app_init ] --START--
INFO: Run Behavior\BuildLiteBehavior [ RunTime:0.000016s ]
INFO: [ app_init ] --END-- [ RunTime:0.000129s ]
INFO: [ app_begin ] --START--
INFO: Run Behavior\ReadHtmlCacheBehavior [ RunTime:0.000056s ]
INFO: [ app_begin ] --END-- [ RunTime:0.000110s ]
NOTIC: [2] fopen(../logs/2017-09-03.log): failed to open stream: No such file or directory /mnt/tpchat/ThinkPHP/Library/Vendor/Wechat/log.php 第 16 行.
NOTIC: [8] Undefined property: JsApiPay::$curl_timeout /mnt/tpchat/ThinkPHP/Library/Vendor/Wechat/WxPayJsApiPay.php 第 99 行.
SQL: SHOW COLUMNS FROM `trade` [ RunTime:0.0009s ]
SQL: SELECT * FROM `trade` WHERE `trade_id` = 76 LIMIT 1   [ RunTime:0.0003s ]
INFO: [ view_parse ] --START--
INFO: [ template_filter ] --START--
INFO: Run Behavior\ContentReplaceBehavior [ RunTime:0.000056s ]
INFO: [ template_filter ] --END-- [ RunTime:0.000134s ]
INFO: Run Behavior\ParseTemplateBehavior [ RunTime:0.002939s ]
INFO: [ view_parse ] --END-- [ RunTime:0.003015s ]
INFO: [ view_filter ] --START--
INFO: Run Behavior\WriteHtmlCacheBehavior [ RunTime:0.000054s ]
INFO: [ view_filter ] --END-- [ RunTime:0.000099s ]
INFO: [ app_end ] --START--
INFO: Run Behavior\ShowPageTraceBehavior [ RunTime:0.000049s ]
INFO: [ app_end ] --END-- [ RunTime:0.000095s ]

[ 2017-09-03T08:33:27+08:00 ] 123.151.138.100 /tpchat/index.php/home/result
INFO: [ app_init ] --START--
INFO: Run Behavior\BuildLiteBehavior [ RunTime:0.000015s ]
INFO: [ app_init ] --END-- [ RunTime:0.000113s ]
INFO: [ app_begin ] --START--
INFO: Run Behavior\ReadHtmlCacheBehavior [ RunTime:0.000050s ]
INFO: [ app_begin ] --END-- [ RunTime:0.000102s ]
INFO: [ view_parse ] --START--
INFO: [ template_filter ] --START--
INFO: Run Behavior\ContentReplaceBehavior [ RunTime:0.000047s ]
INFO: [ template_filter ] --END-- [ RunTime:0.000100s ]
INFO: Run Behavior\ParseTemplateBehavior [ RunTime:0.002094s ]
INFO: [ view_parse ] --END-- [ RunTime:0.002150s ]
INFO: [ view_filter ] --START--
INFO: Run Behavior\WriteHtmlCacheBehavior [ RunTime:0.000047s ]
INFO: [ view_filter ] --END-- [ RunTime:0.000090s ]
INFO: [ app_end ] --START--
INFO: Run Behavior\ShowPageTraceBehavior [ RunTime:0.000047s ]
INFO: [ app_end ] --END-- [ RunTime:0.000091s ]

[ 2017-09-03T08:34:16+08:00 ] 140.207.54.75 /tpchat/index.php/home/?signature=f4f43fe96a73d6fe825dab5db8c8e4ad4c04d303&timestamp=1504398856&nonce=254973642&openid=oAdCq016X8Hgd9iVKRk6Ob-r-sNU
INFO: [ app_init ] --START--
INFO: Run Behavior\BuildLiteBehavior [ RunTime:0.000016s ]
INFO: [ app_init ] --END-- [ RunTime:0.000116s ]
INFO: [ app_begin ] --START--
INFO: Run Behavior\ReadHtmlCacheBehavior [ RunTime:0.000048s ]
INFO: [ app_begin ] --END-- [ RunTime:0.000101s ]
INFO: [ app_end ] --START--
INFO: Run Behavior\ShowPageTraceBehavior [ RunTime:0.000050s ]
INFO: [ app_end ] --END-- [ RunTime:0.000103s ]

[ 2017-09-03T08:34:30+08:00 ] 140.207.54.76 /tpchat/index.php/home/?signature=2f2764402dbd6c67cdef565efe4dff54e02afe5c&timestamp=1504398870&nonce=633166470&openid=oAdCq016X8Hgd9iVKRk6Ob-r-sNU
INFO: [ app_init ] --START--
INFO: Run Behavior\BuildLiteBehavior [ RunTime:0.000014s ]
INFO: [ app_init ] --END-- [ RunTime:0.000112s ]
INFO: [ app_begin ] --START--
INFO: Run Behavior\ReadHtmlCacheBehavior [ RunTime:0.000048s ]
INFO: [ app_begin ] --END-- [ RunTime:0.000101s ]

[ 2017-09-03T08:34:40+08:00 ] 117.185.27.114 /tpchat/index.php/home
INFO: [ app_init ] --START--
INFO: Run Behavior\BuildLiteBehavior [ RunTime:0.000015s ]
INFO: [ app_init ] --END-- [ RunTime:0.000112s ]
INFO: [ app_begin ] --START--
INFO: Run Behavior\ReadHtmlCacheBehavior [ RunTime:0.000108s ]
INFO: [ app_begin ] --END-- [ RunTime:0.000169s ]

[ 2017-09-03T09:20:52+08:00 ] 140.207.54.76 /tpchat/index.php/home/?signature=63eb1a5374c5c978e44c1ba31e53fb0085fe7455&timestamp=1504401652&nonce=1560473703&openid=oAdCq016X8Hgd9iVKRk6Ob-r-sNU
INFO: [ app_init ] --START--
INFO: Run Behavior\BuildLiteBehavior [ RunTime:0.000015s ]
INFO: [ app_init ] --END-- [ RunTime:0.000111s ]
INFO: [ app_begin ] --START--
INFO: Run Behavior\ReadHtmlCacheBehavior [ RunTime:0.000046s ]
INFO: [ app_begin ] --END-- [ RunTime:0.000098s ]
INFO: [ app_end ] --START--
INFO: Run Behavior\ShowPageTraceBehavior [ RunTime:0.000050s ]
INFO: [ app_end ] --END-- [ RunTime:0.000105s ]

[ 2017-09-03T09:20:54+08:00 ] 140.207.54.75 /tpchat/index.php/home/?signature=0d6c93f3f49acdb717c301184ab2c85b24fb3ca8&timestamp=1504401654&nonce=1994224940&openid=oAdCq016X8Hgd9iVKRk6Ob-r-sNU
INFO: [ app_init ] --START--
INFO: Run Behavior\BuildLiteBehavior [ RunTime:0.000015s ]
INFO: [ app_init ] --END-- [ RunTime:0.000114s ]
INFO: [ app_begin ] --START--
INFO: Run Behavior\ReadHtmlCacheBehavior [ RunTime:0.000054s ]
INFO: [ app_begin ] --END-- [ RunTime:0.000109s ]
INFO: [ app_end ] --START--
INFO: Run Behavior\ShowPageTraceBehavior [ RunTime:0.000060s ]
INFO: [ app_end ] --END-- [ RunTime:0.000142s ]

[ 2017-09-03T09:21:25+08:00 ] 140.207.54.76 /tpchat/index.php/home/?signature=21feef3dece30014bea3ea963fd57e5388643aea&timestamp=1504401685&nonce=649138353&openid=oAdCq016X8Hgd9iVKRk6Ob-r-sNU
INFO: [ app_init ] --START--
INFO: Run Behavior\BuildLiteBehavior [ RunTime:0.000015s ]
INFO: [ app_init ] --END-- [ RunTime:0.000113s ]
INFO: [ app_begin ] --START--
INFO: Run Behavior\ReadHtmlCacheBehavior [ RunTime:0.000050s ]
INFO: [ app_begin ] --END-- [ RunTime:0.000102s ]
INFO: [ app_end ] --START--
INFO: Run Behavior\ShowPageTraceBehavior [ RunTime:0.000050s ]
INFO: [ app_end ] --END-- [ RunTime:0.000107s ]

[ 2017-09-03T09:22:21+08:00 ] 140.207.54.76 /tpchat/index.php/home/?signature=c8891df5cc91d93639dc3fbf7f4314ca3f05326c&timestamp=1504401741&nonce=51592148&openid=oAdCq016X8Hgd9iVKRk6Ob-r-sNU
INFO: [ app_init ] --START--
INFO: Run Behavior\BuildLiteBehavior [ RunTime:0.000016s ]
INFO: [ app_init ] --END-- [ RunTime:0.000112s ]
INFO: [ app_begin ] --START--
INFO: Run Behavior\ReadHtmlCacheBehavior [ RunTime:0.000051s ]
INFO: [ app_begin ] --END-- [ RunTime:0.000104s ]
INFO: [ app_end ] --START--
INFO: Run Behavior\ShowPageTraceBehavior [ RunTime:0.000052s ]
INFO: [ app_end ] --END-- [ RunTime:0.000106s ]

[ 2017-09-03T09:22:22+08:00 ] 140.207.54.75 /tpchat/index.php/home/?signature=ee9becf46cafa0f905fad032b750d62ac0dede74&timestamp=1504401742&nonce=56321355&openid=oAdCq016X8Hgd9iVKRk6Ob-r-sNU
INFO: [ app_init ] --START--
INFO: Run Behavior\BuildLiteBehavior [ RunTime:0.000015s ]
INFO: [ app_init ] --END-- [ RunTime:0.000110s ]
INFO: [ app_begin ] --START--
INFO: Run Behavior\ReadHtmlCacheBehavior [ RunTime:0.000047s ]
INFO: [ app_begin ] --END-- [ RunTime:0.000097s ]
INFO: [ app_end ] --START--
INFO: Run Behavior\ShowPageTraceBehavior [ RunTime:0.000052s ]
INFO: [ app_end ] --END-- [ RunTime:0.000108s ]

[ 2017-09-03T09:22:35+08:00 ] 123.151.138.100 /tpchat/index.php/home/jspay?trade_id=77
INFO: [ app_init ] --START--
INFO: Run Behavior\BuildLiteBehavior [ RunTime:0.000014s ]
INFO: [ app_init ] --END-- [ RunTime:0.000110s ]
INFO: [ app_begin ] --START--
INFO: Run Behavior\ReadHtmlCacheBehavior [ RunTime:0.000049s ]
INFO: [ app_begin ] --END-- [ RunTime:0.000102s ]
NOTIC: [2] fopen(../logs/2017-09-03.log): failed to open stream: No such file or directory /mnt/tpchat/ThinkPHP/Library/Vendor/Wechat/log.php 第 16 行.

[ 2017-09-03T09:22:36+08:00 ] 123.151.138.100 /tpchat/index.php/home/jspay?trade_id=77trade_id=77&code=081Fabqe1ojoxu0bYCne1Ws0qe1Fabqm&state=STATE
INFO: [ app_init ] --START--
INFO: Run Behavior\BuildLiteBehavior [ RunTime:0.000016s ]
INFO: [ app_init ] --END-- [ RunTime:0.000113s ]
INFO: [ app_begin ] --START--
INFO: Run Behavior\ReadHtmlCacheBehavior [ RunTime:0.000050s ]
INFO: [ app_begin ] --END-- [ RunTime:0.000103s ]
NOTIC: [2] fopen(../logs/2017-09-03.log): failed to open stream: No such file or directory /mnt/tpchat/ThinkPHP/Library/Vendor/Wechat/log.php 第 16 行.
NOTIC: [8] Undefined property: JsApiPay::$curl_timeout /mnt/tpchat/ThinkPHP/Library/Vendor/Wechat/WxPayJsApiPay.php 第 99 行.
SQL: SHOW COLUMNS FROM `trade` [ RunTime:0.0007s ]
SQL: SELECT * FROM `trade` WHERE `trade_id` = 77 LIMIT 1   [ RunTime:0.0003s ]
INFO: [ view_parse ] --START--
INFO: [ template_filter ] --START--
INFO: Run Behavior\ContentReplaceBehavior [ RunTime:0.000054s ]
INFO: [ template_filter ] --END-- [ RunTime:0.000124s ]
INFO: Run Behavior\ParseTemplateBehavior [ RunTime:0.002503s ]
INFO: [ view_parse ] --END-- [ RunTime:0.002577s ]
INFO: [ view_filter ] --START--
INFO: Run Behavior\WriteHtmlCacheBehavior [ RunTime:0.000046s ]
INFO: [ view_filter ] --END-- [ RunTime:0.000091s ]
INFO: [ app_end ] --START--
INFO: Run Behavior\ShowPageTraceBehavior [ RunTime:0.000047s ]
INFO: [ app_end ] --END-- [ RunTime:0.000094s ]

[ 2017-09-03T09:22:43+08:00 ] 111.161.57.68 /tpchat/index.php/home/result
INFO: [ app_init ] --START--
INFO: Run Behavior\BuildLiteBehavior [ RunTime:0.000016s ]
INFO: [ app_init ] --END-- [ RunTime:0.000119s ]
INFO: [ app_begin ] --START--
INFO: Run Behavior\ReadHtmlCacheBehavior [ RunTime:0.000052s ]
INFO: [ app_begin ] --END-- [ RunTime:0.000104s ]
INFO: [ view_parse ] --START--
INFO: [ template_filter ] --START--
INFO: Run Behavior\ContentReplaceBehavior [ RunTime:0.000045s ]
INFO: [ template_filter ] --END-- [ RunTime:0.000102s ]
INFO: Run Behavior\ParseTemplateBehavior [ RunTime:0.002203s ]
INFO: [ view_parse ] --END-- [ RunTime:0.002258s ]
INFO: [ view_filter ] --START--
INFO: Run Behavior\WriteHtmlCacheBehavior [ RunTime:0.000046s ]
INFO: [ view_filter ] --END-- [ RunTime:0.000090s ]
INFO: [ app_end ] --START--
INFO: Run Behavior\ShowPageTraceBehavior [ RunTime:0.000046s ]
INFO: [ app_end ] --END-- [ RunTime:0.000092s ]

[ 2017-09-03T09:22:48+08:00 ] 123.151.138.100 /tpchat/index.php/home/jspay?trade_id=77
INFO: [ app_init ] --START--
INFO: Run Behavior\BuildLiteBehavior [ RunTime:0.000018s ]
INFO: [ app_init ] --END-- [ RunTime:0.000132s ]
INFO: [ app_begin ] --START--
INFO: Run Behavior\ReadHtmlCacheBehavior [ RunTime:0.000053s ]
INFO: [ app_begin ] --END-- [ RunTime:0.000105s ]
NOTIC: [2] fopen(../logs/2017-09-03.log): failed to open stream: No such file or directory /mnt/tpchat/ThinkPHP/Library/Vendor/Wechat/log.php 第 16 行.

[ 2017-09-03T09:22:49+08:00 ] 111.161.57.68 /tpchat/index.php/home/jspay?trade_id=77trade_id=77&code=0614KBX922DslO0tN9W920XOX924KBXm&state=STATE
INFO: [ app_init ] --START--
INFO: Run Behavior\BuildLiteBehavior [ RunTime:0.000016s ]
INFO: [ app_init ] --END-- [ RunTime:0.000113s ]
INFO: [ app_begin ] --START--
INFO: Run Behavior\ReadHtmlCacheBehavior [ RunTime:0.000071s ]
INFO: [ app_begin ] --END-- [ RunTime:0.000131s ]
NOTIC: [2] fopen(../logs/2017-09-03.log): failed to open stream: No such file or directory /mnt/tpchat/ThinkPHP/Library/Vendor/Wechat/log.php 第 16 行.
NOTIC: [8] Undefined property: JsApiPay::$curl_timeout /mnt/tpchat/ThinkPHP/Library/Vendor/Wechat/WxPayJsApiPay.php 第 99 行.
SQL: SHOW COLUMNS FROM `trade` [ RunTime:0.0007s ]
SQL: SELECT * FROM `trade` WHERE `trade_id` = 77 LIMIT 1   [ RunTime:0.0003s ]
INFO: [ view_parse ] --START--
INFO: [ template_filter ] --START--
INFO: Run Behavior\ContentReplaceBehavior [ RunTime:0.000063s ]
INFO: [ template_filter ] --END-- [ RunTime:0.000153s ]
INFO: Run Behavior\ParseTemplateBehavior [ RunTime:0.002554s ]
INFO: [ view_parse ] --END-- [ RunTime:0.002634s ]
INFO: [ view_filter ] --START--
INFO: Run Behavior\WriteHtmlCacheBehavior [ RunTime:0.000081s ]
INFO: [ view_filter ] --END-- [ RunTime:0.000138s ]
INFO: [ app_end ] --START--
INFO: Run Behavior\ShowPageTraceBehavior [ RunTime:0.000049s ]
INFO: [ app_end ] --END-- [ RunTime:0.000098s ]

[ 2017-09-03T09:22:49+08:00 ] 123.151.138.100 /tpchat/index.php/home/jspay?trade_id=77trade_id=77&code=071cYrRF1CJNc30OppQF1OkmRF1cYrRq&state=STATE
INFO: [ app_init ] --START--
INFO: Run Behavior\BuildLiteBehavior [ RunTime:0.000016s ]
INFO: [ app_init ] --END-- [ RunTime:0.000138s ]
INFO: [ app_begin ] --START--
INFO: Run Behavior\ReadHtmlCacheBehavior [ RunTime:0.000049s ]
INFO: [ app_begin ] --END-- [ RunTime:0.000101s ]
NOTIC: [2] fopen(../logs/2017-09-03.log): failed to open stream: No such file or directory /mnt/tpchat/ThinkPHP/Library/Vendor/Wechat/log.php 第 16 行.
NOTIC: [8] Undefined property: JsApiPay::$curl_timeout /mnt/tpchat/ThinkPHP/Library/Vendor/Wechat/WxPayJsApiPay.php 第 99 行.
SQL: SHOW COLUMNS FROM `trade` [ RunTime:0.0007s ]
SQL: SELECT * FROM `trade` WHERE `trade_id` = 77 LIMIT 1   [ RunTime:0.0003s ]
INFO: [ view_parse ] --START--
INFO: [ template_filter ] --START--
INFO: Run Behavior\ContentReplaceBehavior [ RunTime:0.000053s ]
INFO: [ template_filter ] --END-- [ RunTime:0.000120s ]
INFO: Run Behavior\ParseTemplateBehavior [ RunTime:0.002428s ]
INFO: [ view_parse ] --END-- [ RunTime:0.002520s ]
INFO: [ view_filter ] --START--
INFO: Run Behavior\WriteHtmlCacheBehavior [ RunTime:0.000045s ]
INFO: [ view_filter ] --END-- [ RunTime:0.000093s ]
INFO: [ app_end ] --START--
INFO: Run Behavior\ShowPageTraceBehavior [ RunTime:0.000048s ]
INFO: [ app_end ] --END-- [ RunTime:0.000095s ]

[ 2017-09-03T09:23:00+08:00 ] 123.151.138.100 /tpchat/index.php/home/result
INFO: [ app_init ] --START--
INFO: Run Behavior\BuildLiteBehavior [ RunTime:0.000015s ]
INFO: [ app_init ] --END-- [ RunTime:0.000144s ]
INFO: [ app_begin ] --START--
INFO: Run Behavior\ReadHtmlCacheBehavior [ RunTime:0.000049s ]
INFO: [ app_begin ] --END-- [ RunTime:0.000099s ]
INFO: [ view_parse ] --START--
INFO: [ template_filter ] --START--
INFO: Run Behavior\ContentReplaceBehavior [ RunTime:0.000067s ]
INFO: [ template_filter ] --END-- [ RunTime:0.000151s ]
INFO: Run Behavior\ParseTemplateBehavior [ RunTime:0.002741s ]
INFO: [ view_parse ] --END-- [ RunTime:0.002799s ]
INFO: [ view_filter ] --START--
INFO: Run Behavior\WriteHtmlCacheBehavior [ RunTime:0.000050s ]
INFO: [ view_filter ] --END-- [ RunTime:0.000093s ]
INFO: [ app_end ] --START--
INFO: Run Behavior\ShowPageTraceBehavior [ RunTime:0.000048s ]
INFO: [ app_end ] --END-- [ RunTime:0.000095s ]

[ 2017-09-03T09:23:08+08:00 ] 140.207.54.76 /tpchat/index.php/home/?signature=9eb71d7a99fcb565d6cc952d12f7df69b896ea73&timestamp=1504401788&nonce=778150186&openid=oAdCq016X8Hgd9iVKRk6Ob-r-sNU
INFO: [ app_init ] --START--
INFO: Run Behavior\BuildLiteBehavior [ RunTime:0.000014s ]
INFO: [ app_init ] --END-- [ RunTime:0.000111s ]
INFO: [ app_begin ] --START--
INFO: Run Behavior\ReadHtmlCacheBehavior [ RunTime:0.000049s ]
INFO: [ app_begin ] --END-- [ RunTime:0.000107s ]
INFO: [ app_end ] --START--
INFO: Run Behavior\ShowPageTraceBehavior [ RunTime:0.000051s ]
INFO: [ app_end ] --END-- [ RunTime:0.000105s ]

[ 2017-09-03T10:44:58+08:00 ] 140.207.54.75 /tpchat/index.php/home/?signature=e45efcba23933817ce63c0821cb17cb2b8f9f341&timestamp=1504406698&nonce=2101667070&openid=oAdCq01YzcVjLWljmeEBFcDEswEY
INFO: [ app_init ] --START--
INFO: Run Behavior\BuildLiteBehavior [ RunTime:0.000014s ]
INFO: [ app_init ] --END-- [ RunTime:0.000113s ]
INFO: [ app_begin ] --START--
INFO: Run Behavior\ReadHtmlCacheBehavior [ RunTime:0.000049s ]
INFO: [ app_begin ] --END-- [ RunTime:0.000106s ]
INFO: [ app_end ] --START--
INFO: Run Behavior\ShowPageTraceBehavior [ RunTime:0.000057s ]
INFO: [ app_end ] --END-- [ RunTime:0.000139s ]

[ 2017-09-03T10:45:52+08:00 ] 123.151.152.240 /tpchat/index.php/home/jspay?trade_id=78
INFO: [ app_init ] --START--
INFO: Run Behavior\BuildLiteBehavior [ RunTime:0.000016s ]
INFO: [ app_init ] --END-- [ RunTime:0.000118s ]
INFO: [ app_begin ] --START--
INFO: Run Behavior\ReadHtmlCacheBehavior [ RunTime:0.000057s ]
INFO: [ app_begin ] --END-- [ RunTime:0.000131s ]
NOTIC: [2] fopen(../logs/2017-09-03.log): failed to open stream: No such file or directory /mnt/tpchat/ThinkPHP/Library/Vendor/Wechat/log.php 第 16 行.

[ 2017-09-03T10:45:53+08:00 ] 123.151.152.240 /tpchat/index.php/home/jspay?trade_id=78trade_id=78&code=011FpF8b2hTe0R0Q51bb2j9j8b2FpF8j&state=STATE
INFO: [ app_init ] --START--
INFO: Run Behavior\BuildLiteBehavior [ RunTime:0.000015s ]
INFO: [ app_init ] --END-- [ RunTime:0.000112s ]
INFO: [ app_begin ] --START--
INFO: Run Behavior\ReadHtmlCacheBehavior [ RunTime:0.000060s ]
INFO: [ app_begin ] --END-- [ RunTime:0.000129s ]
NOTIC: [2] fopen(../logs/2017-09-03.log): failed to open stream: No such file or directory /mnt/tpchat/ThinkPHP/Library/Vendor/Wechat/log.php 第 16 行.
NOTIC: [8] Undefined property: JsApiPay::$curl_timeout /mnt/tpchat/ThinkPHP/Library/Vendor/Wechat/WxPayJsApiPay.php 第 99 行.
SQL: SHOW COLUMNS FROM `trade` [ RunTime:0.0008s ]
SQL: SELECT * FROM `trade` WHERE `trade_id` = 78 LIMIT 1   [ RunTime:0.0003s ]
INFO: [ view_parse ] --START--
INFO: [ template_filter ] --START--
INFO: Run Behavior\ContentReplaceBehavior [ RunTime:0.000088s ]
INFO: [ template_filter ] --END-- [ RunTime:0.000184s ]
INFO: Run Behavior\ParseTemplateBehavior [ RunTime:0.003772s ]
INFO: [ view_parse ] --END-- [ RunTime:0.003874s ]
INFO: [ view_filter ] --START--
INFO: Run Behavior\WriteHtmlCacheBehavior [ RunTime:0.000047s ]
INFO: [ view_filter ] --END-- [ RunTime:0.000097s ]
INFO: [ app_end ] --START--
INFO: Run Behavior\ShowPageTraceBehavior [ RunTime:0.000050s ]
INFO: [ app_end ] --END-- [ RunTime:0.000176s ]

[ 2017-09-03T10:46:06+08:00 ] 123.151.152.240 /tpchat/index.php/home/result
INFO: [ app_init ] --START--
INFO: Run Behavior\BuildLiteBehavior [ RunTime:0.000015s ]
INFO: [ app_init ] --END-- [ RunTime:0.000113s ]
INFO: [ app_begin ] --START--
INFO: Run Behavior\ReadHtmlCacheBehavior [ RunTime:0.000051s ]
INFO: [ app_begin ] --END-- [ RunTime:0.000104s ]
INFO: [ view_parse ] --START--
INFO: [ template_filter ] --START--
INFO: Run Behavior\ContentReplaceBehavior [ RunTime:0.000045s ]
INFO: [ template_filter ] --END-- [ RunTime:0.000101s ]
INFO: Run Behavior\ParseTemplateBehavior [ RunTime:0.002119s ]
INFO: [ view_parse ] --END-- [ RunTime:0.002177s ]
INFO: [ view_filter ] --START--
INFO: Run Behavior\WriteHtmlCacheBehavior [ RunTime:0.000046s ]
INFO: [ view_filter ] --END-- [ RunTime:0.000090s ]
INFO: [ app_end ] --START--
INFO: Run Behavior\ShowPageTraceBehavior [ RunTime:0.000044s ]
INFO: [ app_end ] --END-- [ RunTime:0.000092s ]

[ 2017-09-03T10:46:12+08:00 ] 140.207.54.76 /tpchat/index.php/home/?signature=000f6c5baa8cc368cb31abbee01985c7f116a415&timestamp=1504406772&nonce=1398032142&openid=oAdCq01YzcVjLWljmeEBFcDEswEY
INFO: [ app_init ] --START--
INFO: Run Behavior\BuildLiteBehavior [ RunTime:0.000015s ]
INFO: [ app_init ] --END-- [ RunTime:0.000116s ]
INFO: [ app_begin ] --START--
INFO: Run Behavior\ReadHtmlCacheBehavior [ RunTime:0.000049s ]
INFO: [ app_begin ] --END-- [ RunTime:0.000106s ]
INFO: [ app_end ] --START--
INFO: Run Behavior\ShowPageTraceBehavior [ RunTime:0.000064s ]
INFO: [ app_end ] --END-- [ RunTime:0.000137s ]

[ 2017-09-03T11:06:02+08:00 ] 140.207.54.75 /tpchat/index.php/home/?signature=95ff73d88856e34c2c2612f43c193214971cc02a&timestamp=1504407962&nonce=1600462107&openid=oAdCq01YzcVjLWljmeEBFcDEswEY
INFO: [ app_init ] --START--
INFO: Run Behavior\BuildLiteBehavior [ RunTime:0.000014s ]
INFO: [ app_init ] --END-- [ RunTime:0.000114s ]
INFO: [ app_begin ] --START--
INFO: Run Behavior\ReadHtmlCacheBehavior [ RunTime:0.000047s ]
INFO: [ app_begin ] --END-- [ RunTime:0.000099s ]
INFO: [ app_end ] --START--
INFO: Run Behavior\ShowPageTraceBehavior [ RunTime:0.000051s ]
INFO: [ app_end ] --END-- [ RunTime:0.000105s ]

[ 2017-09-03T11:06:13+08:00 ] 140.207.54.75 /tpchat/index.php/home/?signature=7e485f98e290a2cb12d539d079da8b3d4dba464e&timestamp=1504407973&nonce=269977878&openid=oAdCq01YzcVjLWljmeEBFcDEswEY
INFO: [ app_init ] --START--
INFO: Run Behavior\BuildLiteBehavior [ RunTime:0.000014s ]
INFO: [ app_init ] --END-- [ RunTime:0.000131s ]
INFO: [ app_begin ] --START--
INFO: Run Behavior\ReadHtmlCacheBehavior [ RunTime:0.000046s ]
INFO: [ app_begin ] --END-- [ RunTime:0.000099s ]
INFO: [ app_end ] --START--
INFO: Run Behavior\ShowPageTraceBehavior [ RunTime:0.000051s ]
INFO: [ app_end ] --END-- [ RunTime:0.000109s ]

[ 2017-09-03T11:06:23+08:00 ] 117.185.27.113 /tpchat/index.php/home/access/checkauth
INFO: [ app_init ] --START--
INFO: Run Behavior\BuildLiteBehavior [ RunTime:0.000015s ]
INFO: [ app_init ] --END-- [ RunTime:0.000115s ]
INFO: [ app_begin ] --START--
INFO: Run Behavior\ReadHtmlCacheBehavior [ RunTime:0.000051s ]
INFO: [ app_begin ] --END-- [ RunTime:0.000103s ]
SQL: SHOW COLUMNS FROM `user` [ RunTime:0.0008s ]
SQL: SELECT * FROM `user` WHERE `openid` = null LIMIT 1   [ RunTime:0.0003s ]
INFO: [ view_parse ] --START--
INFO: [ template_filter ] --START--
INFO: Run Behavior\ContentReplaceBehavior [ RunTime:0.000076s ]
INFO: [ template_filter ] --END-- [ RunTime:0.000190s ]
NOTIC: [8] Undefined variable: openid /mnt/tpchat/Application/Runtime/Cache/Home/eb0112a4e2c7a0ff0c9a0ef9e02036fc.php 第 31 行.
INFO: Run Behavior\ParseTemplateBehavior [ RunTime:0.015144s ]
INFO: [ view_parse ] --END-- [ RunTime:0.015201s ]
INFO: [ view_filter ] --START--
INFO: Run Behavior\WriteHtmlCacheBehavior [ RunTime:0.000051s ]
INFO: [ view_filter ] --END-- [ RunTime:0.000098s ]
INFO: [ app_end ] --START--
INFO: Run Behavior\ShowPageTraceBehavior [ RunTime:0.000047s ]
INFO: [ app_end ] --END-- [ RunTime:0.000094s ]

[ 2017-09-03T11:57:48+08:00 ] 140.207.54.80 /tpchat/index.php/home/?signature=e3877d84fbc8f4bccacf2111c9c7cad11709ae4c&timestamp=1504411068&nonce=554867789&openid=oAdCq03XEPnJEMmDlX9hGkCkv06I
INFO: [ app_init ] --START--
INFO: Run Behavior\BuildLiteBehavior [ RunTime:0.000015s ]
INFO: [ app_init ] --END-- [ RunTime:0.000113s ]
INFO: [ app_begin ] --START--
INFO: Run Behavior\ReadHtmlCacheBehavior [ RunTime:0.000072s ]
INFO: [ app_begin ] --END-- [ RunTime:0.000127s ]
INFO: [ app_end ] --START--
INFO: Run Behavior\ShowPageTraceBehavior [ RunTime:0.000050s ]
INFO: [ app_end ] --END-- [ RunTime:0.000104s ]

[ 2017-09-03T11:57:51+08:00 ] 140.207.54.79 /tpchat/index.php/home/?signature=42cbe0f25a8e89c4e3c73dae7dea06549bafe86c&timestamp=1504411071&nonce=425468888&openid=oAdCq03XEPnJEMmDlX9hGkCkv06I
INFO: [ app_init ] --START--
INFO: Run Behavior\BuildLiteBehavior [ RunTime:0.000015s ]
INFO: [ app_init ] --END-- [ RunTime:0.000110s ]
INFO: [ app_begin ] --START--
INFO: Run Behavior\ReadHtmlCacheBehavior [ RunTime:0.000047s ]
INFO: [ app_begin ] --END-- [ RunTime:0.000101s ]
INFO: [ app_end ] --START--
INFO: Run Behavior\ShowPageTraceBehavior [ RunTime:0.000052s ]
INFO: [ app_end ] --END-- [ RunTime:0.000107s ]

[ 2017-09-03T11:57:54+08:00 ] 140.207.54.80 /tpchat/index.php/home/?signature=efcea49f7e06892087b5ac700aa23909a6249ab2&timestamp=1504411074&nonce=1737692224&openid=oAdCq03XEPnJEMmDlX9hGkCkv06I
INFO: [ app_init ] --START--
INFO: Run Behavior\BuildLiteBehavior [ RunTime:0.000021s ]
INFO: [ app_init ] --END-- [ RunTime:0.000129s ]
INFO: [ app_begin ] --START--
INFO: Run Behavior\ReadHtmlCacheBehavior [ RunTime:0.000048s ]
INFO: [ app_begin ] --END-- [ RunTime:0.000114s ]
INFO: [ app_end ] --START--
INFO: Run Behavior\ShowPageTraceBehavior [ RunTime:0.000051s ]
INFO: [ app_end ] --END-- [ RunTime:0.000105s ]

[ 2017-09-03T11:57:56+08:00 ] 123.151.42.57 /tpchat/index.php/home/access/getredid?code=001CrWsa0eCGwt12ubta0xNFsa0CrWsL&state=1
INFO: [ app_init ] --START--
INFO: Run Behavior\BuildLiteBehavior [ RunTime:0.000015s ]
INFO: [ app_init ] --END-- [ RunTime:0.000115s ]
INFO: [ app_begin ] --START--
INFO: Run Behavior\ReadHtmlCacheBehavior [ RunTime:0.000050s ]
INFO: [ app_begin ] --END-- [ RunTime:0.000102s ]
INFO: [ app_end ] --START--
INFO: Run Behavior\ShowPageTraceBehavior [ RunTime:0.000104s ]
INFO: [ app_end ] --END-- [ RunTime:0.000220s ]

[ 2017-09-03T11:58:01+08:00 ] 140.207.54.79 /tpchat/index.php/home/?signature=9f4f6ebef035ddcea8057cc03c16b5d463f74d62&timestamp=1504411081&nonce=2079282960&openid=oAdCq03XEPnJEMmDlX9hGkCkv06I
INFO: [ app_init ] --START--
INFO: Run Behavior\BuildLiteBehavior [ RunTime:0.000015s ]
INFO: [ app_init ] --END-- [ RunTime:0.000113s ]
INFO: [ app_begin ] --START--
INFO: Run Behavior\ReadHtmlCacheBehavior [ RunTime:0.000047s ]
INFO: [ app_begin ] --END-- [ RunTime:0.000100s ]
INFO: [ app_end ] --START--
INFO: Run Behavior\ShowPageTraceBehavior [ RunTime:0.000051s ]
INFO: [ app_end ] --END-- [ RunTime:0.000112s ]

[ 2017-09-03T11:58:04+08:00 ] 140.207.54.79 /tpchat/index.php/home/?signature=13203fa3b6f9e2f6d0f77fdcfc54462793722770&timestamp=1504411084&nonce=120802838&openid=oAdCq03XEPnJEMmDlX9hGkCkv06I
INFO: [ app_init ] --START--
INFO: Run Behavior\BuildLiteBehavior [ RunTime:0.000016s ]
INFO: [ app_init ] --END-- [ RunTime:0.000130s ]
INFO: [ app_begin ] --START--
INFO: Run Behavior\ReadHtmlCacheBehavior [ RunTime:0.000047s ]
INFO: [ app_begin ] --END-- [ RunTime:0.000100s ]
INFO: [ app_end ] --START--
INFO: Run Behavior\ShowPageTraceBehavior [ RunTime:0.000052s ]
INFO: [ app_end ] --END-- [ RunTime:0.000108s ]

[ 2017-09-03T11:58:05+08:00 ] 101.226.102.60 /tpchat/index.php/home/access/getredid?code=021uVDze2KTNtE0CiPxe2JnVze2uVDzG&state=1
INFO: [ app_init ] --START--
INFO: Run Behavior\BuildLiteBehavior [ RunTime:0.000014s ]
INFO: [ app_init ] --END-- [ RunTime:0.000113s ]
INFO: [ app_begin ] --START--
INFO: Run Behavior\ReadHtmlCacheBehavior [ RunTime:0.000052s ]
INFO: [ app_begin ] --END-- [ RunTime:0.000104s ]
INFO: [ app_end ] --START--
INFO: Run Behavior\ShowPageTraceBehavior [ RunTime:0.000106s ]
INFO: [ app_end ] --END-- [ RunTime:0.000211s ]

[ 2017-09-03T11:58:11+08:00 ] 140.207.54.80 /tpchat/index.php/home/?signature=d1c133aa6f1f10b0f18d7f23adb8abc2bd8aecb3&timestamp=1504411091&nonce=755769167&openid=oAdCq03XEPnJEMmDlX9hGkCkv06I
INFO: [ app_init ] --START--
INFO: Run Behavior\BuildLiteBehavior [ RunTime:0.000016s ]
INFO: [ app_init ] --END-- [ RunTime:0.000118s ]
INFO: [ app_begin ] --START--
INFO: Run Behavior\ReadHtmlCacheBehavior [ RunTime:0.000050s ]
INFO: [ app_begin ] --END-- [ RunTime:0.000102s ]
INFO: [ app_end ] --START--
INFO: Run Behavior\ShowPageTraceBehavior [ RunTime:0.000052s ]
INFO: [ app_end ] --END-- [ RunTime:0.000108s ]

[ 2017-09-03T11:58:15+08:00 ] 140.207.54.80 /tpchat/index.php/home/?signature=4955061826fb1e202913e3bbd99ee1be7db5fc9e&timestamp=1504411095&nonce=969392722&openid=oAdCq03XEPnJEMmDlX9hGkCkv06I
INFO: [ app_init ] --START--
INFO: Run Behavior\BuildLiteBehavior [ RunTime:0.000015s ]
INFO: [ app_init ] --END-- [ RunTime:0.000113s ]
INFO: [ app_begin ] --START--
INFO: Run Behavior\ReadHtmlCacheBehavior [ RunTime:0.000048s ]
INFO: [ app_begin ] --END-- [ RunTime:0.000102s ]
INFO: [ app_end ] --START--
INFO: Run Behavior\ShowPageTraceBehavior [ RunTime:0.000050s ]
INFO: [ app_end ] --END-- [ RunTime:0.000105s ]

[ 2017-09-03T11:58:18+08:00 ] 140.207.54.80 /tpchat/index.php/home/?signature=77f21dc1cfaa08581676ce1e634e86a656f7900f&timestamp=1504411098&nonce=764134932&openid=oAdCq03XEPnJEMmDlX9hGkCkv06I
INFO: [ app_init ] --START--
INFO: Run Behavior\BuildLiteBehavior [ RunTime:0.000015s ]
INFO: [ app_init ] --END-- [ RunTime:0.000145s ]
INFO: [ app_begin ] --START--
INFO: Run Behavior\ReadHtmlCacheBehavior [ RunTime:0.000047s ]
INFO: [ app_begin ] --END-- [ RunTime:0.000100s ]
INFO: [ app_end ] --START--
INFO: Run Behavior\ShowPageTraceBehavior [ RunTime:0.000052s ]
INFO: [ app_end ] --END-- [ RunTime:0.000106s ]

[ 2017-09-03T14:03:15+08:00 ] 140.207.54.76 /tpchat/index.php/home/?signature=96ba6118761b237243a59b87ce4709dbd9975ab6&timestamp=1504418595&nonce=860502489&openid=oAdCq05hDd6bpy1-X4B5ci0vgZEU
INFO: [ app_init ] --START--
INFO: Run Behavior\BuildLiteBehavior [ RunTime:0.000016s ]
INFO: [ app_init ] --END-- [ RunTime:0.000130s ]
INFO: [ app_begin ] --START--
INFO: Run Behavior\ReadHtmlCacheBehavior [ RunTime:0.000065s ]
INFO: [ app_begin ] --END-- [ RunTime:0.000133s ]
INFO: [ app_end ] --START--
INFO: Run Behavior\ShowPageTraceBehavior [ RunTime:0.000051s ]
INFO: [ app_end ] --END-- [ RunTime:0.000105s ]

[ 2017-09-03T14:04:09+08:00 ] 140.207.54.76 /tpchat/index.php/home/?signature=97d31467f6c7a543f8f68e969457c28a2c392ad3&timestamp=1504418649&nonce=1211034770&openid=oAdCq05hDd6bpy1-X4B5ci0vgZEU
INFO: [ app_init ] --START--
INFO: Run Behavior\BuildLiteBehavior [ RunTime:0.000015s ]
INFO: [ app_init ] --END-- [ RunTime:0.000112s ]
INFO: [ app_begin ] --START--
INFO: Run Behavior\ReadHtmlCacheBehavior [ RunTime:0.000046s ]
INFO: [ app_begin ] --END-- [ RunTime:0.000099s ]
INFO: [ app_end ] --START--
INFO: Run Behavior\ShowPageTraceBehavior [ RunTime:0.000050s ]
INFO: [ app_end ] --END-- [ RunTime:0.000105s ]

[ 2017-09-03T14:04:09+08:00 ] 140.207.54.75 /tpchat/index.php/home/?signature=1e18b085b26a3401e765651c6b6ab5335e525def&timestamp=1504418649&nonce=779666514&openid=oAdCq05hDd6bpy1-X4B5ci0vgZEU
INFO: [ app_init ] --START--
INFO: Run Behavior\BuildLiteBehavior [ RunTime:0.000015s ]
INFO: [ app_init ] --END-- [ RunTime:0.000111s ]
INFO: [ app_begin ] --START--
INFO: Run Behavior\ReadHtmlCacheBehavior [ RunTime:0.000047s ]
INFO: [ app_begin ] --END-- [ RunTime:0.000100s ]
INFO: [ app_end ] --START--
INFO: Run Behavior\ShowPageTraceBehavior [ RunTime:0.000062s ]
INFO: [ app_end ] --END-- [ RunTime:0.000132s ]

[ 2017-09-03T14:04:11+08:00 ] 101.226.89.14 /tpchat/index.php/home/access/getredid?code=0110fzxm0c4Cwm1blbym0d5Kxm00fzxe&state=1
INFO: [ app_init ] --START--
INFO: Run Behavior\BuildLiteBehavior [ RunTime:0.000015s ]
INFO: [ app_init ] --END-- [ RunTime:0.000114s ]
INFO: [ app_begin ] --START--
INFO: Run Behavior\ReadHtmlCacheBehavior [ RunTime:0.000052s ]
INFO: [ app_begin ] --END-- [ RunTime:0.000105s ]
INFO: [ app_end ] --START--
INFO: Run Behavior\ShowPageTraceBehavior [ RunTime:0.000109s ]
INFO: [ app_end ] --END-- [ RunTime:0.000218s ]

[ 2017-09-03T14:04:20+08:00 ] 140.207.54.75 /tpchat/index.php/home/?signature=655f0248242a41b4b2ab2799c2a170473a04f3b7&timestamp=1504418660&nonce=904063338&openid=oAdCq05hDd6bpy1-X4B5ci0vgZEU
INFO: [ app_init ] --START--
INFO: Run Behavior\BuildLiteBehavior [ RunTime:0.000015s ]
INFO: [ app_init ] --END-- [ RunTime:0.000115s ]
INFO: [ app_begin ] --START--
INFO: Run Behavior\ReadHtmlCacheBehavior [ RunTime:0.000049s ]
INFO: [ app_begin ] --END-- [ RunTime:0.000103s ]
INFO: [ app_end ] --START--
INFO: Run Behavior\ShowPageTraceBehavior [ RunTime:0.000051s ]
INFO: [ app_end ] --END-- [ RunTime:0.000107s ]

[ 2017-09-03T14:04:22+08:00 ] 140.207.54.76 /tpchat/index.php/home/?signature=01e8e54ca8b9edc39032be7b6cb39e11874ff65d&timestamp=1504418662&nonce=1344450402&openid=oAdCq05hDd6bpy1-X4B5ci0vgZEU
INFO: [ app_init ] --START--
INFO: Run Behavior\BuildLiteBehavior [ RunTime:0.000016s ]
INFO: [ app_init ] --END-- [ RunTime:0.000147s ]
INFO: [ app_begin ] --START--
INFO: Run Behavior\ReadHtmlCacheBehavior [ RunTime:0.000049s ]
INFO: [ app_begin ] --END-- [ RunTime:0.000101s ]
INFO: [ app_end ] --START--
INFO: Run Behavior\ShowPageTraceBehavior [ RunTime:0.000053s ]
INFO: [ app_end ] --END-- [ RunTime:0.000108s ]

[ 2017-09-03T14:04:42+08:00 ] 140.207.54.76 /tpchat/index.php/home/?signature=a9ef6b082ec7e9f77741310a0ed36ac95269a8eb&timestamp=1504418682&nonce=1875528391&openid=oAdCq05hDd6bpy1-X4B5ci0vgZEU
INFO: [ app_init ] --START--
INFO: Run Behavior\BuildLiteBehavior [ RunTime:0.000015s ]
INFO: [ app_init ] --END-- [ RunTime:0.000112s ]
INFO: [ app_begin ] --START--
INFO: Run Behavior\ReadHtmlCacheBehavior [ RunTime:0.000066s ]
INFO: [ app_begin ] --END-- [ RunTime:0.000132s ]
INFO: [ app_end ] --START--
INFO: Run Behavior\ShowPageTraceBehavior [ RunTime:0.000052s ]
INFO: [ app_end ] --END-- [ RunTime:0.000108s ]

[ 2017-09-03T14:04:48+08:00 ] 140.207.54.75 /tpchat/index.php/home/?signature=52f0d36caeb5a72c01a3c7f49546fdb6af17ff05&timestamp=1504418688&nonce=526083932&openid=oAdCq05hDd6bpy1-X4B5ci0vgZEU
INFO: [ app_init ] --START--
INFO: Run Behavior\BuildLiteBehavior [ RunTime:0.000024s ]
INFO: [ app_init ] --END-- [ RunTime:0.000193s ]
INFO: [ app_begin ] --START--
INFO: Run Behavior\ReadHtmlCacheBehavior [ RunTime:0.000085s ]
INFO: [ app_begin ] --END-- [ RunTime:0.000177s ]
INFO: [ app_end ] --START--
INFO: Run Behavior\ShowPageTraceBehavior [ RunTime:0.000089s ]
INFO: [ app_end ] --END-- [ RunTime:0.000187s ]

[ 2017-09-03T14:05:52+08:00 ] 140.207.54.75 /tpchat/index.php/home/?signature=980e01e7cba1e5da44f1bb159728c5ed112274c4&timestamp=1504418752&nonce=692438349&openid=oAdCq05hDd6bpy1-X4B5ci0vgZEU
INFO: [ app_init ] --START--
INFO: Run Behavior\BuildLiteBehavior [ RunTime:0.000016s ]
INFO: [ app_init ] --END-- [ RunTime:0.000124s ]
INFO: [ app_begin ] --START--
INFO: Run Behavior\ReadHtmlCacheBehavior [ RunTime:0.000066s ]
INFO: [ app_begin ] --END-- [ RunTime:0.000146s ]
INFO: [ app_end ] --START--
INFO: Run Behavior\ShowPageTraceBehavior [ RunTime:0.000051s ]
INFO: [ app_end ] --END-- [ RunTime:0.000106s ]

[ 2017-09-03T14:09:01+08:00 ] 140.207.54.76 /tpchat/index.php/home/?signature=976e5112bff55c83b2729e19e2e12fa0519e5bb9&timestamp=1504418941&nonce=1227398354&openid=oAdCq01YzcVjLWljmeEBFcDEswEY
INFO: [ app_init ] --START--
INFO: Run Behavior\BuildLiteBehavior [ RunTime:0.000015s ]
INFO: [ app_init ] --END-- [ RunTime:0.000181s ]
INFO: [ app_begin ] --START--
INFO: Run Behavior\ReadHtmlCacheBehavior [ RunTime:0.000046s ]
INFO: [ app_begin ] --END-- [ RunTime:0.000100s ]
INFO: [ app_end ] --START--
INFO: Run Behavior\ShowPageTraceBehavior [ RunTime:0.000051s ]
INFO: [ app_end ] --END-- [ RunTime:0.000106s ]

[ 2017-09-03T14:10:26+08:00 ] 140.207.54.76 /tpchat/index.php/home/?signature=82c1335fb65ae931090255b6ba1be0ad56e05118&timestamp=1504419026&nonce=1197401923&openid=oAdCq05hDd6bpy1-X4B5ci0vgZEU
INFO: [ app_init ] --START--
INFO: Run Behavior\BuildLiteBehavior [ RunTime:0.000015s ]
INFO: [ app_init ] --END-- [ RunTime:0.000115s ]
INFO: [ app_begin ] --START--
INFO: Run Behavior\ReadHtmlCacheBehavior [ RunTime:0.000047s ]
INFO: [ app_begin ] --END-- [ RunTime:0.000101s ]
INFO: [ app_end ] --START--
INFO: Run Behavior\ShowPageTraceBehavior [ RunTime:0.000050s ]
INFO: [ app_end ] --END-- [ RunTime:0.000105s ]

[ 2017-09-03T14:12:19+08:00 ] 140.207.54.75 /tpchat/index.php/home/?signature=69c3c461b2af656d4d1215fd374399d8ea45e714&timestamp=1504419139&nonce=1925893819&openid=oAdCq05hDd6bpy1-X4B5ci0vgZEU
INFO: [ app_init ] --START--
INFO: Run Behavior\BuildLiteBehavior [ RunTime:0.000015s ]
INFO: [ app_init ] --END-- [ RunTime:0.000115s ]
INFO: [ app_begin ] --START--
INFO: Run Behavior\ReadHtmlCacheBehavior [ RunTime:0.000047s ]
INFO: [ app_begin ] --END-- [ RunTime:0.000099s ]
INFO: [ app_end ] --START--
INFO: Run Behavior\ShowPageTraceBehavior [ RunTime:0.000051s ]
INFO: [ app_end ] --END-- [ RunTime:0.000107s ]

[ 2017-09-03T15:39:14+08:00 ] 140.207.54.76 /tpchat/index.php/home/?signature=b09c21357bb71977c54615eb3dba0db3ff8a377d&timestamp=1504424354&nonce=1992843110&openid=oAdCq016X8Hgd9iVKRk6Ob-r-sNU
INFO: [ app_init ] --START--
INFO: Run Behavior\BuildLiteBehavior [ RunTime:0.000015s ]
INFO: [ app_init ] --END-- [ RunTime:0.000118s ]
INFO: [ app_begin ] --START--
INFO: Run Behavior\ReadHtmlCacheBehavior [ RunTime:0.000071s ]
INFO: [ app_begin ] --END-- [ RunTime:0.000136s ]
INFO: [ app_end ] --START--
INFO: Run Behavior\ShowPageTraceBehavior [ RunTime:0.000050s ]
INFO: [ app_end ] --END-- [ RunTime:0.000107s ]

[ 2017-09-03T15:39:16+08:00 ] 140.207.54.75 /tpchat/index.php/home/?signature=e2c1dfb7cfc441092f5605da4108f267ad926507&timestamp=1504424356&nonce=477364846&openid=oAdCq016X8Hgd9iVKRk6Ob-r-sNU
INFO: [ app_init ] --START--
INFO: Run Behavior\BuildLiteBehavior [ RunTime:0.000014s ]
INFO: [ app_init ] --END-- [ RunTime:0.000114s ]
INFO: [ app_begin ] --START--
INFO: Run Behavior\ReadHtmlCacheBehavior [ RunTime:0.000047s ]
INFO: [ app_begin ] --END-- [ RunTime:0.000100s ]
INFO: [ app_end ] --START--
INFO: Run Behavior\ShowPageTraceBehavior [ RunTime:0.000050s ]
INFO: [ app_end ] --END-- [ RunTime:0.000104s ]

[ 2017-09-03T16:07:55+08:00 ] 123.151.138.100 /tpchat/index.php/home/jspay?trade_id=79
INFO: [ app_init ] --START--
INFO: Run Behavior\BuildLiteBehavior [ RunTime:0.000015s ]
INFO: [ app_init ] --END-- [ RunTime:0.000114s ]
INFO: [ app_begin ] --START--
INFO: Run Behavior\ReadHtmlCacheBehavior [ RunTime:0.000051s ]
INFO: [ app_begin ] --END-- [ RunTime:0.000104s ]
NOTIC: [2] fopen(../logs/2017-09-03.log): failed to open stream: No such file or directory /mnt/tpchat/ThinkPHP/Library/Vendor/Wechat/log.php 第 16 行.

[ 2017-09-03T16:07:56+08:00 ] 123.151.138.100 /tpchat/index.php/home/jspay?trade_id=79trade_id=79&code=081jLeze0Any4z13jeAe0Flyze0jLezW&state=STATE
INFO: [ app_init ] --START--
INFO: Run Behavior\BuildLiteBehavior [ RunTime:0.000016s ]
INFO: [ app_init ] --END-- [ RunTime:0.000114s ]
INFO: [ app_begin ] --START--
INFO: Run Behavior\ReadHtmlCacheBehavior [ RunTime:0.000049s ]
INFO: [ app_begin ] --END-- [ RunTime:0.000101s ]
NOTIC: [2] fopen(../logs/2017-09-03.log): failed to open stream: No such file or directory /mnt/tpchat/ThinkPHP/Library/Vendor/Wechat/log.php 第 16 行.
NOTIC: [8] Undefined property: JsApiPay::$curl_timeout /mnt/tpchat/ThinkPHP/Library/Vendor/Wechat/WxPayJsApiPay.php 第 99 行.
SQL: SHOW COLUMNS FROM `trade` [ RunTime:0.0007s ]
SQL: SELECT * FROM `trade` WHERE `trade_id` = 79 LIMIT 1   [ RunTime:0.0003s ]
INFO: [ view_parse ] --START--
INFO: [ template_filter ] --START--
INFO: Run Behavior\ContentReplaceBehavior [ RunTime:0.000052s ]
INFO: [ template_filter ] --END-- [ RunTime:0.000122s ]
INFO: Run Behavior\ParseTemplateBehavior [ RunTime:0.002403s ]
INFO: [ view_parse ] --END-- [ RunTime:0.002477s ]
INFO: [ view_filter ] --START--
INFO: Run Behavior\WriteHtmlCacheBehavior [ RunTime:0.000046s ]
INFO: [ view_filter ] --END-- [ RunTime:0.000093s ]
INFO: [ app_end ] --START--
INFO: Run Behavior\ShowPageTraceBehavior [ RunTime:0.000048s ]
INFO: [ app_end ] --END-- [ RunTime:0.000095s ]

[ 2017-09-03T16:08:02+08:00 ] 123.151.138.100 /tpchat/index.php/home/jspay?trade_id=80
INFO: [ app_init ] --START--
INFO: Run Behavior\BuildLiteBehavior [ RunTime:0.000021s ]
INFO: [ app_init ] --END-- [ RunTime:0.000160s ]
INFO: [ app_begin ] --START--
INFO: Run Behavior\ReadHtmlCacheBehavior [ RunTime:0.000073s ]
INFO: [ app_begin ] --END-- [ RunTime:0.000148s ]
NOTIC: [2] fopen(../logs/2017-09-03.log): failed to open stream: No such file or directory /mnt/tpchat/ThinkPHP/Library/Vendor/Wechat/log.php 第 16 行.

[ 2017-09-03T16:08:03+08:00 ] 123.151.138.100 /tpchat/index.php/home/jspay?trade_id=80trade_id=80&code=021rAg4s0DNXSb1caA2s01Ap4s0rAg4H&state=STATE
INFO: [ app_init ] --START--
INFO: Run Behavior\BuildLiteBehavior [ RunTime:0.000015s ]
INFO: [ app_init ] --END-- [ RunTime:0.000115s ]
INFO: [ app_begin ] --START--
INFO: Run Behavior\ReadHtmlCacheBehavior [ RunTime:0.000054s ]
INFO: [ app_begin ] --END-- [ RunTime:0.000112s ]
NOTIC: [2] fopen(../logs/2017-09-03.log): failed to open stream: No such file or directory /mnt/tpchat/ThinkPHP/Library/Vendor/Wechat/log.php 第 16 行.
NOTIC: [8] Undefined property: JsApiPay::$curl_timeout /mnt/tpchat/ThinkPHP/Library/Vendor/Wechat/WxPayJsApiPay.php 第 99 行.
SQL: SHOW COLUMNS FROM `trade` [ RunTime:0.0007s ]
SQL: SELECT * FROM `trade` WHERE `trade_id` = 80 LIMIT 1   [ RunTime:0.0003s ]
INFO: [ view_parse ] --START--
INFO: [ template_filter ] --START--
INFO: Run Behavior\ContentReplaceBehavior [ RunTime:0.000056s ]
INFO: [ template_filter ] --END-- [ RunTime:0.000132s ]
INFO: Run Behavior\ParseTemplateBehavior [ RunTime:0.002492s ]
INFO: [ view_parse ] --END-- [ RunTime:0.002582s ]
INFO: [ view_filter ] --START--
INFO: Run Behavior\WriteHtmlCacheBehavior [ RunTime:0.000046s ]
INFO: [ view_filter ] --END-- [ RunTime:0.000093s ]
INFO: [ app_end ] --START--
INFO: Run Behavior\ShowPageTraceBehavior [ RunTime:0.000047s ]
INFO: [ app_end ] --END-- [ RunTime:0.000095s ]

[ 2017-09-03T16:08:10+08:00 ] 123.151.138.100 /tpchat/index.php/home/result
INFO: [ app_init ] --START--
INFO: Run Behavior\BuildLiteBehavior [ RunTime:0.000014s ]
INFO: [ app_init ] --END-- [ RunTime:0.000113s ]
INFO: [ app_begin ] --START--
INFO: Run Behavior\ReadHtmlCacheBehavior [ RunTime:0.000058s ]
INFO: [ app_begin ] --END-- [ RunTime:0.000116s ]
INFO: [ view_parse ] --START--
INFO: [ template_filter ] --START--
INFO: Run Behavior\ContentReplaceBehavior [ RunTime:0.000047s ]
INFO: [ template_filter ] --END-- [ RunTime:0.000102s ]
INFO: Run Behavior\ParseTemplateBehavior [ RunTime:0.002191s ]
INFO: [ view_parse ] --END-- [ RunTime:0.002247s ]
INFO: [ view_filter ] --START--
INFO: Run Behavior\WriteHtmlCacheBehavior [ RunTime:0.000046s ]
INFO: [ view_filter ] --END-- [ RunTime:0.000092s ]
INFO: [ app_end ] --START--
INFO: Run Behavior\ShowPageTraceBehavior [ RunTime:0.000046s ]
INFO: [ app_end ] --END-- [ RunTime:0.000092s ]

[ 2017-09-03T16:08:15+08:00 ] 117.185.27.115 /tpchat/index.php/home/jspay?trade_id=79trade_id=79
INFO: [ app_init ] --START--
INFO: Run Behavior\BuildLiteBehavior [ RunTime:0.000015s ]
INFO: [ app_init ] --END-- [ RunTime:0.000113s ]
INFO: [ app_begin ] --START--
INFO: Run Behavior\ReadHtmlCacheBehavior [ RunTime:0.000052s ]
INFO: [ app_begin ] --END-- [ RunTime:0.000103s ]
NOTIC: [2] fopen(../logs/2017-09-03.log): failed to open stream: No such file or directory /mnt/tpchat/ThinkPHP/Library/Vendor/Wechat/log.php 第 16 行.

[ 2017-09-03T16:08:16+08:00 ] 123.151.138.100 /tpchat/index.php/home/jspay?trade_id=81
INFO: [ app_init ] --START--
INFO: Run Behavior\BuildLiteBehavior [ RunTime:0.000015s ]
INFO: [ app_init ] --END-- [ RunTime:0.000115s ]
INFO: [ app_begin ] --START--
INFO: Run Behavior\ReadHtmlCacheBehavior [ RunTime:0.000052s ]
INFO: [ app_begin ] --END-- [ RunTime:0.000106s ]
NOTIC: [2] fopen(../logs/2017-09-03.log): failed to open stream: No such file or directory /mnt/tpchat/ThinkPHP/Library/Vendor/Wechat/log.php 第 16 行.

[ 2017-09-03T16:08:17+08:00 ] 123.151.138.100 /tpchat/index.php/home/jspay?trade_id=81trade_id=81&code=081t8JO90vxT1u1YUYN90JeAO90t8JOo&state=STATE
INFO: [ app_init ] --START--
INFO: Run Behavior\BuildLiteBehavior [ RunTime:0.000015s ]
INFO: [ app_init ] --END-- [ RunTime:0.000114s ]
INFO: [ app_begin ] --START--
INFO: Run Behavior\ReadHtmlCacheBehavior [ RunTime:0.000051s ]
INFO: [ app_begin ] --END-- [ RunTime:0.000104s ]
NOTIC: [2] fopen(../logs/2017-09-03.log): failed to open stream: No such file or directory /mnt/tpchat/ThinkPHP/Library/Vendor/Wechat/log.php 第 16 行.
NOTIC: [8] Undefined property: JsApiPay::$curl_timeout /mnt/tpchat/ThinkPHP/Library/Vendor/Wechat/WxPayJsApiPay.php 第 99 行.
SQL: SHOW COLUMNS FROM `trade` [ RunTime:0.0007s ]
SQL: SELECT * FROM `trade` WHERE `trade_id` = 81 LIMIT 1   [ RunTime:0.0003s ]
INFO: [ view_parse ] --START--
INFO: [ template_filter ] --START--
INFO: Run Behavior\ContentReplaceBehavior [ RunTime:0.000055s ]
INFO: [ template_filter ] --END-- [ RunTime:0.000125s ]
INFO: Run Behavior\ParseTemplateBehavior [ RunTime:0.002996s ]
INFO: [ view_parse ] --END-- [ RunTime:0.003086s ]
INFO: [ view_filter ] --START--
INFO: Run Behavior\WriteHtmlCacheBehavior [ RunTime:0.000047s ]
INFO: [ view_filter ] --END-- [ RunTime:0.000096s ]
INFO: [ app_end ] --START--
INFO: Run Behavior\ShowPageTraceBehavior [ RunTime:0.000047s ]
INFO: [ app_end ] --END-- [ RunTime:0.000096s ]

[ 2017-09-03T16:08:17+08:00 ] 117.185.27.113 /tpchat/index.php/home/jspay?trade_id=80trade_id=80
INFO: [ app_init ] --START--
INFO: Run Behavior\BuildLiteBehavior [ RunTime:0.000015s ]
INFO: [ app_init ] --END-- [ RunTime:0.000112s ]
INFO: [ app_begin ] --START--
INFO: Run Behavior\ReadHtmlCacheBehavior [ RunTime:0.000051s ]
INFO: [ app_begin ] --END-- [ RunTime:0.000102s ]
NOTIC: [2] fopen(../logs/2017-09-03.log): failed to open stream: No such file or directory /mnt/tpchat/ThinkPHP/Library/Vendor/Wechat/log.php 第 16 行.

[ 2017-09-03T16:08:17+08:00 ] 123.151.138.100 /tpchat/index.php/home/jspay?trade_id=81trade_id=81&code=071MzOXj2gbSHI0oxFVj2qzFXj2MzOXM&state=STATE
INFO: [ app_init ] --START--
INFO: Run Behavior\BuildLiteBehavior [ RunTime:0.000015s ]
INFO: [ app_init ] --END-- [ RunTime:0.000112s ]
INFO: [ app_begin ] --START--
INFO: Run Behavior\ReadHtmlCacheBehavior [ RunTime:0.000052s ]
INFO: [ app_begin ] --END-- [ RunTime:0.000115s ]
NOTIC: [2] fopen(../logs/2017-09-03.log): failed to open stream: No such file or directory /mnt/tpchat/ThinkPHP/Library/Vendor/Wechat/log.php 第 16 行.
NOTIC: [8] Undefined property: JsApiPay::$curl_timeout /mnt/tpchat/ThinkPHP/Library/Vendor/Wechat/WxPayJsApiPay.php 第 99 行.
SQL: SHOW COLUMNS FROM `trade` [ RunTime:0.0007s ]
SQL: SELECT * FROM `trade` WHERE `trade_id` = 81 LIMIT 1   [ RunTime:0.0003s ]
INFO: [ view_parse ] --START--
INFO: [ template_filter ] --START--
INFO: Run Behavior\ContentReplaceBehavior [ RunTime:0.000055s ]
INFO: [ template_filter ] --END-- [ RunTime:0.000127s ]
INFO: Run Behavior\ParseTemplateBehavior [ RunTime:0.002605s ]
INFO: [ view_parse ] --END-- [ RunTime:0.002709s ]
INFO: [ view_filter ] --START--
INFO: Run Behavior\WriteHtmlCacheBehavior [ RunTime:0.000068s ]
INFO: [ view_filter ] --END-- [ RunTime:0.000142s ]
INFO: [ app_end ] --START--
INFO: Run Behavior\ShowPageTraceBehavior [ RunTime:0.000059s ]
INFO: [ app_end ] --END-- [ RunTime:0.000159s ]

[ 2017-09-03T16:08:27+08:00 ] 140.207.54.75 /tpchat/index.php/home/?signature=f4f52bf0d7353f4c5f1077fed8c07e2612500295&timestamp=1504426107&nonce=373131768&openid=oAdCq016X8Hgd9iVKRk6Ob-r-sNU
INFO: [ app_init ] --START--
INFO: Run Behavior\BuildLiteBehavior [ RunTime:0.000015s ]
INFO: [ app_init ] --END-- [ RunTime:0.000113s ]
INFO: [ app_begin ] --START--
INFO: Run Behavior\ReadHtmlCacheBehavior [ RunTime:0.000049s ]
INFO: [ app_begin ] --END-- [ RunTime:0.000104s ]
INFO: [ app_end ] --START--
INFO: Run Behavior\ShowPageTraceBehavior [ RunTime:0.000051s ]
INFO: [ app_end ] --END-- [ RunTime:0.000107s ]

[ 2017-09-03T16:08:29+08:00 ] 117.185.27.113 /tpchat/index.php/home/jspay?trade_id=81trade_id=81
INFO: [ app_init ] --START--
INFO: Run Behavior\BuildLiteBehavior [ RunTime:0.000014s ]
INFO: [ app_init ] --END-- [ RunTime:0.000114s ]
INFO: [ app_begin ] --START--
INFO: Run Behavior\ReadHtmlCacheBehavior [ RunTime:0.000051s ]
INFO: [ app_begin ] --END-- [ RunTime:0.000103s ]
NOTIC: [2] fopen(../logs/2017-09-03.log): failed to open stream: No such file or directory /mnt/tpchat/ThinkPHP/Library/Vendor/Wechat/log.php 第 16 行.

[ 2017-09-03T16:10:53+08:00 ] 140.207.54.75 /tpchat/index.php/home/?signature=45ca6643c5aad6fa6c42de5932871e9838ab4407&timestamp=1504426253&nonce=1025419928&openid=oAdCq016X8Hgd9iVKRk6Ob-r-sNU
INFO: [ app_init ] --START--
INFO: Run Behavior\BuildLiteBehavior [ RunTime:0.000015s ]
INFO: [ app_init ] --END-- [ RunTime:0.000122s ]
INFO: [ app_begin ] --START--
INFO: Run Behavior\ReadHtmlCacheBehavior [ RunTime:0.000072s ]
INFO: [ app_begin ] --END-- [ RunTime:0.000147s ]
INFO: [ app_end ] --START--
INFO: Run Behavior\ShowPageTraceBehavior [ RunTime:0.000051s ]
INFO: [ app_end ] --END-- [ RunTime:0.000108s ]

[ 2017-09-03T16:10:54+08:00 ] 140.207.54.75 /tpchat/index.php/home/?signature=f7b4f44f999f52e9e0b463aa725472ea88e74dd1&timestamp=1504426253&nonce=167626012&openid=oAdCq016X8Hgd9iVKRk6Ob-r-sNU
INFO: [ app_init ] --START--
INFO: Run Behavior\BuildLiteBehavior [ RunTime:0.000015s ]
INFO: [ app_init ] --END-- [ RunTime:0.000114s ]
INFO: [ app_begin ] --START--
INFO: Run Behavior\ReadHtmlCacheBehavior [ RunTime:0.000047s ]
INFO: [ app_begin ] --END-- [ RunTime:0.000101s ]
INFO: [ app_end ] --START--
INFO: Run Behavior\ShowPageTraceBehavior [ RunTime:0.000050s ]
INFO: [ app_end ] --END-- [ RunTime:0.000106s ]

[ 2017-09-03T16:11:18+08:00 ] 123.151.138.100 /tpchat/index.php/home/jspay?trade_id=82
INFO: [ app_init ] --START--
INFO: Run Behavior\BuildLiteBehavior [ RunTime:0.000015s ]
INFO: [ app_init ] --END-- [ RunTime:0.000114s ]
INFO: [ app_begin ] --START--
INFO: Run Behavior\ReadHtmlCacheBehavior [ RunTime:0.000051s ]
INFO: [ app_begin ] --END-- [ RunTime:0.000103s ]
NOTIC: [2] fopen(../logs/2017-09-03.log): failed to open stream: No such file or directory /mnt/tpchat/ThinkPHP/Library/Vendor/Wechat/log.php 第 16 行.

[ 2017-09-03T16:11:18+08:00 ] 123.151.138.100 /tpchat/index.php/home/jspay?trade_id=82trade_id=82&code=061synF72qUg6M0CIgE72Dd8F72synFM&state=STATE
INFO: [ app_init ] --START--
INFO: Run Behavior\BuildLiteBehavior [ RunTime:0.000016s ]
INFO: [ app_init ] --END-- [ RunTime:0.000112s ]
INFO: [ app_begin ] --START--
INFO: Run Behavior\ReadHtmlCacheBehavior [ RunTime:0.000051s ]
INFO: [ app_begin ] --END-- [ RunTime:0.000104s ]
NOTIC: [2] fopen(../logs/2017-09-03.log): failed to open stream: No such file or directory /mnt/tpchat/ThinkPHP/Library/Vendor/Wechat/log.php 第 16 行.
NOTIC: [8] Undefined property: JsApiPay::$curl_timeout /mnt/tpchat/ThinkPHP/Library/Vendor/Wechat/WxPayJsApiPay.php 第 99 行.
SQL: SHOW COLUMNS FROM `trade` [ RunTime:0.0007s ]
SQL: SELECT * FROM `trade` WHERE `trade_id` = 82 LIMIT 1   [ RunTime:0.0003s ]
INFO: [ view_parse ] --START--
INFO: [ template_filter ] --START--
INFO: Run Behavior\ContentReplaceBehavior [ RunTime:0.000078s ]
INFO: [ template_filter ] --END-- [ RunTime:0.000161s ]
INFO: Run Behavior\ParseTemplateBehavior [ RunTime:0.002482s ]
INFO: [ view_parse ] --END-- [ RunTime:0.002556s ]
INFO: [ view_filter ] --START--
INFO: Run Behavior\WriteHtmlCacheBehavior [ RunTime:0.000047s ]
INFO: [ view_filter ] --END-- [ RunTime:0.000112s ]
INFO: [ app_end ] --START--
INFO: Run Behavior\ShowPageTraceBehavior [ RunTime:0.000050s ]
INFO: [ app_end ] --END-- [ RunTime:0.000099s ]

[ 2017-09-03T16:11:19+08:00 ] 123.151.138.100 /tpchat/index.php/home/jspay?trade_id=82trade_id=82&code=071ItYJc1kIAMr0OwlKc1gOLJc1ItYJi&state=STATE
INFO: [ app_init ] --START--
INFO: Run Behavior\BuildLiteBehavior [ RunTime:0.000015s ]
INFO: [ app_init ] --END-- [ RunTime:0.000114s ]
INFO: [ app_begin ] --START--
INFO: Run Behavior\ReadHtmlCacheBehavior [ RunTime:0.000051s ]
INFO: [ app_begin ] --END-- [ RunTime:0.000102s ]
NOTIC: [2] fopen(../logs/2017-09-03.log): failed to open stream: No such file or directory /mnt/tpchat/ThinkPHP/Library/Vendor/Wechat/log.php 第 16 行.
NOTIC: [8] Undefined property: JsApiPay::$curl_timeout /mnt/tpchat/ThinkPHP/Library/Vendor/Wechat/WxPayJsApiPay.php 第 99 行.
SQL: SHOW COLUMNS FROM `trade` [ RunTime:0.0008s ]
SQL: SELECT * FROM `trade` WHERE `trade_id` = 82 LIMIT 1   [ RunTime:0.0003s ]
INFO: [ view_parse ] --START--
INFO: [ template_filter ] --START--
INFO: Run Behavior\ContentReplaceBehavior [ RunTime:0.000054s ]
INFO: [ template_filter ] --END-- [ RunTime:0.000121s ]
INFO: Run Behavior\ParseTemplateBehavior [ RunTime:0.002400s ]
INFO: [ view_parse ] --END-- [ RunTime:0.002474s ]
INFO: [ view_filter ] --START--
INFO: Run Behavior\WriteHtmlCacheBehavior [ RunTime:0.000047s ]
INFO: [ view_filter ] --END-- [ RunTime:0.000093s ]
INFO: [ app_end ] --START--
INFO: Run Behavior\ShowPageTraceBehavior [ RunTime:0.000046s ]
INFO: [ app_end ] --END-- [ RunTime:0.000093s ]

[ 2017-09-03T16:11:32+08:00 ] 123.151.138.100 /tpchat/index.php/home/result
INFO: [ app_init ] --START--
INFO: Run Behavior\BuildLiteBehavior [ RunTime:0.000014s ]
INFO: [ app_init ] --END-- [ RunTime:0.000112s ]
INFO: [ app_begin ] --START--
INFO: Run Behavior\ReadHtmlCacheBehavior [ RunTime:0.000056s ]
INFO: [ app_begin ] --END-- [ RunTime:0.000120s ]
INFO: [ view_parse ] --START--
INFO: [ template_filter ] --START--
INFO: Run Behavior\ContentReplaceBehavior [ RunTime:0.000048s ]
INFO: [ template_filter ] --END-- [ RunTime:0.000112s ]
INFO: Run Behavior\ParseTemplateBehavior [ RunTime:0.002392s ]
INFO: [ view_parse ] --END-- [ RunTime:0.002450s ]
INFO: [ view_filter ] --START--
INFO: Run Behavior\WriteHtmlCacheBehavior [ RunTime:0.000050s ]
INFO: [ view_filter ] --END-- [ RunTime:0.000093s ]
INFO: [ app_end ] --START--
INFO: Run Behavior\ShowPageTraceBehavior [ RunTime:0.000047s ]
INFO: [ app_end ] --END-- [ RunTime:0.000094s ]

[ 2017-09-03T16:14:21+08:00 ] 140.207.54.76 /tpchat/index.php/home/?signature=c340222501407d82ce15bd155656558ab8a22278&timestamp=1504426461&nonce=595789614&openid=oAdCq016X8Hgd9iVKRk6Ob-r-sNU
INFO: [ app_init ] --START--
INFO: Run Behavior\BuildLiteBehavior [ RunTime:0.000014s ]
INFO: [ app_init ] --END-- [ RunTime:0.000116s ]
INFO: [ app_begin ] --START--
INFO: Run Behavior\ReadHtmlCacheBehavior [ RunTime:0.000048s ]
INFO: [ app_begin ] --END-- [ RunTime:0.000102s ]
INFO: [ app_end ] --START--
INFO: Run Behavior\ShowPageTraceBehavior [ RunTime:0.000052s ]
INFO: [ app_end ] --END-- [ RunTime:0.000108s ]

[ 2017-09-03T16:14:21+08:00 ] 140.207.54.75 /tpchat/index.php/home/?signature=8650616738286ee2470efef930d8f3ca0c63e5bd&timestamp=1504426461&nonce=830457816&openid=oAdCq016X8Hgd9iVKRk6Ob-r-sNU
INFO: [ app_init ] --START--
INFO: Run Behavior\BuildLiteBehavior [ RunTime:0.000012s ]
INFO: [ app_init ] --END-- [ RunTime:0.000091s ]
INFO: [ app_begin ] --START--
INFO: Run Behavior\ReadHtmlCacheBehavior [ RunTime:0.000045s ]
INFO: [ app_begin ] --END-- [ RunTime:0.000099s ]
INFO: [ app_end ] --START--
INFO: Run Behavior\ShowPageTraceBehavior [ RunTime:0.000054s ]
INFO: [ app_end ] --END-- [ RunTime:0.000110s ]

[ 2017-09-03T16:14:49+08:00 ] 123.151.138.100 /tpchat/index.php/home/jspay?trade_id=79
INFO: [ app_init ] --START--
INFO: Run Behavior\BuildLiteBehavior [ RunTime:0.000015s ]
INFO: [ app_init ] --END-- [ RunTime:0.000115s ]
INFO: [ app_begin ] --START--
INFO: Run Behavior\ReadHtmlCacheBehavior [ RunTime:0.000061s ]
INFO: [ app_begin ] --END-- [ RunTime:0.000119s ]
NOTIC: [2] fopen(../logs/2017-09-03.log): failed to open stream: No such file or directory /mnt/tpchat/ThinkPHP/Library/Vendor/Wechat/log.php 第 16 行.

[ 2017-09-03T16:14:50+08:00 ] 123.151.138.100 /tpchat/index.php/home/jspay?trade_id=79trade_id=79&code=071tNgxx1klwof0D02zx1Zykxx1tNgxy&state=STATE
INFO: [ app_init ] --START--
INFO: Run Behavior\BuildLiteBehavior [ RunTime:0.000015s ]
INFO: [ app_init ] --END-- [ RunTime:0.000115s ]
INFO: [ app_begin ] --START--
INFO: Run Behavior\ReadHtmlCacheBehavior [ RunTime:0.000054s ]
INFO: [ app_begin ] --END-- [ RunTime:0.000107s ]
NOTIC: [2] fopen(../logs/2017-09-03.log): failed to open stream: No such file or directory /mnt/tpchat/ThinkPHP/Library/Vendor/Wechat/log.php 第 16 行.
NOTIC: [8] Undefined property: JsApiPay::$curl_timeout /mnt/tpchat/ThinkPHP/Library/Vendor/Wechat/WxPayJsApiPay.php 第 99 行.
SQL: SHOW COLUMNS FROM `trade` [ RunTime:0.0008s ]
SQL: SELECT * FROM `trade` WHERE `trade_id` = 79 LIMIT 1   [ RunTime:0.0003s ]
INFO: [ view_parse ] --START--
INFO: [ template_filter ] --START--
INFO: Run Behavior\ContentReplaceBehavior [ RunTime:0.000084s ]
INFO: [ template_filter ] --END-- [ RunTime:0.000189s ]
INFO: Run Behavior\ParseTemplateBehavior [ RunTime:0.003803s ]
INFO: [ view_parse ] --END-- [ RunTime:0.003917s ]
INFO: [ view_filter ] --START--
INFO: Run Behavior\WriteHtmlCacheBehavior [ RunTime:0.000071s ]
INFO: [ view_filter ] --END-- [ RunTime:0.000149s ]
INFO: [ app_end ] --START--
INFO: Run Behavior\ShowPageTraceBehavior [ RunTime:0.000077s ]
INFO: [ app_end ] --END-- [ RunTime:0.000160s ]

[ 2017-09-03T16:14:59+08:00 ] 123.151.138.100 /tpchat/index.php/home/result
INFO: [ app_init ] --START--
INFO: Run Behavior\BuildLiteBehavior [ RunTime:0.000015s ]
INFO: [ app_init ] --END-- [ RunTime:0.000133s ]
INFO: [ app_begin ] --START--
INFO: Run Behavior\ReadHtmlCacheBehavior [ RunTime:0.000054s ]
INFO: [ app_begin ] --END-- [ RunTime:0.000106s ]
INFO: [ view_parse ] --START--
INFO: [ template_filter ] --START--
INFO: Run Behavior\ContentReplaceBehavior [ RunTime:0.000046s ]
INFO: [ template_filter ] --END-- [ RunTime:0.000102s ]
INFO: Run Behavior\ParseTemplateBehavior [ RunTime:0.002278s ]
INFO: [ view_parse ] --END-- [ RunTime:0.002335s ]
INFO: [ view_filter ] --START--
INFO: Run Behavior\WriteHtmlCacheBehavior [ RunTime:0.000047s ]
INFO: [ view_filter ] --END-- [ RunTime:0.000091s ]
INFO: [ app_end ] --START--
INFO: Run Behavior\ShowPageTraceBehavior [ RunTime:0.000047s ]
INFO: [ app_end ] --END-- [ RunTime:0.000097s ]

[ 2017-09-03T16:16:18+08:00 ] 101.226.33.206 /tpchat/index.php/home/jspay?trade_id=80
INFO: [ app_init ] --START--
INFO: Run Behavior\BuildLiteBehavior [ RunTime:0.000014s ]
INFO: [ app_init ] --END-- [ RunTime:0.000114s ]
INFO: [ app_begin ] --START--
INFO: Run Behavior\ReadHtmlCacheBehavior [ RunTime:0.000052s ]
INFO: [ app_begin ] --END-- [ RunTime:0.000106s ]
NOTIC: [2] fopen(../logs/2017-09-03.log): failed to open stream: No such file or directory /mnt/tpchat/ThinkPHP/Library/Vendor/Wechat/log.php 第 16 行.

[ 2017-09-03T16:20:47+08:00 ] 140.207.54.75 /tpchat/index.php/home/?signature=650b6cdf540dfc6972ff9eb2a526bd25b58d0c67&timestamp=1504426847&nonce=347687399&openid=oAdCq016X8Hgd9iVKRk6Ob-r-sNU
INFO: [ app_init ] --START--
INFO: Run Behavior\BuildLiteBehavior [ RunTime:0.000014s ]
INFO: [ app_init ] --END-- [ RunTime:0.000109s ]
INFO: [ app_begin ] --START--
INFO: Run Behavior\ReadHtmlCacheBehavior [ RunTime:0.000047s ]
INFO: [ app_begin ] --END-- [ RunTime:0.000101s ]
INFO: [ app_end ] --START--
INFO: Run Behavior\ShowPageTraceBehavior [ RunTime:0.000051s ]
INFO: [ app_end ] --END-- [ RunTime:0.000106s ]

[ 2017-09-03T16:38:12+08:00 ] 140.207.54.76 /tpchat/index.php/home/?signature=187d8c50b98bd56f892da9a012d14132db35a97c&timestamp=1504427892&nonce=981033869&openid=oAdCq01YzcVjLWljmeEBFcDEswEY
INFO: [ app_init ] --START--
INFO: Run Behavior\BuildLiteBehavior [ RunTime:0.000015s ]
INFO: [ app_init ] --END-- [ RunTime:0.000136s ]
INFO: [ app_begin ] --START--
INFO: Run Behavior\ReadHtmlCacheBehavior [ RunTime:0.000048s ]
INFO: [ app_begin ] --END-- [ RunTime:0.000102s ]
INFO: [ app_end ] --START--
INFO: Run Behavior\ShowPageTraceBehavior [ RunTime:0.000051s ]
INFO: [ app_end ] --END-- [ RunTime:0.000107s ]

[ 2017-09-03T16:38:25+08:00 ] 123.151.152.240 /tpchat/index.php/home/jspay?trade_id=83
INFO: [ app_init ] --START--
INFO: Run Behavior\BuildLiteBehavior [ RunTime:0.000022s ]
INFO: [ app_init ] --END-- [ RunTime:0.000174s ]
INFO: [ app_begin ] --START--
INFO: Run Behavior\ReadHtmlCacheBehavior [ RunTime:0.000074s ]
INFO: [ app_begin ] --END-- [ RunTime:0.000155s ]
NOTIC: [2] fopen(../logs/2017-09-03.log): failed to open stream: No such file or directory /mnt/tpchat/ThinkPHP/Library/Vendor/Wechat/log.php 第 16 行.

[ 2017-09-03T16:38:26+08:00 ] 123.151.152.240 /tpchat/index.php/home/jspay?trade_id=83trade_id=83&code=071GEavB11z8Wf0i4jxB1Uk8vB1GEavy&state=STATE
INFO: [ app_init ] --START--
INFO: Run Behavior\BuildLiteBehavior [ RunTime:0.000016s ]
INFO: [ app_init ] --END-- [ RunTime:0.000115s ]
INFO: [ app_begin ] --START--
INFO: Run Behavior\ReadHtmlCacheBehavior [ RunTime:0.000066s ]
INFO: [ app_begin ] --END-- [ RunTime:0.000127s ]
NOTIC: [2] fopen(../logs/2017-09-03.log): failed to open stream: No such file or directory /mnt/tpchat/ThinkPHP/Library/Vendor/Wechat/log.php 第 16 行.
NOTIC: [8] Undefined property: JsApiPay::$curl_timeout /mnt/tpchat/ThinkPHP/Library/Vendor/Wechat/WxPayJsApiPay.php 第 99 行.
SQL: SHOW COLUMNS FROM `trade` [ RunTime:0.0007s ]
SQL: SELECT * FROM `trade` WHERE `trade_id` = 83 LIMIT 1   [ RunTime:0.0003s ]
INFO: [ view_parse ] --START--
INFO: [ template_filter ] --START--
INFO: Run Behavior\ContentReplaceBehavior [ RunTime:0.000062s ]
INFO: [ template_filter ] --END-- [ RunTime:0.000153s ]
INFO: Run Behavior\ParseTemplateBehavior [ RunTime:0.002480s ]
INFO: [ view_parse ] --END-- [ RunTime:0.002555s ]
INFO: [ view_filter ] --START--
INFO: Run Behavior\WriteHtmlCacheBehavior [ RunTime:0.000053s ]
INFO: [ view_filter ] --END-- [ RunTime:0.000123s ]
INFO: [ app_end ] --START--
INFO: Run Behavior\ShowPageTraceBehavior [ RunTime:0.000050s ]
INFO: [ app_end ] --END-- [ RunTime:0.000097s ]

[ 2017-09-03T16:38:35+08:00 ] 117.185.27.115 /tpchat/index.php/home/jspay?trade_id=83
INFO: [ app_init ] --START--
INFO: Run Behavior\BuildLiteBehavior [ RunTime:0.000020s ]
INFO: [ app_init ] --END-- [ RunTime:0.000159s ]
INFO: [ app_begin ] --START--
INFO: Run Behavior\ReadHtmlCacheBehavior [ RunTime:0.000074s ]
INFO: [ app_begin ] --END-- [ RunTime:0.000152s ]
NOTIC: [2] fopen(../logs/2017-09-03.log): failed to open stream: No such file or directory /mnt/tpchat/ThinkPHP/Library/Vendor/Wechat/log.php 第 16 行.

[ 2017-09-03T16:38:45+08:00 ] 140.207.54.75 /tpchat/index.php/home/?signature=e9cd0226bbafd63dee3bff6ec5c72492c8c50a3c&timestamp=1504427925&nonce=1137254789&openid=oAdCq01YzcVjLWljmeEBFcDEswEY
INFO: [ app_init ] --START--
INFO: Run Behavior\BuildLiteBehavior [ RunTime:0.000019s ]
INFO: [ app_init ] --END-- [ RunTime:0.000118s ]
INFO: [ app_begin ] --START--
INFO: Run Behavior\ReadHtmlCacheBehavior [ RunTime:0.000067s ]
INFO: [ app_begin ] --END-- [ RunTime:0.000131s ]
INFO: [ app_end ] --START--
INFO: Run Behavior\ShowPageTraceBehavior [ RunTime:0.000051s ]
INFO: [ app_end ] --END-- [ RunTime:0.000107s ]

[ 2017-09-03T16:39:00+08:00 ] 140.207.54.75 /tpchat/index.php/home/?signature=57604737c54093d79db0f6d1fed185d017067b1f&timestamp=1504427940&nonce=964454754&openid=oAdCq01YzcVjLWljmeEBFcDEswEY
INFO: [ app_init ] --START--
INFO: Run Behavior\BuildLiteBehavior [ RunTime:0.000015s ]
INFO: [ app_init ] --END-- [ RunTime:0.000115s ]
INFO: [ app_begin ] --START--
INFO: Run Behavior\ReadHtmlCacheBehavior [ RunTime:0.000070s ]
INFO: [ app_begin ] --END-- [ RunTime:0.000135s ]
INFO: [ app_end ] --START--
INFO: Run Behavior\ShowPageTraceBehavior [ RunTime:0.000052s ]
INFO: [ app_end ] --END-- [ RunTime:0.000123s ]

[ 2017-09-03T16:39:07+08:00 ] 123.151.152.240 /tpchat/index.php/home/jspay?trade_id=84
INFO: [ app_init ] --START--
INFO: Run Behavior\BuildLiteBehavior [ RunTime:0.000014s ]
INFO: [ app_init ] --END-- [ RunTime:0.000113s ]
INFO: [ app_begin ] --START--
INFO: Run Behavior\ReadHtmlCacheBehavior [ RunTime:0.000051s ]
INFO: [ app_begin ] --END-- [ RunTime:0.000103s ]
NOTIC: [2] fopen(../logs/2017-09-03.log): failed to open stream: No such file or directory /mnt/tpchat/ThinkPHP/Library/Vendor/Wechat/log.php 第 16 行.

[ 2017-09-03T16:39:07+08:00 ] 123.151.152.240 /tpchat/index.php/home/jspay?trade_id=84trade_id=84&code=0019mXTi1uAp6z0J9dVi1QqOTi19mXTt&state=STATE
INFO: [ app_init ] --START--
INFO: Run Behavior\BuildLiteBehavior [ RunTime:0.000014s ]
INFO: [ app_init ] --END-- [ RunTime:0.000113s ]
INFO: [ app_begin ] --START--
INFO: Run Behavior\ReadHtmlCacheBehavior [ RunTime:0.000054s ]
INFO: [ app_begin ] --END-- [ RunTime:0.000127s ]
NOTIC: [2] fopen(../logs/2017-09-03.log): failed to open stream: No such file or directory /mnt/tpchat/ThinkPHP/Library/Vendor/Wechat/log.php 第 16 行.
NOTIC: [8] Undefined property: JsApiPay::$curl_timeout /mnt/tpchat/ThinkPHP/Library/Vendor/Wechat/WxPayJsApiPay.php 第 99 行.
SQL: SHOW COLUMNS FROM `trade` [ RunTime:0.0007s ]
SQL: SELECT * FROM `trade` WHERE `trade_id` = 84 LIMIT 1   [ RunTime:0.0003s ]
INFO: [ view_parse ] --START--
INFO: [ template_filter ] --START--
INFO: Run Behavior\ContentReplaceBehavior [ RunTime:0.000056s ]
INFO: [ template_filter ] --END-- [ RunTime:0.000143s ]
INFO: Run Behavior\ParseTemplateBehavior [ RunTime:0.002510s ]
INFO: [ view_parse ] --END-- [ RunTime:0.002594s ]
INFO: [ view_filter ] --START--
INFO: Run Behavior\WriteHtmlCacheBehavior [ RunTime:0.000047s ]
INFO: [ view_filter ] --END-- [ RunTime:0.000135s ]
INFO: [ app_end ] --START--
INFO: Run Behavior\ShowPageTraceBehavior [ RunTime:0.000049s ]
INFO: [ app_end ] --END-- [ RunTime:0.000096s ]

[ 2017-09-03T16:39:13+08:00 ] 140.207.54.75 /tpchat/index.php/home/?signature=cb78153e1e9cd021e536fdc403026ce6feb6e52f&timestamp=1504427953&nonce=263287307&openid=oAdCq01YzcVjLWljmeEBFcDEswEY
INFO: [ app_init ] --START--
INFO: Run Behavior\BuildLiteBehavior [ RunTime:0.000015s ]
INFO: [ app_init ] --END-- [ RunTime:0.000112s ]
INFO: [ app_begin ] --START--
INFO: Run Behavior\ReadHtmlCacheBehavior [ RunTime:0.000072s ]
INFO: [ app_begin ] --END-- [ RunTime:0.000128s ]
INFO: [ app_end ] --START--
INFO: Run Behavior\ShowPageTraceBehavior [ RunTime:0.000065s ]
INFO: [ app_end ] --END-- [ RunTime:0.000131s ]

[ 2017-09-03T16:39:17+08:00 ] 117.185.27.113 /tpchat/index.php/home/jspay?trade_id=84
INFO: [ app_init ] --START--
INFO: Run Behavior\BuildLiteBehavior [ RunTime:0.000015s ]
INFO: [ app_init ] --END-- [ RunTime:0.000119s ]
INFO: [ app_begin ] --START--
INFO: Run Behavior\ReadHtmlCacheBehavior [ RunTime:0.000057s ]
INFO: [ app_begin ] --END-- [ RunTime:0.000111s ]
NOTIC: [2] fopen(../logs/2017-09-03.log): failed to open stream: No such file or directory /mnt/tpchat/ThinkPHP/Library/Vendor/Wechat/log.php 第 16 行.

[ 2017-09-03T16:39:17+08:00 ] 117.185.27.115 /tpchat/index.php/home/jspay?trade_id=84trade_id=84
INFO: [ app_init ] --START--
INFO: Run Behavior\BuildLiteBehavior [ RunTime:0.000015s ]
INFO: [ app_init ] --END-- [ RunTime:0.000113s ]
INFO: [ app_begin ] --START--
INFO: Run Behavior\ReadHtmlCacheBehavior [ RunTime:0.000051s ]
INFO: [ app_begin ] --END-- [ RunTime:0.000103s ]
NOTIC: [2] fopen(../logs/2017-09-03.log): failed to open stream: No such file or directory /mnt/tpchat/ThinkPHP/Library/Vendor/Wechat/log.php 第 16 行.

[ 2017-09-03T16:39:29+08:00 ] 123.151.152.240 /tpchat/index.php/home/jspay?trade_id=84
INFO: [ app_init ] --START--
INFO: Run Behavior\BuildLiteBehavior [ RunTime:0.000015s ]
INFO: [ app_init ] --END-- [ RunTime:0.000112s ]
INFO: [ app_begin ] --START--
INFO: Run Behavior\ReadHtmlCacheBehavior [ RunTime:0.000053s ]
INFO: [ app_begin ] --END-- [ RunTime:0.000107s ]
NOTIC: [2] fopen(../logs/2017-09-03.log): failed to open stream: No such file or directory /mnt/tpchat/ThinkPHP/Library/Vendor/Wechat/log.php 第 16 行.

[ 2017-09-03T16:39:30+08:00 ] 123.151.152.240 /tpchat/index.php/home/jspay?trade_id=84trade_id=84&code=021hbtRl1E1iHi0mvuOl1HArRl1hbtRa&state=STATE
INFO: [ app_init ] --START--
INFO: Run Behavior\BuildLiteBehavior [ RunTime:0.000014s ]
INFO: [ app_init ] --END-- [ RunTime:0.000112s ]
INFO: [ app_begin ] --START--
INFO: Run Behavior\ReadHtmlCacheBehavior [ RunTime:0.000051s ]
INFO: [ app_begin ] --END-- [ RunTime:0.000105s ]
NOTIC: [2] fopen(../logs/2017-09-03.log): failed to open stream: No such file or directory /mnt/tpchat/ThinkPHP/Library/Vendor/Wechat/log.php 第 16 行.
NOTIC: [8] Undefined property: JsApiPay::$curl_timeout /mnt/tpchat/ThinkPHP/Library/Vendor/Wechat/WxPayJsApiPay.php 第 99 行.
SQL: SHOW COLUMNS FROM `trade` [ RunTime:0.0008s ]
SQL: SELECT * FROM `trade` WHERE `trade_id` = 84 LIMIT 1   [ RunTime:0.0003s ]
INFO: [ view_parse ] --START--
INFO: [ template_filter ] --START--
INFO: Run Behavior\ContentReplaceBehavior [ RunTime:0.000053s ]
INFO: [ template_filter ] --END-- [ RunTime:0.000121s ]
INFO: Run Behavior\ParseTemplateBehavior [ RunTime:0.002373s ]
INFO: [ view_parse ] --END-- [ RunTime:0.002469s ]
INFO: [ view_filter ] --START--
INFO: Run Behavior\WriteHtmlCacheBehavior [ RunTime:0.000047s ]
INFO: [ view_filter ] --END-- [ RunTime:0.000095s ]
INFO: [ app_end ] --START--
INFO: Run Behavior\ShowPageTraceBehavior [ RunTime:0.000047s ]
INFO: [ app_end ] --END-- [ RunTime:0.000095s ]

[ 2017-09-03T16:41:17+08:00 ] 123.151.152.240 /tpchat/index.php/home/result
INFO: [ app_init ] --START--
INFO: Run Behavior\BuildLiteBehavior [ RunTime:0.000016s ]
INFO: [ app_init ] --END-- [ RunTime:0.000112s ]
INFO: [ app_begin ] --START--
INFO: Run Behavior\ReadHtmlCacheBehavior [ RunTime:0.000050s ]
INFO: [ app_begin ] --END-- [ RunTime:0.000101s ]
INFO: [ view_parse ] --START--
INFO: [ template_filter ] --START--
INFO: Run Behavior\ContentReplaceBehavior [ RunTime:0.000046s ]
INFO: [ template_filter ] --END-- [ RunTime:0.000100s ]
INFO: Run Behavior\ParseTemplateBehavior [ RunTime:0.002080s ]
INFO: [ view_parse ] --END-- [ RunTime:0.002136s ]
INFO: [ view_filter ] --START--
INFO: Run Behavior\WriteHtmlCacheBehavior [ RunTime:0.000046s ]
INFO: [ view_filter ] --END-- [ RunTime:0.000092s ]
INFO: [ app_end ] --START--
INFO: Run Behavior\ShowPageTraceBehavior [ RunTime:0.000046s ]
INFO: [ app_end ] --END-- [ RunTime:0.000092s ]

[ 2017-09-03T16:42:32+08:00 ] 123.151.152.240 /tpchat/index.php/home/result
INFO: [ app_init ] --START--
INFO: Run Behavior\BuildLiteBehavior [ RunTime:0.000017s ]
INFO: [ app_init ] --END-- [ RunTime:0.000118s ]
INFO: [ app_begin ] --START--
INFO: Run Behavior\ReadHtmlCacheBehavior [ RunTime:0.000053s ]
INFO: [ app_begin ] --END-- [ RunTime:0.000109s ]
INFO: [ view_parse ] --START--
INFO: [ template_filter ] --START--
INFO: Run Behavior\ContentReplaceBehavior [ RunTime:0.000069s ]
INFO: [ template_filter ] --END-- [ RunTime:0.000150s ]
INFO: Run Behavior\ParseTemplateBehavior [ RunTime:0.002471s ]
INFO: [ view_parse ] --END-- [ RunTime:0.002572s ]
INFO: [ view_filter ] --START--
INFO: Run Behavior\WriteHtmlCacheBehavior [ RunTime:0.000086s ]
INFO: [ view_filter ] --END-- [ RunTime:0.000135s ]
INFO: [ app_end ] --START--
INFO: Run Behavior\ShowPageTraceBehavior [ RunTime:0.000062s ]
INFO: [ app_end ] --END-- [ RunTime:0.000129s ]

[ 2017-09-03T16:42:40+08:00 ] 140.207.54.76 /tpchat/index.php/home/?signature=37904956f3e807f469c7fe086551911e4c39463c&timestamp=1504428160&nonce=2026340464&openid=oAdCq01YzcVjLWljmeEBFcDEswEY
INFO: [ app_init ] --START--
INFO: Run Behavior\BuildLiteBehavior [ RunTime:0.000015s ]
INFO: [ app_init ] --END-- [ RunTime:0.000118s ]
INFO: [ app_begin ] --START--
INFO: Run Behavior\ReadHtmlCacheBehavior [ RunTime:0.000048s ]
INFO: [ app_begin ] --END-- [ RunTime:0.000101s ]
INFO: [ app_end ] --START--
INFO: Run Behavior\ShowPageTraceBehavior [ RunTime:0.000051s ]
INFO: [ app_end ] --END-- [ RunTime:0.000106s ]

[ 2017-09-03T16:46:52+08:00 ] 140.206.161.160 /tpchat/index.php/home/jspay?trade_id=83
INFO: [ app_init ] --START--
INFO: Run Behavior\BuildLiteBehavior [ RunTime:0.000015s ]
INFO: [ app_init ] --END-- [ RunTime:0.000115s ]
INFO: [ app_begin ] --START--
INFO: Run Behavior\ReadHtmlCacheBehavior [ RunTime:0.000052s ]
INFO: [ app_begin ] --END-- [ RunTime:0.000104s ]
NOTIC: [2] fopen(../logs/2017-09-03.log): failed to open stream: No such file or directory /mnt/tpchat/ThinkPHP/Library/Vendor/Wechat/log.php 第 16 行.

