[ 2017-09-05T08:59:51+08:00 ] 140.207.54.76 /tpchat/index.php/home/?signature=b2837a12d5e20d0d4e8cf8c57ca556b2a8427247&timestamp=1504573191&nonce=888294473&openid=oAdCq01YzcVjLWljmeEBFcDEswEY
INFO: [ app_init ] --START--
INFO: Run Behavior\BuildLiteBehavior [ RunTime:0.000023s ]
INFO: [ app_init ] --END-- [ RunTime:0.000207s ]
INFO: [ app_begin ] --START--
INFO: Run Behavior\ReadHtmlCacheBehavior [ RunTime:0.000063s ]
INFO: [ app_begin ] --END-- [ RunTime:0.000118s ]
INFO: [ app_end ] --START--
INFO: Run Behavior\ShowPageTraceBehavior [ RunTime:0.000071s ]
INFO: [ app_end ] --END-- [ RunTime:0.000142s ]

[ 2017-09-05T09:21:09+08:00 ] 140.207.54.75 /tpchat/index.php/home/?signature=e4567b899b3fd309f3f9b191c2b7f7dc3a9a3a0d&timestamp=1504574469&nonce=403136670&openid=oAdCq01YzcVjLWljmeEBFcDEswEY
INFO: [ app_init ] --START--
INFO: Run Behavior\BuildLiteBehavior [ RunTime:0.000022s ]
INFO: [ app_init ] --END-- [ RunTime:0.000178s ]
INFO: [ app_begin ] --START--
INFO: Run Behavior\ReadHtmlCacheBehavior [ RunTime:0.000067s ]
INFO: [ app_begin ] --END-- [ RunTime:0.000147s ]

[ 2017-09-05T15:57:24+08:00 ] 106.38.159.194 /tpchat/index.php/home/access/getredid?code=0617AWAq17OPRq09EbAq12kQAq17AWAN&state=1
INFO: [ app_init ] --START--
INFO: Run Behavior\BuildLiteBehavior [ RunTime:0.000016s ]
INFO: [ app_init ] --END-- [ RunTime:0.000116s ]
INFO: [ app_begin ] --START--
INFO: Run Behavior\ReadHtmlCacheBehavior [ RunTime:0.000052s ]
INFO: [ app_begin ] --END-- [ RunTime:0.000105s ]
INFO: [ app_end ] --START--
INFO: Run Behavior\ShowPageTraceBehavior [ RunTime:0.000104s ]
INFO: [ app_end ] --END-- [ RunTime:0.000208s ]

[ 2017-09-05T15:57:42+08:00 ] 106.38.159.194 /tpchat/index.php/home/jspay?code=011StlwG0SaPLh293tvG0J0swG0Stlwm&state=1
INFO: [ app_init ] --START--
INFO: Run Behavior\BuildLiteBehavior [ RunTime:0.000014s ]
INFO: [ app_init ] --END-- [ RunTime:0.000112s ]
INFO: [ app_begin ] --START--
INFO: Run Behavior\ReadHtmlCacheBehavior [ RunTime:0.000050s ]
INFO: [ app_begin ] --END-- [ RunTime:0.000103s ]
NOTIC: [2] fopen(../logs/2017-09-05.log): failed to open stream: No such file or directory /mnt/tpchat/ThinkPHP/Library/Vendor/Wechat/log.php 第 16 行.
NOTIC: [8] Undefined property: JsApiPay::$curl_timeout /mnt/tpchat/ThinkPHP/Library/Vendor/Wechat/WxPayJsApiPay.php 第 99 行.
SQL: SHOW COLUMNS FROM `trade` [ RunTime:0.0007s ]
SQL: SELECT * FROM `trade` WHERE `trade_id` = 0 LIMIT 1   [ RunTime:0.0002s ]
INFO: [ view_parse ] --START--
INFO: [ template_filter ] --START--
INFO: Run Behavior\ContentReplaceBehavior [ RunTime:0.000056s ]
INFO: [ template_filter ] --END-- [ RunTime:0.000137s ]
INFO: Run Behavior\ParseTemplateBehavior [ RunTime:0.016865s ]
INFO: [ view_parse ] --END-- [ RunTime:0.016945s ]
INFO: [ view_filter ] --START--
INFO: Run Behavior\WriteHtmlCacheBehavior [ RunTime:0.000047s ]
INFO: [ view_filter ] --END-- [ RunTime:0.000093s ]
INFO: [ app_end ] --START--
INFO: Run Behavior\ShowPageTraceBehavior [ RunTime:0.000048s ]
INFO: [ app_end ] --END-- [ RunTime:0.000095s ]

[ 2017-09-05T16:17:48+08:00 ] 140.207.54.75 /tpchat/index.php/home/?signature=f421745dce12d954d32beecfaebbc0c387039812&timestamp=1504599468&nonce=1401899076&openid=oAdCq08z0miP9AerKiRV0akkB4EI
INFO: [ app_init ] --START--
INFO: Run Behavior\BuildLiteBehavior [ RunTime:0.000015s ]
INFO: [ app_init ] --END-- [ RunTime:0.000121s ]
INFO: [ app_begin ] --START--
INFO: Run Behavior\ReadHtmlCacheBehavior [ RunTime:0.000051s ]
INFO: [ app_begin ] --END-- [ RunTime:0.000106s ]
INFO: [ app_end ] --START--
INFO: Run Behavior\ShowPageTraceBehavior [ RunTime:0.000056s ]
INFO: [ app_end ] --END-- [ RunTime:0.000115s ]

[ 2017-09-05T16:17:49+08:00 ] 140.207.54.75 /tpchat/index.php/home/?signature=e3b968b7e7f741ad7de9397acc12893f92bce843&timestamp=1504599468&nonce=736428978&openid=oAdCq016X8Hgd9iVKRk6Ob-r-sNU
INFO: [ app_init ] --START--
INFO: Run Behavior\BuildLiteBehavior [ RunTime:0.000015s ]
INFO: [ app_init ] --END-- [ RunTime:0.000113s ]
INFO: [ app_begin ] --START--
INFO: Run Behavior\ReadHtmlCacheBehavior [ RunTime:0.000048s ]
INFO: [ app_begin ] --END-- [ RunTime:0.000116s ]
INFO: [ app_end ] --START--
INFO: Run Behavior\ShowPageTraceBehavior [ RunTime:0.000051s ]
INFO: [ app_end ] --END-- [ RunTime:0.000109s ]

[ 2017-09-05T16:17:49+08:00 ] 140.207.54.76 /tpchat/index.php/home/?signature=35cd47d7325a59a73decb38c7fc72d23abeeaf38&timestamp=1504599469&nonce=497551739&openid=oAdCq06LrSyxPt7SnCuy2k4wWsCQ
INFO: [ app_init ] --START--
INFO: Run Behavior\BuildLiteBehavior [ RunTime:0.000019s ]
INFO: [ app_init ] --END-- [ RunTime:0.000140s ]
INFO: [ app_begin ] --START--
INFO: Run Behavior\ReadHtmlCacheBehavior [ RunTime:0.000052s ]
INFO: [ app_begin ] --END-- [ RunTime:0.000109s ]
INFO: [ app_end ] --START--
INFO: Run Behavior\ShowPageTraceBehavior [ RunTime:0.000064s ]
INFO: [ app_end ] --END-- [ RunTime:0.000154s ]

[ 2017-09-05T16:17:49+08:00 ] 140.207.54.75 /tpchat/index.php/home/?signature=da1751dfdfa739e9512e7cc5087defad6378292c&timestamp=1504599469&nonce=1117798551&openid=oAdCq01YzcVjLWljmeEBFcDEswEY
INFO: [ app_init ] --START--
INFO: Run Behavior\BuildLiteBehavior [ RunTime:0.000015s ]
INFO: [ app_init ] --END-- [ RunTime:0.000113s ]
INFO: [ app_begin ] --START--
INFO: Run Behavior\ReadHtmlCacheBehavior [ RunTime:0.000047s ]
INFO: [ app_begin ] --END-- [ RunTime:0.000100s ]
INFO: [ app_end ] --START--
INFO: Run Behavior\ShowPageTraceBehavior [ RunTime:0.000050s ]
INFO: [ app_end ] --END-- [ RunTime:0.000105s ]

[ 2017-09-05T16:17:49+08:00 ] 140.207.54.76 /tpchat/index.php/home/?signature=f90758f5722af270f6f8fd01e3acc421503884f9&timestamp=1504599469&nonce=265581507&openid=oAdCq05hDd6bpy1-X4B5ci0vgZEU
INFO: [ app_init ] --START--
INFO: Run Behavior\BuildLiteBehavior [ RunTime:0.000014s ]
INFO: [ app_init ] --END-- [ RunTime:0.000112s ]
INFO: [ app_begin ] --START--
INFO: Run Behavior\ReadHtmlCacheBehavior [ RunTime:0.000047s ]
INFO: [ app_begin ] --END-- [ RunTime:0.000097s ]
INFO: [ app_end ] --START--
INFO: Run Behavior\ShowPageTraceBehavior [ RunTime:0.000050s ]
INFO: [ app_end ] --END-- [ RunTime:0.000103s ]

[ 2017-09-05T16:17:49+08:00 ] 140.207.54.79 /tpchat/index.php/home/?signature=f32f205becffa884109530336aa0e41276d33b2c&timestamp=1504599469&nonce=804133181&openid=oAdCq03KSUOXEFmC6SeJ9HkAM-_U
INFO: [ app_init ] --START--
INFO: Run Behavior\BuildLiteBehavior [ RunTime:0.000015s ]
INFO: [ app_init ] --END-- [ RunTime:0.000115s ]
INFO: [ app_begin ] --START--
INFO: Run Behavior\ReadHtmlCacheBehavior [ RunTime:0.000079s ]
INFO: [ app_begin ] --END-- [ RunTime:0.000150s ]
INFO: [ app_end ] --START--
INFO: Run Behavior\ShowPageTraceBehavior [ RunTime:0.000053s ]
INFO: [ app_end ] --END-- [ RunTime:0.000107s ]

[ 2017-09-05T16:18:01+08:00 ] 140.207.54.76 /tpchat/index.php/home/?signature=e16f3b777ac1e3171732e807f197b9ae834550e9&timestamp=1504599481&nonce=1661262979&openid=oAdCq08z0miP9AerKiRV0akkB4EI
INFO: [ app_init ] --START--
INFO: Run Behavior\BuildLiteBehavior [ RunTime:0.000015s ]
INFO: [ app_init ] --END-- [ RunTime:0.000119s ]
INFO: [ app_begin ] --START--
INFO: Run Behavior\ReadHtmlCacheBehavior [ RunTime:0.000051s ]
INFO: [ app_begin ] --END-- [ RunTime:0.000108s ]
INFO: [ app_end ] --START--
INFO: Run Behavior\ShowPageTraceBehavior [ RunTime:0.000054s ]
INFO: [ app_end ] --END-- [ RunTime:0.000113s ]

[ 2017-09-05T16:19:13+08:00 ] 140.207.54.79 /tpchat/index.php/home/?signature=130b4cc01e5d1affc98cadb23479fab1861d34a8&timestamp=1504599553&nonce=30982153&openid=oAdCq03KSUOXEFmC6SeJ9HkAM-_U
INFO: [ app_init ] --START--
INFO: Run Behavior\BuildLiteBehavior [ RunTime:0.000015s ]
INFO: [ app_init ] --END-- [ RunTime:0.000114s ]
INFO: [ app_begin ] --START--
INFO: Run Behavior\ReadHtmlCacheBehavior [ RunTime:0.000058s ]
INFO: [ app_begin ] --END-- [ RunTime:0.000127s ]
INFO: [ app_end ] --START--
INFO: Run Behavior\ShowPageTraceBehavior [ RunTime:0.000052s ]
INFO: [ app_end ] --END-- [ RunTime:0.000107s ]

[ 2017-09-05T16:37:01+08:00 ] 140.207.54.75 /tpchat/index.php/home/?signature=ad9704738d5bdfb5d9efe9a813999f74466dd5ab&timestamp=1504600621&nonce=1247523763&openid=oAdCq016X8Hgd9iVKRk6Ob-r-sNU
INFO: [ app_init ] --START--
INFO: Run Behavior\BuildLiteBehavior [ RunTime:0.000014s ]
INFO: [ app_init ] --END-- [ RunTime:0.000112s ]
INFO: [ app_begin ] --START--
INFO: Run Behavior\ReadHtmlCacheBehavior [ RunTime:0.000047s ]
INFO: [ app_begin ] --END-- [ RunTime:0.000099s ]
INFO: [ app_end ] --START--
INFO: Run Behavior\ShowPageTraceBehavior [ RunTime:0.000071s ]
INFO: [ app_end ] --END-- [ RunTime:0.000146s ]

[ 2017-09-05T16:37:24+08:00 ] 140.207.54.75 /tpchat/index.php/home/?signature=3b57cd600984109161b794d6aa6f7ad01d922de3&timestamp=1504600644&nonce=1255257441&openid=oAdCq016X8Hgd9iVKRk6Ob-r-sNU
INFO: [ app_init ] --START--
INFO: Run Behavior\BuildLiteBehavior [ RunTime:0.000015s ]
INFO: [ app_init ] --END-- [ RunTime:0.000115s ]
INFO: [ app_begin ] --START--
INFO: Run Behavior\ReadHtmlCacheBehavior [ RunTime:0.000049s ]
INFO: [ app_begin ] --END-- [ RunTime:0.000106s ]

[ 2017-09-05T22:07:06+08:00 ] 140.207.54.75 /tpchat/index.php/home/?signature=b960a87237cec7129eb86e3a00ed1571280e8fcf&timestamp=1504620426&nonce=322360183&openid=oAdCq016X8Hgd9iVKRk6Ob-r-sNU
INFO: [ app_init ] --START--
INFO: Run Behavior\BuildLiteBehavior [ RunTime:0.000015s ]
INFO: [ app_init ] --END-- [ RunTime:0.000114s ]
INFO: [ app_begin ] --START--
INFO: Run Behavior\ReadHtmlCacheBehavior [ RunTime:0.000048s ]
INFO: [ app_begin ] --END-- [ RunTime:0.000102s ]
INFO: [ app_end ] --START--
INFO: Run Behavior\ShowPageTraceBehavior [ RunTime:0.000051s ]
INFO: [ app_end ] --END-- [ RunTime:0.000106s ]

[ 2017-09-05T22:07:07+08:00 ] 140.207.54.75 /tpchat/index.php/home/?signature=8249ce11402975bb7538b4a22fac2b4fd943aa10&timestamp=1504620427&nonce=179394654&openid=oAdCq016X8Hgd9iVKRk6Ob-r-sNU
INFO: [ app_init ] --START--
INFO: Run Behavior\BuildLiteBehavior [ RunTime:0.000016s ]
INFO: [ app_init ] --END-- [ RunTime:0.000142s ]
INFO: [ app_begin ] --START--
INFO: Run Behavior\ReadHtmlCacheBehavior [ RunTime:0.000050s ]
INFO: [ app_begin ] --END-- [ RunTime:0.000109s ]
INFO: [ app_end ] --START--
INFO: Run Behavior\ShowPageTraceBehavior [ RunTime:0.000072s ]
INFO: [ app_end ] --END-- [ RunTime:0.000141s ]

