[ 2017-08-15T15:38:42+08:00 ] ::1 /tpchat/access
INFO: [ app_init ] --START--
INFO: Run Behavior\BuildLiteBehavior [ RunTime:0.000021s ]
INFO: [ app_init ] --END-- [ RunTime:0.000401s ]
INFO: [ app_begin ] --START--
INFO: Run Behavior\ReadHtmlCacheBehavior [ RunTime:0.000506s ]
INFO: [ app_begin ] --END-- [ RunTime:0.000556s ]
INFO: [ app_end ] --START--
INFO: Run Behavior\ShowPageTraceBehavior [ RunTime:0.000592s ]
INFO: [ app_end ] --END-- [ RunTime:0.000672s ]

[ 2017-08-15T16:00:58+08:00 ] ::1 /tpchat/access
INFO: [ app_init ] --START--
INFO: Run Behavior\BuildLiteBehavior [ RunTime:0.000013s ]
INFO: [ app_init ] --END-- [ RunTime:0.000276s ]
INFO: [ app_begin ] --START--
INFO: Run Behavior\ReadHtmlCacheBehavior [ RunTime:0.000360s ]
INFO: [ app_begin ] --END-- [ RunTime:0.000407s ]
INFO: [ app_end ] --START--
INFO: Run Behavior\ShowPageTraceBehavior [ RunTime:0.000479s ]
INFO: [ app_end ] --END-- [ RunTime:0.000551s ]

[ 2017-08-15T16:03:58+08:00 ] ::1 /tpchat/access
INFO: [ app_init ] --START--
INFO: Run Behavior\BuildLiteBehavior [ RunTime:0.000011s ]
INFO: [ app_init ] --END-- [ RunTime:0.000247s ]
INFO: [ app_begin ] --START--
INFO: Run Behavior\ReadHtmlCacheBehavior [ RunTime:0.000378s ]
INFO: [ app_begin ] --END-- [ RunTime:0.000427s ]
INFO: [ app_end ] --START--
INFO: Run Behavior\ShowPageTraceBehavior [ RunTime:0.000482s ]
INFO: [ app_end ] --END-- [ RunTime:0.000574s ]

[ 2017-08-15T16:04:08+08:00 ] ::1 /tpchat/menu
INFO: [ app_init ] --START--
INFO: Run Behavior\BuildLiteBehavior [ RunTime:0.000011s ]
INFO: [ app_init ] --END-- [ RunTime:0.000259s ]
INFO: [ app_begin ] --START--
INFO: Run Behavior\ReadHtmlCacheBehavior [ RunTime:0.000424s ]
INFO: [ app_begin ] --END-- [ RunTime:0.000475s ]

[ 2017-08-15T16:18:18+08:00 ] ::1 /tpchat/menu
INFO: [ app_init ] --START--
INFO: Run Behavior\BuildLiteBehavior [ RunTime:0.000010s ]
INFO: [ app_init ] --END-- [ RunTime:0.000244s ]
INFO: [ app_begin ] --START--
INFO: Run Behavior\ReadHtmlCacheBehavior [ RunTime:0.000332s ]
INFO: [ app_begin ] --END-- [ RunTime:0.000372s ]
INFO: [ app_end ] --START--
INFO: Run Behavior\ShowPageTraceBehavior [ RunTime:0.000443s ]
INFO: [ app_end ] --END-- [ RunTime:0.000500s ]

[ 2017-08-15T16:18:24+08:00 ] ::1 /tpchat/ac
INFO: [ app_init ] --START--
INFO: Run Behavior\BuildLiteBehavior [ RunTime:0.000010s ]
INFO: [ app_init ] --END-- [ RunTime:0.000242s ]
INFO: [ app_begin ] --START--
INFO: Run Behavior\ReadHtmlCacheBehavior [ RunTime:0.000315s ]
INFO: [ app_begin ] --END-- [ RunTime:0.000355s ]
ERR: 无法加载控制器:Ac

[ 2017-08-15T16:18:27+08:00 ] ::1 /tpchat/access
INFO: [ app_init ] --START--
INFO: Run Behavior\BuildLiteBehavior [ RunTime:0.000010s ]
INFO: [ app_init ] --END-- [ RunTime:0.000244s ]
INFO: [ app_begin ] --START--
INFO: Run Behavior\ReadHtmlCacheBehavior [ RunTime:0.000315s ]
INFO: [ app_begin ] --END-- [ RunTime:0.000354s ]
INFO: [ app_end ] --START--
INFO: Run Behavior\ShowPageTraceBehavior [ RunTime:0.000428s ]
INFO: [ app_end ] --END-- [ RunTime:0.000491s ]

[ 2017-08-15T17:06:32+08:00 ] ::1 /tpchat/access
INFO: [ app_init ] --START--
INFO: Run Behavior\BuildLiteBehavior [ RunTime:0.000011s ]
INFO: [ app_init ] --END-- [ RunTime:0.000291s ]
INFO: [ app_begin ] --START--
INFO: Run Behavior\ReadHtmlCacheBehavior [ RunTime:0.000332s ]
INFO: [ app_begin ] --END-- [ RunTime:0.000373s ]
NOTIC: [2] unlink(./Application/Runtime/Temp/ebc8fb75fd976e43d9b34d185e57b462.php): No such file or directory /Applications/MAMP/htdocs/tpchat/ThinkPHP/Library/Think/Cache/Driver/File.class.php 第 157 行.
NOTIC: [2] unlink(./Application/Runtime/Temp/ebc8fb75fd976e43d9b34d185e57b462.php): No such file or directory /Applications/MAMP/htdocs/tpchat/ThinkPHP/Library/Think/Cache/Driver/File.class.php 第 157 行.
INFO: [ app_end ] --START--
INFO: Run Behavior\ShowPageTraceBehavior [ RunTime:0.000422s ]
INFO: [ app_end ] --END-- [ RunTime:0.000469s ]

[ 2017-08-15T17:06:41+08:00 ] ::1 /tpchat/access
INFO: [ app_init ] --START--
INFO: Run Behavior\BuildLiteBehavior [ RunTime:0.000010s ]
INFO: [ app_init ] --END-- [ RunTime:0.000245s ]
INFO: [ app_begin ] --START--
INFO: Run Behavior\ReadHtmlCacheBehavior [ RunTime:0.000319s ]
INFO: [ app_begin ] --END-- [ RunTime:0.000359s ]
NOTIC: [2] unlink(./Application/Runtime/Temp/ebc8fb75fd976e43d9b34d185e57b462.php): No such file or directory /Applications/MAMP/htdocs/tpchat/ThinkPHP/Library/Think/Cache/Driver/File.class.php 第 157 行.
NOTIC: [2] unlink(./Application/Runtime/Temp/ebc8fb75fd976e43d9b34d185e57b462.php): No such file or directory /Applications/MAMP/htdocs/tpchat/ThinkPHP/Library/Think/Cache/Driver/File.class.php 第 157 行.
INFO: [ app_end ] --START--
INFO: Run Behavior\ShowPageTraceBehavior [ RunTime:0.000409s ]
INFO: [ app_end ] --END-- [ RunTime:0.000455s ]

[ 2017-08-15T17:08:22+08:00 ] ::1 /tpchat/access
INFO: [ app_init ] --START--
INFO: Run Behavior\BuildLiteBehavior [ RunTime:0.000010s ]
INFO: [ app_init ] --END-- [ RunTime:0.000319s ]
INFO: [ app_begin ] --START--
INFO: Run Behavior\ReadHtmlCacheBehavior [ RunTime:0.000318s ]
INFO: [ app_begin ] --END-- [ RunTime:0.000359s ]
NOTIC: [2] unlink(./Application/Runtime/Temp/ebc8fb75fd976e43d9b34d185e57b462.php): No such file or directory /Applications/MAMP/htdocs/tpchat/ThinkPHP/Library/Think/Cache/Driver/File.class.php 第 157 行.
INFO: [ app_end ] --START--
INFO: Run Behavior\ShowPageTraceBehavior [ RunTime:0.000415s ]
INFO: [ app_end ] --END-- [ RunTime:0.000465s ]

[ 2017-08-15T17:08:23+08:00 ] ::1 /tpchat/access
INFO: [ app_init ] --START--
INFO: Run Behavior\BuildLiteBehavior [ RunTime:0.000009s ]
INFO: [ app_init ] --END-- [ RunTime:0.000235s ]
INFO: [ app_begin ] --START--
INFO: Run Behavior\ReadHtmlCacheBehavior [ RunTime:0.000313s ]
INFO: [ app_begin ] --END-- [ RunTime:0.000353s ]
NOTIC: [2] unlink(./Application/Runtime/Temp/ebc8fb75fd976e43d9b34d185e57b462.php): No such file or directory /Applications/MAMP/htdocs/tpchat/ThinkPHP/Library/Think/Cache/Driver/File.class.php 第 157 行.
INFO: [ app_end ] --START--
INFO: Run Behavior\ShowPageTraceBehavior [ RunTime:0.000401s ]
INFO: [ app_end ] --END-- [ RunTime:0.000446s ]

[ 2017-08-15T17:08:24+08:00 ] ::1 /tpchat/access
INFO: [ app_init ] --START--
INFO: Run Behavior\BuildLiteBehavior [ RunTime:0.000010s ]
INFO: [ app_init ] --END-- [ RunTime:0.000237s ]
INFO: [ app_begin ] --START--
INFO: Run Behavior\ReadHtmlCacheBehavior [ RunTime:0.000312s ]
INFO: [ app_begin ] --END-- [ RunTime:0.000353s ]
NOTIC: [2] unlink(./Application/Runtime/Temp/ebc8fb75fd976e43d9b34d185e57b462.php): No such file or directory /Applications/MAMP/htdocs/tpchat/ThinkPHP/Library/Think/Cache/Driver/File.class.php 第 157 行.
INFO: [ app_end ] --START--
INFO: Run Behavior\ShowPageTraceBehavior [ RunTime:0.000404s ]
INFO: [ app_end ] --END-- [ RunTime:0.000453s ]

[ 2017-08-15T17:08:24+08:00 ] ::1 /tpchat/access
INFO: [ app_init ] --START--
INFO: Run Behavior\BuildLiteBehavior [ RunTime:0.000010s ]
INFO: [ app_init ] --END-- [ RunTime:0.000240s ]
INFO: [ app_begin ] --START--
INFO: Run Behavior\ReadHtmlCacheBehavior [ RunTime:0.000316s ]
INFO: [ app_begin ] --END-- [ RunTime:0.000356s ]
NOTIC: [2] unlink(./Application/Runtime/Temp/ebc8fb75fd976e43d9b34d185e57b462.php): No such file or directory /Applications/MAMP/htdocs/tpchat/ThinkPHP/Library/Think/Cache/Driver/File.class.php 第 157 行.
INFO: [ app_end ] --START--
INFO: Run Behavior\ShowPageTraceBehavior [ RunTime:0.000410s ]
INFO: [ app_end ] --END-- [ RunTime:0.000457s ]

[ 2017-08-15T17:08:49+08:00 ] ::1 /tpchat/access
INFO: [ app_init ] --START--
INFO: Run Behavior\BuildLiteBehavior [ RunTime:0.000010s ]
INFO: [ app_init ] --END-- [ RunTime:0.000240s ]
INFO: [ app_begin ] --START--
INFO: Run Behavior\ReadHtmlCacheBehavior [ RunTime:0.000313s ]
INFO: [ app_begin ] --END-- [ RunTime:0.000352s ]
NOTIC: [2] unlink(./Application/Runtime/Temp/ebc8fb75fd976e43d9b34d185e57b462.php): No such file or directory /Applications/MAMP/htdocs/tpchat/ThinkPHP/Library/Think/Cache/Driver/File.class.php 第 157 行.
INFO: [ app_end ] --START--
INFO: Run Behavior\ShowPageTraceBehavior [ RunTime:0.000457s ]
INFO: [ app_end ] --END-- [ RunTime:0.000525s ]

[ 2017-08-15T17:09:06+08:00 ] ::1 /tpchat/access
INFO: [ app_init ] --START--
INFO: Run Behavior\BuildLiteBehavior [ RunTime:0.000011s ]
INFO: [ app_init ] --END-- [ RunTime:0.000253s ]
INFO: [ app_begin ] --START--
INFO: Run Behavior\ReadHtmlCacheBehavior [ RunTime:0.000328s ]
INFO: [ app_begin ] --END-- [ RunTime:0.000370s ]
NOTIC: [2] unlink(./Application/Runtime/Temp/ebc8fb75fd976e43d9b34d185e57b462.php): No such file or directory /Applications/MAMP/htdocs/tpchat/ThinkPHP/Library/Think/Cache/Driver/File.class.php 第 157 行.
INFO: [ app_end ] --START--
INFO: Run Behavior\ShowPageTraceBehavior [ RunTime:0.000424s ]
INFO: [ app_end ] --END-- [ RunTime:0.000470s ]

[ 2017-08-15T17:10:56+08:00 ] ::1 /tpchat/access
INFO: [ app_init ] --START--
INFO: Run Behavior\BuildLiteBehavior [ RunTime:0.000016s ]
INFO: [ app_init ] --END-- [ RunTime:0.000330s ]
INFO: [ app_begin ] --START--
INFO: Run Behavior\ReadHtmlCacheBehavior [ RunTime:0.000366s ]
INFO: [ app_begin ] --END-- [ RunTime:0.000409s ]
NOTIC: [2] unlink(./Application/Runtime/Temp/ebc8fb75fd976e43d9b34d185e57b462.php): No such file or directory /Applications/MAMP/htdocs/tpchat/ThinkPHP/Library/Think/Cache/Driver/File.class.php 第 157 行.
INFO: [ app_end ] --START--
INFO: Run Behavior\ShowPageTraceBehavior [ RunTime:0.000455s ]
INFO: [ app_end ] --END-- [ RunTime:0.000503s ]

[ 2017-08-15T17:10:58+08:00 ] ::1 /tpchat/access
INFO: [ app_init ] --START--
INFO: Run Behavior\BuildLiteBehavior [ RunTime:0.000011s ]
INFO: [ app_init ] --END-- [ RunTime:0.000244s ]
INFO: [ app_begin ] --START--
INFO: Run Behavior\ReadHtmlCacheBehavior [ RunTime:0.000341s ]
INFO: [ app_begin ] --END-- [ RunTime:0.000383s ]
NOTIC: [2] unlink(./Application/Runtime/Temp/ebc8fb75fd976e43d9b34d185e57b462.php): No such file or directory /Applications/MAMP/htdocs/tpchat/ThinkPHP/Library/Think/Cache/Driver/File.class.php 第 157 行.
INFO: [ app_end ] --START--
INFO: Run Behavior\ShowPageTraceBehavior [ RunTime:0.000409s ]
INFO: [ app_end ] --END-- [ RunTime:0.000458s ]

[ 2017-08-15T17:22:46+08:00 ] ::1 /tpchat/access
INFO: [ app_init ] --START--
INFO: Run Behavior\BuildLiteBehavior [ RunTime:0.000010s ]
INFO: [ app_init ] --END-- [ RunTime:0.000279s ]
INFO: [ app_begin ] --START--
INFO: Run Behavior\ReadHtmlCacheBehavior [ RunTime:0.000322s ]
INFO: [ app_begin ] --END-- [ RunTime:0.000363s ]
NOTIC: [2] unlink(./Application/Runtime/Temp/ebc8fb75fd976e43d9b34d185e57b462.php): No such file or directory /Applications/MAMP/htdocs/tpchat/ThinkPHP/Library/Think/Cache/Driver/File.class.php 第 157 行.
INFO: [ app_end ] --START--
INFO: Run Behavior\ShowPageTraceBehavior [ RunTime:0.000411s ]
INFO: [ app_end ] --END-- [ RunTime:0.000458s ]

[ 2017-08-15T17:22:54+08:00 ] ::1 /tpchat/access
INFO: [ app_init ] --START--
INFO: Run Behavior\BuildLiteBehavior [ RunTime:0.000008s ]
INFO: [ app_init ] --END-- [ RunTime:0.000232s ]
INFO: [ app_begin ] --START--
INFO: Run Behavior\ReadHtmlCacheBehavior [ RunTime:0.000315s ]
INFO: [ app_begin ] --END-- [ RunTime:0.000355s ]
NOTIC: [2] unlink(./Application/Runtime/Temp/ebc8fb75fd976e43d9b34d185e57b462.php): No such file or directory /Applications/MAMP/htdocs/tpchat/ThinkPHP/Library/Think/Cache/Driver/File.class.php 第 157 行.
INFO: [ app_end ] --START--
INFO: Run Behavior\ShowPageTraceBehavior [ RunTime:0.000405s ]
INFO: [ app_end ] --END-- [ RunTime:0.000450s ]

[ 2017-08-15T17:23:26+08:00 ] ::1 /tpchat/access
INFO: [ app_init ] --START--
INFO: Run Behavior\BuildLiteBehavior [ RunTime:0.000010s ]
INFO: [ app_init ] --END-- [ RunTime:0.000239s ]
INFO: [ app_begin ] --START--
INFO: Run Behavior\ReadHtmlCacheBehavior [ RunTime:0.000313s ]
INFO: [ app_begin ] --END-- [ RunTime:0.000353s ]
NOTIC: [2] unlink(./Application/Runtime/Temp/ebc8fb75fd976e43d9b34d185e57b462.php): No such file or directory /Applications/MAMP/htdocs/tpchat/ThinkPHP/Library/Think/Cache/Driver/File.class.php 第 157 行.
INFO: [ app_end ] --START--
INFO: Run Behavior\ShowPageTraceBehavior [ RunTime:0.000407s ]
INFO: [ app_end ] --END-- [ RunTime:0.000453s ]

[ 2017-08-15T17:23:37+08:00 ] ::1 /tpchat/access
INFO: [ app_init ] --START--
INFO: Run Behavior\BuildLiteBehavior [ RunTime:0.000011s ]
INFO: [ app_init ] --END-- [ RunTime:0.000284s ]
INFO: [ app_begin ] --START--
INFO: Run Behavior\ReadHtmlCacheBehavior [ RunTime:0.000320s ]
INFO: [ app_begin ] --END-- [ RunTime:0.000360s ]
NOTIC: [2] unlink(./Application/Runtime/Temp/ebc8fb75fd976e43d9b34d185e57b462.php): No such file or directory /Applications/MAMP/htdocs/tpchat/ThinkPHP/Library/Think/Cache/Driver/File.class.php 第 157 行.
INFO: [ app_end ] --START--
INFO: Run Behavior\ShowPageTraceBehavior [ RunTime:0.000408s ]
INFO: [ app_end ] --END-- [ RunTime:0.000454s ]

[ 2017-08-15T17:23:39+08:00 ] ::1 /tpchat/access
INFO: [ app_init ] --START--
INFO: Run Behavior\BuildLiteBehavior [ RunTime:0.000010s ]
INFO: [ app_init ] --END-- [ RunTime:0.000237s ]
INFO: [ app_begin ] --START--
INFO: Run Behavior\ReadHtmlCacheBehavior [ RunTime:0.000317s ]
INFO: [ app_begin ] --END-- [ RunTime:0.000357s ]
NOTIC: [2] unlink(./Application/Runtime/Temp/ebc8fb75fd976e43d9b34d185e57b462.php): No such file or directory /Applications/MAMP/htdocs/tpchat/ThinkPHP/Library/Think/Cache/Driver/File.class.php 第 157 行.
INFO: [ app_end ] --START--
INFO: Run Behavior\ShowPageTraceBehavior [ RunTime:0.000407s ]
INFO: [ app_end ] --END-- [ RunTime:0.000453s ]

[ 2017-08-15T17:23:52+08:00 ] ::1 /tpchat/access
INFO: [ app_init ] --START--
INFO: Run Behavior\BuildLiteBehavior [ RunTime:0.000009s ]
INFO: [ app_init ] --END-- [ RunTime:0.000237s ]
INFO: [ app_begin ] --START--
INFO: Run Behavior\ReadHtmlCacheBehavior [ RunTime:0.000310s ]
INFO: [ app_begin ] --END-- [ RunTime:0.000350s ]
NOTIC: [2] unlink(./Application/Runtime/Temp/ebc8fb75fd976e43d9b34d185e57b462.php): No such file or directory /Applications/MAMP/htdocs/tpchat/ThinkPHP/Library/Think/Cache/Driver/File.class.php 第 157 行.
INFO: [ app_end ] --START--
INFO: Run Behavior\ShowPageTraceBehavior [ RunTime:0.000476s ]
INFO: [ app_end ] --END-- [ RunTime:0.000523s ]

[ 2017-08-15T17:24:32+08:00 ] ::1 /tpchat/access
INFO: [ app_init ] --START--
INFO: Run Behavior\BuildLiteBehavior [ RunTime:0.000009s ]
INFO: [ app_init ] --END-- [ RunTime:0.000228s ]
INFO: [ app_begin ] --START--
INFO: Run Behavior\ReadHtmlCacheBehavior [ RunTime:0.000347s ]
INFO: [ app_begin ] --END-- [ RunTime:0.000386s ]
NOTIC: [2] unlink(./Application/Runtime/Temp/ebc8fb75fd976e43d9b34d185e57b462.php): No such file or directory /Applications/MAMP/htdocs/tpchat/ThinkPHP/Library/Think/Cache/Driver/File.class.php 第 157 行.
INFO: [ app_end ] --START--
INFO: Run Behavior\ShowPageTraceBehavior [ RunTime:0.000408s ]
INFO: [ app_end ] --END-- [ RunTime:0.000453s ]

[ 2017-08-15T17:24:35+08:00 ] ::1 /tpchat/access
INFO: [ app_init ] --START--
INFO: Run Behavior\BuildLiteBehavior [ RunTime:0.000011s ]
INFO: [ app_init ] --END-- [ RunTime:0.000247s ]
INFO: [ app_begin ] --START--
INFO: Run Behavior\ReadHtmlCacheBehavior [ RunTime:0.000319s ]
INFO: [ app_begin ] --END-- [ RunTime:0.000359s ]
NOTIC: [2] unlink(./Application/Runtime/Temp/ebc8fb75fd976e43d9b34d185e57b462.php): No such file or directory /Applications/MAMP/htdocs/tpchat/ThinkPHP/Library/Think/Cache/Driver/File.class.php 第 157 行.
INFO: [ app_end ] --START--
INFO: Run Behavior\ShowPageTraceBehavior [ RunTime:0.000462s ]
INFO: [ app_end ] --END-- [ RunTime:0.000528s ]

[ 2017-08-15T17:26:45+08:00 ] ::1 /tpchat/access
INFO: [ app_init ] --START--
INFO: Run Behavior\BuildLiteBehavior [ RunTime:0.000010s ]
INFO: [ app_init ] --END-- [ RunTime:0.000239s ]
INFO: [ app_begin ] --START--
INFO: Run Behavior\ReadHtmlCacheBehavior [ RunTime:0.000313s ]
INFO: [ app_begin ] --END-- [ RunTime:0.000353s ]
NOTIC: [2] opendir(http://182.92.97.97/tpchat/Application/Runtime/Temp): failed to open dir: not implemented /Applications/MAMP/htdocs/tpchat/Application/Home/Controller/AccessController.class.php 第 20 行.
NOTIC: [2] readdir() expects parameter 1 to be resource, boolean given /Applications/MAMP/htdocs/tpchat/Application/Home/Controller/AccessController.class.php 第 21 行.
INFO: [ app_end ] --START--
INFO: Run Behavior\ShowPageTraceBehavior [ RunTime:0.000342s ]
INFO: [ app_end ] --END-- [ RunTime:0.000382s ]

[ 2017-08-15T17:27:11+08:00 ] ::1 /tpchat/access
INFO: [ app_init ] --START--
INFO: Run Behavior\BuildLiteBehavior [ RunTime:0.000010s ]
INFO: [ app_init ] --END-- [ RunTime:0.000240s ]
INFO: [ app_begin ] --START--
INFO: Run Behavior\ReadHtmlCacheBehavior [ RunTime:0.000347s ]
INFO: [ app_begin ] --END-- [ RunTime:0.000390s ]
NOTIC: [2] opendir(http://182.92.97.97/tpchat/Application/Runtime/Temp): failed to open dir: not implemented /Applications/MAMP/htdocs/tpchat/Application/Home/Controller/AccessController.class.php 第 20 行.
NOTIC: [2] readdir() expects parameter 1 to be resource, boolean given /Applications/MAMP/htdocs/tpchat/Application/Home/Controller/AccessController.class.php 第 21 行.
INFO: [ app_end ] --START--
INFO: Run Behavior\ShowPageTraceBehavior [ RunTime:0.000357s ]
INFO: [ app_end ] --END-- [ RunTime:0.000400s ]

[ 2017-08-15T17:27:12+08:00 ] ::1 /tpchat/access
INFO: [ app_init ] --START--
INFO: Run Behavior\BuildLiteBehavior [ RunTime:0.000010s ]
INFO: [ app_init ] --END-- [ RunTime:0.000238s ]
INFO: [ app_begin ] --START--
INFO: Run Behavior\ReadHtmlCacheBehavior [ RunTime:0.000314s ]
INFO: [ app_begin ] --END-- [ RunTime:0.000354s ]
NOTIC: [2] opendir(http://182.92.97.97/tpchat/Application/Runtime/Temp): failed to open dir: not implemented /Applications/MAMP/htdocs/tpchat/Application/Home/Controller/AccessController.class.php 第 20 行.
NOTIC: [2] readdir() expects parameter 1 to be resource, boolean given /Applications/MAMP/htdocs/tpchat/Application/Home/Controller/AccessController.class.php 第 21 行.
INFO: [ app_end ] --START--
INFO: Run Behavior\ShowPageTraceBehavior [ RunTime:0.000327s ]
INFO: [ app_end ] --END-- [ RunTime:0.000366s ]

[ 2017-08-15T17:27:13+08:00 ] ::1 /tpchat/access
INFO: [ app_init ] --START--
INFO: Run Behavior\BuildLiteBehavior [ RunTime:0.000010s ]
INFO: [ app_init ] --END-- [ RunTime:0.000236s ]
INFO: [ app_begin ] --START--
INFO: Run Behavior\ReadHtmlCacheBehavior [ RunTime:0.000312s ]
INFO: [ app_begin ] --END-- [ RunTime:0.000353s ]
NOTIC: [2] opendir(http://182.92.97.97/tpchat/Application/Runtime/Temp): failed to open dir: not implemented /Applications/MAMP/htdocs/tpchat/Application/Home/Controller/AccessController.class.php 第 20 行.
NOTIC: [2] readdir() expects parameter 1 to be resource, boolean given /Applications/MAMP/htdocs/tpchat/Application/Home/Controller/AccessController.class.php 第 21 行.
INFO: [ app_end ] --START--
INFO: Run Behavior\ShowPageTraceBehavior [ RunTime:0.000327s ]
INFO: [ app_end ] --END-- [ RunTime:0.000365s ]

[ 2017-08-15T17:27:13+08:00 ] ::1 /tpchat/access
INFO: [ app_init ] --START--
INFO: Run Behavior\BuildLiteBehavior [ RunTime:0.000009s ]
INFO: [ app_init ] --END-- [ RunTime:0.000237s ]
INFO: [ app_begin ] --START--
INFO: Run Behavior\ReadHtmlCacheBehavior [ RunTime:0.000311s ]
INFO: [ app_begin ] --END-- [ RunTime:0.000351s ]
NOTIC: [2] opendir(http://182.92.97.97/tpchat/Application/Runtime/Temp): failed to open dir: not implemented /Applications/MAMP/htdocs/tpchat/Application/Home/Controller/AccessController.class.php 第 20 行.
NOTIC: [2] readdir() expects parameter 1 to be resource, boolean given /Applications/MAMP/htdocs/tpchat/Application/Home/Controller/AccessController.class.php 第 21 行.
INFO: [ app_end ] --START--
INFO: Run Behavior\ShowPageTraceBehavior [ RunTime:0.000388s ]
INFO: [ app_end ] --END-- [ RunTime:0.000440s ]

[ 2017-08-15T17:27:14+08:00 ] ::1 /tpchat/access
INFO: [ app_init ] --START--
INFO: Run Behavior\BuildLiteBehavior [ RunTime:0.000011s ]
INFO: [ app_init ] --END-- [ RunTime:0.000252s ]
INFO: [ app_begin ] --START--
INFO: Run Behavior\ReadHtmlCacheBehavior [ RunTime:0.000374s ]
INFO: [ app_begin ] --END-- [ RunTime:0.000427s ]
NOTIC: [2] opendir(http://182.92.97.97/tpchat/Application/Runtime/Temp): failed to open dir: not implemented /Applications/MAMP/htdocs/tpchat/Application/Home/Controller/AccessController.class.php 第 20 行.
NOTIC: [2] readdir() expects parameter 1 to be resource, boolean given /Applications/MAMP/htdocs/tpchat/Application/Home/Controller/AccessController.class.php 第 21 行.
INFO: [ app_end ] --START--
INFO: Run Behavior\ShowPageTraceBehavior [ RunTime:0.000328s ]
INFO: [ app_end ] --END-- [ RunTime:0.000366s ]

[ 2017-08-15T17:27:32+08:00 ] ::1 /tpchat/access
INFO: [ app_init ] --START--
INFO: Run Behavior\BuildLiteBehavior [ RunTime:0.000010s ]
INFO: [ app_init ] --END-- [ RunTime:0.000244s ]
INFO: [ app_begin ] --START--
INFO: Run Behavior\ReadHtmlCacheBehavior [ RunTime:0.000315s ]
INFO: [ app_begin ] --END-- [ RunTime:0.000355s ]
NOTIC: [2] opendir(http://182.92.97.97/tpchat/Application/Runtime/Temp/): failed to open dir: not implemented /Applications/MAMP/htdocs/tpchat/Application/Home/Controller/AccessController.class.php 第 20 行.
NOTIC: [2] readdir() expects parameter 1 to be resource, boolean given /Applications/MAMP/htdocs/tpchat/Application/Home/Controller/AccessController.class.php 第 21 行.
INFO: [ app_end ] --START--
INFO: Run Behavior\ShowPageTraceBehavior [ RunTime:0.000348s ]
INFO: [ app_end ] --END-- [ RunTime:0.000389s ]

[ 2017-08-15T17:27:33+08:00 ] ::1 /tpchat/access
INFO: [ app_init ] --START--
INFO: Run Behavior\BuildLiteBehavior [ RunTime:0.000011s ]
INFO: [ app_init ] --END-- [ RunTime:0.000257s ]
INFO: [ app_begin ] --START--
INFO: Run Behavior\ReadHtmlCacheBehavior [ RunTime:0.000316s ]
INFO: [ app_begin ] --END-- [ RunTime:0.000356s ]
NOTIC: [2] opendir(http://182.92.97.97/tpchat/Application/Runtime/Temp/): failed to open dir: not implemented /Applications/MAMP/htdocs/tpchat/Application/Home/Controller/AccessController.class.php 第 20 行.
NOTIC: [2] readdir() expects parameter 1 to be resource, boolean given /Applications/MAMP/htdocs/tpchat/Application/Home/Controller/AccessController.class.php 第 21 行.
INFO: [ app_end ] --START--
INFO: Run Behavior\ShowPageTraceBehavior [ RunTime:0.000332s ]
INFO: [ app_end ] --END-- [ RunTime:0.000371s ]

[ 2017-08-15T17:27:33+08:00 ] ::1 /tpchat/access
INFO: [ app_init ] --START--
INFO: Run Behavior\BuildLiteBehavior [ RunTime:0.000008s ]
INFO: [ app_init ] --END-- [ RunTime:0.000225s ]
INFO: [ app_begin ] --START--
INFO: Run Behavior\ReadHtmlCacheBehavior [ RunTime:0.000298s ]
INFO: [ app_begin ] --END-- [ RunTime:0.000335s ]
NOTIC: [2] opendir(http://182.92.97.97/tpchat/Application/Runtime/Temp/): failed to open dir: not implemented /Applications/MAMP/htdocs/tpchat/Application/Home/Controller/AccessController.class.php 第 20 行.
NOTIC: [2] readdir() expects parameter 1 to be resource, boolean given /Applications/MAMP/htdocs/tpchat/Application/Home/Controller/AccessController.class.php 第 21 行.
INFO: [ app_end ] --START--
INFO: Run Behavior\ShowPageTraceBehavior [ RunTime:0.000339s ]
INFO: [ app_end ] --END-- [ RunTime:0.000378s ]

[ 2017-08-15T17:27:48+08:00 ] ::1 /tpchat/access
INFO: [ app_init ] --START--
INFO: Run Behavior\BuildLiteBehavior [ RunTime:0.000010s ]
INFO: [ app_init ] --END-- [ RunTime:0.000258s ]
INFO: [ app_begin ] --START--
INFO: Run Behavior\ReadHtmlCacheBehavior [ RunTime:0.000316s ]
INFO: [ app_begin ] --END-- [ RunTime:0.000356s ]
NOTIC: [2] opendir(http://182.92.97.97/tpchat/Application/Runtime/Temp/): failed to open dir: not implemented /Applications/MAMP/htdocs/tpchat/Application/Home/Controller/AccessController.class.php 第 20 行.
NOTIC: [2] readdir() expects parameter 1 to be resource, boolean given /Applications/MAMP/htdocs/tpchat/Application/Home/Controller/AccessController.class.php 第 22 行.
INFO: [ app_end ] --START--
INFO: Run Behavior\ShowPageTraceBehavior [ RunTime:0.000344s ]
INFO: [ app_end ] --END-- [ RunTime:0.000385s ]

[ 2017-08-15T17:27:58+08:00 ] ::1 /tpchat/access
INFO: [ app_init ] --START--
INFO: Run Behavior\BuildLiteBehavior [ RunTime:0.000009s ]
INFO: [ app_init ] --END-- [ RunTime:0.000239s ]
INFO: [ app_begin ] --START--
INFO: Run Behavior\ReadHtmlCacheBehavior [ RunTime:0.000314s ]
INFO: [ app_begin ] --END-- [ RunTime:0.000354s ]
NOTIC: [2] opendir(http://182.92.97.97/tpchat/Application/Runtime/Temp/): failed to open dir: not implemented /Applications/MAMP/htdocs/tpchat/Application/Home/Controller/AccessController.class.php 第 21 行.
NOTIC: [2] readdir() expects parameter 1 to be resource, boolean given /Applications/MAMP/htdocs/tpchat/Application/Home/Controller/AccessController.class.php 第 23 行.
INFO: [ app_end ] --START--
INFO: Run Behavior\ShowPageTraceBehavior [ RunTime:0.000371s ]
INFO: [ app_end ] --END-- [ RunTime:0.000416s ]

[ 2017-08-15T17:28:20+08:00 ] ::1 /tpchat/access
INFO: [ app_init ] --START--
INFO: Run Behavior\BuildLiteBehavior [ RunTime:0.000010s ]
INFO: [ app_init ] --END-- [ RunTime:0.000246s ]
INFO: [ app_begin ] --START--
INFO: Run Behavior\ReadHtmlCacheBehavior [ RunTime:0.000319s ]
INFO: [ app_begin ] --END-- [ RunTime:0.000360s ]
NOTIC: [2] opendir(http://localhost:8888/tpchat/Application/Runtime/Temp/): failed to open dir: not implemented /Applications/MAMP/htdocs/tpchat/Application/Home/Controller/AccessController.class.php 第 21 行.
NOTIC: [2] readdir() expects parameter 1 to be resource, boolean given /Applications/MAMP/htdocs/tpchat/Application/Home/Controller/AccessController.class.php 第 23 行.
INFO: [ app_end ] --START--
INFO: Run Behavior\ShowPageTraceBehavior [ RunTime:0.000423s ]
INFO: [ app_end ] --END-- [ RunTime:0.000474s ]

[ 2017-08-15T17:28:23+08:00 ] ::1 /tpchat/access
INFO: [ app_init ] --START--
INFO: Run Behavior\BuildLiteBehavior [ RunTime:0.000010s ]
INFO: [ app_init ] --END-- [ RunTime:0.000239s ]
INFO: [ app_begin ] --START--
INFO: Run Behavior\ReadHtmlCacheBehavior [ RunTime:0.000313s ]
INFO: [ app_begin ] --END-- [ RunTime:0.000353s ]
NOTIC: [2] opendir(http://localhost:8888/tpchat/Application/Runtime/Temp/): failed to open dir: not implemented /Applications/MAMP/htdocs/tpchat/Application/Home/Controller/AccessController.class.php 第 21 行.
NOTIC: [2] readdir() expects parameter 1 to be resource, boolean given /Applications/MAMP/htdocs/tpchat/Application/Home/Controller/AccessController.class.php 第 23 行.
INFO: [ app_end ] --START--
INFO: Run Behavior\ShowPageTraceBehavior [ RunTime:0.000329s ]
INFO: [ app_end ] --END-- [ RunTime:0.000368s ]

[ 2017-08-15T17:28:24+08:00 ] ::1 /tpchat/access
INFO: [ app_init ] --START--
INFO: Run Behavior\BuildLiteBehavior [ RunTime:0.000010s ]
INFO: [ app_init ] --END-- [ RunTime:0.000239s ]
INFO: [ app_begin ] --START--
INFO: Run Behavior\ReadHtmlCacheBehavior [ RunTime:0.000330s ]
INFO: [ app_begin ] --END-- [ RunTime:0.000373s ]
NOTIC: [2] opendir(http://localhost:8888/tpchat/Application/Runtime/Temp/): failed to open dir: not implemented /Applications/MAMP/htdocs/tpchat/Application/Home/Controller/AccessController.class.php 第 21 行.
NOTIC: [2] readdir() expects parameter 1 to be resource, boolean given /Applications/MAMP/htdocs/tpchat/Application/Home/Controller/AccessController.class.php 第 23 行.
INFO: [ app_end ] --START--
INFO: Run Behavior\ShowPageTraceBehavior [ RunTime:0.000328s ]
INFO: [ app_end ] --END-- [ RunTime:0.000367s ]

[ 2017-08-15T17:28:25+08:00 ] ::1 /tpchat/access
INFO: [ app_init ] --START--
INFO: Run Behavior\BuildLiteBehavior [ RunTime:0.000010s ]
INFO: [ app_init ] --END-- [ RunTime:0.000248s ]
INFO: [ app_begin ] --START--
INFO: Run Behavior\ReadHtmlCacheBehavior [ RunTime:0.000317s ]
INFO: [ app_begin ] --END-- [ RunTime:0.000357s ]
NOTIC: [2] opendir(http://localhost:8888/tpchat/Application/Runtime/Temp/): failed to open dir: not implemented /Applications/MAMP/htdocs/tpchat/Application/Home/Controller/AccessController.class.php 第 21 行.
NOTIC: [2] readdir() expects parameter 1 to be resource, boolean given /Applications/MAMP/htdocs/tpchat/Application/Home/Controller/AccessController.class.php 第 23 行.
INFO: [ app_end ] --START--
INFO: Run Behavior\ShowPageTraceBehavior [ RunTime:0.000372s ]
INFO: [ app_end ] --END-- [ RunTime:0.000414s ]

[ 2017-08-15T17:28:35+08:00 ] ::1 /tpchat/access
INFO: [ app_init ] --START--
INFO: Run Behavior\BuildLiteBehavior [ RunTime:0.000011s ]
INFO: [ app_init ] --END-- [ RunTime:0.000365s ]
INFO: [ app_begin ] --START--
INFO: Run Behavior\ReadHtmlCacheBehavior [ RunTime:0.000382s ]
INFO: [ app_begin ] --END-- [ RunTime:0.000425s ]
NOTIC: [2] opendir(http://localhost:8888/tpchat/Application/Runtime/Temp/): failed to open dir: not implemented /Applications/MAMP/htdocs/tpchat/Application/Home/Controller/AccessController.class.php 第 21 行.
NOTIC: [2] readdir() expects parameter 1 to be resource, boolean given /Applications/MAMP/htdocs/tpchat/Application/Home/Controller/AccessController.class.php 第 23 行.
INFO: [ app_end ] --START--
INFO: Run Behavior\ShowPageTraceBehavior [ RunTime:0.000330s ]
INFO: [ app_end ] --END-- [ RunTime:0.000369s ]

[ 2017-08-15T17:28:41+08:00 ] ::1 /tpchat/access
INFO: [ app_init ] --START--
INFO: Run Behavior\BuildLiteBehavior [ RunTime:0.000011s ]
INFO: [ app_init ] --END-- [ RunTime:0.000252s ]
INFO: [ app_begin ] --START--
INFO: Run Behavior\ReadHtmlCacheBehavior [ RunTime:0.000350s ]
INFO: [ app_begin ] --END-- [ RunTime:0.000393s ]
NOTIC: [2] opendir(http://localhost:8888/tpchat/Application/Runtime/Temp): failed to open dir: not implemented /Applications/MAMP/htdocs/tpchat/Application/Home/Controller/AccessController.class.php 第 21 行.
NOTIC: [2] readdir() expects parameter 1 to be resource, boolean given /Applications/MAMP/htdocs/tpchat/Application/Home/Controller/AccessController.class.php 第 23 行.
INFO: [ app_end ] --START--
INFO: Run Behavior\ShowPageTraceBehavior [ RunTime:0.000364s ]
INFO: [ app_end ] --END-- [ RunTime:0.000408s ]

[ 2017-08-15T17:28:41+08:00 ] ::1 /tpchat/access
INFO: [ app_init ] --START--
INFO: Run Behavior\BuildLiteBehavior [ RunTime:0.000010s ]
INFO: [ app_init ] --END-- [ RunTime:0.000242s ]
INFO: [ app_begin ] --START--
INFO: Run Behavior\ReadHtmlCacheBehavior [ RunTime:0.000314s ]
INFO: [ app_begin ] --END-- [ RunTime:0.000352s ]
NOTIC: [2] opendir(http://localhost:8888/tpchat/Application/Runtime/Temp): failed to open dir: not implemented /Applications/MAMP/htdocs/tpchat/Application/Home/Controller/AccessController.class.php 第 21 行.
NOTIC: [2] readdir() expects parameter 1 to be resource, boolean given /Applications/MAMP/htdocs/tpchat/Application/Home/Controller/AccessController.class.php 第 23 行.
INFO: [ app_end ] --START--
INFO: Run Behavior\ShowPageTraceBehavior [ RunTime:0.000326s ]
INFO: [ app_end ] --END-- [ RunTime:0.000365s ]

