[ 2017-08-18T10:07:17+08:00 ] 123.120.93.248 /tpchat/index.php/ADMIN
INFO: [ app_init ] --START--
INFO: Run Behavior\BuildLiteBehavior [ RunTime:0.000015s ]
INFO: [ app_init ] --END-- [ RunTime:0.000113s ]
ERR: 无法加载模块:ADMIN

[ 2017-08-18T10:10:20+08:00 ] 123.120.93.248 /tpchat/index.php/menu/
INFO: [ app_init ] --START--
INFO: Run Behavior\BuildLiteBehavior [ RunTime:0.000015s ]
INFO: [ app_init ] --END-- [ RunTime:0.000118s ]
ERR: 无法加载模块:Menu

[ 2017-08-18T10:14:28+08:00 ] 123.120.93.248 /tpchat/index.php/menu
INFO: [ app_init ] --START--
INFO: Run Behavior\BuildLiteBehavior [ RunTime:0.000016s ]
INFO: [ app_init ] --END-- [ RunTime:0.000112s ]
ERR: 无法加载模块:Menu

[ 2017-08-18T10:18:06+08:00 ] 123.120.93.248 /tpchat/index.php/menu/
INFO: [ app_init ] --START--
INFO: Run Behavior\BuildLiteBehavior [ RunTime:0.000023s ]
INFO: [ app_init ] --END-- [ RunTime:0.000162s ]
ERR: 无法加载模块:Menu

[ 2017-08-18T10:18:50+08:00 ] 123.120.93.248 /tpchat/index.php/menu/create
INFO: [ app_init ] --START--
INFO: Run Behavior\BuildLiteBehavior [ RunTime:0.000015s ]
INFO: [ app_init ] --END-- [ RunTime:0.000114s ]
ERR: 无法加载模块:Menu

[ 2017-08-18T10:18:54+08:00 ] 123.120.93.248 /tpchat/index.php/menu/
INFO: [ app_init ] --START--
INFO: Run Behavior\BuildLiteBehavior [ RunTime:0.000015s ]
INFO: [ app_init ] --END-- [ RunTime:0.000115s ]
ERR: 无法加载模块:Menu

[ 2017-08-18T10:18:55+08:00 ] 123.120.93.248 /tpchat/index.php/menu/
INFO: [ app_init ] --START--
INFO: Run Behavior\BuildLiteBehavior [ RunTime:0.000015s ]
INFO: [ app_init ] --END-- [ RunTime:0.000114s ]
ERR: 无法加载模块:Menu

[ 2017-08-18T10:18:55+08:00 ] 123.120.93.248 /tpchat/index.php/menu/
INFO: [ app_init ] --START--
INFO: Run Behavior\BuildLiteBehavior [ RunTime:0.000015s ]
INFO: [ app_init ] --END-- [ RunTime:0.000113s ]
ERR: 无法加载模块:Menu

[ 2017-08-18T10:19:02+08:00 ] 123.120.93.248 /tpchat/index.php/menu/
INFO: [ app_init ] --START--
INFO: Run Behavior\BuildLiteBehavior [ RunTime:0.000057s ]
INFO: [ app_init ] --END-- [ RunTime:0.000165s ]
ERR: 无法加载模块:Menu

[ 2017-08-18T12:18:03+08:00 ] 123.120.93.248 /tpchat/index.php/menu/
INFO: [ app_init ] --START--
INFO: Run Behavior\BuildLiteBehavior [ RunTime:0.000015s ]
INFO: [ app_init ] --END-- [ RunTime:0.000110s ]
ERR: 无法加载模块:Menu

[ 2017-08-18T14:00:17+08:00 ] 123.120.93.248 /tpchat/index.php/menu/
INFO: [ app_init ] --START--
INFO: Run Behavior\BuildLiteBehavior [ RunTime:0.000015s ]
INFO: [ app_init ] --END-- [ RunTime:0.000115s ]
ERR: 无法加载模块:Menu

[ 2017-08-18T14:00:19+08:00 ] 123.120.93.248 /tpchat/index.php/menu
INFO: [ app_init ] --START--
INFO: Run Behavior\BuildLiteBehavior [ RunTime:0.000017s ]
INFO: [ app_init ] --END-- [ RunTime:0.000129s ]
ERR: 无法加载模块:Menu

[ 2017-08-18T14:00:23+08:00 ] 123.120.93.248 /tpchat/index.php/HOME/menu
INFO: [ app_init ] --START--
INFO: Run Behavior\BuildLiteBehavior [ RunTime:0.000016s ]
INFO: [ app_init ] --END-- [ RunTime:0.000134s ]
ERR: 无法加载模块:HOME

[ 2017-08-18T14:00:25+08:00 ] 123.120.93.248 /tpchat/index.php/HOME/menu
INFO: [ app_init ] --START--
INFO: Run Behavior\BuildLiteBehavior [ RunTime:0.000015s ]
INFO: [ app_init ] --END-- [ RunTime:0.000115s ]
ERR: 无法加载模块:HOME

[ 2017-08-18T15:42:19+08:00 ] 123.120.93.248 /tpchat/index.php/images/swiper-3.jpg
INFO: [ app_init ] --START--
INFO: Run Behavior\BuildLiteBehavior [ RunTime:0.000015s ]
INFO: [ app_init ] --END-- [ RunTime:0.000110s ]
ERR: 无法加载模块:Images

[ 2017-08-18T15:42:55+08:00 ] 123.120.93.248 /tpchat/index.php/images/swiper-3.jpg
INFO: [ app_init ] --START--
INFO: Run Behavior\BuildLiteBehavior [ RunTime:0.000015s ]
INFO: [ app_init ] --END-- [ RunTime:0.000124s ]
ERR: 无法加载模块:Images

[ 2017-08-18T15:44:29+08:00 ] 123.120.93.248 /tpchat/index.php/images/swiper-3.jpg
INFO: [ app_init ] --START--
INFO: Run Behavior\BuildLiteBehavior [ RunTime:0.000015s ]
INFO: [ app_init ] --END-- [ RunTime:0.000115s ]
ERR: 无法加载模块:Images

[ 2017-08-18T15:44:31+08:00 ] 123.120.93.248 /tpchat/index.php/images/swiper-3.jpg
INFO: [ app_init ] --START--
INFO: Run Behavior\BuildLiteBehavior [ RunTime:0.000015s ]
INFO: [ app_init ] --END-- [ RunTime:0.000112s ]
ERR: 无法加载模块:Images

[ 2017-08-18T15:44:31+08:00 ] 123.120.93.248 /tpchat/index.php/images/swiper-3.jpg
INFO: [ app_init ] --START--
INFO: Run Behavior\BuildLiteBehavior [ RunTime:0.000014s ]
INFO: [ app_init ] --END-- [ RunTime:0.000113s ]
ERR: 无法加载模块:Images

[ 2017-08-18T15:46:44+08:00 ] 123.120.93.248 /tpchat/index.php/menu/
INFO: [ app_init ] --START--
INFO: Run Behavior\BuildLiteBehavior [ RunTime:0.000021s ]
INFO: [ app_init ] --END-- [ RunTime:0.000160s ]
ERR: 无法加载模块:Menu

