[ 2017-12-22T10:51:20+08:00 ] 140.207.54.75 /tpchat/index.php/home/index?signature=cc7b600ad37f972272476696e57ef918c88b8733&timestamp=1513911075&nonce=1735981446&openid=oAdCq01YzcVjLWljmeEBFcDEswEY
INFO: [ app_init ] --START--
INFO: Run Behavior\BuildLiteBehavior [ RunTime:0.000000s ]
INFO: [ app_init ] --END-- [ RunTime:0.015625s ]
INFO: [ app_begin ] --START--
INFO: Run Behavior\ReadHtmlCacheBehavior [ RunTime:0.000000s ]
INFO: [ app_begin ] --END-- [ RunTime:0.000000s ]
INFO: [ app_end ] --START--
INFO: Run Behavior\ShowPageTraceBehavior [ RunTime:0.015625s ]
INFO: [ app_end ] --END-- [ RunTime:0.015625s ]

[ 2017-12-22T10:51:20+08:00 ] 140.207.54.75 /tpchat/index.php/home/index?signature=cc7b600ad37f972272476696e57ef918c88b8733&timestamp=1513911075&nonce=1735981446&openid=oAdCq01YzcVjLWljmeEBFcDEswEY
INFO: [ app_init ] --START--
INFO: Run Behavior\BuildLiteBehavior [ RunTime:0.000000s ]
INFO: [ app_init ] --END-- [ RunTime:0.000000s ]
INFO: [ app_begin ] --START--
INFO: Run Behavior\ReadHtmlCacheBehavior [ RunTime:0.015625s ]
INFO: [ app_begin ] --END-- [ RunTime:0.015625s ]
INFO: [ app_end ] --START--
INFO: Run Behavior\ShowPageTraceBehavior [ RunTime:0.000000s ]
INFO: [ app_end ] --END-- [ RunTime:0.000000s ]

[ 2017-12-22T11:09:29+08:00 ] 140.207.54.75 /tpchat/index.php/home/index?signature=b466dc7f96f409d56d0812b2c1d47b9d492bf49b&timestamp=1513912165&nonce=934149591&openid=oAdCq01YzcVjLWljmeEBFcDEswEY
INFO: [ app_init ] --START--
INFO: Run Behavior\BuildLiteBehavior [ RunTime:0.000000s ]
INFO: [ app_init ] --END-- [ RunTime:0.015626s ]
INFO: [ app_begin ] --START--
INFO: Run Behavior\ReadHtmlCacheBehavior [ RunTime:0.015625s ]
INFO: [ app_begin ] --END-- [ RunTime:0.015625s ]
NOTIC: [8] Undefined index: key C:\www\tpchat\Application\Home\Controller\IndexController.class.php 第 54 行.
NOTIC: [8] Undefined index: key C:\www\tpchat\Application\Home\Controller\IndexController.class.php 第 66 行.
NOTIC: [8] Undefined index: key C:\www\tpchat\Application\Home\Controller\IndexController.class.php 第 68 行.
INFO: [ app_end ] --START--
INFO: Run Behavior\ShowPageTraceBehavior [ RunTime:0.000000s ]
INFO: [ app_end ] --END-- [ RunTime:0.000000s ]

