[ 2018-01-24T22:02:03+08:00 ] 140.207.54.80 /tpchat/index.php/home/index?signature=9996d01b824708fbd303c2c81ae72f9c986c602a&timestamp=1516802523&nonce=1515252908&openid=oAdCq027xs01dDxx3TpqPeWlIGVA
INFO: [ app_init ] --START--
INFO: Run Behavior\BuildLiteBehavior [ RunTime:0.000000s ]
INFO: [ app_init ] --END-- [ RunTime:0.002930s ]
INFO: [ app_begin ] --START--
INFO: Run Behavior\ReadHtmlCacheBehavior [ RunTime:0.010743s ]
INFO: [ app_begin ] --END-- [ RunTime:0.010743s ]
INFO: [ app_end ] --START--
INFO: Run Behavior\ShowPageTraceBehavior [ RunTime:0.002930s ]
INFO: [ app_end ] --END-- [ RunTime:0.002930s ]

[ 2018-01-24T22:03:04+08:00 ] 183.192.201.97 /tpchat/index.php/home/index
INFO: [ app_init ] --START--
INFO: Run Behavior\BuildLiteBehavior [ RunTime:0.000000s ]
INFO: [ app_init ] --END-- [ RunTime:0.001953s ]
INFO: [ app_begin ] --START--
INFO: Run Behavior\ReadHtmlCacheBehavior [ RunTime:0.001953s ]
INFO: [ app_begin ] --END-- [ RunTime:0.002929s ]

[ 2018-01-24T22:06:30+08:00 ] 140.207.54.79 /tpchat/index.php/home/index?signature=75c61daa619fb69da6823f3fbb8fe4b5461174e0&timestamp=1516802790&nonce=15265559&openid=oAdCq027xs01dDxx3TpqPeWlIGVA
INFO: [ app_init ] --START--
INFO: Run Behavior\BuildLiteBehavior [ RunTime:0.000000s ]
INFO: [ app_init ] --END-- [ RunTime:0.001953s ]
INFO: [ app_begin ] --START--
INFO: Run Behavior\ReadHtmlCacheBehavior [ RunTime:0.001953s ]
INFO: [ app_begin ] --END-- [ RunTime:0.001953s ]
INFO: [ app_end ] --START--
INFO: Run Behavior\ShowPageTraceBehavior [ RunTime:0.001953s ]
INFO: [ app_end ] --END-- [ RunTime:0.001953s ]

