[ 2018-02-02T10:02:32+08:00 ] 140.207.54.76 /tpchat/index.php/home/index?signature=f98f0835d666e93f9914f03774746bd5661cb5cf&timestamp=1517536941&nonce=1551677702&openid=oAdCq016X8Hgd9iVKRk6Ob-r-sNU
INFO: [ app_init ] --START--
INFO: Run Behavior\BuildLiteBehavior [ RunTime:0.000000s ]
INFO: [ app_init ] --END-- [ RunTime:0.000000s ]
INFO: [ app_begin ] --START--
INFO: Run Behavior\ReadHtmlCacheBehavior [ RunTime:0.000000s ]
INFO: [ app_begin ] --END-- [ RunTime:0.000000s ]
NOTIC: [8] Undefined index: key C:\www\tpchat\Application\Home\Controller\IndexController.class.php 第 54 行.
NOTIC: [8] Undefined index: key C:\www\tpchat\Application\Home\Controller\IndexController.class.php 第 66 行.
NOTIC: [8] Undefined index: key C:\www\tpchat\Application\Home\Controller\IndexController.class.php 第 68 行.
INFO: [ app_end ] --START--
INFO: Run Behavior\ShowPageTraceBehavior [ RunTime:0.000000s ]
INFO: [ app_end ] --END-- [ RunTime:0.000000s ]

[ 2018-02-02T10:02:32+08:00 ] 140.207.54.75 /tpchat/index.php/home/index?signature=f98f0835d666e93f9914f03774746bd5661cb5cf&timestamp=1517536941&nonce=1551677702&openid=oAdCq016X8Hgd9iVKRk6Ob-r-sNU
INFO: [ app_init ] --START--
INFO: Run Behavior\BuildLiteBehavior [ RunTime:0.000000s ]
INFO: [ app_init ] --END-- [ RunTime:0.015625s ]
INFO: [ app_begin ] --START--
INFO: Run Behavior\ReadHtmlCacheBehavior [ RunTime:0.015626s ]
INFO: [ app_begin ] --END-- [ RunTime:0.015626s ]
NOTIC: [8] Undefined index: key C:\www\tpchat\Application\Home\Controller\IndexController.class.php 第 54 行.
NOTIC: [8] Undefined index: key C:\www\tpchat\Application\Home\Controller\IndexController.class.php 第 66 行.
NOTIC: [8] Undefined index: key C:\www\tpchat\Application\Home\Controller\IndexController.class.php 第 68 行.
INFO: [ app_end ] --START--
INFO: Run Behavior\ShowPageTraceBehavior [ RunTime:0.000000s ]
INFO: [ app_end ] --END-- [ RunTime:0.000000s ]

[ 2018-02-02T10:02:33+08:00 ] 140.207.54.76 /tpchat/index.php/home/index?signature=f98f0835d666e93f9914f03774746bd5661cb5cf&timestamp=1517536941&nonce=1551677702&openid=oAdCq016X8Hgd9iVKRk6Ob-r-sNU
INFO: [ app_init ] --START--
INFO: Run Behavior\BuildLiteBehavior [ RunTime:0.000000s ]
INFO: [ app_init ] --END-- [ RunTime:0.000000s ]
INFO: [ app_begin ] --START--
INFO: Run Behavior\ReadHtmlCacheBehavior [ RunTime:0.000000s ]
INFO: [ app_begin ] --END-- [ RunTime:0.000000s ]
NOTIC: [8] Undefined index: key C:\www\tpchat\Application\Home\Controller\IndexController.class.php 第 54 行.
NOTIC: [8] Undefined index: key C:\www\tpchat\Application\Home\Controller\IndexController.class.php 第 66 行.
NOTIC: [8] Undefined index: key C:\www\tpchat\Application\Home\Controller\IndexController.class.php 第 68 行.
INFO: [ app_end ] --START--
INFO: Run Behavior\ShowPageTraceBehavior [ RunTime:0.000000s ]
INFO: [ app_end ] --END-- [ RunTime:0.000000s ]

[ 2018-02-02T10:02:33+08:00 ] 140.207.54.76 /tpchat/index.php/home/index?signature=5c53bd2920fc29f4d2d2b4750557c57953ed7f91&timestamp=1517536953&nonce=1652831317&openid=oAdCq016X8Hgd9iVKRk6Ob-r-sNU
INFO: [ app_init ] --START--
INFO: Run Behavior\BuildLiteBehavior [ RunTime:0.000000s ]
INFO: [ app_init ] --END-- [ RunTime:0.000000s ]
INFO: [ app_begin ] --START--
INFO: Run Behavior\ReadHtmlCacheBehavior [ RunTime:0.000000s ]
INFO: [ app_begin ] --END-- [ RunTime:0.000000s ]
NOTIC: [8] Undefined index: key C:\www\tpchat\Application\Home\Controller\IndexController.class.php 第 54 行.
NOTIC: [8] Undefined index: key C:\www\tpchat\Application\Home\Controller\IndexController.class.php 第 66 行.
NOTIC: [8] Undefined index: key C:\www\tpchat\Application\Home\Controller\IndexController.class.php 第 68 行.
INFO: [ app_end ] --START--
INFO: Run Behavior\ShowPageTraceBehavior [ RunTime:0.000000s ]
INFO: [ app_end ] --END-- [ RunTime:0.000000s ]

[ 2018-02-02T10:02:42+08:00 ] 140.207.54.76 /tpchat/index.php/home/index?signature=a16afb9e304cdfc06f5801e6d1475bef2ac02d34&timestamp=1517536961&nonce=412500282&openid=oAdCq016X8Hgd9iVKRk6Ob-r-sNU
INFO: [ app_init ] --START--
INFO: Run Behavior\BuildLiteBehavior [ RunTime:0.000000s ]
INFO: [ app_init ] --END-- [ RunTime:0.000000s ]
INFO: [ app_begin ] --START--
INFO: Run Behavior\ReadHtmlCacheBehavior [ RunTime:0.000000s ]
INFO: [ app_begin ] --END-- [ RunTime:0.000000s ]
NOTIC: [8] Undefined index: key C:\www\tpchat\Application\Home\Controller\IndexController.class.php 第 54 行.
NOTIC: [8] Undefined index: key C:\www\tpchat\Application\Home\Controller\IndexController.class.php 第 66 行.
NOTIC: [8] Undefined index: key C:\www\tpchat\Application\Home\Controller\IndexController.class.php 第 68 行.
INFO: [ app_end ] --START--
INFO: Run Behavior\ShowPageTraceBehavior [ RunTime:0.000000s ]
INFO: [ app_end ] --END-- [ RunTime:0.000000s ]

[ 2018-02-02T10:05:21+08:00 ] 123.120.60.226 /tpchat/index.php/home/access
INFO: [ app_init ] --START--
INFO: Run Behavior\BuildLiteBehavior [ RunTime:0.000000s ]
INFO: [ app_init ] --END-- [ RunTime:0.000000s ]
INFO: [ app_begin ] --START--
INFO: Run Behavior\ReadHtmlCacheBehavior [ RunTime:0.000000s ]
INFO: [ app_begin ] --END-- [ RunTime:0.000000s ]
INFO: [ app_end ] --START--
INFO: Run Behavior\ShowPageTraceBehavior [ RunTime:0.000000s ]
INFO: [ app_end ] --END-- [ RunTime:0.000000s ]

[ 2018-02-02T10:13:05+08:00 ] 140.207.54.75 /tpchat/index.php/home/index?signature=b4a4044b41c8d4867fb67f2af8419f9844403f70&timestamp=1517537584&nonce=722064591&openid=oAdCq016X8Hgd9iVKRk6Ob-r-sNU
INFO: [ app_init ] --START--
INFO: Run Behavior\BuildLiteBehavior [ RunTime:0.000000s ]
INFO: [ app_init ] --END-- [ RunTime:0.000000s ]
INFO: [ app_begin ] --START--
INFO: Run Behavior\ReadHtmlCacheBehavior [ RunTime:0.000000s ]
INFO: [ app_begin ] --END-- [ RunTime:0.000000s ]
NOTIC: [8] Undefined index: key C:\www\tpchat\Application\Home\Controller\IndexController.class.php 第 54 行.
NOTIC: [8] Undefined index: key C:\www\tpchat\Application\Home\Controller\IndexController.class.php 第 66 行.
NOTIC: [8] Undefined index: key C:\www\tpchat\Application\Home\Controller\IndexController.class.php 第 68 行.
INFO: [ app_end ] --START--
INFO: Run Behavior\ShowPageTraceBehavior [ RunTime:0.000000s ]
INFO: [ app_end ] --END-- [ RunTime:0.000000s ]

[ 2018-02-02T10:31:08+08:00 ] 140.207.54.76 /tpchat/index.php/home/index?signature=52d5a5df80e441d73efae375b25612b26fb05065&timestamp=1517538668&nonce=1107380957&openid=oAdCq016X8Hgd9iVKRk6Ob-r-sNU
INFO: [ app_init ] --START--
INFO: Run Behavior\BuildLiteBehavior [ RunTime:0.000000s ]
INFO: [ app_init ] --END-- [ RunTime:0.000000s ]
INFO: [ app_begin ] --START--
INFO: Run Behavior\ReadHtmlCacheBehavior [ RunTime:0.000000s ]
INFO: [ app_begin ] --END-- [ RunTime:0.000000s ]
NOTIC: [8] Undefined index: key C:\www\tpchat\Application\Home\Controller\IndexController.class.php 第 54 行.
NOTIC: [8] Undefined index: key C:\www\tpchat\Application\Home\Controller\IndexController.class.php 第 66 行.
NOTIC: [8] Undefined index: key C:\www\tpchat\Application\Home\Controller\IndexController.class.php 第 68 行.
INFO: [ app_end ] --START--
INFO: Run Behavior\ShowPageTraceBehavior [ RunTime:0.000000s ]
INFO: [ app_end ] --END-- [ RunTime:0.000000s ]

[ 2018-02-02T14:00:40+08:00 ] ::1 /tpchat/index.php/
INFO: [ app_init ] --START--
INFO: Run Behavior\BuildLiteBehavior [ RunTime:0.000019s ]
INFO: [ app_init ] --END-- [ RunTime:0.000345s ]
INFO: [ app_begin ] --START--
INFO: Run Behavior\ReadHtmlCacheBehavior [ RunTime:0.000361s ]
INFO: [ app_begin ] --END-- [ RunTime:0.000406s ]

[ 2018-02-02T14:26:06+08:00 ] ::1 /tpchat/index.php
INFO: [ app_init ] --START--
INFO: Run Behavior\BuildLiteBehavior [ RunTime:0.000010s ]
INFO: [ app_init ] --END-- [ RunTime:0.000241s ]
INFO: [ app_begin ] --START--
INFO: Run Behavior\ReadHtmlCacheBehavior [ RunTime:0.000313s ]
INFO: [ app_begin ] --END-- [ RunTime:0.000351s ]

[ 2018-02-02T14:26:24+08:00 ] ::1 /tpchat/index.php/
INFO: [ app_init ] --START--
INFO: Run Behavior\BuildLiteBehavior [ RunTime:0.000010s ]
INFO: [ app_init ] --END-- [ RunTime:0.000255s ]
INFO: [ app_begin ] --START--
INFO: Run Behavior\ReadHtmlCacheBehavior [ RunTime:0.000338s ]
INFO: [ app_begin ] --END-- [ RunTime:0.000384s ]

