[ 2017-09-25T22:19:07+08:00 ] 127.0.0.1 /tpchat/index.php/Admin/Index/index.html
INFO: [ app_init ] --START--
INFO: Run Behavior\BuildLiteBehavior [ RunTime:0.000048s ]
INFO: [ app_init ] --END-- [ RunTime:0.001455s ]
INFO: [ app_begin ] --START--
INFO: Run Behavior\ReadHtmlCacheBehavior [ RunTime:0.001327s ]
INFO: [ app_begin ] --END-- [ RunTime:0.001498s ]

[ 2017-09-25T22:19:08+08:00 ] 127.0.0.1 /tpchat/index.php/Admin/admin/login.html
INFO: [ app_init ] --START--
INFO: Run Behavior\BuildLiteBehavior [ RunTime:0.000031s ]
INFO: [ app_init ] --END-- [ RunTime:0.000503s ]
INFO: [ app_begin ] --START--
INFO: Run Behavior\ReadHtmlCacheBehavior [ RunTime:0.000505s ]
INFO: [ app_begin ] --END-- [ RunTime:0.000660s ]
INFO: [ view_parse ] --START--
INFO: [ template_filter ] --START--
INFO: Run Behavior\ContentReplaceBehavior [ RunTime:0.002086s ]
INFO: [ template_filter ] --END-- [ RunTime:0.002265s ]
INFO: Run Behavior\ParseTemplateBehavior [ RunTime:0.025345s ]
INFO: [ view_parse ] --END-- [ RunTime:0.025614s ]
INFO: [ view_filter ] --START--
INFO: Run Behavior\WriteHtmlCacheBehavior [ RunTime:0.000754s ]
INFO: [ view_filter ] --END-- [ RunTime:0.000906s ]

[ 2017-09-25T22:19:12+08:00 ] 127.0.0.1 /tpchat/index.php/Admin/Index/index.html
INFO: [ app_init ] --START--
INFO: Run Behavior\BuildLiteBehavior [ RunTime:0.000017s ]
INFO: [ app_init ] --END-- [ RunTime:0.000275s ]
INFO: [ app_begin ] --START--
INFO: Run Behavior\ReadHtmlCacheBehavior [ RunTime:0.000256s ]
INFO: [ app_begin ] --END-- [ RunTime:0.000337s ]
INFO: [ view_parse ] --START--
INFO: [ template_filter ] --START--
INFO: Run Behavior\ContentReplaceBehavior [ RunTime:0.000075s ]
INFO: [ template_filter ] --END-- [ RunTime:0.000237s ]
INFO: Run Behavior\ParseTemplateBehavior [ RunTime:0.009844s ]
INFO: [ view_parse ] --END-- [ RunTime:0.009926s ]
INFO: [ view_filter ] --START--
INFO: Run Behavior\WriteHtmlCacheBehavior [ RunTime:0.000152s ]
INFO: [ view_filter ] --END-- [ RunTime:0.000224s ]
INFO: [ app_end ] --START--
INFO: Run Behavior\ShowPageTraceBehavior [ RunTime:0.000894s ]
INFO: [ app_end ] --END-- [ RunTime:0.000971s ]

[ 2017-09-25T22:19:14+08:00 ] 127.0.0.1 /tpchat/index.php/Admin/Trade/index
INFO: [ app_init ] --START--
INFO: Run Behavior\BuildLiteBehavior [ RunTime:0.000020s ]
INFO: [ app_init ] --END-- [ RunTime:0.000333s ]
INFO: [ app_begin ] --START--
INFO: Run Behavior\ReadHtmlCacheBehavior [ RunTime:0.000333s ]
INFO: [ app_begin ] --END-- [ RunTime:0.000443s ]
SQL: SHOW COLUMNS FROM `trade` [ RunTime:0.0093s ]
SQL: SELECT COUNT(*) AS tp_count FROM `trade` LIMIT 1   [ RunTime:0.0003s ]
SQL: SELECT*
                            FROM  `trade`  a

                            INNER JOIN `user` b

                            WHERE  a.openid=b.openid
                             LIMIT 0,20 [ RunTime:0.0006s ]
INFO: [ view_parse ] --START--
INFO: [ template_filter ] --START--
INFO: Run Behavior\ContentReplaceBehavior [ RunTime:0.000157s ]
INFO: [ template_filter ] --END-- [ RunTime:0.000259s ]
NOTIC: [8] Undefined variable: count D:\phpStudy\WWW\tpchat\Application\Runtime\Cache\Admin\81859317836b157d1bd41ebfea9ca286.php 第 125 行.
NOTIC: [8] Use of undefined constant 已支付 - assumed '已支付' D:\phpStudy\WWW\tpchat\Application\Runtime\Cache\Admin\81859317836b157d1bd41ebfea9ca286.php 第 177 行.
NOTIC: [8] Use of undefined constant 已支付 - assumed '已支付' D:\phpStudy\WWW\tpchat\Application\Runtime\Cache\Admin\81859317836b157d1bd41ebfea9ca286.php 第 177 行.
NOTIC: [8] Use of undefined constant 已支付 - assumed '已支付' D:\phpStudy\WWW\tpchat\Application\Runtime\Cache\Admin\81859317836b157d1bd41ebfea9ca286.php 第 177 行.
NOTIC: [8] Use of undefined constant 已支付 - assumed '已支付' D:\phpStudy\WWW\tpchat\Application\Runtime\Cache\Admin\81859317836b157d1bd41ebfea9ca286.php 第 177 行.
NOTIC: [8] Use of undefined constant 已支付 - assumed '已支付' D:\phpStudy\WWW\tpchat\Application\Runtime\Cache\Admin\81859317836b157d1bd41ebfea9ca286.php 第 177 行.
NOTIC: [8] Use of undefined constant 已支付 - assumed '已支付' D:\phpStudy\WWW\tpchat\Application\Runtime\Cache\Admin\81859317836b157d1bd41ebfea9ca286.php 第 177 行.
NOTIC: [8] Use of undefined constant 已支付 - assumed '已支付' D:\phpStudy\WWW\tpchat\Application\Runtime\Cache\Admin\81859317836b157d1bd41ebfea9ca286.php 第 177 行.
NOTIC: [8] Use of undefined constant 已支付 - assumed '已支付' D:\phpStudy\WWW\tpchat\Application\Runtime\Cache\Admin\81859317836b157d1bd41ebfea9ca286.php 第 177 行.
NOTIC: [8] Use of undefined constant 已支付 - assumed '已支付' D:\phpStudy\WWW\tpchat\Application\Runtime\Cache\Admin\81859317836b157d1bd41ebfea9ca286.php 第 177 行.
NOTIC: [8] Use of undefined constant 已支付 - assumed '已支付' D:\phpStudy\WWW\tpchat\Application\Runtime\Cache\Admin\81859317836b157d1bd41ebfea9ca286.php 第 177 行.
NOTIC: [8] Use of undefined constant 已支付 - assumed '已支付' D:\phpStudy\WWW\tpchat\Application\Runtime\Cache\Admin\81859317836b157d1bd41ebfea9ca286.php 第 177 行.
NOTIC: [8] Use of undefined constant 已支付 - assumed '已支付' D:\phpStudy\WWW\tpchat\Application\Runtime\Cache\Admin\81859317836b157d1bd41ebfea9ca286.php 第 177 行.
NOTIC: [8] Use of undefined constant 已支付 - assumed '已支付' D:\phpStudy\WWW\tpchat\Application\Runtime\Cache\Admin\81859317836b157d1bd41ebfea9ca286.php 第 177 行.
INFO: Run Behavior\ParseTemplateBehavior [ RunTime:0.008807s ]
INFO: [ view_parse ] --END-- [ RunTime:0.008902s ]
INFO: [ view_filter ] --START--
INFO: Run Behavior\WriteHtmlCacheBehavior [ RunTime:0.000153s ]
INFO: [ view_filter ] --END-- [ RunTime:0.000225s ]
INFO: [ app_end ] --START--
INFO: Run Behavior\ShowPageTraceBehavior [ RunTime:0.000317s ]
INFO: [ app_end ] --END-- [ RunTime:0.000396s ]

[ 2017-09-25T22:23:42+08:00 ] 127.0.0.1 /tpchat/index.php/Admin/Course/index
INFO: [ app_init ] --START--
INFO: Run Behavior\BuildLiteBehavior [ RunTime:0.000017s ]
INFO: [ app_init ] --END-- [ RunTime:0.000272s ]
INFO: [ app_begin ] --START--
INFO: Run Behavior\ReadHtmlCacheBehavior [ RunTime:0.000276s ]
INFO: [ app_begin ] --END-- [ RunTime:0.000365s ]
SQL: SHOW COLUMNS FROM `course` [ RunTime:0.0043s ]
SQL: SELECT * FROM `course`  [ RunTime:0.0006s ]
INFO: [ view_parse ] --START--
INFO: [ template_filter ] --START--
INFO: Run Behavior\ContentReplaceBehavior [ RunTime:0.000233s ]
INFO: [ template_filter ] --END-- [ RunTime:0.000445s ]
NOTIC: [8] Undefined index: publish_state D:\phpStudy\WWW\tpchat\Application\Runtime\Cache\Admin\0a118b67613e888354da043b45de67d3.php 第 328 行.
NOTIC: [8] Undefined index: publish_state D:\phpStudy\WWW\tpchat\Application\Runtime\Cache\Admin\0a118b67613e888354da043b45de67d3.php 第 328 行.
NOTIC: [8] Undefined index: publish_state D:\phpStudy\WWW\tpchat\Application\Runtime\Cache\Admin\0a118b67613e888354da043b45de67d3.php 第 328 行.
NOTIC: [8] Undefined index: publish_state D:\phpStudy\WWW\tpchat\Application\Runtime\Cache\Admin\0a118b67613e888354da043b45de67d3.php 第 328 行.
NOTIC: [8] Undefined index: publish_state D:\phpStudy\WWW\tpchat\Application\Runtime\Cache\Admin\0a118b67613e888354da043b45de67d3.php 第 328 行.
NOTIC: [8] Undefined index: publish_state D:\phpStudy\WWW\tpchat\Application\Runtime\Cache\Admin\0a118b67613e888354da043b45de67d3.php 第 328 行.
NOTIC: [8] Undefined index: publish_state D:\phpStudy\WWW\tpchat\Application\Runtime\Cache\Admin\0a118b67613e888354da043b45de67d3.php 第 328 行.
INFO: Run Behavior\ParseTemplateBehavior [ RunTime:0.021932s ]
INFO: [ view_parse ] --END-- [ RunTime:0.022134s ]
INFO: [ view_filter ] --START--
INFO: Run Behavior\WriteHtmlCacheBehavior [ RunTime:0.000385s ]
INFO: [ view_filter ] --END-- [ RunTime:0.000576s ]

[ 2017-09-25T22:23:43+08:00 ] 127.0.0.1 /tpchat/index.php/Admin/Trade/index
INFO: [ app_init ] --START--
INFO: Run Behavior\BuildLiteBehavior [ RunTime:0.000024s ]
INFO: [ app_init ] --END-- [ RunTime:0.000353s ]
INFO: [ app_begin ] --START--
INFO: Run Behavior\ReadHtmlCacheBehavior [ RunTime:0.000337s ]
INFO: [ app_begin ] --END-- [ RunTime:0.000440s ]
SQL: SHOW COLUMNS FROM `trade` [ RunTime:0.0060s ]
SQL: SELECT COUNT(*) AS tp_count FROM `trade` LIMIT 1   [ RunTime:0.0005s ]
SQL: SELECT*
                            FROM  `trade`  a

                            INNER JOIN `user` b

                            WHERE  a.openid=b.openid
                             LIMIT 0,20 [ RunTime:0.0013s ]
INFO: [ view_parse ] --START--
INFO: [ template_filter ] --START--
INFO: Run Behavior\ContentReplaceBehavior [ RunTime:0.000142s ]
INFO: [ template_filter ] --END-- [ RunTime:0.000295s ]
NOTIC: [8] Undefined variable: count D:\phpStudy\WWW\tpchat\Application\Runtime\Cache\Admin\81859317836b157d1bd41ebfea9ca286.php 第 125 行.
NOTIC: [8] Use of undefined constant 已支付 - assumed '已支付' D:\phpStudy\WWW\tpchat\Application\Runtime\Cache\Admin\81859317836b157d1bd41ebfea9ca286.php 第 177 行.
NOTIC: [8] Use of undefined constant 已支付 - assumed '已支付' D:\phpStudy\WWW\tpchat\Application\Runtime\Cache\Admin\81859317836b157d1bd41ebfea9ca286.php 第 177 行.
NOTIC: [8] Use of undefined constant 已支付 - assumed '已支付' D:\phpStudy\WWW\tpchat\Application\Runtime\Cache\Admin\81859317836b157d1bd41ebfea9ca286.php 第 177 行.
NOTIC: [8] Use of undefined constant 已支付 - assumed '已支付' D:\phpStudy\WWW\tpchat\Application\Runtime\Cache\Admin\81859317836b157d1bd41ebfea9ca286.php 第 177 行.
NOTIC: [8] Use of undefined constant 已支付 - assumed '已支付' D:\phpStudy\WWW\tpchat\Application\Runtime\Cache\Admin\81859317836b157d1bd41ebfea9ca286.php 第 177 行.
NOTIC: [8] Use of undefined constant 已支付 - assumed '已支付' D:\phpStudy\WWW\tpchat\Application\Runtime\Cache\Admin\81859317836b157d1bd41ebfea9ca286.php 第 177 行.
NOTIC: [8] Use of undefined constant 已支付 - assumed '已支付' D:\phpStudy\WWW\tpchat\Application\Runtime\Cache\Admin\81859317836b157d1bd41ebfea9ca286.php 第 177 行.
NOTIC: [8] Use of undefined constant 已支付 - assumed '已支付' D:\phpStudy\WWW\tpchat\Application\Runtime\Cache\Admin\81859317836b157d1bd41ebfea9ca286.php 第 177 行.
NOTIC: [8] Use of undefined constant 已支付 - assumed '已支付' D:\phpStudy\WWW\tpchat\Application\Runtime\Cache\Admin\81859317836b157d1bd41ebfea9ca286.php 第 177 行.
NOTIC: [8] Use of undefined constant 已支付 - assumed '已支付' D:\phpStudy\WWW\tpchat\Application\Runtime\Cache\Admin\81859317836b157d1bd41ebfea9ca286.php 第 177 行.
NOTIC: [8] Use of undefined constant 已支付 - assumed '已支付' D:\phpStudy\WWW\tpchat\Application\Runtime\Cache\Admin\81859317836b157d1bd41ebfea9ca286.php 第 177 行.
NOTIC: [8] Use of undefined constant 已支付 - assumed '已支付' D:\phpStudy\WWW\tpchat\Application\Runtime\Cache\Admin\81859317836b157d1bd41ebfea9ca286.php 第 177 行.
NOTIC: [8] Use of undefined constant 已支付 - assumed '已支付' D:\phpStudy\WWW\tpchat\Application\Runtime\Cache\Admin\81859317836b157d1bd41ebfea9ca286.php 第 177 行.
INFO: Run Behavior\ParseTemplateBehavior [ RunTime:0.018413s ]
INFO: [ view_parse ] --END-- [ RunTime:0.018638s ]
INFO: [ view_filter ] --START--
INFO: Run Behavior\WriteHtmlCacheBehavior [ RunTime:0.000267s ]
INFO: [ view_filter ] --END-- [ RunTime:0.000397s ]
INFO: [ app_end ] --START--
INFO: Run Behavior\ShowPageTraceBehavior [ RunTime:0.000483s ]
INFO: [ app_end ] --END-- [ RunTime:0.000623s ]

[ 2017-09-25T22:23:44+08:00 ] 127.0.0.1 /tpchat/index.php/Admin/Trade/index
INFO: [ app_init ] --START--
INFO: Run Behavior\BuildLiteBehavior [ RunTime:0.000030s ]
INFO: [ app_init ] --END-- [ RunTime:0.000463s ]
INFO: [ app_begin ] --START--
INFO: Run Behavior\ReadHtmlCacheBehavior [ RunTime:0.000468s ]
INFO: [ app_begin ] --END-- [ RunTime:0.000615s ]
SQL: SHOW COLUMNS FROM `trade` [ RunTime:0.0041s ]
SQL: SELECT COUNT(*) AS tp_count FROM `trade` LIMIT 1   [ RunTime:0.0003s ]
SQL: SELECT*
                            FROM  `trade`  a

                            INNER JOIN `user` b

                            WHERE  a.openid=b.openid
                             LIMIT 0,20 [ RunTime:0.0008s ]
INFO: [ view_parse ] --START--
INFO: [ template_filter ] --START--
INFO: Run Behavior\ContentReplaceBehavior [ RunTime:0.000178s ]
INFO: [ template_filter ] --END-- [ RunTime:0.000360s ]
NOTIC: [8] Undefined variable: count D:\phpStudy\WWW\tpchat\Application\Runtime\Cache\Admin\81859317836b157d1bd41ebfea9ca286.php 第 125 行.
NOTIC: [8] Use of undefined constant 已支付 - assumed '已支付' D:\phpStudy\WWW\tpchat\Application\Runtime\Cache\Admin\81859317836b157d1bd41ebfea9ca286.php 第 177 行.
NOTIC: [8] Use of undefined constant 已支付 - assumed '已支付' D:\phpStudy\WWW\tpchat\Application\Runtime\Cache\Admin\81859317836b157d1bd41ebfea9ca286.php 第 177 行.
NOTIC: [8] Use of undefined constant 已支付 - assumed '已支付' D:\phpStudy\WWW\tpchat\Application\Runtime\Cache\Admin\81859317836b157d1bd41ebfea9ca286.php 第 177 行.
NOTIC: [8] Use of undefined constant 已支付 - assumed '已支付' D:\phpStudy\WWW\tpchat\Application\Runtime\Cache\Admin\81859317836b157d1bd41ebfea9ca286.php 第 177 行.
NOTIC: [8] Use of undefined constant 已支付 - assumed '已支付' D:\phpStudy\WWW\tpchat\Application\Runtime\Cache\Admin\81859317836b157d1bd41ebfea9ca286.php 第 177 行.
NOTIC: [8] Use of undefined constant 已支付 - assumed '已支付' D:\phpStudy\WWW\tpchat\Application\Runtime\Cache\Admin\81859317836b157d1bd41ebfea9ca286.php 第 177 行.
NOTIC: [8] Use of undefined constant 已支付 - assumed '已支付' D:\phpStudy\WWW\tpchat\Application\Runtime\Cache\Admin\81859317836b157d1bd41ebfea9ca286.php 第 177 行.
NOTIC: [8] Use of undefined constant 已支付 - assumed '已支付' D:\phpStudy\WWW\tpchat\Application\Runtime\Cache\Admin\81859317836b157d1bd41ebfea9ca286.php 第 177 行.
NOTIC: [8] Use of undefined constant 已支付 - assumed '已支付' D:\phpStudy\WWW\tpchat\Application\Runtime\Cache\Admin\81859317836b157d1bd41ebfea9ca286.php 第 177 行.
NOTIC: [8] Use of undefined constant 已支付 - assumed '已支付' D:\phpStudy\WWW\tpchat\Application\Runtime\Cache\Admin\81859317836b157d1bd41ebfea9ca286.php 第 177 行.
NOTIC: [8] Use of undefined constant 已支付 - assumed '已支付' D:\phpStudy\WWW\tpchat\Application\Runtime\Cache\Admin\81859317836b157d1bd41ebfea9ca286.php 第 177 行.
NOTIC: [8] Use of undefined constant 已支付 - assumed '已支付' D:\phpStudy\WWW\tpchat\Application\Runtime\Cache\Admin\81859317836b157d1bd41ebfea9ca286.php 第 177 行.
NOTIC: [8] Use of undefined constant 已支付 - assumed '已支付' D:\phpStudy\WWW\tpchat\Application\Runtime\Cache\Admin\81859317836b157d1bd41ebfea9ca286.php 第 177 行.
INFO: Run Behavior\ParseTemplateBehavior [ RunTime:0.015442s ]
INFO: [ view_parse ] --END-- [ RunTime:0.015629s ]
INFO: [ view_filter ] --START--
INFO: Run Behavior\WriteHtmlCacheBehavior [ RunTime:0.000347s ]
INFO: [ view_filter ] --END-- [ RunTime:0.000511s ]
INFO: [ app_end ] --START--
INFO: Run Behavior\ShowPageTraceBehavior [ RunTime:0.000603s ]
INFO: [ app_end ] --END-- [ RunTime:0.000780s ]

[ 2017-09-25T22:23:46+08:00 ] 127.0.0.1 /tpchat/index.php/Admin/Course/index
INFO: [ app_init ] --START--
INFO: Run Behavior\BuildLiteBehavior [ RunTime:0.000017s ]
INFO: [ app_init ] --END-- [ RunTime:0.000268s ]
INFO: [ app_begin ] --START--
INFO: Run Behavior\ReadHtmlCacheBehavior [ RunTime:0.000273s ]
INFO: [ app_begin ] --END-- [ RunTime:0.000360s ]
SQL: SHOW COLUMNS FROM `course` [ RunTime:0.0071s ]
SQL: SELECT * FROM `course`  [ RunTime:0.0009s ]
INFO: [ view_parse ] --START--
INFO: [ template_filter ] --START--
INFO: Run Behavior\ContentReplaceBehavior [ RunTime:0.000363s ]
INFO: [ template_filter ] --END-- [ RunTime:0.000690s ]
NOTIC: [8] Undefined index: publish_state D:\phpStudy\WWW\tpchat\Application\Runtime\Cache\Admin\0a118b67613e888354da043b45de67d3.php 第 328 行.
NOTIC: [8] Undefined index: publish_state D:\phpStudy\WWW\tpchat\Application\Runtime\Cache\Admin\0a118b67613e888354da043b45de67d3.php 第 328 行.
NOTIC: [8] Undefined index: publish_state D:\phpStudy\WWW\tpchat\Application\Runtime\Cache\Admin\0a118b67613e888354da043b45de67d3.php 第 328 行.
NOTIC: [8] Undefined index: publish_state D:\phpStudy\WWW\tpchat\Application\Runtime\Cache\Admin\0a118b67613e888354da043b45de67d3.php 第 328 行.
NOTIC: [8] Undefined index: publish_state D:\phpStudy\WWW\tpchat\Application\Runtime\Cache\Admin\0a118b67613e888354da043b45de67d3.php 第 328 行.
NOTIC: [8] Undefined index: publish_state D:\phpStudy\WWW\tpchat\Application\Runtime\Cache\Admin\0a118b67613e888354da043b45de67d3.php 第 328 行.
NOTIC: [8] Undefined index: publish_state D:\phpStudy\WWW\tpchat\Application\Runtime\Cache\Admin\0a118b67613e888354da043b45de67d3.php 第 328 行.
INFO: Run Behavior\ParseTemplateBehavior [ RunTime:0.031934s ]
INFO: [ view_parse ] --END-- [ RunTime:0.032238s ]
INFO: [ view_filter ] --START--
INFO: Run Behavior\WriteHtmlCacheBehavior [ RunTime:0.000590s ]
INFO: [ view_filter ] --END-- [ RunTime:0.000884s ]
INFO: [ app_end ] --START--
INFO: Run Behavior\ShowPageTraceBehavior [ RunTime:0.000570s ]
INFO: [ app_end ] --END-- [ RunTime:0.000833s ]

[ 2017-09-25T22:31:08+08:00 ] 127.0.0.1 /tpchat/index.php/Admin/Course/update?i=14
INFO: [ app_init ] --START--
INFO: Run Behavior\BuildLiteBehavior [ RunTime:0.000073s ]
INFO: [ app_init ] --END-- [ RunTime:0.000467s ]
INFO: [ app_begin ] --START--
INFO: Run Behavior\ReadHtmlCacheBehavior [ RunTime:0.000455s ]
INFO: [ app_begin ] --END-- [ RunTime:0.000575s ]
SQL: SHOW COLUMNS FROM `course` [ RunTime:0.0107s ]
SQL: SELECT * FROM `course` WHERE ( course_id='14' ) LIMIT 1   [ RunTime:0.0010s ]
INFO: [ view_parse ] --START--
INFO: [ template_filter ] --START--
INFO: Run Behavior\ContentReplaceBehavior [ RunTime:0.000328s ]
INFO: [ template_filter ] --END-- [ RunTime:0.000653s ]
NOTIC: [8] Undefined index: address_big D:\phpStudy\WWW\tpchat\Application\Runtime\Cache\Admin\cb2f467cbaf8f35452290d8202b91cd1.php 第 181 行.
INFO: Run Behavior\ParseTemplateBehavior [ RunTime:0.024768s ]
INFO: [ view_parse ] --END-- [ RunTime:0.025097s ]
INFO: [ view_filter ] --START--
INFO: Run Behavior\WriteHtmlCacheBehavior [ RunTime:0.000816s ]
INFO: [ view_filter ] --END-- [ RunTime:0.001124s ]
INFO: [ app_end ] --START--
INFO: Run Behavior\ShowPageTraceBehavior [ RunTime:0.001350s ]
INFO: [ app_end ] --END-- [ RunTime:0.001674s ]

[ 2017-09-25T22:31:29+08:00 ] 127.0.0.1 /tpchat/index.php/Admin/Course/update?i=14
INFO: [ app_init ] --START--
INFO: Run Behavior\BuildLiteBehavior [ RunTime:0.000018s ]
INFO: [ app_init ] --END-- [ RunTime:0.000276s ]
INFO: [ app_begin ] --START--
INFO: Run Behavior\ReadHtmlCacheBehavior [ RunTime:0.000278s ]
INFO: [ app_begin ] --END-- [ RunTime:0.000365s ]
SQL: SHOW COLUMNS FROM `course` [ RunTime:0.0043s ]
SQL: SELECT * FROM `course` WHERE ( course_id='14' ) LIMIT 1   [ RunTime:0.0005s ]
INFO: [ view_parse ] --START--
INFO: [ template_filter ] --START--
INFO: Run Behavior\ContentReplaceBehavior [ RunTime:0.000179s ]
INFO: [ template_filter ] --END-- [ RunTime:0.000371s ]
NOTIC: [8] Undefined index: address_big D:\phpStudy\WWW\tpchat\Application\Runtime\Cache\Admin\cb2f467cbaf8f35452290d8202b91cd1.php 第 181 行.
INFO: Run Behavior\ParseTemplateBehavior [ RunTime:0.013501s ]
INFO: [ view_parse ] --END-- [ RunTime:0.013691s ]
INFO: [ view_filter ] --START--
INFO: Run Behavior\WriteHtmlCacheBehavior [ RunTime:0.000362s ]
INFO: [ view_filter ] --END-- [ RunTime:0.000537s ]
INFO: [ app_end ] --START--
INFO: Run Behavior\ShowPageTraceBehavior [ RunTime:0.000641s ]
INFO: [ app_end ] --END-- [ RunTime:0.000829s ]

[ 2017-09-25T22:31:36+08:00 ] 127.0.0.1 /tpchat/index.php/Admin/Course/update?i=14
INFO: [ app_init ] --START--
INFO: Run Behavior\BuildLiteBehavior [ RunTime:0.000018s ]
INFO: [ app_init ] --END-- [ RunTime:0.000274s ]
INFO: [ app_begin ] --START--
INFO: Run Behavior\ReadHtmlCacheBehavior [ RunTime:0.000274s ]
INFO: [ app_begin ] --END-- [ RunTime:0.000360s ]
SQL: SHOW COLUMNS FROM `course` [ RunTime:0.0089s ]
SQL: SELECT * FROM `course` WHERE ( course_id='14' ) LIMIT 1   [ RunTime:0.0010s ]
INFO: [ view_parse ] --START--
INFO: [ template_filter ] --START--
INFO: Run Behavior\ContentReplaceBehavior [ RunTime:0.000303s ]
INFO: [ template_filter ] --END-- [ RunTime:0.000627s ]
NOTIC: [8] Undefined index: address_big D:\phpStudy\WWW\tpchat\Application\Runtime\Cache\Admin\cb2f467cbaf8f35452290d8202b91cd1.php 第 181 行.
INFO: Run Behavior\ParseTemplateBehavior [ RunTime:0.025271s ]
INFO: [ view_parse ] --END-- [ RunTime:0.025599s ]
INFO: [ view_filter ] --START--
INFO: Run Behavior\WriteHtmlCacheBehavior [ RunTime:0.000614s ]
INFO: [ view_filter ] --END-- [ RunTime:0.000914s ]
INFO: [ app_end ] --START--
INFO: Run Behavior\ShowPageTraceBehavior [ RunTime:0.001105s ]
INFO: [ app_end ] --END-- [ RunTime:0.001418s ]

[ 2017-09-25T22:32:22+08:00 ] 127.0.0.1 /tpchat/index.php/Admin/Course/update?i=14
INFO: [ app_init ] --START--
INFO: Run Behavior\BuildLiteBehavior [ RunTime:0.000020s ]
INFO: [ app_init ] --END-- [ RunTime:0.000295s ]
INFO: [ app_begin ] --START--
INFO: Run Behavior\ReadHtmlCacheBehavior [ RunTime:0.000403s ]
INFO: [ app_begin ] --END-- [ RunTime:0.000540s ]
SQL: SHOW COLUMNS FROM `course` [ RunTime:0.0115s ]
SQL: SELECT * FROM `course` WHERE ( course_id='14' ) LIMIT 1   [ RunTime:0.0006s ]
INFO: [ view_parse ] --START--
INFO: [ template_filter ] --START--
INFO: Run Behavior\ContentReplaceBehavior [ RunTime:0.000147s ]
INFO: [ template_filter ] --END-- [ RunTime:0.000308s ]
NOTIC: [8] Undefined index: address_big D:\phpStudy\WWW\tpchat\Application\Runtime\Cache\Admin\cb2f467cbaf8f35452290d8202b91cd1.php 第 185 行.
INFO: Run Behavior\ParseTemplateBehavior [ RunTime:0.011257s ]
INFO: [ view_parse ] --END-- [ RunTime:0.011414s ]
INFO: [ view_filter ] --START--
INFO: Run Behavior\WriteHtmlCacheBehavior [ RunTime:0.000287s ]
INFO: [ view_filter ] --END-- [ RunTime:0.000437s ]
INFO: [ app_end ] --START--
INFO: Run Behavior\ShowPageTraceBehavior [ RunTime:0.000527s ]
INFO: [ app_end ] --END-- [ RunTime:0.000684s ]

[ 2017-09-25T22:32:24+08:00 ] 127.0.0.1 /tpchat/index.php/Admin/Course/update?i=14
INFO: [ app_init ] --START--
INFO: Run Behavior\BuildLiteBehavior [ RunTime:0.000018s ]
INFO: [ app_init ] --END-- [ RunTime:0.000271s ]
INFO: [ app_begin ] --START--
INFO: Run Behavior\ReadHtmlCacheBehavior [ RunTime:0.000272s ]
INFO: [ app_begin ] --END-- [ RunTime:0.000358s ]
SQL: SHOW COLUMNS FROM `course` [ RunTime:0.0082s ]
SQL: SELECT * FROM `course` WHERE ( course_id='14' ) LIMIT 1   [ RunTime:0.0004s ]
INFO: [ view_parse ] --START--
INFO: [ template_filter ] --START--
INFO: Run Behavior\ContentReplaceBehavior [ RunTime:0.000135s ]
INFO: [ template_filter ] --END-- [ RunTime:0.000282s ]
NOTIC: [8] Undefined index: address_big D:\phpStudy\WWW\tpchat\Application\Runtime\Cache\Admin\cb2f467cbaf8f35452290d8202b91cd1.php 第 185 行.
INFO: Run Behavior\ParseTemplateBehavior [ RunTime:0.010382s ]
INFO: [ view_parse ] --END-- [ RunTime:0.010522s ]
INFO: [ view_filter ] --START--
INFO: Run Behavior\WriteHtmlCacheBehavior [ RunTime:0.000266s ]
INFO: [ view_filter ] --END-- [ RunTime:0.000399s ]
INFO: [ app_end ] --START--
INFO: Run Behavior\ShowPageTraceBehavior [ RunTime:0.000481s ]
INFO: [ app_end ] --END-- [ RunTime:0.000624s ]

[ 2017-09-25T22:33:16+08:00 ] 127.0.0.1 /tpchat/index.php/Admin/Course/update?i=14
INFO: [ app_init ] --START--
INFO: Run Behavior\BuildLiteBehavior [ RunTime:0.000018s ]
INFO: [ app_init ] --END-- [ RunTime:0.000306s ]
INFO: [ app_begin ] --START--
INFO: Run Behavior\ReadHtmlCacheBehavior [ RunTime:0.000312s ]
INFO: [ app_begin ] --END-- [ RunTime:0.000397s ]
SQL: SHOW COLUMNS FROM `course` [ RunTime:0.0025s ]
SQL: SELECT * FROM `course` WHERE ( course_id='14' ) LIMIT 1   [ RunTime:0.0003s ]
INFO: [ view_parse ] --START--
INFO: [ template_filter ] --START--
INFO: Run Behavior\ContentReplaceBehavior [ RunTime:0.000082s ]
INFO: [ template_filter ] --END-- [ RunTime:0.000201s ]
NOTIC: [8] Undefined index: address_big D:\phpStudy\WWW\tpchat\Application\Runtime\Cache\Admin\cb2f467cbaf8f35452290d8202b91cd1.php 第 185 行.
INFO: Run Behavior\ParseTemplateBehavior [ RunTime:0.007730s ]
INFO: [ view_parse ] --END-- [ RunTime:0.007815s ]
INFO: [ view_filter ] --START--
INFO: Run Behavior\WriteHtmlCacheBehavior [ RunTime:0.000255s ]
INFO: [ view_filter ] --END-- [ RunTime:0.000331s ]
INFO: [ app_end ] --START--
INFO: Run Behavior\ShowPageTraceBehavior [ RunTime:0.000359s ]
INFO: [ app_end ] --END-- [ RunTime:0.000442s ]

[ 2017-09-25T22:33:19+08:00 ] 127.0.0.1 /tpchat/index.php/Admin/Course/update?i=14
INFO: [ app_init ] --START--
INFO: Run Behavior\BuildLiteBehavior [ RunTime:0.000032s ]
INFO: [ app_init ] --END-- [ RunTime:0.000285s ]
INFO: [ app_begin ] --START--
INFO: Run Behavior\ReadHtmlCacheBehavior [ RunTime:0.000287s ]
INFO: [ app_begin ] --END-- [ RunTime:0.000366s ]
SQL: SHOW COLUMNS FROM `course` [ RunTime:0.0023s ]
SQL: SELECT * FROM `course` WHERE ( course_id='14' ) LIMIT 1   [ RunTime:0.0003s ]
INFO: [ view_parse ] --START--
INFO: [ template_filter ] --START--
INFO: Run Behavior\ContentReplaceBehavior [ RunTime:0.000079s ]
INFO: [ template_filter ] --END-- [ RunTime:0.000165s ]
NOTIC: [8] Undefined index: address_big D:\phpStudy\WWW\tpchat\Application\Runtime\Cache\Admin\cb2f467cbaf8f35452290d8202b91cd1.php 第 185 行.
INFO: Run Behavior\ParseTemplateBehavior [ RunTime:0.006596s ]
INFO: [ view_parse ] --END-- [ RunTime:0.006674s ]
INFO: [ view_filter ] --START--
INFO: Run Behavior\WriteHtmlCacheBehavior [ RunTime:0.000152s ]
INFO: [ view_filter ] --END-- [ RunTime:0.000224s ]
INFO: [ app_end ] --START--
INFO: Run Behavior\ShowPageTraceBehavior [ RunTime:0.000294s ]
INFO: [ app_end ] --END-- [ RunTime:0.000372s ]

[ 2017-09-25T22:33:40+08:00 ] 127.0.0.1 /tpchat/index.php/Admin/Course/update?i=14
INFO: [ app_init ] --START--
INFO: Run Behavior\BuildLiteBehavior [ RunTime:0.000018s ]
INFO: [ app_init ] --END-- [ RunTime:0.000280s ]
INFO: [ app_begin ] --START--
INFO: Run Behavior\ReadHtmlCacheBehavior [ RunTime:0.000294s ]
INFO: [ app_begin ] --END-- [ RunTime:0.000383s ]
SQL: SHOW COLUMNS FROM `course` [ RunTime:0.0025s ]
SQL: SELECT * FROM `course` WHERE ( course_id='14' ) LIMIT 1   [ RunTime:0.0003s ]
INFO: [ view_parse ] --START--
INFO: [ template_filter ] --START--
INFO: Run Behavior\ContentReplaceBehavior [ RunTime:0.000079s ]
INFO: [ template_filter ] --END-- [ RunTime:0.000164s ]
NOTIC: [8] Undefined index: address_big D:\phpStudy\WWW\tpchat\Application\Runtime\Cache\Admin\cb2f467cbaf8f35452290d8202b91cd1.php 第 185 行.
INFO: Run Behavior\ParseTemplateBehavior [ RunTime:0.006617s ]
INFO: [ view_parse ] --END-- [ RunTime:0.006696s ]
INFO: [ view_filter ] --START--
INFO: Run Behavior\WriteHtmlCacheBehavior [ RunTime:0.000183s ]
INFO: [ view_filter ] --END-- [ RunTime:0.000255s ]
INFO: [ app_end ] --START--
INFO: Run Behavior\ShowPageTraceBehavior [ RunTime:0.000309s ]
INFO: [ app_end ] --END-- [ RunTime:0.000398s ]

[ 2017-09-25T22:34:12+08:00 ] 127.0.0.1 /tpchat/index.php/Admin/Course/update?i=14
INFO: [ app_init ] --START--
INFO: Run Behavior\BuildLiteBehavior [ RunTime:0.000016s ]
INFO: [ app_init ] --END-- [ RunTime:0.000249s ]
INFO: [ app_begin ] --START--
INFO: Run Behavior\ReadHtmlCacheBehavior [ RunTime:0.000285s ]
INFO: [ app_begin ] --END-- [ RunTime:0.000390s ]

[ 2017-09-25T22:34:13+08:00 ] 127.0.0.1 /tpchat/index.php/Admin/admin/login.html
INFO: [ app_init ] --START--
INFO: Run Behavior\BuildLiteBehavior [ RunTime:0.000037s ]
INFO: [ app_init ] --END-- [ RunTime:0.000588s ]
INFO: [ app_begin ] --START--
INFO: Run Behavior\ReadHtmlCacheBehavior [ RunTime:0.000579s ]
INFO: [ app_begin ] --END-- [ RunTime:0.000753s ]
INFO: [ view_parse ] --START--
INFO: [ template_filter ] --START--
INFO: Run Behavior\ContentReplaceBehavior [ RunTime:0.000049s ]
INFO: [ template_filter ] --END-- [ RunTime:0.000143s ]
INFO: Run Behavior\ParseTemplateBehavior [ RunTime:0.007763s ]
INFO: [ view_parse ] --END-- [ RunTime:0.007895s ]
INFO: [ view_filter ] --START--
INFO: Run Behavior\WriteHtmlCacheBehavior [ RunTime:0.000156s ]
INFO: [ view_filter ] --END-- [ RunTime:0.000228s ]

[ 2017-09-25T22:34:16+08:00 ] 127.0.0.1 /tpchat/index.php/Admin/Index/index.html
INFO: [ app_init ] --START--
INFO: Run Behavior\BuildLiteBehavior [ RunTime:0.000040s ]
INFO: [ app_init ] --END-- [ RunTime:0.000620s ]
INFO: [ app_begin ] --START--
INFO: Run Behavior\ReadHtmlCacheBehavior [ RunTime:0.000633s ]
INFO: [ app_begin ] --END-- [ RunTime:0.000829s ]
INFO: [ view_parse ] --START--
INFO: [ template_filter ] --START--
INFO: Run Behavior\ContentReplaceBehavior [ RunTime:0.000149s ]
INFO: [ template_filter ] --END-- [ RunTime:0.000343s ]
INFO: Run Behavior\ParseTemplateBehavior [ RunTime:0.011490s ]
INFO: [ view_parse ] --END-- [ RunTime:0.011705s ]
INFO: [ view_filter ] --START--
INFO: Run Behavior\WriteHtmlCacheBehavior [ RunTime:0.000338s ]
INFO: [ view_filter ] --END-- [ RunTime:0.000518s ]
INFO: [ app_end ] --START--
INFO: Run Behavior\ShowPageTraceBehavior [ RunTime:0.000616s ]
INFO: [ app_end ] --END-- [ RunTime:0.001061s ]

[ 2017-09-25T22:34:17+08:00 ] 127.0.0.1 /tpchat/index.php/Admin/Trade/index
INFO: [ app_init ] --START--
INFO: Run Behavior\BuildLiteBehavior [ RunTime:0.000018s ]
INFO: [ app_init ] --END-- [ RunTime:0.000260s ]
INFO: [ app_begin ] --START--
INFO: Run Behavior\ReadHtmlCacheBehavior [ RunTime:0.000325s ]
INFO: [ app_begin ] --END-- [ RunTime:0.000404s ]
SQL: SHOW COLUMNS FROM `trade` [ RunTime:0.0110s ]
SQL: SELECT COUNT(*) AS tp_count FROM `trade` LIMIT 1   [ RunTime:0.0003s ]
SQL: SELECT*
                            FROM  `trade`  a

                            INNER JOIN `user` b

                            WHERE  a.openid=b.openid
                             LIMIT 0,20 [ RunTime:0.0010s ]
INFO: [ view_parse ] --START--
INFO: [ template_filter ] --START--
INFO: Run Behavior\ContentReplaceBehavior [ RunTime:0.000205s ]
INFO: [ template_filter ] --END-- [ RunTime:0.000421s ]
NOTIC: [8] Undefined variable: count D:\phpStudy\WWW\tpchat\Application\Runtime\Cache\Admin\81859317836b157d1bd41ebfea9ca286.php 第 125 行.
NOTIC: [8] Use of undefined constant 已支付 - assumed '已支付' D:\phpStudy\WWW\tpchat\Application\Runtime\Cache\Admin\81859317836b157d1bd41ebfea9ca286.php 第 177 行.
NOTIC: [8] Use of undefined constant 已支付 - assumed '已支付' D:\phpStudy\WWW\tpchat\Application\Runtime\Cache\Admin\81859317836b157d1bd41ebfea9ca286.php 第 177 行.
NOTIC: [8] Use of undefined constant 已支付 - assumed '已支付' D:\phpStudy\WWW\tpchat\Application\Runtime\Cache\Admin\81859317836b157d1bd41ebfea9ca286.php 第 177 行.
NOTIC: [8] Use of undefined constant 已支付 - assumed '已支付' D:\phpStudy\WWW\tpchat\Application\Runtime\Cache\Admin\81859317836b157d1bd41ebfea9ca286.php 第 177 行.
NOTIC: [8] Use of undefined constant 已支付 - assumed '已支付' D:\phpStudy\WWW\tpchat\Application\Runtime\Cache\Admin\81859317836b157d1bd41ebfea9ca286.php 第 177 行.
NOTIC: [8] Use of undefined constant 已支付 - assumed '已支付' D:\phpStudy\WWW\tpchat\Application\Runtime\Cache\Admin\81859317836b157d1bd41ebfea9ca286.php 第 177 行.
NOTIC: [8] Use of undefined constant 已支付 - assumed '已支付' D:\phpStudy\WWW\tpchat\Application\Runtime\Cache\Admin\81859317836b157d1bd41ebfea9ca286.php 第 177 行.
NOTIC: [8] Use of undefined constant 已支付 - assumed '已支付' D:\phpStudy\WWW\tpchat\Application\Runtime\Cache\Admin\81859317836b157d1bd41ebfea9ca286.php 第 177 行.
NOTIC: [8] Use of undefined constant 已支付 - assumed '已支付' D:\phpStudy\WWW\tpchat\Application\Runtime\Cache\Admin\81859317836b157d1bd41ebfea9ca286.php 第 177 行.
NOTIC: [8] Use of undefined constant 已支付 - assumed '已支付' D:\phpStudy\WWW\tpchat\Application\Runtime\Cache\Admin\81859317836b157d1bd41ebfea9ca286.php 第 177 行.
NOTIC: [8] Use of undefined constant 已支付 - assumed '已支付' D:\phpStudy\WWW\tpchat\Application\Runtime\Cache\Admin\81859317836b157d1bd41ebfea9ca286.php 第 177 行.
NOTIC: [8] Use of undefined constant 已支付 - assumed '已支付' D:\phpStudy\WWW\tpchat\Application\Runtime\Cache\Admin\81859317836b157d1bd41ebfea9ca286.php 第 177 行.
NOTIC: [8] Use of undefined constant 已支付 - assumed '已支付' D:\phpStudy\WWW\tpchat\Application\Runtime\Cache\Admin\81859317836b157d1bd41ebfea9ca286.php 第 177 行.
INFO: Run Behavior\ParseTemplateBehavior [ RunTime:0.017911s ]
INFO: [ view_parse ] --END-- [ RunTime:0.018122s ]
INFO: [ view_filter ] --START--
INFO: Run Behavior\WriteHtmlCacheBehavior [ RunTime:0.000384s ]
INFO: [ view_filter ] --END-- [ RunTime:0.000571s ]
INFO: [ app_end ] --START--
INFO: Run Behavior\ShowPageTraceBehavior [ RunTime:0.000688s ]
INFO: [ app_end ] --END-- [ RunTime:0.000888s ]

[ 2017-09-25T22:34:19+08:00 ] 127.0.0.1 /tpchat/index.php/Admin/Course/update?i=14
INFO: [ app_init ] --START--
INFO: Run Behavior\BuildLiteBehavior [ RunTime:0.000016s ]
INFO: [ app_init ] --END-- [ RunTime:0.000253s ]
INFO: [ app_begin ] --START--
INFO: Run Behavior\ReadHtmlCacheBehavior [ RunTime:0.000255s ]
INFO: [ app_begin ] --END-- [ RunTime:0.000334s ]
SQL: SHOW COLUMNS FROM `course` [ RunTime:0.0073s ]
SQL: SELECT * FROM `course` WHERE ( course_id='14' ) LIMIT 1   [ RunTime:0.0008s ]
INFO: [ view_parse ] --START--
INFO: [ template_filter ] --START--
INFO: Run Behavior\ContentReplaceBehavior [ RunTime:0.000296s ]
INFO: [ template_filter ] --END-- [ RunTime:0.000616s ]
NOTIC: [8] Undefined index: address_big D:\phpStudy\WWW\tpchat\Application\Runtime\Cache\Admin\cb2f467cbaf8f35452290d8202b91cd1.php 第 185 行.
INFO: Run Behavior\ParseTemplateBehavior [ RunTime:0.023167s ]
INFO: [ view_parse ] --END-- [ RunTime:0.023480s ]
INFO: [ view_filter ] --START--
INFO: Run Behavior\WriteHtmlCacheBehavior [ RunTime:0.000727s ]
INFO: [ view_filter ] --END-- [ RunTime:0.001040s ]
INFO: [ app_end ] --START--
INFO: Run Behavior\ShowPageTraceBehavior [ RunTime:0.001204s ]
INFO: [ app_end ] --END-- [ RunTime:0.001528s ]

[ 2017-09-25T22:35:58+08:00 ] 127.0.0.1 /tpchat/index.php/Admin/Course/update?i=14
INFO: [ app_init ] --START--
INFO: Run Behavior\BuildLiteBehavior [ RunTime:0.000028s ]
INFO: [ app_init ] --END-- [ RunTime:0.000469s ]
INFO: [ app_begin ] --START--
INFO: Run Behavior\ReadHtmlCacheBehavior [ RunTime:0.000466s ]
INFO: [ app_begin ] --END-- [ RunTime:0.000598s ]
SQL: SHOW COLUMNS FROM `course` [ RunTime:0.0103s ]
SQL: SELECT * FROM `course` WHERE ( course_id='14' ) LIMIT 1   [ RunTime:0.0009s ]
INFO: [ view_parse ] --START--
INFO: [ template_filter ] --START--
INFO: Run Behavior\ContentReplaceBehavior [ RunTime:0.000184s ]
INFO: [ template_filter ] --END-- [ RunTime:0.000403s ]
NOTIC: [8] Undefined index: address_big D:\phpStudy\WWW\tpchat\Application\Runtime\Cache\Admin\cb2f467cbaf8f35452290d8202b91cd1.php 第 185 行.
INFO: Run Behavior\ParseTemplateBehavior [ RunTime:0.018236s ]
INFO: [ view_parse ] --END-- [ RunTime:0.018482s ]
INFO: [ view_filter ] --START--
INFO: Run Behavior\WriteHtmlCacheBehavior [ RunTime:0.000447s ]
INFO: [ view_filter ] --END-- [ RunTime:0.000623s ]
INFO: [ app_end ] --START--
INFO: Run Behavior\ShowPageTraceBehavior [ RunTime:0.000735s ]
INFO: [ app_end ] --END-- [ RunTime:0.000928s ]

[ 2017-09-25T22:36:02+08:00 ] 127.0.0.1 /tpchat/index.php/Admin/Course/update?i=14
INFO: [ app_init ] --START--
INFO: Run Behavior\BuildLiteBehavior [ RunTime:0.000018s ]
INFO: [ app_init ] --END-- [ RunTime:0.000257s ]
INFO: [ app_begin ] --START--
INFO: Run Behavior\ReadHtmlCacheBehavior [ RunTime:0.000289s ]
INFO: [ app_begin ] --END-- [ RunTime:0.000370s ]
SQL: SHOW COLUMNS FROM `course` [ RunTime:0.0043s ]
SQL: SELECT * FROM `course` WHERE ( course_id='14' ) LIMIT 1   [ RunTime:0.0003s ]
INFO: [ view_parse ] --START--
INFO: [ template_filter ] --START--
INFO: Run Behavior\ContentReplaceBehavior [ RunTime:0.000082s ]
INFO: [ template_filter ] --END-- [ RunTime:0.000172s ]
NOTIC: [8] Undefined index: address_big D:\phpStudy\WWW\tpchat\Application\Runtime\Cache\Admin\cb2f467cbaf8f35452290d8202b91cd1.php 第 185 行.
INFO: Run Behavior\ParseTemplateBehavior [ RunTime:0.006147s ]
INFO: [ view_parse ] --END-- [ RunTime:0.006229s ]
INFO: [ view_filter ] --START--
INFO: Run Behavior\WriteHtmlCacheBehavior [ RunTime:0.000156s ]
INFO: [ view_filter ] --END-- [ RunTime:0.000233s ]
INFO: [ app_end ] --START--
INFO: Run Behavior\ShowPageTraceBehavior [ RunTime:0.000286s ]
INFO: [ app_end ] --END-- [ RunTime:0.000368s ]

[ 2017-09-25T22:36:05+08:00 ] 127.0.0.1 /tpchat/index.php/Admin/Course/update?i=14
INFO: [ app_init ] --START--
INFO: Run Behavior\BuildLiteBehavior [ RunTime:0.000018s ]
INFO: [ app_init ] --END-- [ RunTime:0.000262s ]
INFO: [ app_begin ] --START--
INFO: Run Behavior\ReadHtmlCacheBehavior [ RunTime:0.000265s ]
INFO: [ app_begin ] --END-- [ RunTime:0.000345s ]
SQL: SHOW COLUMNS FROM `course` [ RunTime:0.0070s ]
SQL: SELECT * FROM `course` WHERE ( course_id='14' ) LIMIT 1   [ RunTime:0.0009s ]
INFO: [ view_parse ] --START--
INFO: [ template_filter ] --START--
INFO: Run Behavior\ContentReplaceBehavior [ RunTime:0.000294s ]
INFO: [ template_filter ] --END-- [ RunTime:0.000614s ]
NOTIC: [8] Undefined index: address_big D:\phpStudy\WWW\tpchat\Application\Runtime\Cache\Admin\cb2f467cbaf8f35452290d8202b91cd1.php 第 185 行.
INFO: Run Behavior\ParseTemplateBehavior [ RunTime:0.021495s ]
INFO: [ view_parse ] --END-- [ RunTime:0.021734s ]
INFO: [ view_filter ] --START--
INFO: Run Behavior\WriteHtmlCacheBehavior [ RunTime:0.000339s ]
INFO: [ view_filter ] --END-- [ RunTime:0.000506s ]
INFO: [ app_end ] --START--
INFO: Run Behavior\ShowPageTraceBehavior [ RunTime:0.000607s ]
INFO: [ app_end ] --END-- [ RunTime:0.000783s ]

