[ 2017-09-21T15:20:18+08:00 ] 127.0.0.1 /tpchat/index.php/Admin/Index/index.html
INFO: [ app_init ] --START--
INFO: Run Behavior\BuildLiteBehavior [ RunTime:0.000018s ]
INFO: [ app_init ] --END-- [ RunTime:0.000630s ]
INFO: [ app_begin ] --START--
INFO: Run Behavior\ReadHtmlCacheBehavior [ RunTime:0.001211s ]
INFO: [ app_begin ] --END-- [ RunTime:0.001293s ]

[ 2017-09-21T15:20:19+08:00 ] 127.0.0.1 /tpchat/index.php/Admin/admin/login.html
INFO: [ app_init ] --START--
INFO: Run Behavior\BuildLiteBehavior [ RunTime:0.000033s ]
INFO: [ app_init ] --END-- [ RunTime:0.000553s ]
INFO: [ app_begin ] --START--
INFO: Run Behavior\ReadHtmlCacheBehavior [ RunTime:0.000649s ]
INFO: [ app_begin ] --END-- [ RunTime:0.000814s ]
INFO: [ view_parse ] --START--
INFO: [ template_filter ] --START--
INFO: Run Behavior\ContentReplaceBehavior [ RunTime:0.000093s ]
INFO: [ template_filter ] --END-- [ RunTime:0.000534s ]
INFO: Run Behavior\ParseTemplateBehavior [ RunTime:0.024338s ]
INFO: [ view_parse ] --END-- [ RunTime:0.024527s ]
INFO: [ view_filter ] --START--
INFO: Run Behavior\WriteHtmlCacheBehavior [ RunTime:0.001051s ]
INFO: [ view_filter ] --END-- [ RunTime:0.001215s ]

[ 2017-09-21T15:20:22+08:00 ] 127.0.0.1 /tpchat/index.php/Admin/Index/index.html
INFO: [ app_init ] --START--
INFO: Run Behavior\BuildLiteBehavior [ RunTime:0.000047s ]
INFO: [ app_init ] --END-- [ RunTime:0.000851s ]
INFO: [ app_begin ] --START--
INFO: Run Behavior\ReadHtmlCacheBehavior [ RunTime:0.000938s ]
INFO: [ app_begin ] --END-- [ RunTime:0.001177s ]
INFO: [ view_parse ] --START--
INFO: [ template_filter ] --START--
INFO: Run Behavior\ContentReplaceBehavior [ RunTime:0.000094s ]
INFO: [ template_filter ] --END-- [ RunTime:0.000227s ]
INFO: Run Behavior\ParseTemplateBehavior [ RunTime:0.016875s ]
INFO: [ view_parse ] --END-- [ RunTime:0.017059s ]
INFO: [ view_filter ] --START--
INFO: Run Behavior\WriteHtmlCacheBehavior [ RunTime:0.000564s ]
INFO: [ view_filter ] --END-- [ RunTime:0.000676s ]
INFO: [ app_end ] --START--
INFO: Run Behavior\ShowPageTraceBehavior [ RunTime:0.002289s ]
INFO: [ app_end ] --END-- [ RunTime:0.002416s ]

[ 2017-09-21T15:20:24+08:00 ] 127.0.0.1 /tpchat/index.php/Admin/Trade/index
INFO: [ app_init ] --START--
INFO: Run Behavior\BuildLiteBehavior [ RunTime:0.000021s ]
INFO: [ app_init ] --END-- [ RunTime:0.000309s ]
INFO: [ app_begin ] --START--
INFO: Run Behavior\ReadHtmlCacheBehavior [ RunTime:0.000390s ]
INFO: [ app_begin ] --END-- [ RunTime:0.000483s ]
SQL: SHOW COLUMNS FROM `trade` [ RunTime:0.0067s ]
SQL: SELECT COUNT(*) AS tp_count FROM `trade` LIMIT 1   [ RunTime:0.0005s ]
SQL: SELECT*
                            FROM  `trade`  a

                            INNER JOIN `user` b

                            WHERE  a.openid=b.openid
                             LIMIT 0,5 [ RunTime:0.0010s ]
INFO: [ view_parse ] --START--
INFO: [ template_filter ] --START--
INFO: Run Behavior\ContentReplaceBehavior [ RunTime:0.000118s ]
INFO: [ template_filter ] --END-- [ RunTime:0.000255s ]
NOTIC: [8] Undefined variable: count D:\phpStudy\WWW\tpchat\Application\Runtime\Cache\Admin\81859317836b157d1bd41ebfea9ca286.php 第 125 行.
NOTIC: [8] Use of undefined constant 已支付 - assumed '已支付' D:\phpStudy\WWW\tpchat\Application\Runtime\Cache\Admin\81859317836b157d1bd41ebfea9ca286.php 第 177 行.
NOTIC: [8] Use of undefined constant 已支付 - assumed '已支付' D:\phpStudy\WWW\tpchat\Application\Runtime\Cache\Admin\81859317836b157d1bd41ebfea9ca286.php 第 177 行.
NOTIC: [8] Use of undefined constant 已支付 - assumed '已支付' D:\phpStudy\WWW\tpchat\Application\Runtime\Cache\Admin\81859317836b157d1bd41ebfea9ca286.php 第 177 行.
NOTIC: [8] Use of undefined constant 已支付 - assumed '已支付' D:\phpStudy\WWW\tpchat\Application\Runtime\Cache\Admin\81859317836b157d1bd41ebfea9ca286.php 第 177 行.
NOTIC: [8] Use of undefined constant 已支付 - assumed '已支付' D:\phpStudy\WWW\tpchat\Application\Runtime\Cache\Admin\81859317836b157d1bd41ebfea9ca286.php 第 177 行.
INFO: Run Behavior\ParseTemplateBehavior [ RunTime:0.014429s ]
INFO: [ view_parse ] --END-- [ RunTime:0.014595s ]
INFO: [ view_filter ] --START--
INFO: Run Behavior\WriteHtmlCacheBehavior [ RunTime:0.000329s ]
INFO: [ view_filter ] --END-- [ RunTime:0.000440s ]
INFO: [ app_end ] --START--
INFO: Run Behavior\ShowPageTraceBehavior [ RunTime:0.000722s ]
INFO: [ app_end ] --END-- [ RunTime:0.000854s ]

[ 2017-09-21T15:20:29+08:00 ] 127.0.0.1 /tpchat/index.php/Admin/Index/text.html
INFO: [ app_init ] --START--
INFO: Run Behavior\BuildLiteBehavior [ RunTime:0.000017s ]
INFO: [ app_init ] --END-- [ RunTime:0.000282s ]
INFO: [ app_begin ] --START--
INFO: Run Behavior\ReadHtmlCacheBehavior [ RunTime:0.000335s ]
INFO: [ app_begin ] --END-- [ RunTime:0.000423s ]
SQL: SHOW COLUMNS FROM `evidence` [ RunTime:0.0051s ]
SQL: SELECT * FROM `evidence` WHERE `openid` = 'w' LIMIT 1   [ RunTime:0.0005s ]
INFO: [ app_end ] --START--
INFO: Run Behavior\ShowPageTraceBehavior [ RunTime:0.000982s ]
INFO: [ app_end ] --END-- [ RunTime:0.001188s ]

[ 2017-09-21T15:21:30+08:00 ] 127.0.0.1 /tpchat/index.php/Admin/Index/text.html
INFO: [ app_init ] --START--
INFO: Run Behavior\BuildLiteBehavior [ RunTime:0.000018s ]
INFO: [ app_init ] --END-- [ RunTime:0.000300s ]
INFO: [ app_begin ] --START--
INFO: Run Behavior\ReadHtmlCacheBehavior [ RunTime:0.000345s ]
INFO: [ app_begin ] --END-- [ RunTime:0.000432s ]
SQL: SHOW COLUMNS FROM `evidence` [ RunTime:0.0055s ]
SQL: INSERT INTO `evidence` (`time`,`openid`) VALUES ('2017-09-21 15:21:30','w') [ RunTime:0.0141s ]
SQL: SELECT * FROM `evidence` WHERE `openid` = 'w' LIMIT 1   [ RunTime:0.0006s ]
INFO: [ app_end ] --START--
INFO: Run Behavior\ShowPageTraceBehavior [ RunTime:0.001175s ]
INFO: [ app_end ] --END-- [ RunTime:0.001406s ]

[ 2017-09-21T15:21:55+08:00 ] 127.0.0.1 /tpchat/index.php/Admin/Index/text.html
INFO: [ app_init ] --START--
INFO: Run Behavior\BuildLiteBehavior [ RunTime:0.000018s ]
INFO: [ app_init ] --END-- [ RunTime:0.000290s ]
INFO: [ app_begin ] --START--
INFO: Run Behavior\ReadHtmlCacheBehavior [ RunTime:0.000341s ]
INFO: [ app_begin ] --END-- [ RunTime:0.000429s ]
SQL: SHOW COLUMNS FROM `evidence` [ RunTime:0.0042s ]
SQL: SELECT * FROM `evidence` WHERE `openid` = 'w' LIMIT 1   [ RunTime:0.0005s ]
INFO: [ app_end ] --START--
INFO: Run Behavior\ShowPageTraceBehavior [ RunTime:0.000850s ]
INFO: [ app_end ] --END-- [ RunTime:0.001028s ]

[ 2017-09-21T15:22:05+08:00 ] 127.0.0.1 /tpchat/index.php/Admin/Index/text.html
INFO: [ app_init ] --START--
INFO: Run Behavior\BuildLiteBehavior [ RunTime:0.000019s ]
INFO: [ app_init ] --END-- [ RunTime:0.000281s ]
INFO: [ app_begin ] --START--
INFO: Run Behavior\ReadHtmlCacheBehavior [ RunTime:0.000339s ]
INFO: [ app_begin ] --END-- [ RunTime:0.000427s ]
SQL: SHOW COLUMNS FROM `evidence` [ RunTime:0.0066s ]
SQL: SELECT * FROM `evidence` WHERE `openid` = 'w' LIMIT 1   [ RunTime:0.0007s ]
INFO: [ app_end ] --START--
INFO: Run Behavior\ShowPageTraceBehavior [ RunTime:0.001451s ]
INFO: [ app_end ] --END-- [ RunTime:0.001764s ]

[ 2017-09-21T15:22:23+08:00 ] 127.0.0.1 /tpchat/index.php/Admin/Index/text.html
INFO: [ app_init ] --START--
INFO: Run Behavior\BuildLiteBehavior [ RunTime:0.000020s ]
INFO: [ app_init ] --END-- [ RunTime:0.000339s ]
INFO: [ app_begin ] --START--
INFO: Run Behavior\ReadHtmlCacheBehavior [ RunTime:0.000354s ]
INFO: [ app_begin ] --END-- [ RunTime:0.000442s ]
SQL: SHOW COLUMNS FROM `evidence` [ RunTime:0.0129s ]
SQL: SELECT * FROM `evidence` WHERE `openid` = 'w' LIMIT 1   [ RunTime:0.0003s ]
INFO: [ app_end ] --START--
INFO: Run Behavior\ShowPageTraceBehavior [ RunTime:0.000693s ]
INFO: [ app_end ] --END-- [ RunTime:0.000808s ]

[ 2017-09-21T15:22:29+08:00 ] 127.0.0.1 /tpchat/index.php/Admin/Index/text.html
INFO: [ app_init ] --START--
INFO: Run Behavior\BuildLiteBehavior [ RunTime:0.000022s ]
INFO: [ app_init ] --END-- [ RunTime:0.000336s ]
INFO: [ app_begin ] --START--
INFO: Run Behavior\ReadHtmlCacheBehavior [ RunTime:0.000408s ]
INFO: [ app_begin ] --END-- [ RunTime:0.000499s ]
SQL: SHOW COLUMNS FROM `evidence` [ RunTime:0.0050s ]
SQL: SELECT * FROM `evidence` WHERE `openid` = 'w' LIMIT 1   [ RunTime:0.0005s ]
INFO: [ app_end ] --START--
INFO: Run Behavior\ShowPageTraceBehavior [ RunTime:0.001029s ]
INFO: [ app_end ] --END-- [ RunTime:0.001247s ]

[ 2017-09-21T15:22:32+08:00 ] 127.0.0.1 /tpchat/index.php/Admin/Index/text.html
INFO: [ app_init ] --START--
INFO: Run Behavior\BuildLiteBehavior [ RunTime:0.000021s ]
INFO: [ app_init ] --END-- [ RunTime:0.000336s ]
INFO: [ app_begin ] --START--
INFO: Run Behavior\ReadHtmlCacheBehavior [ RunTime:0.000411s ]
INFO: [ app_begin ] --END-- [ RunTime:0.000514s ]
SQL: SHOW COLUMNS FROM `evidence` [ RunTime:0.0168s ]
SQL: SELECT * FROM `evidence` WHERE `openid` = 'w' LIMIT 1   [ RunTime:0.0003s ]
INFO: [ app_end ] --START--
INFO: Run Behavior\ShowPageTraceBehavior [ RunTime:0.000660s ]
INFO: [ app_end ] --END-- [ RunTime:0.000785s ]

[ 2017-09-21T15:28:09+08:00 ] 127.0.0.1 /tpchat/index.php/Admin/Index/text.html
INFO: [ app_init ] --START--
INFO: Run Behavior\BuildLiteBehavior [ RunTime:0.000017s ]
INFO: [ app_init ] --END-- [ RunTime:0.000316s ]
INFO: [ app_begin ] --START--
INFO: Run Behavior\ReadHtmlCacheBehavior [ RunTime:0.000340s ]
INFO: [ app_begin ] --END-- [ RunTime:0.000429s ]
INFO: [ app_end ] --START--
INFO: Run Behavior\ShowPageTraceBehavior [ RunTime:0.000350s ]
INFO: [ app_end ] --END-- [ RunTime:0.000436s ]

[ 2017-09-21T15:28:17+08:00 ] 127.0.0.1 /tpchat/index.php/Admin/Index/text.html
INFO: [ app_init ] --START--
INFO: Run Behavior\BuildLiteBehavior [ RunTime:0.000019s ]
INFO: [ app_init ] --END-- [ RunTime:0.000295s ]
INFO: [ app_begin ] --START--
INFO: Run Behavior\ReadHtmlCacheBehavior [ RunTime:0.000432s ]
INFO: [ app_begin ] --END-- [ RunTime:0.000547s ]
INFO: [ app_end ] --START--
INFO: Run Behavior\ShowPageTraceBehavior [ RunTime:0.000358s ]
INFO: [ app_end ] --END-- [ RunTime:0.000445s ]

[ 2017-09-21T15:28:22+08:00 ] 127.0.0.1 /tpchat/index.php/Admin/Index/text.html
INFO: [ app_init ] --START--
INFO: Run Behavior\BuildLiteBehavior [ RunTime:0.000019s ]
INFO: [ app_init ] --END-- [ RunTime:0.000293s ]
INFO: [ app_begin ] --START--
INFO: Run Behavior\ReadHtmlCacheBehavior [ RunTime:0.000412s ]
INFO: [ app_begin ] --END-- [ RunTime:0.000510s ]
INFO: [ app_end ] --START--
INFO: Run Behavior\ShowPageTraceBehavior [ RunTime:0.000361s ]
INFO: [ app_end ] --END-- [ RunTime:0.000447s ]

[ 2017-09-21T15:33:47+08:00 ] 127.0.0.1 /tpchat/index.php/Admin/Index/
INFO: [ app_init ] --START--
INFO: Run Behavior\BuildLiteBehavior [ RunTime:0.000018s ]
INFO: [ app_init ] --END-- [ RunTime:0.000314s ]
INFO: [ app_begin ] --START--
INFO: Run Behavior\ReadHtmlCacheBehavior [ RunTime:0.000415s ]
INFO: [ app_begin ] --END-- [ RunTime:0.000505s ]
INFO: [ view_parse ] --START--
INFO: [ template_filter ] --START--
INFO: Run Behavior\ContentReplaceBehavior [ RunTime:0.000065s ]
INFO: [ template_filter ] --END-- [ RunTime:0.000148s ]
INFO: Run Behavior\ParseTemplateBehavior [ RunTime:0.005391s ]
INFO: [ view_parse ] --END-- [ RunTime:0.005476s ]
INFO: [ view_filter ] --START--
INFO: Run Behavior\WriteHtmlCacheBehavior [ RunTime:0.000206s ]
INFO: [ view_filter ] --END-- [ RunTime:0.000279s ]
INFO: [ app_end ] --START--
INFO: Run Behavior\ShowPageTraceBehavior [ RunTime:0.000317s ]
INFO: [ app_end ] --END-- [ RunTime:0.000391s ]

[ 2017-09-21T15:33:48+08:00 ] 127.0.0.1 /tpchat/index.php/Admin/Trade/index
INFO: [ app_init ] --START--
INFO: Run Behavior\BuildLiteBehavior [ RunTime:0.000019s ]
INFO: [ app_init ] --END-- [ RunTime:0.000363s ]
INFO: [ app_begin ] --START--
INFO: Run Behavior\ReadHtmlCacheBehavior [ RunTime:0.000322s ]
INFO: [ app_begin ] --END-- [ RunTime:0.000404s ]
SQL: SHOW COLUMNS FROM `trade` [ RunTime:0.0034s ]
SQL: SELECT COUNT(*) AS tp_count FROM `trade` LIMIT 1   [ RunTime:0.0003s ]
SQL: SELECT*
                            FROM  `trade`  a

                            INNER JOIN `user` b

                            WHERE  a.openid=b.openid
                             LIMIT 0,5 [ RunTime:0.0006s ]
INFO: [ view_parse ] --START--
INFO: [ template_filter ] --START--
INFO: Run Behavior\ContentReplaceBehavior [ RunTime:0.000133s ]
INFO: [ template_filter ] --END-- [ RunTime:0.000282s ]
NOTIC: [8] Undefined variable: count D:\phpStudy\WWW\tpchat\Application\Runtime\Cache\Admin\81859317836b157d1bd41ebfea9ca286.php 第 125 行.
NOTIC: [8] Use of undefined constant 已支付 - assumed '已支付' D:\phpStudy\WWW\tpchat\Application\Runtime\Cache\Admin\81859317836b157d1bd41ebfea9ca286.php 第 177 行.
NOTIC: [8] Use of undefined constant 已支付 - assumed '已支付' D:\phpStudy\WWW\tpchat\Application\Runtime\Cache\Admin\81859317836b157d1bd41ebfea9ca286.php 第 177 行.
NOTIC: [8] Use of undefined constant 已支付 - assumed '已支付' D:\phpStudy\WWW\tpchat\Application\Runtime\Cache\Admin\81859317836b157d1bd41ebfea9ca286.php 第 177 行.
NOTIC: [8] Use of undefined constant 已支付 - assumed '已支付' D:\phpStudy\WWW\tpchat\Application\Runtime\Cache\Admin\81859317836b157d1bd41ebfea9ca286.php 第 177 行.
NOTIC: [8] Use of undefined constant 已支付 - assumed '已支付' D:\phpStudy\WWW\tpchat\Application\Runtime\Cache\Admin\81859317836b157d1bd41ebfea9ca286.php 第 177 行.
INFO: Run Behavior\ParseTemplateBehavior [ RunTime:0.012558s ]
INFO: [ view_parse ] --END-- [ RunTime:0.012696s ]
INFO: [ view_filter ] --START--
INFO: Run Behavior\WriteHtmlCacheBehavior [ RunTime:0.000368s ]
INFO: [ view_filter ] --END-- [ RunTime:0.000492s ]
INFO: [ app_end ] --START--
INFO: Run Behavior\ShowPageTraceBehavior [ RunTime:0.000573s ]
INFO: [ app_end ] --END-- [ RunTime:0.000709s ]

[ 2017-09-21T15:33:55+08:00 ] 127.0.0.1 /tpchat/index.php/Admin/Course/index
INFO: [ app_init ] --START--
INFO: Run Behavior\BuildLiteBehavior [ RunTime:0.000020s ]
INFO: [ app_init ] --END-- [ RunTime:0.000306s ]
INFO: [ app_begin ] --START--
INFO: Run Behavior\ReadHtmlCacheBehavior [ RunTime:0.000352s ]
INFO: [ app_begin ] --END-- [ RunTime:0.000441s ]
SQL: SHOW COLUMNS FROM `course` [ RunTime:0.0112s ]
SQL: SELECT * FROM `course`  [ RunTime:0.0009s ]
INFO: [ view_parse ] --START--
INFO: [ template_filter ] --START--
INFO: Run Behavior\ContentReplaceBehavior [ RunTime:0.000319s ]
INFO: [ template_filter ] --END-- [ RunTime:0.000676s ]
INFO: Run Behavior\ParseTemplateBehavior [ RunTime:0.032992s ]
INFO: [ view_parse ] --END-- [ RunTime:0.033272s ]
INFO: [ view_filter ] --START--
INFO: Run Behavior\WriteHtmlCacheBehavior [ RunTime:0.000517s ]
INFO: [ view_filter ] --END-- [ RunTime:0.000696s ]
INFO: [ app_end ] --START--
INFO: Run Behavior\ShowPageTraceBehavior [ RunTime:0.000812s ]
INFO: [ app_end ] --END-- [ RunTime:0.001002s ]

[ 2017-09-21T15:53:57+08:00 ] 127.0.0.1 /tpchat/index.php/Admin/Index/index.html
INFO: [ app_init ] --START--
INFO: Run Behavior\BuildLiteBehavior [ RunTime:0.000018s ]
INFO: [ app_init ] --END-- [ RunTime:0.000383s ]
INFO: [ app_begin ] --START--
INFO: Run Behavior\ReadHtmlCacheBehavior [ RunTime:0.000435s ]
INFO: [ app_begin ] --END-- [ RunTime:0.000524s ]
INFO: [ view_parse ] --START--
INFO: [ template_filter ] --START--
INFO: Run Behavior\ContentReplaceBehavior [ RunTime:0.000065s ]
INFO: [ template_filter ] --END-- [ RunTime:0.000142s ]
INFO: Run Behavior\ParseTemplateBehavior [ RunTime:0.005218s ]
INFO: [ view_parse ] --END-- [ RunTime:0.005298s ]
INFO: [ view_filter ] --START--
INFO: Run Behavior\WriteHtmlCacheBehavior [ RunTime:0.000201s ]
INFO: [ view_filter ] --END-- [ RunTime:0.000272s ]
INFO: [ app_end ] --START--
INFO: Run Behavior\ShowPageTraceBehavior [ RunTime:0.000317s ]
INFO: [ app_end ] --END-- [ RunTime:0.000390s ]

[ 2017-09-21T15:53:58+08:00 ] 127.0.0.1 /tpchat/index.php/Admin/Trade/index
INFO: [ app_init ] --START--
INFO: Run Behavior\BuildLiteBehavior [ RunTime:0.000017s ]
INFO: [ app_init ] --END-- [ RunTime:0.000258s ]
INFO: [ app_begin ] --START--
INFO: Run Behavior\ReadHtmlCacheBehavior [ RunTime:0.000309s ]
INFO: [ app_begin ] --END-- [ RunTime:0.000390s ]
SQL: SHOW COLUMNS FROM `trade` [ RunTime:0.0072s ]
SQL: SELECT COUNT(*) AS tp_count FROM `trade` LIMIT 1   [ RunTime:0.0006s ]
SQL: SELECT*
                            FROM  `trade`  a

                            INNER JOIN `user` b

                            WHERE  a.openid=b.openid
                             LIMIT 0,5 [ RunTime:0.0017s ]
INFO: [ view_parse ] --START--
INFO: [ template_filter ] --START--
INFO: Run Behavior\ContentReplaceBehavior [ RunTime:0.000176s ]
INFO: [ template_filter ] --END-- [ RunTime:0.000388s ]
NOTIC: [8] Undefined variable: count D:\phpStudy\WWW\tpchat\Application\Runtime\Cache\Admin\81859317836b157d1bd41ebfea9ca286.php 第 125 行.
NOTIC: [8] Use of undefined constant 已支付 - assumed '已支付' D:\phpStudy\WWW\tpchat\Application\Runtime\Cache\Admin\81859317836b157d1bd41ebfea9ca286.php 第 177 行.
NOTIC: [8] Use of undefined constant 已支付 - assumed '已支付' D:\phpStudy\WWW\tpchat\Application\Runtime\Cache\Admin\81859317836b157d1bd41ebfea9ca286.php 第 177 行.
NOTIC: [8] Use of undefined constant 已支付 - assumed '已支付' D:\phpStudy\WWW\tpchat\Application\Runtime\Cache\Admin\81859317836b157d1bd41ebfea9ca286.php 第 177 行.
NOTIC: [8] Use of undefined constant 已支付 - assumed '已支付' D:\phpStudy\WWW\tpchat\Application\Runtime\Cache\Admin\81859317836b157d1bd41ebfea9ca286.php 第 177 行.
NOTIC: [8] Use of undefined constant 已支付 - assumed '已支付' D:\phpStudy\WWW\tpchat\Application\Runtime\Cache\Admin\81859317836b157d1bd41ebfea9ca286.php 第 177 行.
INFO: Run Behavior\ParseTemplateBehavior [ RunTime:0.021274s ]
INFO: [ view_parse ] --END-- [ RunTime:0.021534s ]
INFO: [ view_filter ] --START--
INFO: Run Behavior\WriteHtmlCacheBehavior [ RunTime:0.000489s ]
INFO: [ view_filter ] --END-- [ RunTime:0.000657s ]
INFO: [ app_end ] --START--
INFO: Run Behavior\ShowPageTraceBehavior [ RunTime:0.000759s ]
INFO: [ app_end ] --END-- [ RunTime:0.000937s ]

[ 2017-09-21T15:53:59+08:00 ] 127.0.0.1 /tpchat/index.php/Admin/User/index
INFO: [ app_init ] --START--
INFO: Run Behavior\BuildLiteBehavior [ RunTime:0.000017s ]
INFO: [ app_init ] --END-- [ RunTime:0.000258s ]
INFO: [ app_begin ] --START--
INFO: Run Behavior\ReadHtmlCacheBehavior [ RunTime:0.000315s ]
INFO: [ app_begin ] --END-- [ RunTime:0.000395s ]
SQL: SHOW COLUMNS FROM `user` [ RunTime:0.0115s ]
SQL: SELECT * FROM `user`  [ RunTime:0.0010s ]
INFO: [ view_parse ] --START--
INFO: [ template_filter ] --START--
INFO: Run Behavior\ContentReplaceBehavior [ RunTime:0.000256s ]
INFO: [ template_filter ] --END-- [ RunTime:0.000573s ]
NOTIC: [8] Undefined index: cash_submit D:\phpStudy\WWW\tpchat\Application\Runtime\Cache\Admin\65e605872ed5d34210f5b33beb13f5a3.php 第 132 行.
NOTIC: [8] Undefined index: cash_submit D:\phpStudy\WWW\tpchat\Application\Runtime\Cache\Admin\65e605872ed5d34210f5b33beb13f5a3.php 第 132 行.
NOTIC: [8] Undefined index: cash_submit D:\phpStudy\WWW\tpchat\Application\Runtime\Cache\Admin\65e605872ed5d34210f5b33beb13f5a3.php 第 132 行.
NOTIC: [8] Undefined index: cash_submit D:\phpStudy\WWW\tpchat\Application\Runtime\Cache\Admin\65e605872ed5d34210f5b33beb13f5a3.php 第 132 行.
NOTIC: [8] Undefined index: cash_submit D:\phpStudy\WWW\tpchat\Application\Runtime\Cache\Admin\65e605872ed5d34210f5b33beb13f5a3.php 第 132 行.
NOTIC: [8] Undefined index: cash_submit D:\phpStudy\WWW\tpchat\Application\Runtime\Cache\Admin\65e605872ed5d34210f5b33beb13f5a3.php 第 132 行.
NOTIC: [8] Undefined index: cash_submit D:\phpStudy\WWW\tpchat\Application\Runtime\Cache\Admin\65e605872ed5d34210f5b33beb13f5a3.php 第 132 行.
NOTIC: [8] Undefined index: cash_submit D:\phpStudy\WWW\tpchat\Application\Runtime\Cache\Admin\65e605872ed5d34210f5b33beb13f5a3.php 第 132 行.
INFO: Run Behavior\ParseTemplateBehavior [ RunTime:0.029656s ]
INFO: [ view_parse ] --END-- [ RunTime:0.029935s ]
INFO: [ view_filter ] --START--
INFO: Run Behavior\WriteHtmlCacheBehavior [ RunTime:0.000755s ]
INFO: [ view_filter ] --END-- [ RunTime:0.000964s ]
INFO: [ app_end ] --START--
INFO: Run Behavior\ShowPageTraceBehavior [ RunTime:0.000881s ]
INFO: [ app_end ] --END-- [ RunTime:0.001088s ]

[ 2017-09-21T15:54:00+08:00 ] 127.0.0.1 /tpchat/index.php/Admin/Module/index
INFO: [ app_init ] --START--
INFO: Run Behavior\BuildLiteBehavior [ RunTime:0.000043s ]
INFO: [ app_init ] --END-- [ RunTime:0.000674s ]
INFO: [ app_begin ] --START--
INFO: Run Behavior\ReadHtmlCacheBehavior [ RunTime:0.000892s ]
INFO: [ app_begin ] --END-- [ RunTime:0.001121s ]
SQL: SHOW COLUMNS FROM `banner` [ RunTime:0.0146s ]
SQL: SELECT * FROM `banner`  [ RunTime:0.0006s ]
INFO: [ view_parse ] --START--
INFO: [ template_filter ] --START--
INFO: Run Behavior\ContentReplaceBehavior [ RunTime:0.000095s ]
INFO: [ template_filter ] --END-- [ RunTime:0.000216s ]
NOTIC: [8] Undefined variable: page D:\phpStudy\WWW\tpchat\Application\Runtime\Cache\Admin\a8f2d3e57319e1a26aecfa3d8255aac1.php 第 176 行.
INFO: Run Behavior\ParseTemplateBehavior [ RunTime:0.016182s ]
INFO: [ view_parse ] --END-- [ RunTime:0.016340s ]
INFO: [ view_filter ] --START--
INFO: Run Behavior\WriteHtmlCacheBehavior [ RunTime:0.000345s ]
INFO: [ view_filter ] --END-- [ RunTime:0.000451s ]
INFO: [ app_end ] --START--
INFO: Run Behavior\ShowPageTraceBehavior [ RunTime:0.000502s ]
INFO: [ app_end ] --END-- [ RunTime:0.000617s ]

[ 2017-09-21T15:54:02+08:00 ] 127.0.0.1 /tpchat/index.php/Admin/Module/article
INFO: [ app_init ] --START--
INFO: Run Behavior\BuildLiteBehavior [ RunTime:0.000025s ]
INFO: [ app_init ] --END-- [ RunTime:0.000389s ]
INFO: [ app_begin ] --START--
INFO: Run Behavior\ReadHtmlCacheBehavior [ RunTime:0.000473s ]
INFO: [ app_begin ] --END-- [ RunTime:0.000592s ]
SQL: SHOW COLUMNS FROM `article` [ RunTime:0.0025s ]
SQL: SELECT * FROM `article`  [ RunTime:0.0003s ]
INFO: [ view_parse ] --START--
INFO: [ template_filter ] --START--
INFO: Run Behavior\ContentReplaceBehavior [ RunTime:0.000089s ]
INFO: [ template_filter ] --END-- [ RunTime:0.000196s ]
NOTIC: [8] Undefined index: banner_id D:\phpStudy\WWW\tpchat\Application\Runtime\Cache\Admin\1af412e940b941975d864036643a8527.php 第 159 行.
NOTIC: [8] Undefined index: banner_id D:\phpStudy\WWW\tpchat\Application\Runtime\Cache\Admin\1af412e940b941975d864036643a8527.php 第 164 行.
NOTIC: [8] Undefined index: banner_id D:\phpStudy\WWW\tpchat\Application\Runtime\Cache\Admin\1af412e940b941975d864036643a8527.php 第 159 行.
NOTIC: [8] Undefined index: banner_id D:\phpStudy\WWW\tpchat\Application\Runtime\Cache\Admin\1af412e940b941975d864036643a8527.php 第 164 行.
NOTIC: [8] Undefined index: banner_id D:\phpStudy\WWW\tpchat\Application\Runtime\Cache\Admin\1af412e940b941975d864036643a8527.php 第 159 行.
NOTIC: [8] Undefined index: banner_id D:\phpStudy\WWW\tpchat\Application\Runtime\Cache\Admin\1af412e940b941975d864036643a8527.php 第 164 行.
NOTIC: [8] Undefined index: banner_id D:\phpStudy\WWW\tpchat\Application\Runtime\Cache\Admin\1af412e940b941975d864036643a8527.php 第 159 行.
NOTIC: [8] Undefined index: banner_id D:\phpStudy\WWW\tpchat\Application\Runtime\Cache\Admin\1af412e940b941975d864036643a8527.php 第 164 行.
NOTIC: [8] Undefined index: banner_id D:\phpStudy\WWW\tpchat\Application\Runtime\Cache\Admin\1af412e940b941975d864036643a8527.php 第 159 行.
NOTIC: [8] Undefined index: banner_id D:\phpStudy\WWW\tpchat\Application\Runtime\Cache\Admin\1af412e940b941975d864036643a8527.php 第 164 行.
NOTIC: [8] Undefined index: banner_id D:\phpStudy\WWW\tpchat\Application\Runtime\Cache\Admin\1af412e940b941975d864036643a8527.php 第 159 行.
NOTIC: [8] Undefined index: banner_id D:\phpStudy\WWW\tpchat\Application\Runtime\Cache\Admin\1af412e940b941975d864036643a8527.php 第 164 行.
NOTIC: [8] Undefined variable: page D:\phpStudy\WWW\tpchat\Application\Runtime\Cache\Admin\1af412e940b941975d864036643a8527.php 第 176 行.
INFO: Run Behavior\ParseTemplateBehavior [ RunTime:0.009505s ]
INFO: [ view_parse ] --END-- [ RunTime:0.009590s ]
INFO: [ view_filter ] --START--
INFO: Run Behavior\WriteHtmlCacheBehavior [ RunTime:0.000271s ]
INFO: [ view_filter ] --END-- [ RunTime:0.000350s ]
INFO: [ app_end ] --START--
INFO: Run Behavior\ShowPageTraceBehavior [ RunTime:0.000464s ]
INFO: [ app_end ] --END-- [ RunTime:0.000555s ]

[ 2017-09-21T15:54:03+08:00 ] 127.0.0.1 /tpchat/index.php/Admin/Module/article
INFO: [ app_init ] --START--
INFO: Run Behavior\BuildLiteBehavior [ RunTime:0.000017s ]
INFO: [ app_init ] --END-- [ RunTime:0.000266s ]
INFO: [ app_begin ] --START--
INFO: Run Behavior\ReadHtmlCacheBehavior [ RunTime:0.000329s ]
INFO: [ app_begin ] --END-- [ RunTime:0.000412s ]
SQL: SHOW COLUMNS FROM `article` [ RunTime:0.0040s ]
SQL: SELECT * FROM `article`  [ RunTime:0.0003s ]
INFO: [ view_parse ] --START--
INFO: [ template_filter ] --START--
INFO: Run Behavior\ContentReplaceBehavior [ RunTime:0.000105s ]
INFO: [ template_filter ] --END-- [ RunTime:0.000239s ]
NOTIC: [8] Undefined index: banner_id D:\phpStudy\WWW\tpchat\Application\Runtime\Cache\Admin\1af412e940b941975d864036643a8527.php 第 159 行.
NOTIC: [8] Undefined index: banner_id D:\phpStudy\WWW\tpchat\Application\Runtime\Cache\Admin\1af412e940b941975d864036643a8527.php 第 164 行.
NOTIC: [8] Undefined index: banner_id D:\phpStudy\WWW\tpchat\Application\Runtime\Cache\Admin\1af412e940b941975d864036643a8527.php 第 159 行.
NOTIC: [8] Undefined index: banner_id D:\phpStudy\WWW\tpchat\Application\Runtime\Cache\Admin\1af412e940b941975d864036643a8527.php 第 164 行.
NOTIC: [8] Undefined index: banner_id D:\phpStudy\WWW\tpchat\Application\Runtime\Cache\Admin\1af412e940b941975d864036643a8527.php 第 159 行.
NOTIC: [8] Undefined index: banner_id D:\phpStudy\WWW\tpchat\Application\Runtime\Cache\Admin\1af412e940b941975d864036643a8527.php 第 164 行.
NOTIC: [8] Undefined index: banner_id D:\phpStudy\WWW\tpchat\Application\Runtime\Cache\Admin\1af412e940b941975d864036643a8527.php 第 159 行.
NOTIC: [8] Undefined index: banner_id D:\phpStudy\WWW\tpchat\Application\Runtime\Cache\Admin\1af412e940b941975d864036643a8527.php 第 164 行.
NOTIC: [8] Undefined index: banner_id D:\phpStudy\WWW\tpchat\Application\Runtime\Cache\Admin\1af412e940b941975d864036643a8527.php 第 159 行.
NOTIC: [8] Undefined index: banner_id D:\phpStudy\WWW\tpchat\Application\Runtime\Cache\Admin\1af412e940b941975d864036643a8527.php 第 164 行.
NOTIC: [8] Undefined index: banner_id D:\phpStudy\WWW\tpchat\Application\Runtime\Cache\Admin\1af412e940b941975d864036643a8527.php 第 159 行.
NOTIC: [8] Undefined index: banner_id D:\phpStudy\WWW\tpchat\Application\Runtime\Cache\Admin\1af412e940b941975d864036643a8527.php 第 164 行.
NOTIC: [8] Undefined variable: page D:\phpStudy\WWW\tpchat\Application\Runtime\Cache\Admin\1af412e940b941975d864036643a8527.php 第 176 行.
INFO: Run Behavior\ParseTemplateBehavior [ RunTime:0.009569s ]
INFO: [ view_parse ] --END-- [ RunTime:0.009652s ]
INFO: [ view_filter ] --START--
INFO: Run Behavior\WriteHtmlCacheBehavior [ RunTime:0.000368s ]
INFO: [ view_filter ] --END-- [ RunTime:0.000485s ]
INFO: [ app_end ] --START--
INFO: Run Behavior\ShowPageTraceBehavior [ RunTime:0.000454s ]
INFO: [ app_end ] --END-- [ RunTime:0.000552s ]

[ 2017-09-21T15:56:12+08:00 ] 127.0.0.1 /tpchat/index.php/Admin/Module/article
INFO: [ app_init ] --START--
INFO: Run Behavior\BuildLiteBehavior [ RunTime:0.000019s ]
INFO: [ app_init ] --END-- [ RunTime:0.000421s ]
INFO: [ app_begin ] --START--
INFO: Run Behavior\ReadHtmlCacheBehavior [ RunTime:0.000414s ]
INFO: [ app_begin ] --END-- [ RunTime:0.000512s ]
SQL: SHOW COLUMNS FROM `article` [ RunTime:0.0168s ]
SQL: SELECT * FROM `article`  [ RunTime:0.0008s ]
INFO: [ view_parse ] --START--
INFO: [ template_filter ] --START--
INFO: Run Behavior\ContentReplaceBehavior [ RunTime:0.000283s ]
INFO: [ template_filter ] --END-- [ RunTime:0.000673s ]
NOTIC: [8] Undefined index: banner_id D:\phpStudy\WWW\tpchat\Application\Runtime\Cache\Admin\1af412e940b941975d864036643a8527.php 第 168 行.
NOTIC: [8] Undefined index: banner_id D:\phpStudy\WWW\tpchat\Application\Runtime\Cache\Admin\1af412e940b941975d864036643a8527.php 第 168 行.
NOTIC: [8] Undefined index: banner_id D:\phpStudy\WWW\tpchat\Application\Runtime\Cache\Admin\1af412e940b941975d864036643a8527.php 第 168 行.
NOTIC: [8] Undefined index: banner_id D:\phpStudy\WWW\tpchat\Application\Runtime\Cache\Admin\1af412e940b941975d864036643a8527.php 第 168 行.
NOTIC: [8] Undefined index: banner_id D:\phpStudy\WWW\tpchat\Application\Runtime\Cache\Admin\1af412e940b941975d864036643a8527.php 第 168 行.
NOTIC: [8] Undefined index: banner_id D:\phpStudy\WWW\tpchat\Application\Runtime\Cache\Admin\1af412e940b941975d864036643a8527.php 第 168 行.
NOTIC: [8] Undefined variable: page D:\phpStudy\WWW\tpchat\Application\Runtime\Cache\Admin\1af412e940b941975d864036643a8527.php 第 180 行.
INFO: Run Behavior\ParseTemplateBehavior [ RunTime:0.031079s ]
INFO: [ view_parse ] --END-- [ RunTime:0.031355s ]
INFO: [ view_filter ] --START--
INFO: Run Behavior\WriteHtmlCacheBehavior [ RunTime:0.000610s ]
INFO: [ view_filter ] --END-- [ RunTime:0.000814s ]
INFO: [ app_end ] --START--
INFO: Run Behavior\ShowPageTraceBehavior [ RunTime:0.000933s ]
INFO: [ app_end ] --END-- [ RunTime:0.001152s ]

[ 2017-09-21T15:56:34+08:00 ] 127.0.0.1 /tpchat/index.php/Admin/Module/addbanner
INFO: [ app_init ] --START--
INFO: Run Behavior\BuildLiteBehavior [ RunTime:0.000017s ]
INFO: [ app_init ] --END-- [ RunTime:0.000276s ]
INFO: [ app_begin ] --START--
INFO: Run Behavior\ReadHtmlCacheBehavior [ RunTime:0.000334s ]
INFO: [ app_begin ] --END-- [ RunTime:0.000421s ]
INFO: [ view_parse ] --START--
INFO: [ template_filter ] --START--
INFO: Run Behavior\ContentReplaceBehavior [ RunTime:0.000060s ]
INFO: [ template_filter ] --END-- [ RunTime:0.000147s ]
NOTIC: [8] Undefined variable: data D:\phpStudy\WWW\tpchat\Application\Runtime\Cache\Admin\29409cc3d9894f474e2ecac33fee74e6.php 第 104 行.
NOTIC: [8] Undefined variable: data D:\phpStudy\WWW\tpchat\Application\Runtime\Cache\Admin\29409cc3d9894f474e2ecac33fee74e6.php 第 106 行.
INFO: Run Behavior\ParseTemplateBehavior [ RunTime:0.015552s ]
INFO: [ view_parse ] --END-- [ RunTime:0.015637s ]
INFO: [ view_filter ] --START--
INFO: Run Behavior\WriteHtmlCacheBehavior [ RunTime:0.000259s ]
INFO: [ view_filter ] --END-- [ RunTime:0.000337s ]
INFO: [ app_end ] --START--
INFO: Run Behavior\ShowPageTraceBehavior [ RunTime:0.000361s ]
INFO: [ app_end ] --END-- [ RunTime:0.000443s ]

[ 2017-09-21T15:59:49+08:00 ] 127.0.0.1 /tpchat/index.php/Admin/Module/article
INFO: [ app_init ] --START--
INFO: Run Behavior\BuildLiteBehavior [ RunTime:0.000024s ]
INFO: [ app_init ] --END-- [ RunTime:0.000338s ]
INFO: [ app_begin ] --START--
INFO: Run Behavior\ReadHtmlCacheBehavior [ RunTime:0.000341s ]
INFO: [ app_begin ] --END-- [ RunTime:0.000430s ]
SQL: SHOW COLUMNS FROM `article` [ RunTime:0.0079s ]
SQL: SELECT * FROM `article`  [ RunTime:0.0008s ]
INFO: [ view_parse ] --START--
INFO: [ template_filter ] --START--
INFO: Run Behavior\ContentReplaceBehavior [ RunTime:0.000281s ]
INFO: [ template_filter ] --END-- [ RunTime:0.000638s ]
NOTIC: [8] Undefined variable: page D:\phpStudy\WWW\tpchat\Application\Runtime\Cache\Admin\1af412e940b941975d864036643a8527.php 第 178 行.
INFO: Run Behavior\ParseTemplateBehavior [ RunTime:0.034092s ]
INFO: [ view_parse ] --END-- [ RunTime:0.034589s ]
INFO: [ view_filter ] --START--
INFO: Run Behavior\WriteHtmlCacheBehavior [ RunTime:0.000933s ]
INFO: [ view_filter ] --END-- [ RunTime:0.001237s ]
INFO: [ app_end ] --START--
INFO: Run Behavior\ShowPageTraceBehavior [ RunTime:0.001813s ]
INFO: [ app_end ] --END-- [ RunTime:0.002239s ]

[ 2017-09-21T15:59:54+08:00 ] 127.0.0.1 /tpchat/index.php/Admin/Module/articleHandle.html
INFO: [ app_init ] --START--
INFO: Run Behavior\BuildLiteBehavior [ RunTime:0.000018s ]
INFO: [ app_init ] --END-- [ RunTime:0.000280s ]
INFO: [ app_begin ] --START--
INFO: Run Behavior\ReadHtmlCacheBehavior [ RunTime:0.000324s ]
INFO: [ app_begin ] --END-- [ RunTime:0.000399s ]
ERR: 1146:Table 'tpchat.admin_article' doesn't exist
 [ SQL语句 ] : SHOW COLUMNS FROM `admin_article`
ERR: 1146:Table 'tpchat.admin_article' doesn't exist
 [ SQL语句 ] : SHOW COLUMNS FROM `admin_article`

[ 2017-09-21T15:59:55+08:00 ] 127.0.0.1 /tpchat/index.php/Admin/Module/articleHandle.html
INFO: [ app_init ] --START--
INFO: Run Behavior\BuildLiteBehavior [ RunTime:0.000019s ]
INFO: [ app_init ] --END-- [ RunTime:0.000287s ]
INFO: [ app_begin ] --START--
INFO: Run Behavior\ReadHtmlCacheBehavior [ RunTime:0.000336s ]
INFO: [ app_begin ] --END-- [ RunTime:0.000410s ]
ERR: 1146:Table 'tpchat.admin_article' doesn't exist
 [ SQL语句 ] : SHOW COLUMNS FROM `admin_article`
ERR: 1146:Table 'tpchat.admin_article' doesn't exist
 [ SQL语句 ] : SHOW COLUMNS FROM `admin_article`

[ 2017-09-21T16:00:02+08:00 ] 127.0.0.1 /tpchat/index.php/Admin/Module/articleHandle.html
INFO: [ app_init ] --START--
INFO: Run Behavior\BuildLiteBehavior [ RunTime:0.000018s ]
INFO: [ app_init ] --END-- [ RunTime:0.000287s ]
INFO: [ app_begin ] --START--
INFO: Run Behavior\ReadHtmlCacheBehavior [ RunTime:0.000333s ]
INFO: [ app_begin ] --END-- [ RunTime:0.000408s ]
ERR: 1146:Table 'tpchat.admin_article' doesn't exist
 [ SQL语句 ] : SHOW COLUMNS FROM `admin_article`
ERR: 1146:Table 'tpchat.admin_article' doesn't exist
 [ SQL语句 ] : SHOW COLUMNS FROM `admin_article`

[ 2017-09-21T16:00:23+08:00 ] 127.0.0.1 /tpchat/index.php/Admin/Module/articleHandle.html
INFO: [ app_init ] --START--
INFO: Run Behavior\BuildLiteBehavior [ RunTime:0.000017s ]
INFO: [ app_init ] --END-- [ RunTime:0.000281s ]
INFO: [ app_begin ] --START--
INFO: Run Behavior\ReadHtmlCacheBehavior [ RunTime:0.000387s ]
INFO: [ app_begin ] --END-- [ RunTime:0.000481s ]
NOTIC: [8] Undefined variable: r D:\phpStudy\WWW\tpchat\Application\Admin\Controller\ModuleController.class.php 第 102 行.
INFO: [ view_parse ] --START--
INFO: [ template_filter ] --START--
INFO: Run Behavior\ContentReplaceBehavior [ RunTime:0.000045s ]
INFO: [ template_filter ] --END-- [ RunTime:0.000128s ]
INFO: Run Behavior\ParseTemplateBehavior [ RunTime:0.004672s ]
INFO: [ view_parse ] --END-- [ RunTime:0.004751s ]
INFO: [ view_filter ] --START--
INFO: Run Behavior\WriteHtmlCacheBehavior [ RunTime:0.000207s ]
INFO: [ view_filter ] --END-- [ RunTime:0.000279s ]

[ 2017-09-21T16:00:28+08:00 ] 127.0.0.1 /tpchat/index.php/Admin/Module/article.html
INFO: [ app_init ] --START--
INFO: Run Behavior\BuildLiteBehavior [ RunTime:0.000020s ]
INFO: [ app_init ] --END-- [ RunTime:0.000326s ]
INFO: [ app_begin ] --START--
INFO: Run Behavior\ReadHtmlCacheBehavior [ RunTime:0.000934s ]
INFO: [ app_begin ] --END-- [ RunTime:0.001085s ]
SQL: SHOW COLUMNS FROM `article` [ RunTime:0.0038s ]
SQL: SELECT * FROM `article`  [ RunTime:0.0004s ]
INFO: [ view_parse ] --START--
INFO: [ template_filter ] --START--
INFO: Run Behavior\ContentReplaceBehavior [ RunTime:0.000131s ]
INFO: [ template_filter ] --END-- [ RunTime:0.000295s ]
NOTIC: [8] Undefined variable: page D:\phpStudy\WWW\tpchat\Application\Runtime\Cache\Admin\1af412e940b941975d864036643a8527.php 第 178 行.
INFO: Run Behavior\ParseTemplateBehavior [ RunTime:0.015399s ]
INFO: [ view_parse ] --END-- [ RunTime:0.015570s ]
INFO: [ view_filter ] --START--
INFO: Run Behavior\WriteHtmlCacheBehavior [ RunTime:0.000564s ]
INFO: [ view_filter ] --END-- [ RunTime:0.000721s ]
INFO: [ app_end ] --START--
INFO: Run Behavior\ShowPageTraceBehavior [ RunTime:0.000716s ]
INFO: [ app_end ] --END-- [ RunTime:0.000890s ]

[ 2017-09-21T16:00:39+08:00 ] 127.0.0.1 /tpchat/index.php/Admin/Module/article
INFO: [ app_init ] --START--
INFO: Run Behavior\BuildLiteBehavior [ RunTime:0.000019s ]
INFO: [ app_init ] --END-- [ RunTime:0.000294s ]
INFO: [ app_begin ] --START--
INFO: Run Behavior\ReadHtmlCacheBehavior [ RunTime:0.000351s ]
INFO: [ app_begin ] --END-- [ RunTime:0.000441s ]
SQL: SHOW COLUMNS FROM `article` [ RunTime:0.0050s ]
SQL: SELECT * FROM `article`  [ RunTime:0.0006s ]
INFO: [ view_parse ] --START--
INFO: [ template_filter ] --START--
INFO: Run Behavior\ContentReplaceBehavior [ RunTime:0.000104s ]
INFO: [ template_filter ] --END-- [ RunTime:0.000234s ]
NOTIC: [8] Undefined variable: page D:\phpStudy\WWW\tpchat\Application\Runtime\Cache\Admin\1af412e940b941975d864036643a8527.php 第 178 行.
INFO: Run Behavior\ParseTemplateBehavior [ RunTime:0.014517s ]
INFO: [ view_parse ] --END-- [ RunTime:0.014686s ]
INFO: [ view_filter ] --START--
INFO: Run Behavior\WriteHtmlCacheBehavior [ RunTime:0.000373s ]
INFO: [ view_filter ] --END-- [ RunTime:0.000489s ]
INFO: [ app_end ] --START--
INFO: Run Behavior\ShowPageTraceBehavior [ RunTime:0.000533s ]
INFO: [ app_end ] --END-- [ RunTime:0.000658s ]

[ 2017-09-21T16:00:42+08:00 ] 127.0.0.1 /tpchat/index.php/Admin/Module/articleHandle.html
INFO: [ app_init ] --START--
INFO: Run Behavior\BuildLiteBehavior [ RunTime:0.000018s ]
INFO: [ app_init ] --END-- [ RunTime:0.000282s ]
INFO: [ app_begin ] --START--
INFO: Run Behavior\ReadHtmlCacheBehavior [ RunTime:0.000331s ]
INFO: [ app_begin ] --END-- [ RunTime:0.000406s ]
SQL: SHOW COLUMNS FROM `article` [ RunTime:0.0063s ]
SQL: DELETE FROM `article` WHERE `article_id` = 1 [ RunTime:0.0024s ]

[ 2017-09-21T16:01:01+08:00 ] 127.0.0.1 /tpchat/index.php/Admin/Module/articleHandle.html
INFO: [ app_init ] --START--
INFO: Run Behavior\BuildLiteBehavior [ RunTime:0.000019s ]
INFO: [ app_init ] --END-- [ RunTime:0.000287s ]
INFO: [ app_begin ] --START--
INFO: Run Behavior\ReadHtmlCacheBehavior [ RunTime:0.000340s ]
INFO: [ app_begin ] --END-- [ RunTime:0.000416s ]
SQL: SHOW COLUMNS FROM `article` [ RunTime:0.0082s ]
SQL: DELETE FROM `article` WHERE `article_id` = 4 [ RunTime:0.0027s ]

[ 2017-09-21T16:03:02+08:00 ] 127.0.0.1 /tpchat/index.php/Admin/Module/article
INFO: [ app_init ] --START--
INFO: Run Behavior\BuildLiteBehavior [ RunTime:0.000017s ]
INFO: [ app_init ] --END-- [ RunTime:0.000303s ]
INFO: [ app_begin ] --START--
INFO: Run Behavior\ReadHtmlCacheBehavior [ RunTime:0.000327s ]
INFO: [ app_begin ] --END-- [ RunTime:0.000416s ]
SQL: SHOW COLUMNS FROM `article` [ RunTime:0.0173s ]
SQL: SELECT * FROM `article`  [ RunTime:0.0009s ]
INFO: [ view_parse ] --START--
INFO: [ template_filter ] --START--
INFO: Run Behavior\ContentReplaceBehavior [ RunTime:0.000154s ]
INFO: [ template_filter ] --END-- [ RunTime:0.000423s ]
NOTIC: [8] Undefined variable: page D:\phpStudy\WWW\tpchat\Application\Runtime\Cache\Admin\1af412e940b941975d864036643a8527.php 第 178 行.
INFO: Run Behavior\ParseTemplateBehavior [ RunTime:0.020647s ]
INFO: [ view_parse ] --END-- [ RunTime:0.021011s ]
INFO: [ view_filter ] --START--
INFO: Run Behavior\WriteHtmlCacheBehavior [ RunTime:0.000595s ]
INFO: [ view_filter ] --END-- [ RunTime:0.000832s ]
INFO: [ app_end ] --START--
INFO: Run Behavior\ShowPageTraceBehavior [ RunTime:0.000907s ]
INFO: [ app_end ] --END-- [ RunTime:0.001091s ]

[ 2017-09-21T16:03:03+08:00 ] 127.0.0.1 /tpchat/index.php/Admin/Module/article
INFO: [ app_init ] --START--
INFO: Run Behavior\BuildLiteBehavior [ RunTime:0.000023s ]
INFO: [ app_init ] --END-- [ RunTime:0.000366s ]
INFO: [ app_begin ] --START--
INFO: Run Behavior\ReadHtmlCacheBehavior [ RunTime:0.000447s ]
INFO: [ app_begin ] --END-- [ RunTime:0.000562s ]
SQL: SHOW COLUMNS FROM `article` [ RunTime:0.0167s ]
SQL: SELECT * FROM `article`  [ RunTime:0.0007s ]
INFO: [ view_parse ] --START--
INFO: [ template_filter ] --START--
INFO: Run Behavior\ContentReplaceBehavior [ RunTime:0.000260s ]
INFO: [ template_filter ] --END-- [ RunTime:0.000581s ]
NOTIC: [8] Undefined variable: page D:\phpStudy\WWW\tpchat\Application\Runtime\Cache\Admin\1af412e940b941975d864036643a8527.php 第 178 行.
INFO: Run Behavior\ParseTemplateBehavior [ RunTime:0.026726s ]
INFO: [ view_parse ] --END-- [ RunTime:0.026945s ]
INFO: [ view_filter ] --START--
INFO: Run Behavior\WriteHtmlCacheBehavior [ RunTime:0.000385s ]
INFO: [ view_filter ] --END-- [ RunTime:0.000512s ]
INFO: [ app_end ] --START--
INFO: Run Behavior\ShowPageTraceBehavior [ RunTime:0.000611s ]
INFO: [ app_end ] --END-- [ RunTime:0.000754s ]

[ 2017-09-21T16:03:05+08:00 ] 127.0.0.1 /tpchat/index.php/Admin/Module/article
INFO: [ app_init ] --START--
INFO: Run Behavior\BuildLiteBehavior [ RunTime:0.000019s ]
INFO: [ app_init ] --END-- [ RunTime:0.000287s ]
INFO: [ app_begin ] --START--
INFO: Run Behavior\ReadHtmlCacheBehavior [ RunTime:0.000339s ]
INFO: [ app_begin ] --END-- [ RunTime:0.000426s ]
SQL: SHOW COLUMNS FROM `article` [ RunTime:0.0104s ]
SQL: SELECT * FROM `article`  [ RunTime:0.0009s ]
INFO: [ view_parse ] --START--
INFO: [ template_filter ] --START--
INFO: Run Behavior\ContentReplaceBehavior [ RunTime:0.000257s ]
INFO: [ template_filter ] --END-- [ RunTime:0.000578s ]
NOTIC: [8] Undefined variable: page D:\phpStudy\WWW\tpchat\Application\Runtime\Cache\Admin\1af412e940b941975d864036643a8527.php 第 178 行.
INFO: Run Behavior\ParseTemplateBehavior [ RunTime:0.031178s ]
INFO: [ view_parse ] --END-- [ RunTime:0.031449s ]
INFO: [ view_filter ] --START--
INFO: Run Behavior\WriteHtmlCacheBehavior [ RunTime:0.000568s ]
INFO: [ view_filter ] --END-- [ RunTime:0.000758s ]
INFO: [ app_end ] --START--
INFO: Run Behavior\ShowPageTraceBehavior [ RunTime:0.000866s ]
INFO: [ app_end ] --END-- [ RunTime:0.001071s ]

[ 2017-09-21T16:03:06+08:00 ] 127.0.0.1 /tpchat/index.php/Admin/Module/article
INFO: [ app_init ] --START--
INFO: Run Behavior\BuildLiteBehavior [ RunTime:0.000045s ]
INFO: [ app_init ] --END-- [ RunTime:0.000777s ]
INFO: [ app_begin ] --START--
INFO: Run Behavior\ReadHtmlCacheBehavior [ RunTime:0.000833s ]
INFO: [ app_begin ] --END-- [ RunTime:0.001046s ]
SQL: SHOW COLUMNS FROM `article` [ RunTime:0.0104s ]
SQL: SELECT * FROM `article`  [ RunTime:0.0009s ]
INFO: [ view_parse ] --START--
INFO: [ template_filter ] --START--
INFO: Run Behavior\ContentReplaceBehavior [ RunTime:0.000258s ]
INFO: [ template_filter ] --END-- [ RunTime:0.000579s ]
NOTIC: [8] Undefined variable: page D:\phpStudy\WWW\tpchat\Application\Runtime\Cache\Admin\1af412e940b941975d864036643a8527.php 第 178 行.
INFO: Run Behavior\ParseTemplateBehavior [ RunTime:0.030451s ]
INFO: [ view_parse ] --END-- [ RunTime:0.030784s ]
INFO: [ view_filter ] --START--
INFO: Run Behavior\WriteHtmlCacheBehavior [ RunTime:0.000862s ]
INFO: [ view_filter ] --END-- [ RunTime:0.001173s ]
INFO: [ app_end ] --START--
INFO: Run Behavior\ShowPageTraceBehavior [ RunTime:0.001650s ]
INFO: [ app_end ] --END-- [ RunTime:0.002015s ]

[ 2017-09-21T16:03:13+08:00 ] 127.0.0.1 /tpchat/index.php/Admin/Module/articleHandle.html
INFO: [ app_init ] --START--
INFO: Run Behavior\BuildLiteBehavior [ RunTime:0.000019s ]
INFO: [ app_init ] --END-- [ RunTime:0.000285s ]
INFO: [ app_begin ] --START--
INFO: Run Behavior\ReadHtmlCacheBehavior [ RunTime:0.000355s ]
INFO: [ app_begin ] --END-- [ RunTime:0.000430s ]
SQL: SHOW COLUMNS FROM `article` [ RunTime:0.0096s ]
SQL: DELETE FROM `article` WHERE `article_id` = 2 [ RunTime:0.0031s ]

[ 2017-09-21T16:03:38+08:00 ] 127.0.0.1 /tpchat/index.php/Admin/Module/article_info?id=3
INFO: [ app_init ] --START--
INFO: Run Behavior\BuildLiteBehavior [ RunTime:0.000018s ]
INFO: [ app_init ] --END-- [ RunTime:0.000286s ]
INFO: [ app_begin ] --START--
INFO: Run Behavior\ReadHtmlCacheBehavior [ RunTime:0.000352s ]
INFO: [ app_begin ] --END-- [ RunTime:0.000441s ]
SQL: SHOW COLUMNS FROM `article` [ RunTime:0.0055s ]
SQL: SELECT * FROM `article` WHERE `article_id` = 3 LIMIT 1   [ RunTime:0.0005s ]
INFO: [ view_parse ] --START--
INFO: [ template_filter ] --START--
INFO: Run Behavior\ContentReplaceBehavior [ RunTime:0.000148s ]
INFO: [ template_filter ] --END-- [ RunTime:0.000385s ]
INFO: Run Behavior\ParseTemplateBehavior [ RunTime:0.013239s ]
INFO: [ view_parse ] --END-- [ RunTime:0.013479s ]
INFO: [ view_filter ] --START--
INFO: Run Behavior\WriteHtmlCacheBehavior [ RunTime:0.000658s ]
INFO: [ view_filter ] --END-- [ RunTime:0.000862s ]
INFO: [ app_end ] --START--
INFO: Run Behavior\ShowPageTraceBehavior [ RunTime:0.000923s ]
INFO: [ app_end ] --END-- [ RunTime:0.001136s ]

[ 2017-09-21T16:03:44+08:00 ] 127.0.0.1 /tpchat/index.php/Admin/Module/article
INFO: [ app_init ] --START--
INFO: Run Behavior\BuildLiteBehavior [ RunTime:0.000016s ]
INFO: [ app_init ] --END-- [ RunTime:0.000262s ]
INFO: [ app_begin ] --START--
INFO: Run Behavior\ReadHtmlCacheBehavior [ RunTime:0.000544s ]
INFO: [ app_begin ] --END-- [ RunTime:0.000698s ]
SQL: SHOW COLUMNS FROM `article` [ RunTime:0.0092s ]
SQL: SELECT * FROM `article`  [ RunTime:0.0008s ]
INFO: [ view_parse ] --START--
INFO: [ template_filter ] --START--
INFO: Run Behavior\ContentReplaceBehavior [ RunTime:0.000250s ]
INFO: [ template_filter ] --END-- [ RunTime:0.000564s ]
NOTIC: [8] Undefined variable: page D:\phpStudy\WWW\tpchat\Application\Runtime\Cache\Admin\1af412e940b941975d864036643a8527.php 第 178 行.
INFO: Run Behavior\ParseTemplateBehavior [ RunTime:0.031539s ]
INFO: [ view_parse ] --END-- [ RunTime:0.031806s ]
INFO: [ view_filter ] --START--
INFO: Run Behavior\WriteHtmlCacheBehavior [ RunTime:0.000626s ]
INFO: [ view_filter ] --END-- [ RunTime:0.000817s ]
INFO: [ app_end ] --START--
INFO: Run Behavior\ShowPageTraceBehavior [ RunTime:0.000866s ]
INFO: [ app_end ] --END-- [ RunTime:0.001070s ]

[ 2017-09-21T16:04:05+08:00 ] 127.0.0.1 /tpchat/index.php/Admin/Module/article_info
INFO: [ app_init ] --START--
INFO: Run Behavior\BuildLiteBehavior [ RunTime:0.000018s ]
INFO: [ app_init ] --END-- [ RunTime:0.000291s ]
INFO: [ app_begin ] --START--
INFO: Run Behavior\ReadHtmlCacheBehavior [ RunTime:0.000353s ]
INFO: [ app_begin ] --END-- [ RunTime:0.000443s ]
INFO: [ view_parse ] --START--
INFO: [ template_filter ] --START--
INFO: Run Behavior\ContentReplaceBehavior [ RunTime:0.000067s ]
INFO: [ template_filter ] --END-- [ RunTime:0.000155s ]
NOTIC: [8] Undefined variable: data D:\phpStudy\WWW\tpchat\Application\Runtime\Cache\Admin\1a33850398fce54773bec19de082dfc7.php 第 84 行.
NOTIC: [8] Undefined variable: data D:\phpStudy\WWW\tpchat\Application\Runtime\Cache\Admin\1a33850398fce54773bec19de082dfc7.php 第 90 行.
NOTIC: [8] Undefined variable: data D:\phpStudy\WWW\tpchat\Application\Runtime\Cache\Admin\1a33850398fce54773bec19de082dfc7.php 第 92 行.
NOTIC: [8] Undefined variable: data D:\phpStudy\WWW\tpchat\Application\Runtime\Cache\Admin\1a33850398fce54773bec19de082dfc7.php 第 94 行.
NOTIC: [8] Undefined variable: data D:\phpStudy\WWW\tpchat\Application\Runtime\Cache\Admin\1a33850398fce54773bec19de082dfc7.php 第 96 行.
NOTIC: [8] Undefined variable: data D:\phpStudy\WWW\tpchat\Application\Runtime\Cache\Admin\1a33850398fce54773bec19de082dfc7.php 第 98 行.
NOTIC: [8] Undefined variable: data D:\phpStudy\WWW\tpchat\Application\Runtime\Cache\Admin\1a33850398fce54773bec19de082dfc7.php 第 100 行.
NOTIC: [8] Undefined variable: role_list D:\phpStudy\WWW\tpchat\Application\Runtime\Cache\Admin\1a33850398fce54773bec19de082dfc7.php 第 112 行.
NOTIC: [8] Undefined variable: data D:\phpStudy\WWW\tpchat\Application\Runtime\Cache\Admin\1a33850398fce54773bec19de082dfc7.php 第 128 行.
INFO: Run Behavior\ParseTemplateBehavior [ RunTime:0.007469s ]
INFO: [ view_parse ] --END-- [ RunTime:0.007553s ]
INFO: [ view_filter ] --START--
INFO: Run Behavior\WriteHtmlCacheBehavior [ RunTime:0.000241s ]
INFO: [ view_filter ] --END-- [ RunTime:0.000319s ]
INFO: [ app_end ] --START--
INFO: Run Behavior\ShowPageTraceBehavior [ RunTime:0.000362s ]
INFO: [ app_end ] --END-- [ RunTime:0.000442s ]

[ 2017-09-21T16:07:07+08:00 ] 127.0.0.1 /tpchat/index.php/Admin/Module/article
INFO: [ app_init ] --START--
INFO: Run Behavior\BuildLiteBehavior [ RunTime:0.000020s ]
INFO: [ app_init ] --END-- [ RunTime:0.000351s ]
INFO: [ app_begin ] --START--
INFO: Run Behavior\ReadHtmlCacheBehavior [ RunTime:0.000365s ]
INFO: [ app_begin ] --END-- [ RunTime:0.000458s ]
SQL: SHOW COLUMNS FROM `article` [ RunTime:0.0234s ]
SQL: SELECT * FROM `article`  [ RunTime:0.0008s ]
INFO: [ view_parse ] --START--
INFO: [ template_filter ] --START--
INFO: Run Behavior\ContentReplaceBehavior [ RunTime:0.000168s ]
INFO: [ template_filter ] --END-- [ RunTime:0.000380s ]
NOTIC: [8] Undefined variable: page D:\phpStudy\WWW\tpchat\Application\Runtime\Cache\Admin\1af412e940b941975d864036643a8527.php 第 178 行.
INFO: Run Behavior\ParseTemplateBehavior [ RunTime:0.020326s ]
INFO: [ view_parse ] --END-- [ RunTime:0.020597s ]
INFO: [ view_filter ] --START--
INFO: Run Behavior\WriteHtmlCacheBehavior [ RunTime:0.000613s ]
INFO: [ view_filter ] --END-- [ RunTime:0.000804s ]
INFO: [ app_end ] --START--
INFO: Run Behavior\ShowPageTraceBehavior [ RunTime:0.000874s ]
INFO: [ app_end ] --END-- [ RunTime:0.001078s ]

[ 2017-09-21T16:08:04+08:00 ] 127.0.0.1 /tpchat/index.php/Admin/Module/article
INFO: [ app_init ] --START--
INFO: Run Behavior\BuildLiteBehavior [ RunTime:0.000017s ]
INFO: [ app_init ] --END-- [ RunTime:0.000263s ]
INFO: [ app_begin ] --START--
INFO: Run Behavior\ReadHtmlCacheBehavior [ RunTime:0.000322s ]
INFO: [ app_begin ] --END-- [ RunTime:0.000404s ]
SQL: SHOW COLUMNS FROM `article` [ RunTime:0.0107s ]
SQL: SELECT * FROM `article`  [ RunTime:0.0011s ]
INFO: [ view_parse ] --START--
INFO: [ template_filter ] --START--
INFO: Run Behavior\ContentReplaceBehavior [ RunTime:0.000151s ]
INFO: [ template_filter ] --END-- [ RunTime:0.000344s ]
NOTIC: [8] Undefined variable: page D:\phpStudy\WWW\tpchat\Application\Runtime\Cache\Admin\1af412e940b941975d864036643a8527.php 第 178 行.
INFO: Run Behavior\ParseTemplateBehavior [ RunTime:0.022815s ]
INFO: [ view_parse ] --END-- [ RunTime:0.023093s ]
INFO: [ view_filter ] --START--
INFO: Run Behavior\WriteHtmlCacheBehavior [ RunTime:0.000528s ]
INFO: [ view_filter ] --END-- [ RunTime:0.000705s ]
INFO: [ app_end ] --START--
INFO: Run Behavior\ShowPageTraceBehavior [ RunTime:0.000812s ]
INFO: [ app_end ] --END-- [ RunTime:0.001002s ]

[ 2017-09-21T16:08:04+08:00 ] 127.0.0.1 /tpchat/index.php/Admin/Module/article_info
INFO: [ app_init ] --START--
INFO: Run Behavior\BuildLiteBehavior [ RunTime:0.000020s ]
INFO: [ app_init ] --END-- [ RunTime:0.000298s ]
INFO: [ app_begin ] --START--
INFO: Run Behavior\ReadHtmlCacheBehavior [ RunTime:0.000376s ]
INFO: [ app_begin ] --END-- [ RunTime:0.000471s ]
INFO: [ view_parse ] --START--
INFO: [ template_filter ] --START--
INFO: Run Behavior\ContentReplaceBehavior [ RunTime:0.000063s ]
INFO: [ template_filter ] --END-- [ RunTime:0.000154s ]
NOTIC: [8] Undefined variable: data D:\phpStudy\WWW\tpchat\Application\Runtime\Cache\Admin\1a33850398fce54773bec19de082dfc7.php 第 98 行.
NOTIC: [8] Undefined variable: data D:\phpStudy\WWW\tpchat\Application\Runtime\Cache\Admin\1a33850398fce54773bec19de082dfc7.php 第 108 行.
NOTIC: [8] Undefined variable: data D:\phpStudy\WWW\tpchat\Application\Runtime\Cache\Admin\1a33850398fce54773bec19de082dfc7.php 第 116 行.
NOTIC: [8] Undefined variable: data D:\phpStudy\WWW\tpchat\Application\Runtime\Cache\Admin\1a33850398fce54773bec19de082dfc7.php 第 126 行.
NOTIC: [8] Undefined variable: data D:\phpStudy\WWW\tpchat\Application\Runtime\Cache\Admin\1a33850398fce54773bec19de082dfc7.php 第 128 行.
INFO: Run Behavior\ParseTemplateBehavior [ RunTime:0.006068s ]
INFO: [ view_parse ] --END-- [ RunTime:0.006149s ]
INFO: [ view_filter ] --START--
INFO: Run Behavior\WriteHtmlCacheBehavior [ RunTime:0.000294s ]
INFO: [ view_filter ] --END-- [ RunTime:0.000366s ]
INFO: [ app_end ] --START--
INFO: Run Behavior\ShowPageTraceBehavior [ RunTime:0.000336s ]
INFO: [ app_end ] --END-- [ RunTime:0.000410s ]

[ 2017-09-21T16:08:25+08:00 ] 127.0.0.1 /tpchat/index.php/Admin/Module/article
INFO: [ app_init ] --START--
INFO: Run Behavior\BuildLiteBehavior [ RunTime:0.000018s ]
INFO: [ app_init ] --END-- [ RunTime:0.000285s ]
INFO: [ app_begin ] --START--
INFO: Run Behavior\ReadHtmlCacheBehavior [ RunTime:0.000344s ]
INFO: [ app_begin ] --END-- [ RunTime:0.000434s ]
SQL: SHOW COLUMNS FROM `article` [ RunTime:0.0097s ]
SQL: SELECT * FROM `article`  [ RunTime:0.0008s ]
INFO: [ view_parse ] --START--
INFO: [ template_filter ] --START--
INFO: Run Behavior\ContentReplaceBehavior [ RunTime:0.000255s ]
INFO: [ template_filter ] --END-- [ RunTime:0.000579s ]
NOTIC: [8] Undefined variable: page D:\phpStudy\WWW\tpchat\Application\Runtime\Cache\Admin\1af412e940b941975d864036643a8527.php 第 178 行.
INFO: Run Behavior\ParseTemplateBehavior [ RunTime:0.028873s ]
INFO: [ view_parse ] --END-- [ RunTime:0.029195s ]
INFO: [ view_filter ] --START--
INFO: Run Behavior\WriteHtmlCacheBehavior [ RunTime:0.001075s ]
INFO: [ view_filter ] --END-- [ RunTime:0.001279s ]
INFO: [ app_end ] --START--
INFO: Run Behavior\ShowPageTraceBehavior [ RunTime:0.000689s ]
INFO: [ app_end ] --END-- [ RunTime:0.000914s ]

[ 2017-09-21T16:08:27+08:00 ] 127.0.0.1 /tpchat/index.php/Admin/Module/article_info
INFO: [ app_init ] --START--
INFO: Run Behavior\BuildLiteBehavior [ RunTime:0.000020s ]
INFO: [ app_init ] --END-- [ RunTime:0.000295s ]
INFO: [ app_begin ] --START--
INFO: Run Behavior\ReadHtmlCacheBehavior [ RunTime:0.000371s ]
INFO: [ app_begin ] --END-- [ RunTime:0.000462s ]
INFO: [ view_parse ] --START--
INFO: [ template_filter ] --START--
INFO: Run Behavior\ContentReplaceBehavior [ RunTime:0.000064s ]
INFO: [ template_filter ] --END-- [ RunTime:0.000161s ]
NOTIC: [8] Undefined variable: data D:\phpStudy\WWW\tpchat\Application\Runtime\Cache\Admin\1a33850398fce54773bec19de082dfc7.php 第 98 行.
NOTIC: [8] Undefined variable: data D:\phpStudy\WWW\tpchat\Application\Runtime\Cache\Admin\1a33850398fce54773bec19de082dfc7.php 第 108 行.
NOTIC: [8] Undefined variable: data D:\phpStudy\WWW\tpchat\Application\Runtime\Cache\Admin\1a33850398fce54773bec19de082dfc7.php 第 116 行.
NOTIC: [8] Undefined variable: data D:\phpStudy\WWW\tpchat\Application\Runtime\Cache\Admin\1a33850398fce54773bec19de082dfc7.php 第 126 行.
NOTIC: [8] Undefined variable: data D:\phpStudy\WWW\tpchat\Application\Runtime\Cache\Admin\1a33850398fce54773bec19de082dfc7.php 第 128 行.
INFO: Run Behavior\ParseTemplateBehavior [ RunTime:0.006015s ]
INFO: [ view_parse ] --END-- [ RunTime:0.006110s ]
INFO: [ view_filter ] --START--
INFO: Run Behavior\WriteHtmlCacheBehavior [ RunTime:0.000252s ]
INFO: [ view_filter ] --END-- [ RunTime:0.000330s ]
INFO: [ app_end ] --START--
INFO: Run Behavior\ShowPageTraceBehavior [ RunTime:0.000357s ]
INFO: [ app_end ] --END-- [ RunTime:0.000438s ]

[ 2017-09-21T16:08:32+08:00 ] 127.0.0.1 /tpchat/index.php/Admin/Module/article
INFO: [ app_init ] --START--
INFO: Run Behavior\BuildLiteBehavior [ RunTime:0.000017s ]
INFO: [ app_init ] --END-- [ RunTime:0.000260s ]
INFO: [ app_begin ] --START--
INFO: Run Behavior\ReadHtmlCacheBehavior [ RunTime:0.000313s ]
INFO: [ app_begin ] --END-- [ RunTime:0.000395s ]
SQL: SHOW COLUMNS FROM `article` [ RunTime:0.0078s ]
SQL: SELECT * FROM `article`  [ RunTime:0.0006s ]
INFO: [ view_parse ] --START--
INFO: [ template_filter ] --START--
INFO: Run Behavior\ContentReplaceBehavior [ RunTime:0.000131s ]
INFO: [ template_filter ] --END-- [ RunTime:0.000295s ]
NOTIC: [8] Undefined variable: page D:\phpStudy\WWW\tpchat\Application\Runtime\Cache\Admin\1af412e940b941975d864036643a8527.php 第 178 行.
INFO: Run Behavior\ParseTemplateBehavior [ RunTime:0.024482s ]
INFO: [ view_parse ] --END-- [ RunTime:0.024714s ]
INFO: [ view_filter ] --START--
INFO: Run Behavior\WriteHtmlCacheBehavior [ RunTime:0.000471s ]
INFO: [ view_filter ] --END-- [ RunTime:0.000623s ]
INFO: [ app_end ] --START--
INFO: Run Behavior\ShowPageTraceBehavior [ RunTime:0.000710s ]
INFO: [ app_end ] --END-- [ RunTime:0.000870s ]

[ 2017-09-21T16:08:38+08:00 ] 127.0.0.1 /tpchat/index.php/Admin/Module/article_info?id=3
INFO: [ app_init ] --START--
INFO: Run Behavior\BuildLiteBehavior [ RunTime:0.000018s ]
INFO: [ app_init ] --END-- [ RunTime:0.000265s ]
INFO: [ app_begin ] --START--
INFO: Run Behavior\ReadHtmlCacheBehavior [ RunTime:0.000351s ]
INFO: [ app_begin ] --END-- [ RunTime:0.000436s ]
SQL: SHOW COLUMNS FROM `article` [ RunTime:0.0092s ]
SQL: SELECT * FROM `article` WHERE `article_id` = 3 LIMIT 1   [ RunTime:0.0005s ]
INFO: [ view_parse ] --START--
INFO: [ template_filter ] --START--
INFO: Run Behavior\ContentReplaceBehavior [ RunTime:0.000142s ]
INFO: [ template_filter ] --END-- [ RunTime:0.000361s ]
NOTIC: [8] Undefined index: age_limit D:\phpStudy\WWW\tpchat\Application\Runtime\Cache\Admin\1a33850398fce54773bec19de082dfc7.php 第 116 行.
INFO: Run Behavior\ParseTemplateBehavior [ RunTime:0.013857s ]
INFO: [ view_parse ] --END-- [ RunTime:0.014056s ]
INFO: [ view_filter ] --START--
INFO: Run Behavior\WriteHtmlCacheBehavior [ RunTime:0.000553s ]
INFO: [ view_filter ] --END-- [ RunTime:0.000746s ]
INFO: [ app_end ] --START--
INFO: Run Behavior\ShowPageTraceBehavior [ RunTime:0.000840s ]
INFO: [ app_end ] --END-- [ RunTime:0.001037s ]

[ 2017-09-21T16:08:54+08:00 ] 127.0.0.1 /tpchat/index.php/Admin/Module/article
INFO: [ app_init ] --START--
INFO: Run Behavior\BuildLiteBehavior [ RunTime:0.000020s ]
INFO: [ app_init ] --END-- [ RunTime:0.000310s ]
INFO: [ app_begin ] --START--
INFO: Run Behavior\ReadHtmlCacheBehavior [ RunTime:0.000373s ]
INFO: [ app_begin ] --END-- [ RunTime:0.000469s ]
SQL: SHOW COLUMNS FROM `article` [ RunTime:0.0108s ]
SQL: SELECT * FROM `article`  [ RunTime:0.0007s ]
INFO: [ view_parse ] --START--
INFO: [ template_filter ] --START--
INFO: Run Behavior\ContentReplaceBehavior [ RunTime:0.000165s ]
INFO: [ template_filter ] --END-- [ RunTime:0.000375s ]
NOTIC: [8] Undefined variable: page D:\phpStudy\WWW\tpchat\Application\Runtime\Cache\Admin\1af412e940b941975d864036643a8527.php 第 178 行.
INFO: Run Behavior\ParseTemplateBehavior [ RunTime:0.025082s ]
INFO: [ view_parse ] --END-- [ RunTime:0.025350s ]
INFO: [ view_filter ] --START--
INFO: Run Behavior\WriteHtmlCacheBehavior [ RunTime:0.000564s ]
INFO: [ view_filter ] --END-- [ RunTime:0.000754s ]
INFO: [ app_end ] --START--
INFO: Run Behavior\ShowPageTraceBehavior [ RunTime:0.000865s ]
INFO: [ app_end ] --END-- [ RunTime:0.001069s ]

[ 2017-09-21T16:08:56+08:00 ] 127.0.0.1 /tpchat/index.php/Admin/Module/article_info?id=3
INFO: [ app_init ] --START--
INFO: Run Behavior\BuildLiteBehavior [ RunTime:0.000018s ]
INFO: [ app_init ] --END-- [ RunTime:0.000284s ]
INFO: [ app_begin ] --START--
INFO: Run Behavior\ReadHtmlCacheBehavior [ RunTime:0.000381s ]
INFO: [ app_begin ] --END-- [ RunTime:0.000477s ]
SQL: SHOW COLUMNS FROM `article` [ RunTime:0.0104s ]
SQL: SELECT * FROM `article` WHERE `article_id` = 3 LIMIT 1   [ RunTime:0.0008s ]
INFO: [ view_parse ] --START--
INFO: [ template_filter ] --START--
INFO: Run Behavior\ContentReplaceBehavior [ RunTime:0.000155s ]
INFO: [ template_filter ] --END-- [ RunTime:0.000386s ]
INFO: Run Behavior\ParseTemplateBehavior [ RunTime:0.020184s ]
INFO: [ view_parse ] --END-- [ RunTime:0.020470s ]
INFO: [ view_filter ] --START--
INFO: Run Behavior\WriteHtmlCacheBehavior [ RunTime:0.000588s ]
INFO: [ view_filter ] --END-- [ RunTime:0.000796s ]
INFO: [ app_end ] --START--
INFO: Run Behavior\ShowPageTraceBehavior [ RunTime:0.000920s ]
INFO: [ app_end ] --END-- [ RunTime:0.001134s ]

[ 2017-09-21T16:09:05+08:00 ] 127.0.0.1 /tpchat/index.php/Admin/Module/article
INFO: [ app_init ] --START--
INFO: Run Behavior\BuildLiteBehavior [ RunTime:0.000021s ]
INFO: [ app_init ] --END-- [ RunTime:0.000358s ]
INFO: [ app_begin ] --START--
INFO: Run Behavior\ReadHtmlCacheBehavior [ RunTime:0.000404s ]
INFO: [ app_begin ] --END-- [ RunTime:0.000496s ]
SQL: SHOW COLUMNS FROM `article` [ RunTime:0.0072s ]
SQL: SELECT * FROM `article`  [ RunTime:0.0007s ]
INFO: [ view_parse ] --START--
INFO: [ template_filter ] --START--
INFO: Run Behavior\ContentReplaceBehavior [ RunTime:0.000166s ]
INFO: [ template_filter ] --END-- [ RunTime:0.000375s ]
NOTIC: [8] Undefined variable: page D:\phpStudy\WWW\tpchat\Application\Runtime\Cache\Admin\1af412e940b941975d864036643a8527.php 第 178 行.
INFO: Run Behavior\ParseTemplateBehavior [ RunTime:0.023651s ]
INFO: [ view_parse ] --END-- [ RunTime:0.023941s ]
INFO: [ view_filter ] --START--
INFO: Run Behavior\WriteHtmlCacheBehavior [ RunTime:0.000562s ]
INFO: [ view_filter ] --END-- [ RunTime:0.000755s ]
INFO: [ app_end ] --START--
INFO: Run Behavior\ShowPageTraceBehavior [ RunTime:0.000873s ]
INFO: [ app_end ] --END-- [ RunTime:0.001076s ]

[ 2017-09-21T16:09:11+08:00 ] 127.0.0.1 /tpchat/index.php/Admin/Module/articleHandle.html
INFO: [ app_init ] --START--
INFO: Run Behavior\BuildLiteBehavior [ RunTime:0.000022s ]
INFO: [ app_init ] --END-- [ RunTime:0.000354s ]
INFO: [ app_begin ] --START--
INFO: Run Behavior\ReadHtmlCacheBehavior [ RunTime:0.000342s ]
INFO: [ app_begin ] --END-- [ RunTime:0.000418s ]
SQL: SHOW COLUMNS FROM `article` [ RunTime:0.0166s ]
SQL: DELETE FROM `article` WHERE `article_id` = 3 [ RunTime:0.0184s ]

[ 2017-09-21T16:09:30+08:00 ] 127.0.0.1 /tpchat/index.php/Admin/Module/advice
INFO: [ app_init ] --START--
INFO: Run Behavior\BuildLiteBehavior [ RunTime:0.000019s ]
INFO: [ app_init ] --END-- [ RunTime:0.000291s ]
INFO: [ app_begin ] --START--
INFO: Run Behavior\ReadHtmlCacheBehavior [ RunTime:0.000363s ]
INFO: [ app_begin ] --END-- [ RunTime:0.000450s ]
SQL: SHOW COLUMNS FROM `advice` [ RunTime:0.0050s ]
SQL: SELECT*
                            FROM  `advice`  a
                            
                            INNER JOIN `user` b
                       
                            WHERE  a.openid=b.openid [ RunTime:0.0011s ]
INFO: [ view_parse ] --START--
INFO: [ template_filter ] --START--
INFO: Run Behavior\ContentReplaceBehavior [ RunTime:0.000138s ]
INFO: [ template_filter ] --END-- [ RunTime:0.000349s ]
INFO: Run Behavior\ParseTemplateBehavior [ RunTime:0.016064s ]
INFO: [ view_parse ] --END-- [ RunTime:0.016298s ]
INFO: [ view_filter ] --START--
INFO: Run Behavior\WriteHtmlCacheBehavior [ RunTime:0.000549s ]
INFO: [ view_filter ] --END-- [ RunTime:0.000739s ]
INFO: [ app_end ] --START--
INFO: Run Behavior\ShowPageTraceBehavior [ RunTime:0.000856s ]
INFO: [ app_end ] --END-- [ RunTime:0.001051s ]

[ 2017-09-21T16:09:31+08:00 ] 127.0.0.1 /tpchat/index.php/Admin/Module/article
INFO: [ app_init ] --START--
INFO: Run Behavior\BuildLiteBehavior [ RunTime:0.000023s ]
INFO: [ app_init ] --END-- [ RunTime:0.000351s ]
INFO: [ app_begin ] --START--
INFO: Run Behavior\ReadHtmlCacheBehavior [ RunTime:0.000420s ]
INFO: [ app_begin ] --END-- [ RunTime:0.000528s ]
SQL: SHOW COLUMNS FROM `article` [ RunTime:0.0051s ]
SQL: SELECT * FROM `article`  [ RunTime:0.0002s ]
INFO: [ view_parse ] --START--
INFO: [ template_filter ] --START--
INFO: Run Behavior\ContentReplaceBehavior [ RunTime:0.000061s ]
INFO: [ template_filter ] --END-- [ RunTime:0.000139s ]
NOTIC: [8] Undefined variable: page D:\phpStudy\WWW\tpchat\Application\Runtime\Cache\Admin\1af412e940b941975d864036643a8527.php 第 178 行.
INFO: Run Behavior\ParseTemplateBehavior [ RunTime:0.007128s ]
INFO: [ view_parse ] --END-- [ RunTime:0.007207s ]
INFO: [ view_filter ] --START--
INFO: Run Behavior\WriteHtmlCacheBehavior [ RunTime:0.000223s ]
INFO: [ view_filter ] --END-- [ RunTime:0.000298s ]
INFO: [ app_end ] --START--
INFO: Run Behavior\ShowPageTraceBehavior [ RunTime:0.000361s ]
INFO: [ app_end ] --END-- [ RunTime:0.000456s ]

[ 2017-09-21T16:09:32+08:00 ] 127.0.0.1 /tpchat/index.php/Admin/Module/article
INFO: [ app_init ] --START--
INFO: Run Behavior\BuildLiteBehavior [ RunTime:0.000017s ]
INFO: [ app_init ] --END-- [ RunTime:0.000263s ]
INFO: [ app_begin ] --START--
INFO: Run Behavior\ReadHtmlCacheBehavior [ RunTime:0.000315s ]
INFO: [ app_begin ] --END-- [ RunTime:0.000397s ]
SQL: SHOW COLUMNS FROM `article` [ RunTime:0.0065s ]
SQL: SELECT * FROM `article`  [ RunTime:0.0003s ]
INFO: [ view_parse ] --START--
INFO: [ template_filter ] --START--
INFO: Run Behavior\ContentReplaceBehavior [ RunTime:0.000123s ]
INFO: [ template_filter ] --END-- [ RunTime:0.000299s ]
NOTIC: [8] Undefined variable: page D:\phpStudy\WWW\tpchat\Application\Runtime\Cache\Admin\1af412e940b941975d864036643a8527.php 第 178 行.
INFO: Run Behavior\ParseTemplateBehavior [ RunTime:0.014583s ]
INFO: [ view_parse ] --END-- [ RunTime:0.014735s ]
INFO: [ view_filter ] --START--
INFO: Run Behavior\WriteHtmlCacheBehavior [ RunTime:0.000439s ]
INFO: [ view_filter ] --END-- [ RunTime:0.000581s ]
INFO: [ app_end ] --START--
INFO: Run Behavior\ShowPageTraceBehavior [ RunTime:0.000652s ]
INFO: [ app_end ] --END-- [ RunTime:0.000806s ]

[ 2017-09-21T16:09:33+08:00 ] 127.0.0.1 /tpchat/index.php/Admin/Module/advice
INFO: [ app_init ] --START--
INFO: Run Behavior\BuildLiteBehavior [ RunTime:0.000017s ]
INFO: [ app_init ] --END-- [ RunTime:0.000267s ]
INFO: [ app_begin ] --START--
INFO: Run Behavior\ReadHtmlCacheBehavior [ RunTime:0.000336s ]
INFO: [ app_begin ] --END-- [ RunTime:0.000419s ]
SQL: SHOW COLUMNS FROM `advice` [ RunTime:0.0109s ]
SQL: SELECT*
                            FROM  `advice`  a
                            
                            INNER JOIN `user` b
                       
                            WHERE  a.openid=b.openid [ RunTime:0.0011s ]
INFO: [ view_parse ] --START--
INFO: [ template_filter ] --START--
INFO: Run Behavior\ContentReplaceBehavior [ RunTime:0.000148s ]
INFO: [ template_filter ] --END-- [ RunTime:0.000482s ]
INFO: Run Behavior\ParseTemplateBehavior [ RunTime:0.022180s ]
INFO: [ view_parse ] --END-- [ RunTime:0.022477s ]
INFO: [ view_filter ] --START--
INFO: Run Behavior\WriteHtmlCacheBehavior [ RunTime:0.000600s ]
INFO: [ view_filter ] --END-- [ RunTime:0.000780s ]
INFO: [ app_end ] --START--
INFO: Run Behavior\ShowPageTraceBehavior [ RunTime:0.000823s ]
INFO: [ app_end ] --END-- [ RunTime:0.001008s ]

