[ 2018-03-05T11:03:25+08:00 ] 125.33.105.186 /tpchat/index.php/Admin/Module/article.html
INFO: [ app_init ] --START--
INFO: Run Behavior\BuildLiteBehavior [ RunTime:0.000027s ]
INFO: [ app_init ] --END-- [ RunTime:0.008078s ]
INFO: [ app_begin ] --START--
INFO: Run Behavior\ReadHtmlCacheBehavior [ RunTime:0.000106s ]
INFO: [ app_begin ] --END-- [ RunTime:0.000188s ]
SQL: SHOW COLUMNS FROM `article` [ RunTime:0.1259s ]
SQL: SELECT * FROM `article` ORDER BY createtime desc  [ RunTime:0.0036s ]
INFO: [ view_parse ] --START--
INFO: [ template_filter ] --START--
INFO: Run Behavior\ContentReplaceBehavior [ RunTime:0.003209s ]
INFO: [ template_filter ] --END-- [ RunTime:0.003290s ]
NOTIC: [8] Undefined variable: page /mnt/tpchat/Application/Runtime/Cache/Admin/1af412e940b941975d864036643a8527.php 第 182 行.
INFO: Run Behavior\ParseTemplateBehavior [ RunTime:0.112251s ]
INFO: [ view_parse ] --END-- [ RunTime:0.112297s ]
INFO: [ view_filter ] --START--
INFO: Run Behavior\WriteHtmlCacheBehavior [ RunTime:0.000066s ]
INFO: [ view_filter ] --END-- [ RunTime:0.000100s ]
INFO: [ app_end ] --START--
INFO: Run Behavior\ShowPageTraceBehavior [ RunTime:0.000052s ]
INFO: [ app_end ] --END-- [ RunTime:0.000091s ]

[ 2018-03-05T11:03:26+08:00 ] 125.33.105.186 /tpchat/index.php/Admin/Module/article.html
INFO: [ app_init ] --START--
INFO: Run Behavior\BuildLiteBehavior [ RunTime:0.000015s ]
INFO: [ app_init ] --END-- [ RunTime:0.000136s ]
INFO: [ app_begin ] --START--
INFO: Run Behavior\ReadHtmlCacheBehavior [ RunTime:0.000034s ]
INFO: [ app_begin ] --END-- [ RunTime:0.000071s ]
SQL: SHOW COLUMNS FROM `article` [ RunTime:0.0007s ]
SQL: SELECT * FROM `article` ORDER BY createtime desc  [ RunTime:0.0003s ]
INFO: [ view_parse ] --START--
INFO: [ template_filter ] --START--
INFO: Run Behavior\ContentReplaceBehavior [ RunTime:0.000063s ]
INFO: [ template_filter ] --END-- [ RunTime:0.000116s ]
NOTIC: [8] Undefined variable: page /mnt/tpchat/Application/Runtime/Cache/Admin/1af412e940b941975d864036643a8527.php 第 182 行.
INFO: Run Behavior\ParseTemplateBehavior [ RunTime:0.005622s ]
INFO: [ view_parse ] --END-- [ RunTime:0.005659s ]
INFO: [ view_filter ] --START--
INFO: Run Behavior\WriteHtmlCacheBehavior [ RunTime:0.000047s ]
INFO: [ view_filter ] --END-- [ RunTime:0.000090s ]
INFO: [ app_end ] --START--
INFO: Run Behavior\ShowPageTraceBehavior [ RunTime:0.000038s ]
INFO: [ app_end ] --END-- [ RunTime:0.000076s ]

[ 2018-03-05T13:09:38+08:00 ] 125.33.105.186 /tpchat/index.php/Admin/Module/article.html
INFO: [ app_init ] --START--
INFO: Run Behavior\BuildLiteBehavior [ RunTime:0.000023s ]
INFO: [ app_init ] --END-- [ RunTime:0.000164s ]
INFO: [ app_begin ] --START--
INFO: Run Behavior\ReadHtmlCacheBehavior [ RunTime:0.000090s ]
INFO: [ app_begin ] --END-- [ RunTime:0.000162s ]
SQL: SHOW COLUMNS FROM `article` [ RunTime:0.0007s ]
SQL: SELECT * FROM `article` ORDER BY createtime desc  [ RunTime:0.0003s ]
INFO: [ view_parse ] --START--
INFO: [ template_filter ] --START--
INFO: Run Behavior\ContentReplaceBehavior [ RunTime:0.000063s ]
INFO: [ template_filter ] --END-- [ RunTime:0.000132s ]
NOTIC: [8] Undefined variable: page /mnt/tpchat/Application/Runtime/Cache/Admin/1af412e940b941975d864036643a8527.php 第 182 行.
INFO: Run Behavior\ParseTemplateBehavior [ RunTime:0.036556s ]
INFO: [ view_parse ] --END-- [ RunTime:0.036597s ]
INFO: [ view_filter ] --START--
INFO: Run Behavior\WriteHtmlCacheBehavior [ RunTime:0.000057s ]
INFO: [ view_filter ] --END-- [ RunTime:0.000089s ]
INFO: [ app_end ] --START--
INFO: Run Behavior\ShowPageTraceBehavior [ RunTime:0.000072s ]
INFO: [ app_end ] --END-- [ RunTime:0.000134s ]

[ 2018-03-05T13:09:38+08:00 ] 125.33.105.186 /tpchat/index.php/Admin/Module/article.html
INFO: [ app_init ] --START--
INFO: Run Behavior\BuildLiteBehavior [ RunTime:0.000014s ]
INFO: [ app_init ] --END-- [ RunTime:0.000096s ]
INFO: [ app_begin ] --START--
INFO: Run Behavior\ReadHtmlCacheBehavior [ RunTime:0.000038s ]
INFO: [ app_begin ] --END-- [ RunTime:0.000085s ]
SQL: SHOW COLUMNS FROM `article` [ RunTime:0.0006s ]
SQL: SELECT * FROM `article` ORDER BY createtime desc  [ RunTime:0.0003s ]
INFO: [ view_parse ] --START--
INFO: [ template_filter ] --START--
INFO: Run Behavior\ContentReplaceBehavior [ RunTime:0.000056s ]
INFO: [ template_filter ] --END-- [ RunTime:0.000099s ]
NOTIC: [8] Undefined variable: page /mnt/tpchat/Application/Runtime/Cache/Admin/1af412e940b941975d864036643a8527.php 第 182 行.
INFO: Run Behavior\ParseTemplateBehavior [ RunTime:0.005064s ]
INFO: [ view_parse ] --END-- [ RunTime:0.005101s ]
INFO: [ view_filter ] --START--
INFO: Run Behavior\WriteHtmlCacheBehavior [ RunTime:0.000036s ]
INFO: [ view_filter ] --END-- [ RunTime:0.000066s ]
INFO: [ app_end ] --START--
INFO: Run Behavior\ShowPageTraceBehavior [ RunTime:0.000037s ]
INFO: [ app_end ] --END-- [ RunTime:0.000076s ]

