[ 2017-09-08T10:03:19+08:00 ] 117.118.0.49 /tpchat/index.php/chat?code=00170dxw1zjOqc0wIJww1Bq6xw170dxy&state=1
INFO: [ app_init ] --START--
INFO: Run Behavior\BuildLiteBehavior [ RunTime:0.000015s ]
INFO: [ app_init ] --END-- [ RunTime:0.000119s ]
INFO: [ app_begin ] --START--
INFO: Run Behavior\ReadHtmlCacheBehavior [ RunTime:0.000083s ]
INFO: [ app_begin ] --END-- [ RunTime:0.000165s ]
SQL: SHOW COLUMNS FROM `user` [ RunTime:0.0142s ]
SQL: SELECT * FROM `user` WHERE `openid` = 'oAdCq01YzcVjLWljmeEBFcDEswEY' LIMIT 1   [ RunTime:0.0005s ]
INFO: [ view_parse ] --START--
INFO: [ template_filter ] --START--
INFO: Run Behavior\ContentReplaceBehavior [ RunTime:0.000080s ]
INFO: [ template_filter ] --END-- [ RunTime:0.000164s ]
INFO: Run Behavior\ParseTemplateBehavior [ RunTime:0.059599s ]
INFO: [ view_parse ] --END-- [ RunTime:0.059669s ]
INFO: [ view_filter ] --START--
INFO: Run Behavior\WriteHtmlCacheBehavior [ RunTime:0.000059s ]
INFO: [ view_filter ] --END-- [ RunTime:0.000106s ]
INFO: [ app_end ] --START--
INFO: Run Behavior\ShowPageTraceBehavior [ RunTime:0.000048s ]
INFO: [ app_end ] --END-- [ RunTime:0.000097s ]

[ 2017-09-08T10:03:19+08:00 ] 117.118.0.49 /tpchat/index.php/Chat/Index/ajaxCourse
INFO: [ app_init ] --START--
INFO: Run Behavior\BuildLiteBehavior [ RunTime:0.000014s ]
INFO: [ app_init ] --END-- [ RunTime:0.000115s ]
INFO: [ app_begin ] --START--
INFO: Run Behavior\ReadHtmlCacheBehavior [ RunTime:0.000048s ]
INFO: [ app_begin ] --END-- [ RunTime:0.000096s ]
SQL: SHOW COLUMNS FROM `user` [ RunTime:0.0007s ]
SQL: SHOW COLUMNS FROM `course` [ RunTime:0.0005s ]
SQL: SELECT * FROM `course` LIMIT 5   [ RunTime:0.0003s ]

[ 2017-09-08T10:03:22+08:00 ] 117.118.0.49 /tpchat/index.php/Chat/Index/ajaxCourse
INFO: [ app_init ] --START--
INFO: Run Behavior\BuildLiteBehavior [ RunTime:0.000016s ]
INFO: [ app_init ] --END-- [ RunTime:0.000119s ]
INFO: [ app_begin ] --START--
INFO: Run Behavior\ReadHtmlCacheBehavior [ RunTime:0.000049s ]
INFO: [ app_begin ] --END-- [ RunTime:0.000096s ]
SQL: SHOW COLUMNS FROM `user` [ RunTime:0.0008s ]
SQL: SHOW COLUMNS FROM `course` [ RunTime:0.0004s ]
SQL: SELECT * FROM `course` LIMIT 25   [ RunTime:0.0003s ]

[ 2017-09-08T10:03:24+08:00 ] 123.151.153.121 /tpchat/index.php/Chat/log
INFO: [ app_init ] --START--
INFO: Run Behavior\BuildLiteBehavior [ RunTime:0.000015s ]
INFO: [ app_init ] --END-- [ RunTime:0.000116s ]
INFO: [ app_begin ] --START--
INFO: Run Behavior\ReadHtmlCacheBehavior [ RunTime:0.000053s ]
INFO: [ app_begin ] --END-- [ RunTime:0.000105s ]
SQL: SHOW COLUMNS FROM `user` [ RunTime:0.0052s ]
SQL: SHOW COLUMNS FROM `log` [ RunTime:0.0004s ]
SQL: SELECT * FROM `log` WHERE ( `openid` = '' OR `openid` = 'oAdCq01YzcVjLWljmeEBFcDEswEY' )  [ RunTime:0.0003s ]
INFO: [ view_parse ] --START--
INFO: [ template_filter ] --START--
INFO: Run Behavior\ContentReplaceBehavior [ RunTime:0.000079s ]
INFO: [ template_filter ] --END-- [ RunTime:0.000212s ]
NOTIC: [8] Use of undefined constant openid - assumed 'openid' /mnt/tpchat/Application/Runtime/Cache/Chat/c5245a165cd888012fb49a33a2971e66.php 第 39 行.
NOTIC: [8] Use of undefined constant openid - assumed 'openid' /mnt/tpchat/Application/Runtime/Cache/Chat/c5245a165cd888012fb49a33a2971e66.php 第 39 行.
NOTIC: [8] Use of undefined constant openid - assumed 'openid' /mnt/tpchat/Application/Runtime/Cache/Chat/c5245a165cd888012fb49a33a2971e66.php 第 39 行.
NOTIC: [8] Use of undefined constant openid - assumed 'openid' /mnt/tpchat/Application/Runtime/Cache/Chat/c5245a165cd888012fb49a33a2971e66.php 第 39 行.
NOTIC: [8] Use of undefined constant openid - assumed 'openid' /mnt/tpchat/Application/Runtime/Cache/Chat/c5245a165cd888012fb49a33a2971e66.php 第 39 行.
NOTIC: [8] Use of undefined constant openid - assumed 'openid' /mnt/tpchat/Application/Runtime/Cache/Chat/c5245a165cd888012fb49a33a2971e66.php 第 39 行.
INFO: Run Behavior\ParseTemplateBehavior [ RunTime:0.027143s ]
INFO: [ view_parse ] --END-- [ RunTime:0.027204s ]
INFO: [ view_filter ] --START--
INFO: Run Behavior\WriteHtmlCacheBehavior [ RunTime:0.000063s ]
INFO: [ view_filter ] --END-- [ RunTime:0.000109s ]
INFO: [ app_end ] --START--
INFO: Run Behavior\ShowPageTraceBehavior [ RunTime:0.000059s ]
INFO: [ app_end ] --END-- [ RunTime:0.000107s ]

[ 2017-09-08T10:03:25+08:00 ] 117.118.0.49 /tpchat/index.php/Chat/Index/ajaxCourse
INFO: [ app_init ] --START--
INFO: Run Behavior\BuildLiteBehavior [ RunTime:0.000024s ]
INFO: [ app_init ] --END-- [ RunTime:0.000183s ]
INFO: [ app_begin ] --START--
INFO: Run Behavior\ReadHtmlCacheBehavior [ RunTime:0.000100s ]
INFO: [ app_begin ] --END-- [ RunTime:0.000173s ]
SQL: SHOW COLUMNS FROM `user` [ RunTime:0.0007s ]
SQL: SHOW COLUMNS FROM `course` [ RunTime:0.0005s ]
SQL: SELECT * FROM `course` LIMIT 5   [ RunTime:0.0003s ]

[ 2017-09-08T13:51:09+08:00 ] 123.151.153.121 /tpchat/index.php/chat?code=001NfNq72chscM0Adwq72H8Mq72NfNqL&state=1
INFO: [ app_init ] --START--
INFO: Run Behavior\BuildLiteBehavior [ RunTime:0.000014s ]
INFO: [ app_init ] --END-- [ RunTime:0.000111s ]
INFO: [ app_begin ] --START--
INFO: Run Behavior\ReadHtmlCacheBehavior [ RunTime:0.000064s ]
INFO: [ app_begin ] --END-- [ RunTime:0.000202s ]
SQL: SHOW COLUMNS FROM `user` [ RunTime:0.0007s ]
SQL: SELECT * FROM `user` WHERE `openid` = 'oAdCq01YzcVjLWljmeEBFcDEswEY' LIMIT 1   [ RunTime:0.0004s ]
INFO: [ view_parse ] --START--
INFO: [ template_filter ] --START--
INFO: Run Behavior\ContentReplaceBehavior [ RunTime:0.000074s ]
INFO: [ template_filter ] --END-- [ RunTime:0.000137s ]
INFO: Run Behavior\ParseTemplateBehavior [ RunTime:0.012667s ]
INFO: [ view_parse ] --END-- [ RunTime:0.012741s ]
INFO: [ view_filter ] --START--
INFO: Run Behavior\WriteHtmlCacheBehavior [ RunTime:0.001639s ]
INFO: [ view_filter ] --END-- [ RunTime:0.001690s ]
INFO: [ app_end ] --START--
INFO: Run Behavior\ShowPageTraceBehavior [ RunTime:0.000077s ]
INFO: [ app_end ] --END-- [ RunTime:0.000162s ]

[ 2017-09-08T13:51:12+08:00 ] 123.151.153.121 /tpchat/index.php/Chat/Index/ajaxCourse
INFO: [ app_init ] --START--
INFO: Run Behavior\BuildLiteBehavior [ RunTime:0.000016s ]
INFO: [ app_init ] --END-- [ RunTime:0.000112s ]
INFO: [ app_begin ] --START--
INFO: Run Behavior\ReadHtmlCacheBehavior [ RunTime:0.000047s ]
INFO: [ app_begin ] --END-- [ RunTime:0.000095s ]
SQL: SHOW COLUMNS FROM `user` [ RunTime:0.0007s ]
SQL: SHOW COLUMNS FROM `course` [ RunTime:0.0004s ]
SQL: SELECT * FROM `course` LIMIT 5   [ RunTime:0.0003s ]

[ 2017-09-08T13:51:13+08:00 ] 123.151.153.121 /tpchat/index.php/Chat/user
INFO: [ app_init ] --START--
INFO: Run Behavior\BuildLiteBehavior [ RunTime:0.000015s ]
INFO: [ app_init ] --END-- [ RunTime:0.000111s ]
INFO: [ app_begin ] --START--
INFO: Run Behavior\ReadHtmlCacheBehavior [ RunTime:0.000052s ]
INFO: [ app_begin ] --END-- [ RunTime:0.000103s ]
ERR: 无法加载控制器:User

[ 2017-09-08T13:51:24+08:00 ] 123.151.153.121 /tpchat/index.php/Chat/Index/ajaxCourse
INFO: [ app_init ] --START--
INFO: Run Behavior\BuildLiteBehavior [ RunTime:0.000015s ]
INFO: [ app_init ] --END-- [ RunTime:0.000112s ]
INFO: [ app_begin ] --START--
INFO: Run Behavior\ReadHtmlCacheBehavior [ RunTime:0.000046s ]
INFO: [ app_begin ] --END-- [ RunTime:0.000094s ]
SQL: SHOW COLUMNS FROM `user` [ RunTime:0.0007s ]
SQL: SHOW COLUMNS FROM `course` [ RunTime:0.0004s ]
SQL: SELECT * FROM `course` LIMIT 5   [ RunTime:0.0003s ]

[ 2017-09-08T13:51:24+08:00 ] 123.151.153.121 /tpchat/index.php/Chat/user
INFO: [ app_init ] --START--
INFO: Run Behavior\BuildLiteBehavior [ RunTime:0.000016s ]
INFO: [ app_init ] --END-- [ RunTime:0.000111s ]
INFO: [ app_begin ] --START--
INFO: Run Behavior\ReadHtmlCacheBehavior [ RunTime:0.000054s ]
INFO: [ app_begin ] --END-- [ RunTime:0.000112s ]
ERR: 无法加载控制器:User

[ 2017-09-08T13:51:37+08:00 ] 123.151.153.121 /tpchat/index.php/Chat/Index/ajaxCourse
INFO: [ app_init ] --START--
INFO: Run Behavior\BuildLiteBehavior [ RunTime:0.000016s ]
INFO: [ app_init ] --END-- [ RunTime:0.000112s ]
INFO: [ app_begin ] --START--
INFO: Run Behavior\ReadHtmlCacheBehavior [ RunTime:0.000047s ]
INFO: [ app_begin ] --END-- [ RunTime:0.000096s ]
SQL: SHOW COLUMNS FROM `user` [ RunTime:0.0008s ]
SQL: SHOW COLUMNS FROM `course` [ RunTime:0.0004s ]
SQL: SELECT * FROM `course` LIMIT 5   [ RunTime:0.0003s ]

[ 2017-09-08T13:51:38+08:00 ] 123.151.153.121 /tpchat/index.php/Chat/user
INFO: [ app_init ] --START--
INFO: Run Behavior\BuildLiteBehavior [ RunTime:0.000023s ]
INFO: [ app_init ] --END-- [ RunTime:0.000136s ]
INFO: [ app_begin ] --START--
INFO: Run Behavior\ReadHtmlCacheBehavior [ RunTime:0.000072s ]
INFO: [ app_begin ] --END-- [ RunTime:0.000141s ]
SQL: SHOW COLUMNS FROM `user` [ RunTime:0.0007s ]
SQL: SELECT * FROM `user` WHERE `openid` = 'oAdCq01YzcVjLWljmeEBFcDEswEY' LIMIT 1   [ RunTime:0.0024s ]
INFO: [ view_parse ] --START--
INFO: [ template_filter ] --START--
INFO: Run Behavior\ContentReplaceBehavior [ RunTime:0.000065s ]
INFO: [ template_filter ] --END-- [ RunTime:0.000130s ]
INFO: Run Behavior\ParseTemplateBehavior [ RunTime:0.006843s ]
INFO: [ view_parse ] --END-- [ RunTime:0.006909s ]
INFO: [ view_filter ] --START--
INFO: Run Behavior\WriteHtmlCacheBehavior [ RunTime:0.000048s ]
INFO: [ view_filter ] --END-- [ RunTime:0.000092s ]
INFO: [ app_end ] --START--
INFO: Run Behavior\ShowPageTraceBehavior [ RunTime:0.000046s ]
INFO: [ app_end ] --END-- [ RunTime:0.000092s ]

[ 2017-09-08T13:52:04+08:00 ] 123.151.153.121 /tpchat/index.php/Chat/log
INFO: [ app_init ] --START--
INFO: Run Behavior\BuildLiteBehavior [ RunTime:0.000014s ]
INFO: [ app_init ] --END-- [ RunTime:0.000118s ]
INFO: [ app_begin ] --START--
INFO: Run Behavior\ReadHtmlCacheBehavior [ RunTime:0.000064s ]
INFO: [ app_begin ] --END-- [ RunTime:0.000131s ]
SQL: SHOW COLUMNS FROM `user` [ RunTime:0.0007s ]
SQL: SHOW COLUMNS FROM `log` [ RunTime:0.0004s ]
SQL: SELECT * FROM `log` WHERE ( `openid` = '' OR `openid` = 'oAdCq01YzcVjLWljmeEBFcDEswEY' )  [ RunTime:0.0003s ]
INFO: [ view_parse ] --START--
INFO: [ template_filter ] --START--
INFO: Run Behavior\ContentReplaceBehavior [ RunTime:0.000066s ]
INFO: [ template_filter ] --END-- [ RunTime:0.000145s ]
NOTIC: [8] Use of undefined constant openid - assumed 'openid' /mnt/tpchat/Application/Runtime/Cache/Chat/c5245a165cd888012fb49a33a2971e66.php 第 39 行.
NOTIC: [8] Use of undefined constant openid - assumed 'openid' /mnt/tpchat/Application/Runtime/Cache/Chat/c5245a165cd888012fb49a33a2971e66.php 第 39 行.
NOTIC: [8] Use of undefined constant openid - assumed 'openid' /mnt/tpchat/Application/Runtime/Cache/Chat/c5245a165cd888012fb49a33a2971e66.php 第 39 行.
NOTIC: [8] Use of undefined constant openid - assumed 'openid' /mnt/tpchat/Application/Runtime/Cache/Chat/c5245a165cd888012fb49a33a2971e66.php 第 39 行.
NOTIC: [8] Use of undefined constant openid - assumed 'openid' /mnt/tpchat/Application/Runtime/Cache/Chat/c5245a165cd888012fb49a33a2971e66.php 第 39 行.
NOTIC: [8] Use of undefined constant openid - assumed 'openid' /mnt/tpchat/Application/Runtime/Cache/Chat/c5245a165cd888012fb49a33a2971e66.php 第 39 行.
INFO: Run Behavior\ParseTemplateBehavior [ RunTime:0.004830s ]
INFO: [ view_parse ] --END-- [ RunTime:0.004906s ]
INFO: [ view_filter ] --START--
INFO: Run Behavior\WriteHtmlCacheBehavior [ RunTime:0.000072s ]
INFO: [ view_filter ] --END-- [ RunTime:0.000144s ]
INFO: [ app_end ] --START--
INFO: Run Behavior\ShowPageTraceBehavior [ RunTime:0.000078s ]
INFO: [ app_end ] --END-- [ RunTime:0.000156s ]

[ 2017-09-08T13:52:05+08:00 ] 123.151.153.121 /tpchat/index.php/Chat/user
INFO: [ app_init ] --START--
INFO: Run Behavior\BuildLiteBehavior [ RunTime:0.000014s ]
INFO: [ app_init ] --END-- [ RunTime:0.000111s ]
INFO: [ app_begin ] --START--
INFO: Run Behavior\ReadHtmlCacheBehavior [ RunTime:0.000054s ]
INFO: [ app_begin ] --END-- [ RunTime:0.000108s ]
SQL: SHOW COLUMNS FROM `user` [ RunTime:0.0007s ]
SQL: SELECT * FROM `user` WHERE `openid` = 'oAdCq01YzcVjLWljmeEBFcDEswEY' LIMIT 1   [ RunTime:0.0003s ]
INFO: [ view_parse ] --START--
INFO: [ template_filter ] --START--
INFO: Run Behavior\ContentReplaceBehavior [ RunTime:0.000064s ]
INFO: [ template_filter ] --END-- [ RunTime:0.000136s ]
INFO: Run Behavior\ParseTemplateBehavior [ RunTime:0.003751s ]
INFO: [ view_parse ] --END-- [ RunTime:0.003824s ]
INFO: [ view_filter ] --START--
INFO: Run Behavior\WriteHtmlCacheBehavior [ RunTime:0.000051s ]
INFO: [ view_filter ] --END-- [ RunTime:0.000095s ]
INFO: [ app_end ] --START--
INFO: Run Behavior\ShowPageTraceBehavior [ RunTime:0.000048s ]
INFO: [ app_end ] --END-- [ RunTime:0.000092s ]

[ 2017-09-08T13:52:06+08:00 ] 123.151.153.121 /tpchat/index.php/Chat/User/register
INFO: [ app_init ] --START--
INFO: Run Behavior\BuildLiteBehavior [ RunTime:0.000015s ]
INFO: [ app_init ] --END-- [ RunTime:0.000115s ]
INFO: [ app_begin ] --START--
INFO: Run Behavior\ReadHtmlCacheBehavior [ RunTime:0.000049s ]
INFO: [ app_begin ] --END-- [ RunTime:0.000101s ]
SQL: SHOW COLUMNS FROM `user` [ RunTime:0.0007s ]
SQL: SHOW COLUMNS FROM `evidence` [ RunTime:0.0004s ]
SQL: SELECT*
                            FROM  `evidence`  a

                            INNER JOIN `course` b

                            ON  a.course_id=b.course_id
                            WHERE a.openid='oAdCq01YzcVjLWljmeEBFcDEswEY' [ RunTime:0.0004s ]
INFO: [ view_parse ] --START--
INFO: [ template_filter ] --START--
INFO: Run Behavior\ContentReplaceBehavior [ RunTime:0.000068s ]
INFO: [ template_filter ] --END-- [ RunTime:0.000145s ]
INFO: Run Behavior\ParseTemplateBehavior [ RunTime:0.032562s ]
INFO: [ view_parse ] --END-- [ RunTime:0.032621s ]
INFO: [ view_filter ] --START--
INFO: Run Behavior\WriteHtmlCacheBehavior [ RunTime:0.000046s ]
INFO: [ view_filter ] --END-- [ RunTime:0.000093s ]
INFO: [ app_end ] --START--
INFO: Run Behavior\ShowPageTraceBehavior [ RunTime:0.000047s ]
INFO: [ app_end ] --END-- [ RunTime:0.000093s ]

[ 2017-09-08T13:52:15+08:00 ] 123.151.153.121 /tpchat/index.php/Chat/User/register
INFO: [ app_init ] --START--
INFO: Run Behavior\BuildLiteBehavior [ RunTime:0.000016s ]
INFO: [ app_init ] --END-- [ RunTime:0.000112s ]
INFO: [ app_begin ] --START--
INFO: Run Behavior\ReadHtmlCacheBehavior [ RunTime:0.000052s ]
INFO: [ app_begin ] --END-- [ RunTime:0.000102s ]
SQL: SHOW COLUMNS FROM `user` [ RunTime:0.0007s ]
SQL: SHOW COLUMNS FROM `evidence` [ RunTime:0.0004s ]
SQL: SELECT*
                            FROM  `evidence`  a

                            INNER JOIN `course` b

                            ON  a.course_id=b.course_id
                            WHERE a.openid='oAdCq01YzcVjLWljmeEBFcDEswEY' [ RunTime:0.0003s ]
INFO: [ view_parse ] --START--
INFO: [ template_filter ] --START--
INFO: Run Behavior\ContentReplaceBehavior [ RunTime:0.000061s ]
INFO: [ template_filter ] --END-- [ RunTime:0.000121s ]
INFO: Run Behavior\ParseTemplateBehavior [ RunTime:0.004761s ]
INFO: [ view_parse ] --END-- [ RunTime:0.004818s ]
INFO: [ view_filter ] --START--
INFO: Run Behavior\WriteHtmlCacheBehavior [ RunTime:0.000045s ]
INFO: [ view_filter ] --END-- [ RunTime:0.000090s ]
INFO: [ app_end ] --START--
INFO: Run Behavior\ShowPageTraceBehavior [ RunTime:0.000046s ]
INFO: [ app_end ] --END-- [ RunTime:0.000091s ]

[ 2017-09-08T13:52:40+08:00 ] 123.151.153.121 /tpchat/index.php/Chat/User/register
INFO: [ app_init ] --START--
INFO: Run Behavior\BuildLiteBehavior [ RunTime:0.000015s ]
INFO: [ app_init ] --END-- [ RunTime:0.000114s ]
INFO: [ app_begin ] --START--
INFO: Run Behavior\ReadHtmlCacheBehavior [ RunTime:0.000052s ]
INFO: [ app_begin ] --END-- [ RunTime:0.000102s ]
SQL: SHOW COLUMNS FROM `user` [ RunTime:0.0007s ]
SQL: SHOW COLUMNS FROM `evidence` [ RunTime:0.0004s ]
ERR: 1054:Unknown column 'OPEN_ID' in 'where clause'
 [ SQL语句 ] : SELECT*
                            FROM  `evidence`  a

                            INNER JOIN `course` b

                            ON  a.course_id=b.course_id
                            WHERE a.openid=OPEN_ID
ERR: 1054:Unknown column 'OPEN_ID' in 'where clause'
 [ SQL语句 ] : SELECT*
                            FROM  `evidence`  a

                            INNER JOIN `course` b

                            ON  a.course_id=b.course_id
                            WHERE a.openid=OPEN_ID

[ 2017-09-08T13:52:49+08:00 ] 123.151.153.121 /tpchat/index.php/Chat/user
INFO: [ app_init ] --START--
INFO: Run Behavior\BuildLiteBehavior [ RunTime:0.000016s ]
INFO: [ app_init ] --END-- [ RunTime:0.000112s ]
INFO: [ app_begin ] --START--
INFO: Run Behavior\ReadHtmlCacheBehavior [ RunTime:0.000098s ]
INFO: [ app_begin ] --END-- [ RunTime:0.000179s ]
SQL: SHOW COLUMNS FROM `user` [ RunTime:0.0007s ]
SQL: SELECT * FROM `user` WHERE `openid` = 'oAdCq01YzcVjLWljmeEBFcDEswEY' LIMIT 1   [ RunTime:0.0003s ]
INFO: [ view_parse ] --START--
INFO: [ template_filter ] --START--
INFO: Run Behavior\ContentReplaceBehavior [ RunTime:0.000061s ]
INFO: [ template_filter ] --END-- [ RunTime:0.000121s ]
INFO: Run Behavior\ParseTemplateBehavior [ RunTime:0.003507s ]
INFO: [ view_parse ] --END-- [ RunTime:0.003565s ]
INFO: [ view_filter ] --START--
INFO: Run Behavior\WriteHtmlCacheBehavior [ RunTime:0.000047s ]
INFO: [ view_filter ] --END-- [ RunTime:0.000091s ]
INFO: [ app_end ] --START--
INFO: Run Behavior\ShowPageTraceBehavior [ RunTime:0.000046s ]
INFO: [ app_end ] --END-- [ RunTime:0.000092s ]

[ 2017-09-08T13:52:50+08:00 ] 123.151.153.121 /tpchat/index.php/Chat/User/register
INFO: [ app_init ] --START--
INFO: Run Behavior\BuildLiteBehavior [ RunTime:0.000016s ]
INFO: [ app_init ] --END-- [ RunTime:0.000116s ]
INFO: [ app_begin ] --START--
INFO: Run Behavior\ReadHtmlCacheBehavior [ RunTime:0.000051s ]
INFO: [ app_begin ] --END-- [ RunTime:0.000102s ]
SQL: SHOW COLUMNS FROM `user` [ RunTime:0.0007s ]
SQL: SHOW COLUMNS FROM `evidence` [ RunTime:0.0004s ]
ERR: 1054:Unknown column 'oAdCq01YzcVjLWljmeEBFcDEswEY' in 'where clause'
 [ SQL语句 ] : SELECT*
                            FROM  `evidence`  a

                            INNER JOIN `course` b

                            ON  a.course_id=b.course_id
                            WHERE a.openid=oAdCq01YzcVjLWljmeEBFcDEswEY
ERR: 1054:Unknown column 'oAdCq01YzcVjLWljmeEBFcDEswEY' in 'where clause'
 [ SQL语句 ] : SELECT*
                            FROM  `evidence`  a

                            INNER JOIN `course` b

                            ON  a.course_id=b.course_id
                            WHERE a.openid=oAdCq01YzcVjLWljmeEBFcDEswEY

[ 2017-09-08T13:53:23+08:00 ] 123.151.153.121 /tpchat/index.php/Chat/User/register
INFO: [ app_init ] --START--
INFO: Run Behavior\BuildLiteBehavior [ RunTime:0.000016s ]
INFO: [ app_init ] --END-- [ RunTime:0.000119s ]
INFO: [ app_begin ] --START--
INFO: Run Behavior\ReadHtmlCacheBehavior [ RunTime:0.000050s ]
INFO: [ app_begin ] --END-- [ RunTime:0.000100s ]
SQL: SHOW COLUMNS FROM `user` [ RunTime:0.0007s ]
SQL: SHOW COLUMNS FROM `evidence` [ RunTime:0.0003s ]
ERR: 1054:Unknown column 'oAdCq01YzcVjLWljmeEBFcDEswEY' in 'where clause'
 [ SQL语句 ] : SELECT*
                            FROM  `evidence`  a

                            INNER JOIN `course` b

                            ON  a.course_id=b.course_id
                            WHERE a.openid=oAdCq01YzcVjLWljmeEBFcDEswEY
ERR: 1054:Unknown column 'oAdCq01YzcVjLWljmeEBFcDEswEY' in 'where clause'
 [ SQL语句 ] : SELECT*
                            FROM  `evidence`  a

                            INNER JOIN `course` b

                            ON  a.course_id=b.course_id
                            WHERE a.openid=oAdCq01YzcVjLWljmeEBFcDEswEY

[ 2017-09-08T13:53:26+08:00 ] 123.151.153.121 /tpchat/index.php/Chat/User/register
INFO: [ app_init ] --START--
INFO: Run Behavior\BuildLiteBehavior [ RunTime:0.000014s ]
INFO: [ app_init ] --END-- [ RunTime:0.000111s ]
INFO: [ app_begin ] --START--
INFO: Run Behavior\ReadHtmlCacheBehavior [ RunTime:0.000050s ]
INFO: [ app_begin ] --END-- [ RunTime:0.000102s ]
SQL: SHOW COLUMNS FROM `user` [ RunTime:0.0007s ]
SQL: SHOW COLUMNS FROM `evidence` [ RunTime:0.0004s ]
ERR: 1054:Unknown column 'oAdCq01YzcVjLWljmeEBFcDEswEY' in 'where clause'
 [ SQL语句 ] : SELECT*
                            FROM  `evidence`  a

                            INNER JOIN `course` b

                            ON  a.course_id=b.course_id
                            WHERE a.openid=oAdCq01YzcVjLWljmeEBFcDEswEY
ERR: 1054:Unknown column 'oAdCq01YzcVjLWljmeEBFcDEswEY' in 'where clause'
 [ SQL语句 ] : SELECT*
                            FROM  `evidence`  a

                            INNER JOIN `course` b

                            ON  a.course_id=b.course_id
                            WHERE a.openid=oAdCq01YzcVjLWljmeEBFcDEswEY

[ 2017-09-08T13:53:39+08:00 ] 123.151.153.121 /tpchat/index.php/Chat/User/register
INFO: [ app_init ] --START--
INFO: Run Behavior\BuildLiteBehavior [ RunTime:0.000022s ]
INFO: [ app_init ] --END-- [ RunTime:0.000168s ]
INFO: [ app_begin ] --START--
INFO: Run Behavior\ReadHtmlCacheBehavior [ RunTime:0.000077s ]
INFO: [ app_begin ] --END-- [ RunTime:0.000162s ]
SQL: SHOW COLUMNS FROM `user` [ RunTime:0.0007s ]
SQL: SHOW COLUMNS FROM `evidence` [ RunTime:0.0004s ]
SQL: SELECT*
                            FROM  `evidence`  a

                            INNER JOIN `course` b

                            ON  a.course_id=b.course_id
                            WHERE a.openid='oAdCq01YzcVjLWljmeEBFcDEswEY' [ RunTime:0.0004s ]
INFO: [ view_parse ] --START--
INFO: [ template_filter ] --START--
INFO: Run Behavior\ContentReplaceBehavior [ RunTime:0.000094s ]
INFO: [ template_filter ] --END-- [ RunTime:0.000156s ]
INFO: Run Behavior\ParseTemplateBehavior [ RunTime:0.004681s ]
INFO: [ view_parse ] --END-- [ RunTime:0.004741s ]
INFO: [ view_filter ] --START--
INFO: Run Behavior\WriteHtmlCacheBehavior [ RunTime:0.000050s ]
INFO: [ view_filter ] --END-- [ RunTime:0.000095s ]
INFO: [ app_end ] --START--
INFO: Run Behavior\ShowPageTraceBehavior [ RunTime:0.000052s ]
INFO: [ app_end ] --END-- [ RunTime:0.000099s ]

[ 2017-09-08T13:54:29+08:00 ] 123.151.153.121 /tpchat/index.php/Chat/User/register
INFO: [ app_init ] --START--
INFO: Run Behavior\BuildLiteBehavior [ RunTime:0.000014s ]
INFO: [ app_init ] --END-- [ RunTime:0.000109s ]
INFO: [ app_begin ] --START--
INFO: Run Behavior\ReadHtmlCacheBehavior [ RunTime:0.000055s ]
INFO: [ app_begin ] --END-- [ RunTime:0.000106s ]
SQL: SHOW COLUMNS FROM `user` [ RunTime:0.0007s ]
SQL: SHOW COLUMNS FROM `evidence` [ RunTime:0.0004s ]
SQL: SELECT*
                            FROM  `evidence`  a

                            INNER JOIN `course` b

                            ON  a.course_id=b.course_id
                            WHERE a.openid='oAdCq01YzcVjLWljmeEBFcDEswEY' [ RunTime:0.0003s ]
INFO: [ view_parse ] --START--
INFO: [ template_filter ] --START--
INFO: Run Behavior\ContentReplaceBehavior [ RunTime:0.000061s ]
INFO: [ template_filter ] --END-- [ RunTime:0.000119s ]
INFO: Run Behavior\ParseTemplateBehavior [ RunTime:0.004570s ]
INFO: [ view_parse ] --END-- [ RunTime:0.004629s ]
INFO: [ view_filter ] --START--
INFO: Run Behavior\WriteHtmlCacheBehavior [ RunTime:0.000045s ]
INFO: [ view_filter ] --END-- [ RunTime:0.000092s ]
INFO: [ app_end ] --START--
INFO: Run Behavior\ShowPageTraceBehavior [ RunTime:0.000066s ]
INFO: [ app_end ] --END-- [ RunTime:0.000131s ]

[ 2017-09-08T13:54:49+08:00 ] 123.151.153.121 /tpchat/index.php/Chat/User/register
INFO: [ app_init ] --START--
INFO: Run Behavior\BuildLiteBehavior [ RunTime:0.000023s ]
INFO: [ app_init ] --END-- [ RunTime:0.000176s ]
INFO: [ app_begin ] --START--
INFO: Run Behavior\ReadHtmlCacheBehavior [ RunTime:0.000081s ]
INFO: [ app_begin ] --END-- [ RunTime:0.000170s ]
SQL: SHOW COLUMNS FROM `user` [ RunTime:0.0007s ]
SQL: SHOW COLUMNS FROM `evidence` [ RunTime:0.0004s ]
SQL: SELECT*
                            FROM  `evidence`  a

                            INNER JOIN `course` b

                            ON  a.course_id=b.course_id
                            WHERE a.openid='oAdCq01YzcVjLWljmeEBFcDEswEY' [ RunTime:0.0003s ]
INFO: [ view_parse ] --START--
INFO: [ template_filter ] --START--
INFO: Run Behavior\ContentReplaceBehavior [ RunTime:0.000071s ]
INFO: [ template_filter ] --END-- [ RunTime:0.000168s ]
INFO: Run Behavior\ParseTemplateBehavior [ RunTime:0.004976s ]
INFO: [ view_parse ] --END-- [ RunTime:0.005037s ]
INFO: [ view_filter ] --START--
INFO: Run Behavior\WriteHtmlCacheBehavior [ RunTime:0.000060s ]
INFO: [ view_filter ] --END-- [ RunTime:0.000106s ]
INFO: [ app_end ] --START--
INFO: Run Behavior\ShowPageTraceBehavior [ RunTime:0.000049s ]
INFO: [ app_end ] --END-- [ RunTime:0.000096s ]

[ 2017-09-08T13:54:54+08:00 ] 123.151.153.121 /tpchat/index.php/Chat/User/register
INFO: [ app_init ] --START--
INFO: Run Behavior\BuildLiteBehavior [ RunTime:0.000016s ]
INFO: [ app_init ] --END-- [ RunTime:0.000112s ]
INFO: [ app_begin ] --START--
INFO: Run Behavior\ReadHtmlCacheBehavior [ RunTime:0.000050s ]
INFO: [ app_begin ] --END-- [ RunTime:0.000101s ]
SQL: SHOW COLUMNS FROM `user` [ RunTime:0.0007s ]
SQL: SHOW COLUMNS FROM `evidence` [ RunTime:0.0004s ]
SQL: SELECT*
                            FROM  `evidence`  a

                            INNER JOIN `course` b

                            ON  a.course_id=b.course_id
                            WHERE a.openid='oAdCq01YzcVjLWljmeEBFcDEswEY' [ RunTime:0.0003s ]
INFO: [ view_parse ] --START--
INFO: [ template_filter ] --START--
INFO: Run Behavior\ContentReplaceBehavior [ RunTime:0.000063s ]
INFO: [ template_filter ] --END-- [ RunTime:0.000122s ]
INFO: Run Behavior\ParseTemplateBehavior [ RunTime:0.004578s ]
INFO: [ view_parse ] --END-- [ RunTime:0.004637s ]
INFO: [ view_filter ] --START--
INFO: Run Behavior\WriteHtmlCacheBehavior [ RunTime:0.000047s ]
INFO: [ view_filter ] --END-- [ RunTime:0.000093s ]
INFO: [ app_end ] --START--
INFO: Run Behavior\ShowPageTraceBehavior [ RunTime:0.000050s ]
INFO: [ app_end ] --END-- [ RunTime:0.000096s ]

[ 2017-09-08T13:55:42+08:00 ] 123.151.153.121 /tpchat/index.php/Chat/User/trade
INFO: [ app_init ] --START--
INFO: Run Behavior\BuildLiteBehavior [ RunTime:0.000015s ]
INFO: [ app_init ] --END-- [ RunTime:0.000124s ]
INFO: [ app_begin ] --START--
INFO: Run Behavior\ReadHtmlCacheBehavior [ RunTime:0.000050s ]
INFO: [ app_begin ] --END-- [ RunTime:0.000100s ]
SQL: SHOW COLUMNS FROM `user` [ RunTime:0.0007s ]
SQL: SHOW COLUMNS FROM `trade` [ RunTime:0.0004s ]
SQL: SELECT*
                            FROM  `trade`  a
                            
                            INNER JOIN `course` b
                            
                            ON  a.course_id=b.course_id
                          
                            WHERE  a.openid='oAdCq01YzcVjLWljmeEBFcDEswEY' [ RunTime:0.0004s ]
INFO: [ view_parse ] --START--
INFO: [ template_filter ] --START--
INFO: Run Behavior\ContentReplaceBehavior [ RunTime:0.000070s ]
INFO: [ template_filter ] --END-- [ RunTime:0.000150s ]
NOTIC: [8] Use of undefined constant 已支付 - assumed '已支付' /mnt/tpchat/Application/Runtime/Cache/Chat/1efa3d3aee875cacf4e1049bb43e94ca.php 第 47 行.
NOTIC: [8] Use of undefined constant 已支付 - assumed '已支付' /mnt/tpchat/Application/Runtime/Cache/Chat/1efa3d3aee875cacf4e1049bb43e94ca.php 第 47 行.
NOTIC: [8] Use of undefined constant 已支付 - assumed '已支付' /mnt/tpchat/Application/Runtime/Cache/Chat/1efa3d3aee875cacf4e1049bb43e94ca.php 第 47 行.
NOTIC: [8] Use of undefined constant 已支付 - assumed '已支付' /mnt/tpchat/Application/Runtime/Cache/Chat/1efa3d3aee875cacf4e1049bb43e94ca.php 第 47 行.
NOTIC: [8] Use of undefined constant 已支付 - assumed '已支付' /mnt/tpchat/Application/Runtime/Cache/Chat/1efa3d3aee875cacf4e1049bb43e94ca.php 第 47 行.
INFO: Run Behavior\ParseTemplateBehavior [ RunTime:0.019452s ]
INFO: [ view_parse ] --END-- [ RunTime:0.019510s ]
INFO: [ view_filter ] --START--
INFO: Run Behavior\WriteHtmlCacheBehavior [ RunTime:0.000048s ]
INFO: [ view_filter ] --END-- [ RunTime:0.000094s ]
INFO: [ app_end ] --START--
INFO: Run Behavior\ShowPageTraceBehavior [ RunTime:0.000065s ]
INFO: [ app_end ] --END-- [ RunTime:0.000133s ]

[ 2017-09-08T13:55:49+08:00 ] 123.151.153.121 /tpchat/index.php/Chat/user/tradeinfo.html?trade_id=84
INFO: [ app_init ] --START--
INFO: Run Behavior\BuildLiteBehavior [ RunTime:0.000015s ]
INFO: [ app_init ] --END-- [ RunTime:0.000112s ]
INFO: [ app_begin ] --START--
INFO: Run Behavior\ReadHtmlCacheBehavior [ RunTime:0.000050s ]
INFO: [ app_begin ] --END-- [ RunTime:0.000102s ]
SQL: SHOW COLUMNS FROM `user` [ RunTime:0.0007s ]
SQL: SHOW COLUMNS FROM `trade` [ RunTime:0.0004s ]
SQL: SELECT * FROM `trade` WHERE `trade_id` = 84 LIMIT 1   [ RunTime:0.0003s ]
INFO: [ view_parse ] --START--
INFO: [ template_filter ] --START--
INFO: Run Behavior\ContentReplaceBehavior [ RunTime:0.000057s ]
INFO: [ template_filter ] --END-- [ RunTime:0.000127s ]
NOTIC: [8] Use of undefined constant 已支付 - assumed '已支付' /mnt/tpchat/Application/Runtime/Cache/Chat/334ceabf7d35c4a0d9fd5f699f73278a.php 第 41 行.
INFO: Run Behavior\ParseTemplateBehavior [ RunTime:0.019581s ]
INFO: [ view_parse ] --END-- [ RunTime:0.019708s ]
INFO: [ view_filter ] --START--
INFO: Run Behavior\WriteHtmlCacheBehavior [ RunTime:0.000099s ]
INFO: [ view_filter ] --END-- [ RunTime:0.000178s ]
INFO: [ app_end ] --START--
INFO: Run Behavior\ShowPageTraceBehavior [ RunTime:0.000080s ]
INFO: [ app_end ] --END-- [ RunTime:0.000151s ]

[ 2017-09-08T13:56:02+08:00 ] 117.185.27.113 /tpchat/index.php/Chat/user/tradeinfo.html?trade_id=84
INFO: [ app_init ] --START--
INFO: Run Behavior\BuildLiteBehavior [ RunTime:0.000015s ]
INFO: [ app_init ] --END-- [ RunTime:0.000115s ]
INFO: [ app_begin ] --START--
INFO: Run Behavior\ReadHtmlCacheBehavior [ RunTime:0.000051s ]
INFO: [ app_begin ] --END-- [ RunTime:0.000104s ]
SQL: SHOW COLUMNS FROM `user` [ RunTime:0.0007s ]
SQL: SHOW COLUMNS FROM `trade` [ RunTime:0.0004s ]
SQL: SELECT * FROM `trade` WHERE `trade_id` = 84 LIMIT 1   [ RunTime:0.0003s ]
INFO: [ view_parse ] --START--
INFO: [ template_filter ] --START--
INFO: Run Behavior\ContentReplaceBehavior [ RunTime:0.000053s ]
INFO: [ template_filter ] --END-- [ RunTime:0.000129s ]
NOTIC: [8] Use of undefined constant 已支付 - assumed '已支付' /mnt/tpchat/Application/Runtime/Cache/Chat/334ceabf7d35c4a0d9fd5f699f73278a.php 第 41 行.
INFO: Run Behavior\ParseTemplateBehavior [ RunTime:0.003822s ]
INFO: [ view_parse ] --END-- [ RunTime:0.003876s ]
INFO: [ view_filter ] --START--
INFO: Run Behavior\WriteHtmlCacheBehavior [ RunTime:0.000047s ]
INFO: [ view_filter ] --END-- [ RunTime:0.000100s ]
INFO: [ app_end ] --START--
INFO: Run Behavior\ShowPageTraceBehavior [ RunTime:0.000046s ]
INFO: [ app_end ] --END-- [ RunTime:0.000103s ]

[ 2017-09-08T13:56:11+08:00 ] 123.151.153.121 /tpchat/index.php/chat?code=061Y3Q3Q10GW881zny6Q1s1Y3Q1Y3Q3n&state=1
INFO: [ app_init ] --START--
INFO: Run Behavior\BuildLiteBehavior [ RunTime:0.000023s ]
INFO: [ app_init ] --END-- [ RunTime:0.000172s ]
INFO: [ app_begin ] --START--
INFO: Run Behavior\ReadHtmlCacheBehavior [ RunTime:0.000073s ]
INFO: [ app_begin ] --END-- [ RunTime:0.000152s ]
SQL: SHOW COLUMNS FROM `user` [ RunTime:0.0013s ]
SQL: SELECT * FROM `user` WHERE `openid` = 'oAdCq01YzcVjLWljmeEBFcDEswEY' LIMIT 1   [ RunTime:0.0006s ]
INFO: [ view_parse ] --START--
INFO: [ template_filter ] --START--
INFO: Run Behavior\ContentReplaceBehavior [ RunTime:0.000077s ]
INFO: [ template_filter ] --END-- [ RunTime:0.000138s ]
INFO: Run Behavior\ParseTemplateBehavior [ RunTime:0.005667s ]
INFO: [ view_parse ] --END-- [ RunTime:0.005750s ]
INFO: [ view_filter ] --START--
INFO: Run Behavior\WriteHtmlCacheBehavior [ RunTime:0.000047s ]
INFO: [ view_filter ] --END-- [ RunTime:0.000091s ]
INFO: [ app_end ] --START--
INFO: Run Behavior\ShowPageTraceBehavior [ RunTime:0.000055s ]
INFO: [ app_end ] --END-- [ RunTime:0.000103s ]

[ 2017-09-08T13:56:11+08:00 ] 123.151.153.121 /tpchat/index.php/Chat/Index/ajaxCourse
INFO: [ app_init ] --START--
INFO: Run Behavior\BuildLiteBehavior [ RunTime:0.000015s ]
INFO: [ app_init ] --END-- [ RunTime:0.000111s ]
INFO: [ app_begin ] --START--
INFO: Run Behavior\ReadHtmlCacheBehavior [ RunTime:0.000045s ]
INFO: [ app_begin ] --END-- [ RunTime:0.000092s ]
SQL: SHOW COLUMNS FROM `user` [ RunTime:0.0007s ]
SQL: SHOW COLUMNS FROM `course` [ RunTime:0.0005s ]
SQL: SELECT * FROM `course` LIMIT 5   [ RunTime:0.0003s ]

[ 2017-09-08T13:56:14+08:00 ] 123.151.153.121 /tpchat/index.php/Chat/user
INFO: [ app_init ] --START--
INFO: Run Behavior\BuildLiteBehavior [ RunTime:0.000025s ]
INFO: [ app_init ] --END-- [ RunTime:0.000189s ]
INFO: [ app_begin ] --START--
INFO: Run Behavior\ReadHtmlCacheBehavior [ RunTime:0.000084s ]
INFO: [ app_begin ] --END-- [ RunTime:0.000178s ]
SQL: SHOW COLUMNS FROM `user` [ RunTime:0.0010s ]
SQL: SELECT * FROM `user` WHERE `openid` = 'oAdCq01YzcVjLWljmeEBFcDEswEY' LIMIT 1   [ RunTime:0.0004s ]
INFO: [ view_parse ] --START--
INFO: [ template_filter ] --START--
INFO: Run Behavior\ContentReplaceBehavior [ RunTime:0.000058s ]
INFO: [ template_filter ] --END-- [ RunTime:0.000117s ]
INFO: Run Behavior\ParseTemplateBehavior [ RunTime:0.003957s ]
INFO: [ view_parse ] --END-- [ RunTime:0.004035s ]
INFO: [ view_filter ] --START--
INFO: Run Behavior\WriteHtmlCacheBehavior [ RunTime:0.000044s ]
INFO: [ view_filter ] --END-- [ RunTime:0.000089s ]
INFO: [ app_end ] --START--
INFO: Run Behavior\ShowPageTraceBehavior [ RunTime:0.000046s ]
INFO: [ app_end ] --END-- [ RunTime:0.000091s ]

[ 2017-09-08T13:56:16+08:00 ] 123.151.153.121 /tpchat/index.php/Chat/User/register
INFO: [ app_init ] --START--
INFO: Run Behavior\BuildLiteBehavior [ RunTime:0.000025s ]
INFO: [ app_init ] --END-- [ RunTime:0.000242s ]
INFO: [ app_begin ] --START--
INFO: Run Behavior\ReadHtmlCacheBehavior [ RunTime:0.000086s ]
INFO: [ app_begin ] --END-- [ RunTime:0.000176s ]
SQL: SHOW COLUMNS FROM `user` [ RunTime:0.0007s ]
SQL: SHOW COLUMNS FROM `evidence` [ RunTime:0.0005s ]
SQL: SELECT*
                            FROM  `evidence`  a

                            INNER JOIN `course` b

                            ON  a.course_id=b.course_id
                            WHERE a.openid='oAdCq01YzcVjLWljmeEBFcDEswEY' [ RunTime:0.0004s ]
INFO: [ view_parse ] --START--
INFO: [ template_filter ] --START--
INFO: Run Behavior\ContentReplaceBehavior [ RunTime:0.000064s ]
INFO: [ template_filter ] --END-- [ RunTime:0.000123s ]
NOTIC: [8] Undefined index: trade_id /mnt/tpchat/Application/Runtime/Cache/Chat/eccd26058f9d62c1b339eb6490956b0f.php 第 40 行.
NOTIC: [8] Undefined index: final_price /mnt/tpchat/Application/Runtime/Cache/Chat/eccd26058f9d62c1b339eb6490956b0f.php 第 48 行.
NOTIC: [8] Undefined index: trade_createtime /mnt/tpchat/Application/Runtime/Cache/Chat/eccd26058f9d62c1b339eb6490956b0f.php 第 49 行.
INFO: Run Behavior\ParseTemplateBehavior [ RunTime:0.004743s ]
INFO: [ view_parse ] --END-- [ RunTime:0.004797s ]
INFO: [ view_filter ] --START--
INFO: Run Behavior\WriteHtmlCacheBehavior [ RunTime:0.000060s ]
INFO: [ view_filter ] --END-- [ RunTime:0.000120s ]
INFO: [ app_end ] --START--
INFO: Run Behavior\ShowPageTraceBehavior [ RunTime:0.000047s ]
INFO: [ app_end ] --END-- [ RunTime:0.000093s ]

[ 2017-09-08T13:56:34+08:00 ] 123.151.153.121 /tpchat/index.php/Chat/User/register
INFO: [ app_init ] --START--
INFO: Run Behavior\BuildLiteBehavior [ RunTime:0.000022s ]
INFO: [ app_init ] --END-- [ RunTime:0.000171s ]
INFO: [ app_begin ] --START--
INFO: Run Behavior\ReadHtmlCacheBehavior [ RunTime:0.000101s ]
INFO: [ app_begin ] --END-- [ RunTime:0.000185s ]
SQL: SHOW COLUMNS FROM `user` [ RunTime:0.0007s ]
SQL: SHOW COLUMNS FROM `evidence` [ RunTime:0.0004s ]
SQL: SELECT*
                            FROM  `evidence`  a

                            INNER JOIN `course` b

                            ON  a.course_id=b.course_id
                            WHERE a.openid='oAdCq01YzcVjLWljmeEBFcDEswEY' [ RunTime:0.0004s ]
INFO: [ view_parse ] --START--
INFO: [ template_filter ] --START--
INFO: Run Behavior\ContentReplaceBehavior [ RunTime:0.000060s ]
INFO: [ template_filter ] --END-- [ RunTime:0.000120s ]
NOTIC: [8] Undefined index: trade_id /mnt/tpchat/Application/Runtime/Cache/Chat/eccd26058f9d62c1b339eb6490956b0f.php 第 40 行.
NOTIC: [8] Undefined index: final_price /mnt/tpchat/Application/Runtime/Cache/Chat/eccd26058f9d62c1b339eb6490956b0f.php 第 48 行.
NOTIC: [8] Undefined index: trade_createtime /mnt/tpchat/Application/Runtime/Cache/Chat/eccd26058f9d62c1b339eb6490956b0f.php 第 49 行.
INFO: Run Behavior\ParseTemplateBehavior [ RunTime:0.004696s ]
INFO: [ view_parse ] --END-- [ RunTime:0.004750s ]
INFO: [ view_filter ] --START--
INFO: Run Behavior\WriteHtmlCacheBehavior [ RunTime:0.000044s ]
INFO: [ view_filter ] --END-- [ RunTime:0.000088s ]
INFO: [ app_end ] --START--
INFO: Run Behavior\ShowPageTraceBehavior [ RunTime:0.000045s ]
INFO: [ app_end ] --END-- [ RunTime:0.000090s ]

[ 2017-09-08T13:57:34+08:00 ] 123.151.153.121 /tpchat/index.php/Chat/log
INFO: [ app_init ] --START--
INFO: Run Behavior\BuildLiteBehavior [ RunTime:0.000015s ]
INFO: [ app_init ] --END-- [ RunTime:0.000113s ]
INFO: [ app_begin ] --START--
INFO: Run Behavior\ReadHtmlCacheBehavior [ RunTime:0.000051s ]
INFO: [ app_begin ] --END-- [ RunTime:0.000102s ]
SQL: SHOW COLUMNS FROM `user` [ RunTime:0.0007s ]
SQL: SHOW COLUMNS FROM `log` [ RunTime:0.0004s ]
SQL: SELECT * FROM `log` WHERE ( `openid` = '' OR `openid` = 'oAdCq01YzcVjLWljmeEBFcDEswEY' )  [ RunTime:0.0003s ]
INFO: [ view_parse ] --START--
INFO: [ template_filter ] --START--
INFO: Run Behavior\ContentReplaceBehavior [ RunTime:0.000056s ]
INFO: [ template_filter ] --END-- [ RunTime:0.000115s ]
NOTIC: [8] Use of undefined constant openid - assumed 'openid' /mnt/tpchat/Application/Runtime/Cache/Chat/c5245a165cd888012fb49a33a2971e66.php 第 39 行.
NOTIC: [8] Use of undefined constant openid - assumed 'openid' /mnt/tpchat/Application/Runtime/Cache/Chat/c5245a165cd888012fb49a33a2971e66.php 第 39 行.
NOTIC: [8] Use of undefined constant openid - assumed 'openid' /mnt/tpchat/Application/Runtime/Cache/Chat/c5245a165cd888012fb49a33a2971e66.php 第 39 行.
NOTIC: [8] Use of undefined constant openid - assumed 'openid' /mnt/tpchat/Application/Runtime/Cache/Chat/c5245a165cd888012fb49a33a2971e66.php 第 39 行.
NOTIC: [8] Use of undefined constant openid - assumed 'openid' /mnt/tpchat/Application/Runtime/Cache/Chat/c5245a165cd888012fb49a33a2971e66.php 第 39 行.
NOTIC: [8] Use of undefined constant openid - assumed 'openid' /mnt/tpchat/Application/Runtime/Cache/Chat/c5245a165cd888012fb49a33a2971e66.php 第 39 行.
INFO: Run Behavior\ParseTemplateBehavior [ RunTime:0.004429s ]
INFO: [ view_parse ] --END-- [ RunTime:0.004484s ]
INFO: [ view_filter ] --START--
INFO: Run Behavior\WriteHtmlCacheBehavior [ RunTime:0.000046s ]
INFO: [ view_filter ] --END-- [ RunTime:0.000096s ]
INFO: [ app_end ] --START--
INFO: Run Behavior\ShowPageTraceBehavior [ RunTime:0.000046s ]
INFO: [ app_end ] --END-- [ RunTime:0.000093s ]

[ 2017-09-08T13:57:35+08:00 ] 123.151.153.121 /tpchat/index.php/Chat/user
INFO: [ app_init ] --START--
INFO: Run Behavior\BuildLiteBehavior [ RunTime:0.000015s ]
INFO: [ app_init ] --END-- [ RunTime:0.000109s ]
INFO: [ app_begin ] --START--
INFO: Run Behavior\ReadHtmlCacheBehavior [ RunTime:0.000052s ]
INFO: [ app_begin ] --END-- [ RunTime:0.000107s ]
SQL: SHOW COLUMNS FROM `user` [ RunTime:0.0007s ]
SQL: SELECT * FROM `user` WHERE `openid` = 'oAdCq01YzcVjLWljmeEBFcDEswEY' LIMIT 1   [ RunTime:0.0003s ]
INFO: [ view_parse ] --START--
INFO: [ template_filter ] --START--
INFO: Run Behavior\ContentReplaceBehavior [ RunTime:0.000060s ]
INFO: [ template_filter ] --END-- [ RunTime:0.000127s ]
INFO: Run Behavior\ParseTemplateBehavior [ RunTime:0.003740s ]
INFO: [ view_parse ] --END-- [ RunTime:0.003797s ]
INFO: [ view_filter ] --START--
INFO: Run Behavior\WriteHtmlCacheBehavior [ RunTime:0.000045s ]
INFO: [ view_filter ] --END-- [ RunTime:0.000090s ]
INFO: [ app_end ] --START--
INFO: Run Behavior\ShowPageTraceBehavior [ RunTime:0.000046s ]
INFO: [ app_end ] --END-- [ RunTime:0.000091s ]

[ 2017-09-08T13:57:36+08:00 ] 123.151.153.121 /tpchat/index.php/Chat/User/register
INFO: [ app_init ] --START--
INFO: Run Behavior\BuildLiteBehavior [ RunTime:0.000022s ]
INFO: [ app_init ] --END-- [ RunTime:0.000170s ]
INFO: [ app_begin ] --START--
INFO: Run Behavior\ReadHtmlCacheBehavior [ RunTime:0.000053s ]
INFO: [ app_begin ] --END-- [ RunTime:0.000149s ]
SQL: SHOW COLUMNS FROM `user` [ RunTime:0.0007s ]
SQL: SHOW COLUMNS FROM `evidence` [ RunTime:0.0004s ]
SQL: SELECT*
                            FROM  `evidence`  a

                            INNER JOIN `course` b

                            ON  a.course_id=b.course_id
                            WHERE a.openid='oAdCq01YzcVjLWljmeEBFcDEswEY' [ RunTime:0.0004s ]
INFO: [ view_parse ] --START--
INFO: [ template_filter ] --START--
INFO: Run Behavior\ContentReplaceBehavior [ RunTime:0.000062s ]
INFO: [ template_filter ] --END-- [ RunTime:0.000127s ]
NOTIC: [8] Undefined index: trade_id /mnt/tpchat/Application/Runtime/Cache/Chat/eccd26058f9d62c1b339eb6490956b0f.php 第 37 行.
NOTIC: [8] Undefined index: course_createime /mnt/tpchat/Application/Runtime/Cache/Chat/eccd26058f9d62c1b339eb6490956b0f.php 第 46 行.
INFO: Run Behavior\ParseTemplateBehavior [ RunTime:0.004635s ]
INFO: [ view_parse ] --END-- [ RunTime:0.004689s ]
INFO: [ view_filter ] --START--
INFO: Run Behavior\WriteHtmlCacheBehavior [ RunTime:0.000099s ]
INFO: [ view_filter ] --END-- [ RunTime:0.000192s ]
INFO: [ app_end ] --START--
INFO: Run Behavior\ShowPageTraceBehavior [ RunTime:0.000056s ]
INFO: [ app_end ] --END-- [ RunTime:0.000109s ]

[ 2017-09-08T13:57:48+08:00 ] 117.185.27.115 /tpchat/index.php/Chat/log
INFO: [ app_init ] --START--
INFO: Run Behavior\BuildLiteBehavior [ RunTime:0.000015s ]
INFO: [ app_init ] --END-- [ RunTime:0.000112s ]
INFO: [ app_begin ] --START--
INFO: Run Behavior\ReadHtmlCacheBehavior [ RunTime:0.000050s ]
INFO: [ app_begin ] --END-- [ RunTime:0.000101s ]
SQL: SHOW COLUMNS FROM `user` [ RunTime:0.0007s ]
NOTIC: [2] array_reverse() expects parameter 1 to be array, boolean given /mnt/tpchat/Application/Chat/Controller/LogController.class.php 第 12 行.
INFO: [ view_parse ] --START--
INFO: [ template_filter ] --START--
INFO: Run Behavior\ContentReplaceBehavior [ RunTime:0.000058s ]
INFO: [ template_filter ] --END-- [ RunTime:0.000123s ]
INFO: Run Behavior\ParseTemplateBehavior [ RunTime:0.004162s ]
INFO: [ view_parse ] --END-- [ RunTime:0.004220s ]
INFO: [ view_filter ] --START--
INFO: Run Behavior\WriteHtmlCacheBehavior [ RunTime:0.000048s ]
INFO: [ view_filter ] --END-- [ RunTime:0.000093s ]
INFO: [ app_end ] --START--
INFO: Run Behavior\ShowPageTraceBehavior [ RunTime:0.000045s ]
INFO: [ app_end ] --END-- [ RunTime:0.000121s ]

[ 2017-09-08T13:58:05+08:00 ] 123.151.153.121 /tpchat/index.php/Chat/User/register
INFO: [ app_init ] --START--
INFO: Run Behavior\BuildLiteBehavior [ RunTime:0.000015s ]
INFO: [ app_init ] --END-- [ RunTime:0.000114s ]
INFO: [ app_begin ] --START--
INFO: Run Behavior\ReadHtmlCacheBehavior [ RunTime:0.000050s ]
INFO: [ app_begin ] --END-- [ RunTime:0.000102s ]
SQL: SHOW COLUMNS FROM `user` [ RunTime:0.0007s ]
SQL: SHOW COLUMNS FROM `evidence` [ RunTime:0.0004s ]
SQL: SELECT*
                            FROM  `evidence`  a

                            INNER JOIN `course` b

                            ON  a.course_id=b.course_id
                            WHERE a.openid='oAdCq01YzcVjLWljmeEBFcDEswEY' [ RunTime:0.0004s ]
INFO: [ view_parse ] --START--
INFO: [ template_filter ] --START--
INFO: Run Behavior\ContentReplaceBehavior [ RunTime:0.000062s ]
INFO: [ template_filter ] --END-- [ RunTime:0.000122s ]
NOTIC: [8] Undefined index: trade_id /mnt/tpchat/Application/Runtime/Cache/Chat/eccd26058f9d62c1b339eb6490956b0f.php 第 40 行.
NOTIC: [8] Undefined index: createime /mnt/tpchat/Application/Runtime/Cache/Chat/eccd26058f9d62c1b339eb6490956b0f.php 第 50 行.
INFO: Run Behavior\ParseTemplateBehavior [ RunTime:0.004705s ]
INFO: [ view_parse ] --END-- [ RunTime:0.004757s ]
INFO: [ view_filter ] --START--
INFO: Run Behavior\WriteHtmlCacheBehavior [ RunTime:0.000046s ]
INFO: [ view_filter ] --END-- [ RunTime:0.000091s ]
INFO: [ app_end ] --START--
INFO: Run Behavior\ShowPageTraceBehavior [ RunTime:0.000059s ]
INFO: [ app_end ] --END-- [ RunTime:0.000118s ]

[ 2017-09-08T13:58:50+08:00 ] 123.151.153.121 /tpchat/index.php/Chat/User/register
INFO: [ app_init ] --START--
INFO: Run Behavior\BuildLiteBehavior [ RunTime:0.000015s ]
INFO: [ app_init ] --END-- [ RunTime:0.000111s ]
INFO: [ app_begin ] --START--
INFO: Run Behavior\ReadHtmlCacheBehavior [ RunTime:0.000050s ]
INFO: [ app_begin ] --END-- [ RunTime:0.000102s ]
SQL: SHOW COLUMNS FROM `user` [ RunTime:0.0007s ]
SQL: SHOW COLUMNS FROM `evidence` [ RunTime:0.0004s ]
SQL: SELECT*
                            FROM  `evidence`  a

                            INNER JOIN `course` b

                            ON  a.course_id=b.course_id
                            WHERE a.openid='oAdCq01YzcVjLWljmeEBFcDEswEY' [ RunTime:0.0004s ]
INFO: [ view_parse ] --START--
INFO: [ template_filter ] --START--
INFO: Run Behavior\ContentReplaceBehavior [ RunTime:0.000062s ]
INFO: [ template_filter ] --END-- [ RunTime:0.000121s ]
NOTIC: [8] Undefined index: trade_id /mnt/tpchat/Application/Runtime/Cache/Chat/eccd26058f9d62c1b339eb6490956b0f.php 第 40 行.
INFO: Run Behavior\ParseTemplateBehavior [ RunTime:0.004546s ]
INFO: [ view_parse ] --END-- [ RunTime:0.004600s ]
INFO: [ view_filter ] --START--
INFO: Run Behavior\WriteHtmlCacheBehavior [ RunTime:0.000046s ]
INFO: [ view_filter ] --END-- [ RunTime:0.000092s ]
INFO: [ app_end ] --START--
INFO: Run Behavior\ShowPageTraceBehavior [ RunTime:0.000052s ]
INFO: [ app_end ] --END-- [ RunTime:0.000098s ]

