[ 2017-09-06T23:21:56+08:00 ] 123.151.153.121 /tpchat/index.php/__CONTROLLER__/course/courseid/21/aid/oAdCq01YzcVjLWljmeEBFcDEswEY
INFO: [ app_init ] --START--
INFO: Run Behavior\BuildLiteBehavior [ RunTime:0.000015s ]
INFO: [ app_init ] --END-- [ RunTime:0.000117s ]
ERR: 无法加载模块:__CONTROLLER__

[ 2017-09-06T23:22:01+08:00 ] 123.151.153.121 /tpchat/index.php/__CONTROLLER__/course/courseid/12/aid/oAdCq01YzcVjLWljmeEBFcDEswEY
INFO: [ app_init ] --START--
INFO: Run Behavior\BuildLiteBehavior [ RunTime:0.000023s ]
INFO: [ app_init ] --END-- [ RunTime:0.000170s ]
ERR: 无法加载模块:__CONTROLLER__

[ 2017-09-06T23:22:06+08:00 ] 117.185.27.115 /tpchat/index.php/__CONTROLLER__/course/courseid/21/aid/oAdCq01YzcVjLWljmeEBFcDEswEY
INFO: [ app_init ] --START--
INFO: Run Behavior\BuildLiteBehavior [ RunTime:0.000015s ]
INFO: [ app_init ] --END-- [ RunTime:0.000138s ]
ERR: 无法加载模块:__CONTROLLER__

[ 2017-09-06T23:22:11+08:00 ] 117.185.27.113 /tpchat/index.php/__CONTROLLER__/course/courseid/12/aid/oAdCq01YzcVjLWljmeEBFcDEswEY
INFO: [ app_init ] --START--
INFO: Run Behavior\BuildLiteBehavior [ RunTime:0.000014s ]
INFO: [ app_init ] --END-- [ RunTime:0.000116s ]
ERR: 无法加载模块:__CONTROLLER__

[ 2017-09-06T23:29:45+08:00 ] 123.151.153.121 /tpchat/index.php/course/courseid/12/aid/oAdCq01YzcVjLWljmeEBFcDEswEY
INFO: [ app_init ] --START--
INFO: Run Behavior\BuildLiteBehavior [ RunTime:0.000015s ]
INFO: [ app_init ] --END-- [ RunTime:0.000112s ]
ERR: 无法加载模块:Course

[ 2017-09-06T23:29:51+08:00 ] 117.118.2.141 /tpchat/index.php/course/courseid/12/aid/
INFO: [ app_init ] --START--
INFO: Run Behavior\BuildLiteBehavior [ RunTime:0.000021s ]
INFO: [ app_init ] --END-- [ RunTime:0.000174s ]
ERR: 无法加载模块:Course

[ 2017-09-06T23:30:15+08:00 ] 117.118.2.141 /tpchat/index.php/index/course/courseid/12/aid/
INFO: [ app_init ] --START--
INFO: Run Behavior\BuildLiteBehavior [ RunTime:0.000027s ]
INFO: [ app_init ] --END-- [ RunTime:0.000214s ]
ERR: 无法加载模块:Index

[ 2017-09-06T23:31:42+08:00 ] 117.118.2.141 /tpchat/index.php/index.php/chat/index/course/courseid/12/aid/
INFO: [ app_init ] --START--
INFO: Run Behavior\BuildLiteBehavior [ RunTime:0.000016s ]
INFO: [ app_init ] --END-- [ RunTime:0.000115s ]
ERR: 无法加载模块:Index.php

