[ 2017-09-18T00:24:29+08:00 ] 123.151.153.121 /tpchat/index.php/www.baidu.com
INFO: [ app_init ] --START--
INFO: Run Behavior\BuildLiteBehavior [ RunTime:0.000015s ]
INFO: [ app_init ] --END-- [ RunTime:0.000114s ]
ERR: 无法加载模块:Www.baidu

[ 2017-09-18T00:24:39+08:00 ] 117.185.27.115 /tpchat/index.php/www.baidu.com
INFO: [ app_init ] --START--
INFO: Run Behavior\BuildLiteBehavior [ RunTime:0.000012s ]
INFO: [ app_init ] --END-- [ RunTime:0.000091s ]
ERR: 无法加载模块:Www.baidu

[ 2017-09-18T00:24:40+08:00 ] 101.226.33.204 /tpchat/index.php/www.baidu.com
INFO: [ app_init ] --START--
INFO: Run Behavior\BuildLiteBehavior [ RunTime:0.000016s ]
INFO: [ app_init ] --END-- [ RunTime:0.000112s ]
ERR: 无法加载模块:Www.baidu

[ 2017-09-18T10:33:25+08:00 ] 123.151.153.121 /tpchat/index.php/www.baidu.com
INFO: [ app_init ] --START--
INFO: Run Behavior\BuildLiteBehavior [ RunTime:0.000025s ]
INFO: [ app_init ] --END-- [ RunTime:0.000189s ]
ERR: 无法加载模块:Www.baidu

[ 2017-09-18T10:33:48+08:00 ] 101.226.65.102 /tpchat/index.php/www.baidu.com
INFO: [ app_init ] --START--
INFO: Run Behavior\BuildLiteBehavior [ RunTime:0.000015s ]
INFO: [ app_init ] --END-- [ RunTime:0.000110s ]
ERR: 无法加载模块:Www.baidu

[ 2017-09-18T18:08:04+08:00 ] 123.151.138.100 /tpchat/index.php/www.baidu.com
INFO: [ app_init ] --START--
INFO: Run Behavior\BuildLiteBehavior [ RunTime:0.000015s ]
INFO: [ app_init ] --END-- [ RunTime:0.000110s ]
ERR: 无法加载模块:Www.baidu

[ 2017-09-18T18:08:11+08:00 ] 111.161.57.68 /tpchat/index.php/www.baidu.com
INFO: [ app_init ] --START--
INFO: Run Behavior\BuildLiteBehavior [ RunTime:0.000019s ]
INFO: [ app_init ] --END-- [ RunTime:0.000144s ]
ERR: 无法加载模块:Www.baidu

[ 2017-09-18T18:11:39+08:00 ] 183.61.51.179 /tpchat/index.php/www.baidu.com
INFO: [ app_init ] --START--
INFO: Run Behavior\BuildLiteBehavior [ RunTime:0.000019s ]
INFO: [ app_init ] --END-- [ RunTime:0.000139s ]
ERR: 无法加载模块:Www.baidu

[ 2017-09-18T23:14:25+08:00 ] 223.72.89.196 /tpchat/index.php/chat&response_type=code&scope=snsapi_userinfo&state=1&connect_redirect=1
INFO: [ app_init ] --START--
INFO: Run Behavior\BuildLiteBehavior [ RunTime:0.000016s ]
INFO: [ app_init ] --END-- [ RunTime:0.000118s ]
ERR: 无法加载模块:Chat&response_type=code&scope=snsapi_userinfo&state=1&connect_redirect=1

