[ 2017-09-17T22:38:02+08:00 ] 218.249.50.77 /tpchat/index.php/index/course?courseid=12
INFO: [ app_init ] --START--
INFO: Run Behavior\BuildLiteBehavior [ RunTime:0.000015s ]
INFO: [ app_init ] --END-- [ RunTime:0.000118s ]
ERR: 无法加载模块:Index

[ 2017-09-17T22:38:12+08:00 ] 218.249.50.77 /tpchat/index.php/course?courseid=12
INFO: [ app_init ] --START--
INFO: Run Behavior\BuildLiteBehavior [ RunTime:0.000015s ]
INFO: [ app_init ] --END-- [ RunTime:0.000110s ]
ERR: 无法加载模块:Course

[ 2017-09-17T22:38:27+08:00 ] 218.249.50.77 /tpchat/index.php/index/course?courseid=12
INFO: [ app_init ] --START--
INFO: Run Behavior\BuildLiteBehavior [ RunTime:0.000015s ]
INFO: [ app_init ] --END-- [ RunTime:0.000114s ]
ERR: 无法加载模块:Index

[ 2017-09-17T22:38:28+08:00 ] 218.249.50.77 /tpchat/index.php/index/course?courseid=1chat2
INFO: [ app_init ] --START--
INFO: Run Behavior\BuildLiteBehavior [ RunTime:0.000015s ]
INFO: [ app_init ] --END-- [ RunTime:0.000111s ]
ERR: 无法加载模块:Index

[ 2017-09-17T22:38:35+08:00 ] 218.249.50.77 /tpchat/index.php%E3%80%81chat/index/course?courseid=12
INFO: [ app_init ] --START--
INFO: Run Behavior\BuildLiteBehavior [ RunTime:0.000023s ]
INFO: [ app_init ] --END-- [ RunTime:0.000141s ]
ERR: 无法加载模块:、chat

[ 2017-09-17T22:38:44+08:00 ] 218.249.50.77 /tpchat/index.php/chatt/index/course?courseid=12
INFO: [ app_init ] --START--
INFO: Run Behavior\BuildLiteBehavior [ RunTime:0.000016s ]
INFO: [ app_init ] --END-- [ RunTime:0.000112s ]
ERR: 无法加载模块:Chatt

[ 2017-09-17T23:54:30+08:00 ] 218.249.50.77 /tpchat/index.php/tpchat/Public/upload/image+
INFO: [ app_init ] --START--
INFO: Run Behavior\BuildLiteBehavior [ RunTime:0.000016s ]
INFO: [ app_init ] --END-- [ RunTime:0.000113s ]
ERR: 无法加载模块:Tpchat

[ 2017-09-17T23:54:34+08:00 ] 218.249.50.77 /tpchat/index.php/tpchat/Public/upload/image/logo.jpg
INFO: [ app_init ] --START--
INFO: Run Behavior\BuildLiteBehavior [ RunTime:0.000015s ]
INFO: [ app_init ] --END-- [ RunTime:0.000113s ]
ERR: 无法加载模块:Tpchat

[ 2017-09-17T23:54:35+08:00 ] 218.249.50.77 /tpchat/index.php/tpchat/Public/upload/image/logo.jpg
INFO: [ app_init ] --START--
INFO: Run Behavior\BuildLiteBehavior [ RunTime:0.000015s ]
INFO: [ app_init ] --END-- [ RunTime:0.000112s ]
ERR: 无法加载模块:Tpchat

[ 2017-09-17T23:54:39+08:00 ] 218.249.50.77 /tpchat/index.php/Public/upload/image/logo.jpg
INFO: [ app_init ] --START--
INFO: Run Behavior\BuildLiteBehavior [ RunTime:0.000025s ]
INFO: [ app_init ] --END-- [ RunTime:0.000191s ]
ERR: 无法加载模块:Public

