[ 2017-09-10T18:41:28+08:00 ] 123.151.153.121 /tpchat/index.php/user?code=061uTO9R0qDHyb2XQHaR0MOD9R0uTO9W&state=1
INFO: [ app_init ] --START--
INFO: Run Behavior\BuildLiteBehavior [ RunTime:0.000015s ]
INFO: [ app_init ] --END-- [ RunTime:0.000114s ]
ERR: 无法加载模块:User

[ 2017-09-10T18:41:36+08:00 ] 117.185.27.113 /tpchat/index.php/user
INFO: [ app_init ] --START--
INFO: Run Behavior\BuildLiteBehavior [ RunTime:0.000015s ]
INFO: [ app_init ] --END-- [ RunTime:0.000115s ]
ERR: 无法加载模块:User

[ 2017-09-10T18:42:36+08:00 ] 117.118.2.141 /tpchat/index.php/user
INFO: [ app_init ] --START--
INFO: Run Behavior\BuildLiteBehavior [ RunTime:0.000016s ]
INFO: [ app_init ] --END-- [ RunTime:0.000115s ]
ERR: 无法加载模块:User

[ 2017-09-10T18:52:45+08:00 ] 117.118.2.141 /tpchat/index.php/user/trade&response_type=code&scope=snsapi_userinfo&state=1&connect_redirect=1
INFO: [ app_init ] --START--
INFO: Run Behavior\BuildLiteBehavior [ RunTime:0.000015s ]
INFO: [ app_init ] --END-- [ RunTime:0.000115s ]
ERR: 无法加载模块:User

