[ 2017-08-14T13:51:19+08:00 ] 123.120.81.210 /tpchat/index.html
INFO: [ app_init ] --START--
INFO: Run Behavior\BuildLiteBehavior [ RunTime:0.000015s ]
INFO: [ app_init ] --END-- [ RunTime:0.000115s ]
ERR: 无法加载模块:Index

[ 2017-08-14T14:38:29+08:00 ] 123.120.81.210 /CloudStorage/main.py
INFO: [ app_init ] --START--
INFO: Run Behavior\BuildLiteBehavior [ RunTime:0.000015s ]
INFO: [ app_init ] --END-- [ RunTime:0.000120s ]
ERR: 无法加载模块:Main

[ 2017-08-14T14:48:35+08:00 ] 123.120.81.210 /tpchat/MP_verify_LjX7uR7vkjvg7Kij.txt
INFO: [ app_init ] --START--
INFO: Run Behavior\BuildLiteBehavior [ RunTime:0.000020s ]
INFO: [ app_init ] --END-- [ RunTime:0.000138s ]
ERR: 无法加载模块:MP_verify_LjX7uR7vkjvg7Kij

[ 2017-08-14T14:52:26+08:00 ] 123.120.81.210 /tpchat/MP_verify_LjX7uR7vkjvg7Kij.txt
INFO: [ app_init ] --START--
INFO: Run Behavior\BuildLiteBehavior [ RunTime:0.000015s ]
INFO: [ app_init ] --END-- [ RunTime:0.000109s ]
ERR: 无法加载模块:MP_verify_LjX7uR7vkjvg7Kij

[ 2017-08-14T14:52:38+08:00 ] 123.120.81.210 /tpchat/MP_verify_LjX7uR7vkjvg7Kij.txt
INFO: [ app_init ] --START--
INFO: Run Behavior\BuildLiteBehavior [ RunTime:0.000015s ]
INFO: [ app_init ] --END-- [ RunTime:0.000113s ]
ERR: 无法加载模块:MP_verify_LjX7uR7vkjvg7Kij

[ 2017-08-14T14:54:35+08:00 ] 101.226.233.144 /tpchat/MP_verify_LjX7uR7vkjvg7Kij.txt
INFO: [ app_init ] --START--
INFO: Run Behavior\BuildLiteBehavior [ RunTime:0.000015s ]
INFO: [ app_init ] --END-- [ RunTime:0.000115s ]
ERR: 无法加载模块:MP_verify_LjX7uR7vkjvg7Kij

[ 2017-08-14T14:54:53+08:00 ] 101.226.233.139 /tpchat/MP_verify_LjX7uR7vkjvg7Kij.txt
INFO: [ app_init ] --START--
INFO: Run Behavior\BuildLiteBehavior [ RunTime:0.000015s ]
INFO: [ app_init ] --END-- [ RunTime:0.000144s ]
ERR: 无法加载模块:MP_verify_LjX7uR7vkjvg7Kij

[ 2017-08-14T14:55:02+08:00 ] 101.226.233.153 /tpchat/MP_verify_LjX7uR7vkjvg7Kij.txt
INFO: [ app_init ] --START--
INFO: Run Behavior\BuildLiteBehavior [ RunTime:0.000016s ]
INFO: [ app_init ] --END-- [ RunTime:0.000114s ]
ERR: 无法加载模块:MP_verify_LjX7uR7vkjvg7Kij

[ 2017-08-14T14:59:15+08:00 ] 101.226.233.154 /tpchat/access/MP_verify_LjX7uR7vkjvg7Kij.txt
INFO: [ app_init ] --START--
INFO: Run Behavior\BuildLiteBehavior [ RunTime:0.000016s ]
INFO: [ app_init ] --END-- [ RunTime:0.000163s ]
ERR: 无法加载模块:Access

[ 2017-08-14T15:01:39+08:00 ] 101.226.233.148 /tpchat/access/MP_verify_LjX7uR7vkjvg7Kij.txt
INFO: [ app_init ] --START--
INFO: Run Behavior\BuildLiteBehavior [ RunTime:0.000015s ]
INFO: [ app_init ] --END-- [ RunTime:0.000140s ]
ERR: 无法加载模块:Access

[ 2017-08-14T15:02:14+08:00 ] 123.120.81.210 /tpchat/common
INFO: [ app_init ] --START--
INFO: Run Behavior\BuildLiteBehavior [ RunTime:0.000015s ]
INFO: [ app_init ] --END-- [ RunTime:0.000115s ]
ERR: 无法加载模块:Common

[ 2017-08-14T15:04:14+08:00 ] 123.120.81.210 /tpchat/pulic
INFO: [ app_init ] --START--
INFO: Run Behavior\BuildLiteBehavior [ RunTime:0.000015s ]
INFO: [ app_init ] --END-- [ RunTime:0.000112s ]
ERR: 无法加载模块:Pulic

[ 2017-08-14T15:05:43+08:00 ] 123.120.81.210 /tpchat/pulic
INFO: [ app_init ] --START--
INFO: Run Behavior\BuildLiteBehavior [ RunTime:0.000015s ]
INFO: [ app_init ] --END-- [ RunTime:0.000111s ]
ERR: 无法加载模块:Pulic

