[ 2018-03-11T15:54:12+08:00 ] ::1 /tpchat_git/Public/bootstrap/css/bootstrap.css
INFO: [ app_init ] --START--
INFO: Run Behavior\BuildLiteBehavior [ RunTime:0.000011s ]
INFO: [ app_init ] --END-- [ RunTime:0.000303s ]
ERR: 无法加载模块:Public

[ 2018-03-11T15:54:12+08:00 ] ::1 /tpchat_git/Public/bootstrap/js/bootstrap.js
INFO: [ app_init ] --START--
INFO: Run Behavior\BuildLiteBehavior [ RunTime:0.000017s ]
INFO: [ app_init ] --END-- [ RunTime:0.000384s ]
ERR: 无法加载模块:Public

[ 2018-03-11T15:54:17+08:00 ] ::1 /tpchat_git/Public/bootstrap/js/bootstrap.js
INFO: [ app_init ] --START--
INFO: Run Behavior\BuildLiteBehavior [ RunTime:0.000010s ]
INFO: [ app_init ] --END-- [ RunTime:0.000240s ]
ERR: 无法加载模块:Public

[ 2018-03-11T15:54:17+08:00 ] ::1 /tpchat_git/Public/bootstrap/css/bootstrap.css
INFO: [ app_init ] --START--
INFO: Run Behavior\BuildLiteBehavior [ RunTime:0.000012s ]
INFO: [ app_init ] --END-- [ RunTime:0.000283s ]
ERR: 无法加载模块:Public

[ 2018-03-11T15:54:19+08:00 ] ::1 /tpchat_git/Public/bootstrap/css/bootstrap.css
INFO: [ app_init ] --START--
INFO: Run Behavior\BuildLiteBehavior [ RunTime:0.000015s ]
INFO: [ app_init ] --END-- [ RunTime:0.000344s ]
ERR: 无法加载模块:Public

[ 2018-03-11T15:56:40+08:00 ] ::1 /tpchat_git/index.php/tpchat/Public/css/vendors.css
INFO: [ app_init ] --START--
INFO: Run Behavior\BuildLiteBehavior [ RunTime:0.000014s ]
INFO: [ app_init ] --END-- [ RunTime:0.000326s ]
ERR: 无法加载模块:Tpchat

[ 2018-03-11T15:56:40+08:00 ] ::1 /tpchat_git/index.php/tpchat/Public/img/class_nor.png
INFO: [ app_init ] --START--
INFO: Run Behavior\BuildLiteBehavior [ RunTime:0.000019s ]
INFO: [ app_init ] --END-- [ RunTime:0.000550s ]
ERR: 无法加载模块:Tpchat

[ 2018-03-11T15:56:40+08:00 ] ::1 /tpchat_git/index.php/tpchat/Public/img/speech_down.png
INFO: [ app_init ] --START--
INFO: Run Behavior\BuildLiteBehavior [ RunTime:0.000018s ]
INFO: [ app_init ] --END-- [ RunTime:0.000436s ]
ERR: 无法加载模块:Tpchat

[ 2018-03-11T15:56:40+08:00 ] ::1 /tpchat_git/index.php/tpchat/Application/Admin/Public/up/2017-09-25/59c88e1f79cb4.jpg
INFO: [ app_init ] --START--
INFO: Run Behavior\BuildLiteBehavior [ RunTime:0.000019s ]
INFO: [ app_init ] --END-- [ RunTime:0.000470s ]
ERR: 无法加载模块:Tpchat

[ 2018-03-11T15:56:40+08:00 ] ::1 /tpchat_git/index.php/tpchat/Application/Admin/Public/up/2017-09-25/59c88f6e9fece.jpg
INFO: [ app_init ] --START--
INFO: Run Behavior\BuildLiteBehavior [ RunTime:0.000019s ]
INFO: [ app_init ] --END-- [ RunTime:0.000423s ]
ERR: 无法加载模块:Tpchat

[ 2018-03-11T15:56:40+08:00 ] ::1 /tpchat_git/index.php/tpchat/Public/js/fastclick.js
INFO: [ app_init ] --START--
INFO: Run Behavior\BuildLiteBehavior [ RunTime:0.000024s ]
INFO: [ app_init ] --END-- [ RunTime:0.000524s ]
ERR: 无法加载模块:Tpchat

[ 2018-03-11T15:56:40+08:00 ] ::1 /tpchat_git/index.php/tpchat/Public/js/jquery.js
INFO: [ app_init ] --START--
INFO: Run Behavior\BuildLiteBehavior [ RunTime:0.000015s ]
INFO: [ app_init ] --END-- [ RunTime:0.000338s ]
ERR: 无法加载模块:Tpchat

[ 2018-03-11T15:56:40+08:00 ] ::1 /tpchat_git/index.php/tpchat/Public/css/vendors.css
INFO: [ app_init ] --START--
INFO: Run Behavior\BuildLiteBehavior [ RunTime:0.000015s ]
INFO: [ app_init ] --END-- [ RunTime:0.000338s ]
ERR: 无法加载模块:Tpchat

[ 2018-03-11T15:56:40+08:00 ] ::1 /tpchat_git/index.php/tpchat/Public/js/jquery-weui.min.js
INFO: [ app_init ] --START--
INFO: Run Behavior\BuildLiteBehavior [ RunTime:0.000014s ]
INFO: [ app_init ] --END-- [ RunTime:0.000316s ]
ERR: 无法加载模块:Tpchat

[ 2018-03-11T15:56:40+08:00 ] ::1 /tpchat_git/index.php/tpchat/Public/js/swiper.js
INFO: [ app_init ] --START--
INFO: Run Behavior\BuildLiteBehavior [ RunTime:0.000012s ]
INFO: [ app_init ] --END-- [ RunTime:0.000280s ]
ERR: 无法加载模块:Tpchat

[ 2018-03-11T15:56:40+08:00 ] ::1 /tpchat_git/index.php/tpchat/Public/img/activity_nor.png
INFO: [ app_init ] --START--
INFO: Run Behavior\BuildLiteBehavior [ RunTime:0.000015s ]
INFO: [ app_init ] --END-- [ RunTime:0.000339s ]
ERR: 无法加载模块:Tpchat

[ 2018-03-11T15:56:40+08:00 ] ::1 /tpchat_git/index.php/tpchat/Public/js/fastclick.js
INFO: [ app_init ] --START--
INFO: Run Behavior\BuildLiteBehavior [ RunTime:0.000015s ]
INFO: [ app_init ] --END-- [ RunTime:0.000349s ]
ERR: 无法加载模块:Tpchat

[ 2018-03-11T15:56:40+08:00 ] ::1 /tpchat_git/index.php/tpchat/Public/img/nav_index.png
INFO: [ app_init ] --START--
INFO: Run Behavior\BuildLiteBehavior [ RunTime:0.000013s ]
INFO: [ app_init ] --END-- [ RunTime:0.000314s ]
ERR: 无法加载模块:Tpchat

[ 2018-03-11T15:56:40+08:00 ] ::1 /tpchat_git/index.php/tpchat/Public/img/nav_message.png
INFO: [ app_init ] --START--
INFO: Run Behavior\BuildLiteBehavior [ RunTime:0.000012s ]
INFO: [ app_init ] --END-- [ RunTime:0.000293s ]
ERR: 无法加载模块:Tpchat

[ 2018-03-11T15:56:40+08:00 ] ::1 /tpchat_git/index.php/tpchat/Public/img/nav_user.png
INFO: [ app_init ] --START--
INFO: Run Behavior\BuildLiteBehavior [ RunTime:0.000016s ]
INFO: [ app_init ] --END-- [ RunTime:0.000304s ]
ERR: 无法加载模块:Tpchat

[ 2018-03-11T15:56:40+08:00 ] ::1 /tpchat_git/index.php/tpchat/Public/js/jquery.js
INFO: [ app_init ] --START--
INFO: Run Behavior\BuildLiteBehavior [ RunTime:0.000013s ]
INFO: [ app_init ] --END-- [ RunTime:0.000392s ]
ERR: 无法加载模块:Tpchat

[ 2018-03-11T15:56:40+08:00 ] ::1 /tpchat_git/index.php/tpchat/Public/js/jquery-weui.min.js
INFO: [ app_init ] --START--
INFO: Run Behavior\BuildLiteBehavior [ RunTime:0.000012s ]
INFO: [ app_init ] --END-- [ RunTime:0.000268s ]
ERR: 无法加载模块:Tpchat

[ 2018-03-11T15:56:40+08:00 ] ::1 /tpchat_git/index.php/tpchat/Public/js/swiper.js
INFO: [ app_init ] --START--
INFO: Run Behavior\BuildLiteBehavior [ RunTime:0.000012s ]
INFO: [ app_init ] --END-- [ RunTime:0.000278s ]
ERR: 无法加载模块:Tpchat

[ 2018-03-11T15:56:40+08:00 ] ::1 /tpchat_git/index.php/tpchat/Application/Admin/Public/up/2017-09-25/59c88f6e9fece.jpg
INFO: [ app_init ] --START--
INFO: Run Behavior\BuildLiteBehavior [ RunTime:0.000016s ]
INFO: [ app_init ] --END-- [ RunTime:0.000370s ]
ERR: 无法加载模块:Tpchat

[ 2018-03-11T15:56:40+08:00 ] ::1 /tpchat_git/index.php/tpchat/Application/Admin/Public/up/2017-09-25/59c88e1f79cb4.jpg
INFO: [ app_init ] --START--
INFO: Run Behavior\BuildLiteBehavior [ RunTime:0.000016s ]
INFO: [ app_init ] --END-- [ RunTime:0.000360s ]
ERR: 无法加载模块:Tpchat

[ 2018-03-11T15:56:41+08:00 ] ::1 /tpchat_git/index.php/tpchat/Application/Admin/Public/up/2018-02-09/5a7d1b18c5694.jpg
INFO: [ app_init ] --START--
INFO: Run Behavior\BuildLiteBehavior [ RunTime:0.000014s ]
INFO: [ app_init ] --END-- [ RunTime:0.000331s ]
ERR: 无法加载模块:Tpchat

[ 2018-03-11T15:56:41+08:00 ] ::1 /tpchat_git/index.php/tpchat/Application/Admin/Public/up/2017-09-25/59c88f6e9fece.jpg
INFO: [ app_init ] --START--
INFO: Run Behavior\BuildLiteBehavior [ RunTime:0.000015s ]
INFO: [ app_init ] --END-- [ RunTime:0.000473s ]
ERR: 无法加载模块:Tpchat

[ 2018-03-11T15:57:21+08:00 ] ::1 /tpchat_git/index.php/tpchat/Public/css/vendors.css
INFO: [ app_init ] --START--
INFO: Run Behavior\BuildLiteBehavior [ RunTime:0.000015s ]
INFO: [ app_init ] --END-- [ RunTime:0.000336s ]
ERR: 无法加载模块:Tpchat

[ 2018-03-11T15:57:21+08:00 ] ::1 /tpchat_git/index.php/tpchat/Public/img/class_nor.png
INFO: [ app_init ] --START--
INFO: Run Behavior\BuildLiteBehavior [ RunTime:0.000012s ]
INFO: [ app_init ] --END-- [ RunTime:0.000308s ]
ERR: 无法加载模块:Tpchat

[ 2018-03-11T15:57:21+08:00 ] ::1 /tpchat_git/index.php/tpchat/Public/js/fastclick.js
INFO: [ app_init ] --START--
INFO: Run Behavior\BuildLiteBehavior [ RunTime:0.000013s ]
INFO: [ app_init ] --END-- [ RunTime:0.000322s ]
ERR: 无法加载模块:Tpchat

[ 2018-03-11T15:57:21+08:00 ] ::1 /tpchat_git/index.php/tpchat/Public/img/speech_down.png
INFO: [ app_init ] --START--
INFO: Run Behavior\BuildLiteBehavior [ RunTime:0.000013s ]
INFO: [ app_init ] --END-- [ RunTime:0.000445s ]
ERR: 无法加载模块:Tpchat

[ 2018-03-11T15:57:21+08:00 ] ::1 /tpchat_git/index.php/tpchat/Application/Admin/Public/up/2017-09-25/59c88e1f79cb4.jpg
INFO: [ app_init ] --START--
INFO: Run Behavior\BuildLiteBehavior [ RunTime:0.000013s ]
INFO: [ app_init ] --END-- [ RunTime:0.000501s ]
ERR: 无法加载模块:Tpchat

[ 2018-03-11T15:57:21+08:00 ] ::1 /tpchat_git/index.php/tpchat/Application/Admin/Public/up/2017-09-25/59c88f6e9fece.jpg
INFO: [ app_init ] --START--
INFO: Run Behavior\BuildLiteBehavior [ RunTime:0.000023s ]
INFO: [ app_init ] --END-- [ RunTime:0.000487s ]
ERR: 无法加载模块:Tpchat

[ 2018-03-11T15:57:21+08:00 ] ::1 /tpchat_git/index.php/tpchat/Public/css/vendors.css
INFO: [ app_init ] --START--
INFO: Run Behavior\BuildLiteBehavior [ RunTime:0.000017s ]
INFO: [ app_init ] --END-- [ RunTime:0.000328s ]
ERR: 无法加载模块:Tpchat

[ 2018-03-11T15:57:22+08:00 ] ::1 /tpchat_git/index.php/tpchat/Public/js/swiper.js
INFO: [ app_init ] --START--
INFO: Run Behavior\BuildLiteBehavior [ RunTime:0.000015s ]
INFO: [ app_init ] --END-- [ RunTime:0.000360s ]
ERR: 无法加载模块:Tpchat

[ 2018-03-11T15:57:22+08:00 ] ::1 /tpchat_git/index.php/tpchat/Public/img/activity_nor.png
INFO: [ app_init ] --START--
INFO: Run Behavior\BuildLiteBehavior [ RunTime:0.000016s ]
INFO: [ app_init ] --END-- [ RunTime:0.000356s ]
ERR: 无法加载模块:Tpchat

[ 2018-03-11T15:57:22+08:00 ] ::1 /tpchat_git/index.php/tpchat/Public/img/nav_index.png
INFO: [ app_init ] --START--
INFO: Run Behavior\BuildLiteBehavior [ RunTime:0.000014s ]
INFO: [ app_init ] --END-- [ RunTime:0.000312s ]
ERR: 无法加载模块:Tpchat

[ 2018-03-11T15:57:22+08:00 ] ::1 /tpchat_git/index.php/tpchat/Public/js/fastclick.js
INFO: [ app_init ] --START--
INFO: Run Behavior\BuildLiteBehavior [ RunTime:0.000010s ]
INFO: [ app_init ] --END-- [ RunTime:0.000243s ]
ERR: 无法加载模块:Tpchat

[ 2018-03-11T15:57:22+08:00 ] ::1 /tpchat_git/index.php/tpchat/Public/img/nav_message.png
INFO: [ app_init ] --START--
INFO: Run Behavior\BuildLiteBehavior [ RunTime:0.000016s ]
INFO: [ app_init ] --END-- [ RunTime:0.000371s ]
ERR: 无法加载模块:Tpchat

[ 2018-03-11T15:57:22+08:00 ] ::1 /tpchat_git/index.php/tpchat/Public/img/nav_user.png
INFO: [ app_init ] --START--
INFO: Run Behavior\BuildLiteBehavior [ RunTime:0.000010s ]
INFO: [ app_init ] --END-- [ RunTime:0.000274s ]
ERR: 无法加载模块:Tpchat

[ 2018-03-11T15:57:22+08:00 ] ::1 /tpchat_git/index.php/tpchat/Public/js/swiper.js
INFO: [ app_init ] --START--
INFO: Run Behavior\BuildLiteBehavior [ RunTime:0.000014s ]
INFO: [ app_init ] --END-- [ RunTime:0.000335s ]
ERR: 无法加载模块:Tpchat

[ 2018-03-11T15:57:22+08:00 ] ::1 /tpchat_git/index.php/tpchat/Application/Admin/Public/up/2017-09-25/59c88e1f79cb4.jpg
INFO: [ app_init ] --START--
INFO: Run Behavior\BuildLiteBehavior [ RunTime:0.000016s ]
INFO: [ app_init ] --END-- [ RunTime:0.000413s ]
ERR: 无法加载模块:Tpchat

[ 2018-03-11T15:57:22+08:00 ] ::1 /tpchat_git/index.php/tpchat/Application/Admin/Public/up/2017-09-25/59c88f6e9fece.jpg
INFO: [ app_init ] --START--
INFO: Run Behavior\BuildLiteBehavior [ RunTime:0.000012s ]
INFO: [ app_init ] --END-- [ RunTime:0.000401s ]
ERR: 无法加载模块:Tpchat

[ 2018-03-11T15:57:22+08:00 ] ::1 /tpchat_git/index.php/tpchat/Application/Admin/Public/up/2018-02-09/5a7d1b18c5694.jpg
INFO: [ app_init ] --START--
INFO: Run Behavior\BuildLiteBehavior [ RunTime:0.000011s ]
INFO: [ app_init ] --END-- [ RunTime:0.000251s ]
ERR: 无法加载模块:Tpchat

[ 2018-03-11T15:57:22+08:00 ] ::1 /tpchat_git/index.php/tpchat/Application/Admin/Public/up/2017-09-25/59c88f6e9fece.jpg
INFO: [ app_init ] --START--
INFO: Run Behavior\BuildLiteBehavior [ RunTime:0.000010s ]
INFO: [ app_init ] --END-- [ RunTime:0.000246s ]
ERR: 无法加载模块:Tpchat

[ 2018-03-11T15:57:42+08:00 ] ::1 /tpchat_git/index.php/tpchat/Public/css/vendors.css
INFO: [ app_init ] --START--
INFO: Run Behavior\BuildLiteBehavior [ RunTime:0.000011s ]
INFO: [ app_init ] --END-- [ RunTime:0.000254s ]
ERR: 无法加载模块:Tpchat

[ 2018-03-11T15:57:42+08:00 ] ::1 /tpchat_git/index.php/tpchat/Public/js/fastclick.js
INFO: [ app_init ] --START--
INFO: Run Behavior\BuildLiteBehavior [ RunTime:0.000010s ]
INFO: [ app_init ] --END-- [ RunTime:0.000309s ]
ERR: 无法加载模块:Tpchat

[ 2018-03-11T15:57:42+08:00 ] ::1 /tpchat_git/index.php/tpchat/Application/Admin/Public/up/2017-09-25/59c88e1f79cb4.jpg
INFO: [ app_init ] --START--
INFO: Run Behavior\BuildLiteBehavior [ RunTime:0.000011s ]
INFO: [ app_init ] --END-- [ RunTime:0.000251s ]
ERR: 无法加载模块:Tpchat

[ 2018-03-11T15:57:42+08:00 ] ::1 /tpchat_git/index.php/tpchat/Application/Admin/Public/up/2017-09-25/59c88f6e9fece.jpg
INFO: [ app_init ] --START--
INFO: Run Behavior\BuildLiteBehavior [ RunTime:0.000011s ]
INFO: [ app_init ] --END-- [ RunTime:0.000247s ]
ERR: 无法加载模块:Tpchat

[ 2018-03-11T15:57:42+08:00 ] ::1 /tpchat_git/index.php/tpchat/Public/css/vendors.css
INFO: [ app_init ] --START--
INFO: Run Behavior\BuildLiteBehavior [ RunTime:0.000012s ]
INFO: [ app_init ] --END-- [ RunTime:0.000324s ]
ERR: 无法加载模块:Tpchat

[ 2018-03-11T15:57:42+08:00 ] ::1 /tpchat_git/index.php/tpchat/Public/img/speech_down.png
INFO: [ app_init ] --START--
INFO: Run Behavior\BuildLiteBehavior [ RunTime:0.000017s ]
INFO: [ app_init ] --END-- [ RunTime:0.000390s ]
ERR: 无法加载模块:Tpchat

[ 2018-03-11T15:57:42+08:00 ] ::1 /tpchat_git/index.php/tpchat/Public/img/class_nor.png
INFO: [ app_init ] --START--
INFO: Run Behavior\BuildLiteBehavior [ RunTime:0.000011s ]
INFO: [ app_init ] --END-- [ RunTime:0.000381s ]
ERR: 无法加载模块:Tpchat

[ 2018-03-11T15:57:42+08:00 ] ::1 /tpchat_git/index.php/tpchat/Public/img/activity_nor.png
INFO: [ app_init ] --START--
INFO: Run Behavior\BuildLiteBehavior [ RunTime:0.000052s ]
INFO: [ app_init ] --END-- [ RunTime:0.000388s ]
ERR: 无法加载模块:Tpchat

[ 2018-03-11T15:57:42+08:00 ] ::1 /tpchat_git/index.php/tpchat/Public/img/nav_index.png
INFO: [ app_init ] --START--
INFO: Run Behavior\BuildLiteBehavior [ RunTime:0.000010s ]
INFO: [ app_init ] --END-- [ RunTime:0.000251s ]
ERR: 无法加载模块:Tpchat

[ 2018-03-11T15:57:42+08:00 ] ::1 /tpchat_git/index.php/tpchat/Public/js/fastclick.js
INFO: [ app_init ] --START--
INFO: Run Behavior\BuildLiteBehavior [ RunTime:0.000013s ]
INFO: [ app_init ] --END-- [ RunTime:0.000328s ]
ERR: 无法加载模块:Tpchat

[ 2018-03-11T15:57:42+08:00 ] ::1 /tpchat_git/index.php/tpchat/Public/img/nav_message.png
INFO: [ app_init ] --START--
INFO: Run Behavior\BuildLiteBehavior [ RunTime:0.000015s ]
INFO: [ app_init ] --END-- [ RunTime:0.000357s ]
ERR: 无法加载模块:Tpchat

[ 2018-03-11T15:57:42+08:00 ] ::1 /tpchat_git/index.php/tpchat/Public/img/nav_user.png
INFO: [ app_init ] --START--
INFO: Run Behavior\BuildLiteBehavior [ RunTime:0.000011s ]
INFO: [ app_init ] --END-- [ RunTime:0.000246s ]
ERR: 无法加载模块:Tpchat

[ 2018-03-11T15:57:42+08:00 ] ::1 /tpchat_git/index.php/tpchat/Application/Admin/Public/up/2017-09-25/59c88f6e9fece.jpg
INFO: [ app_init ] --START--
INFO: Run Behavior\BuildLiteBehavior [ RunTime:0.000015s ]
INFO: [ app_init ] --END-- [ RunTime:0.000349s ]
ERR: 无法加载模块:Tpchat

[ 2018-03-11T15:57:42+08:00 ] ::1 /tpchat_git/index.php/tpchat/Application/Admin/Public/up/2017-09-25/59c88e1f79cb4.jpg
INFO: [ app_init ] --START--
INFO: Run Behavior\BuildLiteBehavior [ RunTime:0.000013s ]
INFO: [ app_init ] --END-- [ RunTime:0.000334s ]
ERR: 无法加载模块:Tpchat

[ 2018-03-11T15:57:42+08:00 ] ::1 /tpchat_git/index.php/tpchat/Application/Admin/Public/up/2018-02-09/5a7d1b18c5694.jpg
INFO: [ app_init ] --START--
INFO: Run Behavior\BuildLiteBehavior [ RunTime:0.000011s ]
INFO: [ app_init ] --END-- [ RunTime:0.000246s ]
ERR: 无法加载模块:Tpchat

[ 2018-03-11T15:57:42+08:00 ] ::1 /tpchat_git/index.php/tpchat/Application/Admin/Public/up/2017-09-25/59c88f6e9fece.jpg
INFO: [ app_init ] --START--
INFO: Run Behavior\BuildLiteBehavior [ RunTime:0.000011s ]
INFO: [ app_init ] --END-- [ RunTime:0.000291s ]
ERR: 无法加载模块:Tpchat

[ 2018-03-11T15:59:20+08:00 ] ::1 /tpchat_git/index.php/tpchat/Application/Admin/Public/up/2017-09-25/59c88f6e9fece.jpg
INFO: [ app_init ] --START--
INFO: Run Behavior\BuildLiteBehavior [ RunTime:0.000015s ]
INFO: [ app_init ] --END-- [ RunTime:0.000354s ]
ERR: 无法加载模块:Tpchat

[ 2018-03-11T15:59:20+08:00 ] ::1 /tpchat_git/index.php/tpchat/Public/img/class_nor.png
INFO: [ app_init ] --START--
INFO: Run Behavior\BuildLiteBehavior [ RunTime:0.000013s ]
INFO: [ app_init ] --END-- [ RunTime:0.000363s ]
ERR: 无法加载模块:Tpchat

[ 2018-03-11T15:59:20+08:00 ] ::1 /tpchat_git/index.php/tpchat/Public/css/vendors.css
INFO: [ app_init ] --START--
INFO: Run Behavior\BuildLiteBehavior [ RunTime:0.000014s ]
INFO: [ app_init ] --END-- [ RunTime:0.000597s ]
ERR: 无法加载模块:Tpchat

[ 2018-03-11T15:59:20+08:00 ] ::1 /tpchat_git/index.php/tpchat/Public/img/speech_down.png
INFO: [ app_init ] --START--
INFO: Run Behavior\BuildLiteBehavior [ RunTime:0.000013s ]
INFO: [ app_init ] --END-- [ RunTime:0.000321s ]
ERR: 无法加载模块:Tpchat

[ 2018-03-11T15:59:20+08:00 ] ::1 /tpchat_git/index.php/tpchat/Application/Admin/Public/up/2017-09-25/59c88e1f79cb4.jpg
INFO: [ app_init ] --START--
INFO: Run Behavior\BuildLiteBehavior [ RunTime:0.000013s ]
INFO: [ app_init ] --END-- [ RunTime:0.000323s ]
ERR: 无法加载模块:Tpchat

[ 2018-03-11T15:59:20+08:00 ] ::1 /tpchat_git/index.php/tpchat/Public/js/fastclick.js
INFO: [ app_init ] --START--
INFO: Run Behavior\BuildLiteBehavior [ RunTime:0.000014s ]
INFO: [ app_init ] --END-- [ RunTime:0.000323s ]
ERR: 无法加载模块:Tpchat

[ 2018-03-11T15:59:20+08:00 ] ::1 /tpchat_git/index.php/tpchat/Public/img/activity_nor.png
INFO: [ app_init ] --START--
INFO: Run Behavior\BuildLiteBehavior [ RunTime:0.000013s ]
INFO: [ app_init ] --END-- [ RunTime:0.000368s ]
ERR: 无法加载模块:Tpchat

[ 2018-03-11T15:59:20+08:00 ] ::1 /tpchat_git/index.php/tpchat/Public/img/nav_index.png
INFO: [ app_init ] --START--
INFO: Run Behavior\BuildLiteBehavior [ RunTime:0.000015s ]
INFO: [ app_init ] --END-- [ RunTime:0.000320s ]
ERR: 无法加载模块:Tpchat

[ 2018-03-11T15:59:20+08:00 ] ::1 /tpchat_git/index.php/tpchat/Public/css/vendors.css
INFO: [ app_init ] --START--
INFO: Run Behavior\BuildLiteBehavior [ RunTime:0.000011s ]
INFO: [ app_init ] --END-- [ RunTime:0.000250s ]
ERR: 无法加载模块:Tpchat

[ 2018-03-11T15:59:20+08:00 ] ::1 /tpchat_git/index.php/tpchat/Public/img/nav_message.png
INFO: [ app_init ] --START--
INFO: Run Behavior\BuildLiteBehavior [ RunTime:0.000016s ]
INFO: [ app_init ] --END-- [ RunTime:0.000372s ]
ERR: 无法加载模块:Tpchat

[ 2018-03-11T15:59:20+08:00 ] ::1 /tpchat_git/index.php/tpchat/Public/img/nav_user.png
INFO: [ app_init ] --START--
INFO: Run Behavior\BuildLiteBehavior [ RunTime:0.000012s ]
INFO: [ app_init ] --END-- [ RunTime:0.000257s ]
ERR: 无法加载模块:Tpchat

[ 2018-03-11T15:59:20+08:00 ] ::1 /tpchat_git/index.php/tpchat/Public/js/fastclick.js
INFO: [ app_init ] --START--
INFO: Run Behavior\BuildLiteBehavior [ RunTime:0.000012s ]
INFO: [ app_init ] --END-- [ RunTime:0.000309s ]
ERR: 无法加载模块:Tpchat

[ 2018-03-11T15:59:20+08:00 ] ::1 /tpchat_git/index.php/tpchat/Application/Admin/Public/up/2017-09-25/59c88f6e9fece.jpg
INFO: [ app_init ] --START--
INFO: Run Behavior\BuildLiteBehavior [ RunTime:0.000013s ]
INFO: [ app_init ] --END-- [ RunTime:0.000333s ]
ERR: 无法加载模块:Tpchat

[ 2018-03-11T15:59:20+08:00 ] ::1 /tpchat_git/index.php/tpchat/Application/Admin/Public/up/2017-09-25/59c88e1f79cb4.jpg
INFO: [ app_init ] --START--
INFO: Run Behavior\BuildLiteBehavior [ RunTime:0.000015s ]
INFO: [ app_init ] --END-- [ RunTime:0.000345s ]
ERR: 无法加载模块:Tpchat

[ 2018-03-11T15:59:21+08:00 ] ::1 /tpchat_git/index.php/tpchat/Application/Admin/Public/up/2017-09-25/59c88f6e9fece.jpg
INFO: [ app_init ] --START--
INFO: Run Behavior\BuildLiteBehavior [ RunTime:0.000011s ]
INFO: [ app_init ] --END-- [ RunTime:0.000248s ]
ERR: 无法加载模块:Tpchat

[ 2018-03-11T15:59:21+08:00 ] ::1 /tpchat_git/index.php/tpchat/Application/Admin/Public/up/2018-02-09/5a7d1b18c5694.jpg
INFO: [ app_init ] --START--
INFO: Run Behavior\BuildLiteBehavior [ RunTime:0.000011s ]
INFO: [ app_init ] --END-- [ RunTime:0.000276s ]
ERR: 无法加载模块:Tpchat

[ 2018-03-11T15:59:32+08:00 ] ::1 /tpchat_git/index.php/tpchat/Public/css/vendors.css
INFO: [ app_init ] --START--
INFO: Run Behavior\BuildLiteBehavior [ RunTime:0.000015s ]
INFO: [ app_init ] --END-- [ RunTime:0.000329s ]
ERR: 无法加载模块:Tpchat

[ 2018-03-11T15:59:32+08:00 ] ::1 /tpchat_git/index.php/tpchat/Public/js/fastclick.js
INFO: [ app_init ] --START--
INFO: Run Behavior\BuildLiteBehavior [ RunTime:0.000014s ]
INFO: [ app_init ] --END-- [ RunTime:0.000356s ]
ERR: 无法加载模块:Tpchat

[ 2018-03-11T15:59:32+08:00 ] ::1 /tpchat_git/index.php/tpchat/Public/img/speech_down.png
INFO: [ app_init ] --START--
INFO: Run Behavior\BuildLiteBehavior [ RunTime:0.000013s ]
INFO: [ app_init ] --END-- [ RunTime:0.000429s ]
ERR: 无法加载模块:Tpchat

[ 2018-03-11T15:59:32+08:00 ] ::1 /tpchat_git/index.php/tpchat/Public/img/class_nor.png
INFO: [ app_init ] --START--
INFO: Run Behavior\BuildLiteBehavior [ RunTime:0.000021s ]
INFO: [ app_init ] --END-- [ RunTime:0.000327s ]
ERR: 无法加载模块:Tpchat

[ 2018-03-11T15:59:32+08:00 ] ::1 /tpchat_git/index.php/tpchat/Application/Admin/Public/up/2017-09-25/59c88e1f79cb4.jpg
INFO: [ app_init ] --START--
INFO: Run Behavior\BuildLiteBehavior [ RunTime:0.000021s ]
INFO: [ app_init ] --END-- [ RunTime:0.000391s ]
ERR: 无法加载模块:Tpchat

[ 2018-03-11T15:59:32+08:00 ] ::1 /tpchat_git/index.php/tpchat/Application/Admin/Public/up/2017-09-25/59c88f6e9fece.jpg
INFO: [ app_init ] --START--
INFO: Run Behavior\BuildLiteBehavior [ RunTime:0.000021s ]
INFO: [ app_init ] --END-- [ RunTime:0.000470s ]
ERR: 无法加载模块:Tpchat

[ 2018-03-11T15:59:32+08:00 ] ::1 /tpchat_git/index.php/tpchat/Public/img/activity_nor.png
INFO: [ app_init ] --START--
INFO: Run Behavior\BuildLiteBehavior [ RunTime:0.000012s ]
INFO: [ app_init ] --END-- [ RunTime:0.000262s ]
ERR: 无法加载模块:Tpchat

[ 2018-03-11T15:59:32+08:00 ] ::1 /tpchat_git/index.php/tpchat/Public/img/nav_index.png
INFO: [ app_init ] --START--
INFO: Run Behavior\BuildLiteBehavior [ RunTime:0.000010s ]
INFO: [ app_init ] --END-- [ RunTime:0.000243s ]
ERR: 无法加载模块:Tpchat

[ 2018-03-11T15:59:32+08:00 ] ::1 /tpchat_git/index.php/tpchat/Public/css/vendors.css
INFO: [ app_init ] --START--
INFO: Run Behavior\BuildLiteBehavior [ RunTime:0.000010s ]
INFO: [ app_init ] --END-- [ RunTime:0.000247s ]
ERR: 无法加载模块:Tpchat

[ 2018-03-11T15:59:32+08:00 ] ::1 /tpchat_git/index.php/tpchat/Public/img/nav_message.png
INFO: [ app_init ] --START--
INFO: Run Behavior\BuildLiteBehavior [ RunTime:0.000011s ]
INFO: [ app_init ] --END-- [ RunTime:0.000276s ]
ERR: 无法加载模块:Tpchat

[ 2018-03-11T15:59:32+08:00 ] ::1 /tpchat_git/index.php/tpchat/Public/img/nav_user.png
INFO: [ app_init ] --START--
INFO: Run Behavior\BuildLiteBehavior [ RunTime:0.000017s ]
INFO: [ app_init ] --END-- [ RunTime:0.000388s ]
ERR: 无法加载模块:Tpchat

[ 2018-03-11T15:59:32+08:00 ] ::1 /tpchat_git/index.php/tpchat/Public/js/fastclick.js
INFO: [ app_init ] --START--
INFO: Run Behavior\BuildLiteBehavior [ RunTime:0.000016s ]
INFO: [ app_init ] --END-- [ RunTime:0.000347s ]
ERR: 无法加载模块:Tpchat

[ 2018-03-11T15:59:32+08:00 ] ::1 /tpchat_git/index.php/tpchat/Application/Admin/Public/up/2017-09-25/59c88e1f79cb4.jpg
INFO: [ app_init ] --START--
INFO: Run Behavior\BuildLiteBehavior [ RunTime:0.000025s ]
INFO: [ app_init ] --END-- [ RunTime:0.000400s ]
ERR: 无法加载模块:Tpchat

[ 2018-03-11T15:59:32+08:00 ] ::1 /tpchat_git/index.php/tpchat/Application/Admin/Public/up/2017-09-25/59c88f6e9fece.jpg
INFO: [ app_init ] --START--
INFO: Run Behavior\BuildLiteBehavior [ RunTime:0.000011s ]
INFO: [ app_init ] --END-- [ RunTime:0.000363s ]
ERR: 无法加载模块:Tpchat

[ 2018-03-11T15:59:32+08:00 ] ::1 /tpchat_git/index.php/tpchat/Application/Admin/Public/up/2017-09-25/59c88f6e9fece.jpg
INFO: [ app_init ] --START--
INFO: Run Behavior\BuildLiteBehavior [ RunTime:0.000016s ]
INFO: [ app_init ] --END-- [ RunTime:0.000377s ]
ERR: 无法加载模块:Tpchat

[ 2018-03-11T15:59:32+08:00 ] ::1 /tpchat_git/index.php/tpchat/Application/Admin/Public/up/2018-02-09/5a7d1b18c5694.jpg
INFO: [ app_init ] --START--
INFO: Run Behavior\BuildLiteBehavior [ RunTime:0.000014s ]
INFO: [ app_init ] --END-- [ RunTime:0.000393s ]
ERR: 无法加载模块:Tpchat

[ 2018-03-11T15:59:55+08:00 ] ::1 /tpchat_git/index.php/tpchat/Public/css/vendors.css
INFO: [ app_init ] --START--
INFO: Run Behavior\BuildLiteBehavior [ RunTime:0.000015s ]
INFO: [ app_init ] --END-- [ RunTime:0.000327s ]
ERR: 无法加载模块:Tpchat

[ 2018-03-11T15:59:59+08:00 ] ::1 /tpchat_git/index.php/tpchat/Public/css/vendors.css
INFO: [ app_init ] --START--
INFO: Run Behavior\BuildLiteBehavior [ RunTime:0.000016s ]
INFO: [ app_init ] --END-- [ RunTime:0.000378s ]
ERR: 无法加载模块:Tpchat

[ 2018-03-11T15:59:59+08:00 ] ::1 /tpchat_git/index.php/tpchat/Public/js/fastclick.js
INFO: [ app_init ] --START--
INFO: Run Behavior\BuildLiteBehavior [ RunTime:0.000014s ]
INFO: [ app_init ] --END-- [ RunTime:0.000340s ]
ERR: 无法加载模块:Tpchat

[ 2018-03-11T15:59:59+08:00 ] ::1 /tpchat_git/index.php/tpchat/Application/Admin/Public/up/2017-09-25/59c88e1f79cb4.jpg
INFO: [ app_init ] --START--
INFO: Run Behavior\BuildLiteBehavior [ RunTime:0.000015s ]
INFO: [ app_init ] --END-- [ RunTime:0.000359s ]
ERR: 无法加载模块:Tpchat

[ 2018-03-11T15:59:59+08:00 ] ::1 /tpchat_git/index.php/tpchat/Application/Admin/Public/up/2017-09-25/59c88f6e9fece.jpg
INFO: [ app_init ] --START--
INFO: Run Behavior\BuildLiteBehavior [ RunTime:0.000015s ]
INFO: [ app_init ] --END-- [ RunTime:0.000384s ]
ERR: 无法加载模块:Tpchat

[ 2018-03-11T15:59:59+08:00 ] ::1 /tpchat_git/index.php/tpchat/Public/img/speech_down.png
INFO: [ app_init ] --START--
INFO: Run Behavior\BuildLiteBehavior [ RunTime:0.000016s ]
INFO: [ app_init ] --END-- [ RunTime:0.000402s ]
ERR: 无法加载模块:Tpchat

[ 2018-03-11T15:59:59+08:00 ] ::1 /tpchat_git/index.php/tpchat/Public/css/vendors.css
INFO: [ app_init ] --START--
INFO: Run Behavior\BuildLiteBehavior [ RunTime:0.000013s ]
INFO: [ app_init ] --END-- [ RunTime:0.000326s ]
ERR: 无法加载模块:Tpchat

[ 2018-03-11T15:59:59+08:00 ] ::1 /tpchat_git/index.php/tpchat/Public/img/class_nor.png
INFO: [ app_init ] --START--
INFO: Run Behavior\BuildLiteBehavior [ RunTime:0.000017s ]
INFO: [ app_init ] --END-- [ RunTime:0.000393s ]
ERR: 无法加载模块:Tpchat

[ 2018-03-11T15:59:59+08:00 ] ::1 /tpchat_git/index.php/tpchat/Public/img/activity_nor.png
INFO: [ app_init ] --START--
INFO: Run Behavior\BuildLiteBehavior [ RunTime:0.000017s ]
INFO: [ app_init ] --END-- [ RunTime:0.000425s ]
ERR: 无法加载模块:Tpchat

[ 2018-03-11T15:59:59+08:00 ] ::1 /tpchat_git/index.php/tpchat/Public/img/nav_index.png
INFO: [ app_init ] --START--
INFO: Run Behavior\BuildLiteBehavior [ RunTime:0.000022s ]
INFO: [ app_init ] --END-- [ RunTime:0.000396s ]
ERR: 无法加载模块:Tpchat

[ 2018-03-11T15:59:59+08:00 ] ::1 /tpchat_git/index.php/tpchat/Public/js/fastclick.js
INFO: [ app_init ] --START--
INFO: Run Behavior\BuildLiteBehavior [ RunTime:0.000019s ]
INFO: [ app_init ] --END-- [ RunTime:0.000410s ]
ERR: 无法加载模块:Tpchat

[ 2018-03-11T15:59:59+08:00 ] ::1 /tpchat_git/index.php/tpchat/Public/img/nav_message.png
INFO: [ app_init ] --START--
INFO: Run Behavior\BuildLiteBehavior [ RunTime:0.000012s ]
INFO: [ app_init ] --END-- [ RunTime:0.000281s ]
ERR: 无法加载模块:Tpchat

[ 2018-03-11T15:59:59+08:00 ] ::1 /tpchat_git/index.php/tpchat/Public/img/nav_user.png
INFO: [ app_init ] --START--
INFO: Run Behavior\BuildLiteBehavior [ RunTime:0.000031s ]
INFO: [ app_init ] --END-- [ RunTime:0.000367s ]
ERR: 无法加载模块:Tpchat

[ 2018-03-11T15:59:59+08:00 ] ::1 /tpchat_git/index.php/tpchat/Application/Admin/Public/up/2017-09-25/59c88e1f79cb4.jpg
INFO: [ app_init ] --START--
INFO: Run Behavior\BuildLiteBehavior [ RunTime:0.000014s ]
INFO: [ app_init ] --END-- [ RunTime:0.000427s ]
ERR: 无法加载模块:Tpchat

[ 2018-03-11T15:59:59+08:00 ] ::1 /tpchat_git/index.php/tpchat/Application/Admin/Public/up/2017-09-25/59c88f6e9fece.jpg
INFO: [ app_init ] --START--
INFO: Run Behavior\BuildLiteBehavior [ RunTime:0.000015s ]
INFO: [ app_init ] --END-- [ RunTime:0.000398s ]
ERR: 无法加载模块:Tpchat

[ 2018-03-11T15:59:59+08:00 ] ::1 /tpchat_git/index.php/tpchat/Application/Admin/Public/up/2017-09-25/59c88f6e9fece.jpg
INFO: [ app_init ] --START--
INFO: Run Behavior\BuildLiteBehavior [ RunTime:0.000015s ]
INFO: [ app_init ] --END-- [ RunTime:0.000322s ]
ERR: 无法加载模块:Tpchat

[ 2018-03-11T15:59:59+08:00 ] ::1 /tpchat_git/index.php/tpchat/Application/Admin/Public/up/2018-02-09/5a7d1b18c5694.jpg
INFO: [ app_init ] --START--
INFO: Run Behavior\BuildLiteBehavior [ RunTime:0.000012s ]
INFO: [ app_init ] --END-- [ RunTime:0.000298s ]
ERR: 无法加载模块:Tpchat

