[ 2017-11-21T09:33:46+08:00 ] 140.207.54.75 /tpchat/index.php/home/index?signature=b54dab00a5c2c11f554178c8142f4e97794161b5&timestamp=1511228023&nonce=1131056648&openid=oAdCq01YzcVjLWljmeEBFcDEswEY
INFO: [ app_init ] --START--
INFO: Run Behavior\BuildLiteBehavior [ RunTime:0.000000s ]
INFO: [ app_init ] --END-- [ RunTime:0.005860s ]
INFO: [ app_begin ] --START--
INFO: Run Behavior\ReadHtmlCacheBehavior [ RunTime:0.000977s ]
INFO: [ app_begin ] --END-- [ RunTime:0.000977s ]
INFO: [ app_end ] --START--
INFO: Run Behavior\ShowPageTraceBehavior [ RunTime:0.000977s ]
INFO: [ app_end ] --END-- [ RunTime:0.000977s ]

[ 2017-11-21T09:33:46+08:00 ] 140.207.54.75 /tpchat/index.php/home/index?signature=a609b7e9b8eb544714eeb8daa648f23544f054cd&timestamp=1511228023&nonce=314580203&openid=oAdCq01YzcVjLWljmeEBFcDEswEY
INFO: [ app_init ] --START--
INFO: Run Behavior\BuildLiteBehavior [ RunTime:0.000000s ]
INFO: [ app_init ] --END-- [ RunTime:0.008789s ]
INFO: [ app_begin ] --START--
INFO: Run Behavior\ReadHtmlCacheBehavior [ RunTime:0.000977s ]
INFO: [ app_begin ] --END-- [ RunTime:0.000977s ]
NOTIC: [8] Undefined index: key C:\www\tpchat\Application\Home\Controller\IndexController.class.php 第 54 行.
NOTIC: [8] Undefined index: key C:\www\tpchat\Application\Home\Controller\IndexController.class.php 第 66 行.
NOTIC: [8] Undefined index: key C:\www\tpchat\Application\Home\Controller\IndexController.class.php 第 68 行.
INFO: [ app_end ] --START--
INFO: Run Behavior\ShowPageTraceBehavior [ RunTime:0.001953s ]
INFO: [ app_end ] --END-- [ RunTime:0.001953s ]

[ 2017-11-21T12:05:44+08:00 ] 140.207.54.80 /tpchat/index.php/home/index?signature=b9313902ae02fe7fddffbf1f52426885c4a7072e&timestamp=1511237144&nonce=75273397&openid=oAdCq03KSUOXEFmC6SeJ9HkAM-_U
INFO: [ app_init ] --START--
INFO: Run Behavior\BuildLiteBehavior [ RunTime:0.000000s ]
INFO: [ app_init ] --END-- [ RunTime:0.000976s ]
INFO: [ app_begin ] --START--
INFO: Run Behavior\ReadHtmlCacheBehavior [ RunTime:0.000977s ]
INFO: [ app_begin ] --END-- [ RunTime:0.000977s ]
INFO: [ app_end ] --START--
INFO: Run Behavior\ShowPageTraceBehavior [ RunTime:0.001953s ]
INFO: [ app_end ] --END-- [ RunTime:0.001953s ]

[ 2017-11-21T12:05:44+08:00 ] 140.207.54.79 /tpchat/index.php/home/index?signature=9e2d7a8ef3f83d2edca5f9e9713096bdda09fa13&timestamp=1511237144&nonce=1099724054&openid=oAdCq03KSUOXEFmC6SeJ9HkAM-_U
INFO: [ app_init ] --START--
INFO: Run Behavior\BuildLiteBehavior [ RunTime:0.000000s ]
INFO: [ app_init ] --END-- [ RunTime:0.004883s ]
INFO: [ app_begin ] --START--
INFO: Run Behavior\ReadHtmlCacheBehavior [ RunTime:0.001954s ]
INFO: [ app_begin ] --END-- [ RunTime:0.001954s ]
NOTIC: [8] Undefined index: key C:\www\tpchat\Application\Home\Controller\IndexController.class.php 第 54 行.
NOTIC: [8] Undefined index: key C:\www\tpchat\Application\Home\Controller\IndexController.class.php 第 66 行.
NOTIC: [8] Undefined index: key C:\www\tpchat\Application\Home\Controller\IndexController.class.php 第 68 行.
INFO: [ app_end ] --START--
INFO: Run Behavior\ShowPageTraceBehavior [ RunTime:0.001953s ]
INFO: [ app_end ] --END-- [ RunTime:0.001953s ]

