[ 2017-11-18T09:03:12+08:00 ] 106.38.129.231 /tpchat/index.php
INFO: [ app_init ] --START--
INFO: Run Behavior\BuildLiteBehavior [ RunTime:0.000000s ]
INFO: [ app_init ] --END-- [ RunTime:0.015626s ]
INFO: [ app_begin ] --START--
INFO: Run Behavior\ReadHtmlCacheBehavior [ RunTime:0.000000s ]
INFO: [ app_begin ] --END-- [ RunTime:0.000000s ]

[ 2017-11-18T09:03:27+08:00 ] 106.38.129.231 /tpchat/index.php
INFO: [ app_init ] --START--
INFO: Run Behavior\BuildLiteBehavior [ RunTime:0.000000s ]
INFO: [ app_init ] --END-- [ RunTime:0.000000s ]
INFO: [ app_begin ] --START--
INFO: Run Behavior\ReadHtmlCacheBehavior [ RunTime:0.000000s ]
INFO: [ app_begin ] --END-- [ RunTime:0.000000s ]

[ 2017-11-18T09:03:42+08:00 ] 106.38.129.231 /tpchat/index.php
INFO: [ app_init ] --START--
INFO: Run Behavior\BuildLiteBehavior [ RunTime:0.000000s ]
INFO: [ app_init ] --END-- [ RunTime:0.000000s ]
INFO: [ app_begin ] --START--
INFO: Run Behavior\ReadHtmlCacheBehavior [ RunTime:0.000000s ]
INFO: [ app_begin ] --END-- [ RunTime:0.000000s ]

[ 2017-11-18T09:03:57+08:00 ] 106.38.129.231 /tpchat/index.php
INFO: [ app_init ] --START--
INFO: Run Behavior\BuildLiteBehavior [ RunTime:0.000000s ]
INFO: [ app_init ] --END-- [ RunTime:0.000000s ]
INFO: [ app_begin ] --START--
INFO: Run Behavior\ReadHtmlCacheBehavior [ RunTime:0.000000s ]
INFO: [ app_begin ] --END-- [ RunTime:0.000000s ]

[ 2017-11-18T09:20:07+08:00 ] 140.207.54.79 /tpchat/index.php/home/index?signature=886be859270980767e63c3a06405e1ffec25894e&timestamp=1510968007&nonce=674492368&openid=oAdCq0zwD8v6-W4XPfbeO-m2RhV8
INFO: [ app_init ] --START--
INFO: Run Behavior\BuildLiteBehavior [ RunTime:0.000000s ]
INFO: [ app_init ] --END-- [ RunTime:0.000000s ]
INFO: [ app_begin ] --START--
INFO: Run Behavior\ReadHtmlCacheBehavior [ RunTime:0.000000s ]
INFO: [ app_begin ] --END-- [ RunTime:0.000000s ]
NOTIC: [8] Undefined index: key C:\www\tpchat\Application\Home\Controller\IndexController.class.php 第 54 行.
NOTIC: [8] Undefined index: key C:\www\tpchat\Application\Home\Controller\IndexController.class.php 第 66 行.
NOTIC: [8] Undefined index: key C:\www\tpchat\Application\Home\Controller\IndexController.class.php 第 68 行.
INFO: [ app_end ] --START--
INFO: Run Behavior\ShowPageTraceBehavior [ RunTime:0.015625s ]
INFO: [ app_end ] --END-- [ RunTime:0.015625s ]

[ 2017-11-18T09:20:12+08:00 ] 140.207.54.79 /tpchat/index.php/home/index?signature=886be859270980767e63c3a06405e1ffec25894e&timestamp=1510968007&nonce=674492368&openid=oAdCq0zwD8v6-W4XPfbeO-m2RhV8
INFO: [ app_init ] --START--
INFO: Run Behavior\BuildLiteBehavior [ RunTime:0.000000s ]
INFO: [ app_init ] --END-- [ RunTime:0.000000s ]
INFO: [ app_begin ] --START--
INFO: Run Behavior\ReadHtmlCacheBehavior [ RunTime:0.000000s ]
INFO: [ app_begin ] --END-- [ RunTime:0.000000s ]
NOTIC: [8] Undefined index: key C:\www\tpchat\Application\Home\Controller\IndexController.class.php 第 54 行.
NOTIC: [8] Undefined index: key C:\www\tpchat\Application\Home\Controller\IndexController.class.php 第 66 行.
NOTIC: [8] Undefined index: key C:\www\tpchat\Application\Home\Controller\IndexController.class.php 第 68 行.
INFO: [ app_end ] --START--
INFO: Run Behavior\ShowPageTraceBehavior [ RunTime:0.000000s ]
INFO: [ app_end ] --END-- [ RunTime:0.000000s ]

[ 2017-11-18T09:20:16+08:00 ] 140.207.54.79 /tpchat/index.php/home/index?signature=42c2680b327cca8ea3325e521e1c9f2597e91016&timestamp=1510968015&nonce=1928408362&openid=oAdCq0zwD8v6-W4XPfbeO-m2RhV8
INFO: [ app_init ] --START--
INFO: Run Behavior\BuildLiteBehavior [ RunTime:0.000000s ]
INFO: [ app_init ] --END-- [ RunTime:0.000000s ]
INFO: [ app_begin ] --START--
INFO: Run Behavior\ReadHtmlCacheBehavior [ RunTime:0.000000s ]
INFO: [ app_begin ] --END-- [ RunTime:0.000000s ]
INFO: [ app_end ] --START--
INFO: Run Behavior\ShowPageTraceBehavior [ RunTime:0.000000s ]
INFO: [ app_end ] --END-- [ RunTime:0.000000s ]

[ 2017-11-18T09:20:17+08:00 ] 140.207.54.80 /tpchat/index.php/home/index?signature=886be859270980767e63c3a06405e1ffec25894e&timestamp=1510968007&nonce=674492368&openid=oAdCq0zwD8v6-W4XPfbeO-m2RhV8
INFO: [ app_init ] --START--
INFO: Run Behavior\BuildLiteBehavior [ RunTime:0.000000s ]
INFO: [ app_init ] --END-- [ RunTime:0.000000s ]
INFO: [ app_begin ] --START--
INFO: Run Behavior\ReadHtmlCacheBehavior [ RunTime:0.000000s ]
INFO: [ app_begin ] --END-- [ RunTime:0.000000s ]
NOTIC: [8] Undefined index: key C:\www\tpchat\Application\Home\Controller\IndexController.class.php 第 54 行.
NOTIC: [8] Undefined index: key C:\www\tpchat\Application\Home\Controller\IndexController.class.php 第 66 行.
NOTIC: [8] Undefined index: key C:\www\tpchat\Application\Home\Controller\IndexController.class.php 第 68 行.
INFO: [ app_end ] --START--
INFO: Run Behavior\ShowPageTraceBehavior [ RunTime:0.000000s ]
INFO: [ app_end ] --END-- [ RunTime:0.000000s ]

[ 2017-11-18T09:20:21+08:00 ] 140.207.54.79 /tpchat/index.php/home/index?signature=42c2680b327cca8ea3325e521e1c9f2597e91016&timestamp=1510968015&nonce=1928408362&openid=oAdCq0zwD8v6-W4XPfbeO-m2RhV8
INFO: [ app_init ] --START--
INFO: Run Behavior\BuildLiteBehavior [ RunTime:0.000000s ]
INFO: [ app_init ] --END-- [ RunTime:0.015625s ]
INFO: [ app_begin ] --START--
INFO: Run Behavior\ReadHtmlCacheBehavior [ RunTime:0.000000s ]
INFO: [ app_begin ] --END-- [ RunTime:0.000000s ]
INFO: [ app_end ] --START--
INFO: Run Behavior\ShowPageTraceBehavior [ RunTime:0.000000s ]
INFO: [ app_end ] --END-- [ RunTime:0.000000s ]

[ 2017-11-18T09:20:24+08:00 ] 140.207.54.79 /tpchat/index.php/home/index?signature=178fae1b8542033225add8d26b43984e781ef778&timestamp=1510968024&nonce=1931126123&openid=oAdCq0zwD8v6-W4XPfbeO-m2RhV8
INFO: [ app_init ] --START--
INFO: Run Behavior\BuildLiteBehavior [ RunTime:0.000000s ]
INFO: [ app_init ] --END-- [ RunTime:0.000000s ]
INFO: [ app_begin ] --START--
INFO: Run Behavior\ReadHtmlCacheBehavior [ RunTime:0.000000s ]
INFO: [ app_begin ] --END-- [ RunTime:0.000000s ]
INFO: [ app_end ] --START--
INFO: Run Behavior\ShowPageTraceBehavior [ RunTime:0.000000s ]
INFO: [ app_end ] --END-- [ RunTime:0.000000s ]

[ 2017-11-18T09:20:26+08:00 ] 140.207.54.79 /tpchat/index.php/home/index?signature=42c2680b327cca8ea3325e521e1c9f2597e91016&timestamp=1510968015&nonce=1928408362&openid=oAdCq0zwD8v6-W4XPfbeO-m2RhV8
INFO: [ app_init ] --START--
INFO: Run Behavior\BuildLiteBehavior [ RunTime:0.000000s ]
INFO: [ app_init ] --END-- [ RunTime:0.000000s ]
INFO: [ app_begin ] --START--
INFO: Run Behavior\ReadHtmlCacheBehavior [ RunTime:0.000000s ]
INFO: [ app_begin ] --END-- [ RunTime:0.000000s ]
INFO: [ app_end ] --START--
INFO: Run Behavior\ShowPageTraceBehavior [ RunTime:0.000000s ]
INFO: [ app_end ] --END-- [ RunTime:0.000000s ]

[ 2017-11-18T09:20:30+08:00 ] 140.207.54.80 /tpchat/index.php/home/index?signature=178fae1b8542033225add8d26b43984e781ef778&timestamp=1510968024&nonce=1931126123&openid=oAdCq0zwD8v6-W4XPfbeO-m2RhV8
INFO: [ app_init ] --START--
INFO: Run Behavior\BuildLiteBehavior [ RunTime:0.000000s ]
INFO: [ app_init ] --END-- [ RunTime:0.000000s ]
INFO: [ app_begin ] --START--
INFO: Run Behavior\ReadHtmlCacheBehavior [ RunTime:0.015626s ]
INFO: [ app_begin ] --END-- [ RunTime:0.015626s ]
INFO: [ app_end ] --START--
INFO: Run Behavior\ShowPageTraceBehavior [ RunTime:0.000000s ]
INFO: [ app_end ] --END-- [ RunTime:0.000000s ]

[ 2017-11-18T09:20:35+08:00 ] 140.207.54.80 /tpchat/index.php/home/index?signature=178fae1b8542033225add8d26b43984e781ef778&timestamp=1510968024&nonce=1931126123&openid=oAdCq0zwD8v6-W4XPfbeO-m2RhV8
INFO: [ app_init ] --START--
INFO: Run Behavior\BuildLiteBehavior [ RunTime:0.000000s ]
INFO: [ app_init ] --END-- [ RunTime:0.000000s ]
INFO: [ app_begin ] --START--
INFO: Run Behavior\ReadHtmlCacheBehavior [ RunTime:0.000000s ]
INFO: [ app_begin ] --END-- [ RunTime:0.000000s ]
INFO: [ app_end ] --START--
INFO: Run Behavior\ShowPageTraceBehavior [ RunTime:0.015626s ]
INFO: [ app_end ] --END-- [ RunTime:0.015626s ]

[ 2017-11-18T09:20:40+08:00 ] 140.207.54.80 /tpchat/index.php/home/index?signature=743cc3e1ab022019a4d61d9b4897528956192c28&timestamp=1510968040&nonce=1579548986&openid=oAdCq0zwD8v6-W4XPfbeO-m2RhV8
INFO: [ app_init ] --START--
INFO: Run Behavior\BuildLiteBehavior [ RunTime:0.000000s ]
INFO: [ app_init ] --END-- [ RunTime:0.000000s ]
INFO: [ app_begin ] --START--
INFO: Run Behavior\ReadHtmlCacheBehavior [ RunTime:0.000000s ]
INFO: [ app_begin ] --END-- [ RunTime:0.000000s ]
NOTIC: [8] Undefined index: key C:\www\tpchat\Application\Home\Controller\IndexController.class.php 第 54 行.
NOTIC: [8] Undefined index: key C:\www\tpchat\Application\Home\Controller\IndexController.class.php 第 66 行.
NOTIC: [8] Undefined index: key C:\www\tpchat\Application\Home\Controller\IndexController.class.php 第 68 行.
INFO: [ app_end ] --START--
INFO: Run Behavior\ShowPageTraceBehavior [ RunTime:0.000000s ]
INFO: [ app_end ] --END-- [ RunTime:0.000000s ]

[ 2017-11-18T09:20:45+08:00 ] 140.207.54.80 /tpchat/index.php/home/index?signature=743cc3e1ab022019a4d61d9b4897528956192c28&timestamp=1510968040&nonce=1579548986&openid=oAdCq0zwD8v6-W4XPfbeO-m2RhV8
INFO: [ app_init ] --START--
INFO: Run Behavior\BuildLiteBehavior [ RunTime:0.000000s ]
INFO: [ app_init ] --END-- [ RunTime:0.000000s ]
INFO: [ app_begin ] --START--
INFO: Run Behavior\ReadHtmlCacheBehavior [ RunTime:0.000000s ]
INFO: [ app_begin ] --END-- [ RunTime:0.000000s ]
NOTIC: [8] Undefined index: key C:\www\tpchat\Application\Home\Controller\IndexController.class.php 第 54 行.
NOTIC: [8] Undefined index: key C:\www\tpchat\Application\Home\Controller\IndexController.class.php 第 66 行.
NOTIC: [8] Undefined index: key C:\www\tpchat\Application\Home\Controller\IndexController.class.php 第 68 行.
INFO: [ app_end ] --START--
INFO: Run Behavior\ShowPageTraceBehavior [ RunTime:0.000000s ]
INFO: [ app_end ] --END-- [ RunTime:0.000000s ]

[ 2017-11-18T09:20:50+08:00 ] 140.207.54.79 /tpchat/index.php/home/index?signature=743cc3e1ab022019a4d61d9b4897528956192c28&timestamp=1510968040&nonce=1579548986&openid=oAdCq0zwD8v6-W4XPfbeO-m2RhV8
INFO: [ app_init ] --START--
INFO: Run Behavior\BuildLiteBehavior [ RunTime:0.000000s ]
INFO: [ app_init ] --END-- [ RunTime:0.015625s ]
INFO: [ app_begin ] --START--
INFO: Run Behavior\ReadHtmlCacheBehavior [ RunTime:0.000000s ]
INFO: [ app_begin ] --END-- [ RunTime:0.000000s ]
NOTIC: [8] Undefined index: key C:\www\tpchat\Application\Home\Controller\IndexController.class.php 第 54 行.
NOTIC: [8] Undefined index: key C:\www\tpchat\Application\Home\Controller\IndexController.class.php 第 66 行.
NOTIC: [8] Undefined index: key C:\www\tpchat\Application\Home\Controller\IndexController.class.php 第 68 行.
INFO: [ app_end ] --START--
INFO: Run Behavior\ShowPageTraceBehavior [ RunTime:0.000000s ]
INFO: [ app_end ] --END-- [ RunTime:0.000000s ]

[ 2017-11-18T10:41:21+08:00 ] 140.207.54.79 /tpchat/index.php/home/index?signature=e59aa782d05fbce33feaf0e0b927216316b9bb56&timestamp=1510972881&nonce=1191811735&openid=oAdCq060zNaPMlxWGwzpxOX92P3s
INFO: [ app_init ] --START--
INFO: Run Behavior\BuildLiteBehavior [ RunTime:0.000000s ]
INFO: [ app_init ] --END-- [ RunTime:0.000000s ]
INFO: [ app_begin ] --START--
INFO: Run Behavior\ReadHtmlCacheBehavior [ RunTime:0.000000s ]
INFO: [ app_begin ] --END-- [ RunTime:0.000000s ]
INFO: [ app_end ] --START--
INFO: Run Behavior\ShowPageTraceBehavior [ RunTime:0.000000s ]
INFO: [ app_end ] --END-- [ RunTime:0.000000s ]

[ 2017-11-18T10:41:25+08:00 ] 140.207.54.80 /tpchat/index.php/home/index?signature=40bf0a5ea61615a4f2937b71f13874d3dcc0e045&timestamp=1510972885&nonce=530202597&openid=oAdCq060zNaPMlxWGwzpxOX92P3s
INFO: [ app_init ] --START--
INFO: Run Behavior\BuildLiteBehavior [ RunTime:0.000000s ]
INFO: [ app_init ] --END-- [ RunTime:0.000000s ]
INFO: [ app_begin ] --START--
INFO: Run Behavior\ReadHtmlCacheBehavior [ RunTime:0.000000s ]
INFO: [ app_begin ] --END-- [ RunTime:0.000000s ]
NOTIC: [8] Undefined index: key C:\www\tpchat\Application\Home\Controller\IndexController.class.php 第 54 行.
NOTIC: [8] Undefined index: key C:\www\tpchat\Application\Home\Controller\IndexController.class.php 第 66 行.
NOTIC: [8] Undefined index: key C:\www\tpchat\Application\Home\Controller\IndexController.class.php 第 68 行.
INFO: [ app_end ] --START--
INFO: Run Behavior\ShowPageTraceBehavior [ RunTime:0.000000s ]
INFO: [ app_end ] --END-- [ RunTime:0.000000s ]

[ 2017-11-18T10:41:26+08:00 ] 140.207.54.80 /tpchat/index.php/home/index?signature=e59aa782d05fbce33feaf0e0b927216316b9bb56&timestamp=1510972881&nonce=1191811735&openid=oAdCq060zNaPMlxWGwzpxOX92P3s
INFO: [ app_init ] --START--
INFO: Run Behavior\BuildLiteBehavior [ RunTime:0.000000s ]
INFO: [ app_init ] --END-- [ RunTime:0.000000s ]
INFO: [ app_begin ] --START--
INFO: Run Behavior\ReadHtmlCacheBehavior [ RunTime:0.000000s ]
INFO: [ app_begin ] --END-- [ RunTime:0.000000s ]
INFO: [ app_end ] --START--
INFO: Run Behavior\ShowPageTraceBehavior [ RunTime:0.015626s ]
INFO: [ app_end ] --END-- [ RunTime:0.015626s ]

[ 2017-11-18T10:41:28+08:00 ] 140.207.54.80 /tpchat/index.php/home/index?signature=58f54a0913e3cc1799f0d1fd3d9a6fa14ff690be&timestamp=1510972888&nonce=508303239&openid=oAdCq060zNaPMlxWGwzpxOX92P3s
INFO: [ app_init ] --START--
INFO: Run Behavior\BuildLiteBehavior [ RunTime:0.000000s ]
INFO: [ app_init ] --END-- [ RunTime:0.000000s ]
INFO: [ app_begin ] --START--
INFO: Run Behavior\ReadHtmlCacheBehavior [ RunTime:0.000000s ]
INFO: [ app_begin ] --END-- [ RunTime:0.000000s ]
INFO: [ app_end ] --START--
INFO: Run Behavior\ShowPageTraceBehavior [ RunTime:0.000000s ]
INFO: [ app_end ] --END-- [ RunTime:0.000000s ]

[ 2017-11-18T10:41:31+08:00 ] 140.207.54.79 /tpchat/index.php/home/index?signature=e59aa782d05fbce33feaf0e0b927216316b9bb56&timestamp=1510972881&nonce=1191811735&openid=oAdCq060zNaPMlxWGwzpxOX92P3s
INFO: [ app_init ] --START--
INFO: Run Behavior\BuildLiteBehavior [ RunTime:0.000000s ]
INFO: [ app_init ] --END-- [ RunTime:0.000000s ]
INFO: [ app_begin ] --START--
INFO: Run Behavior\ReadHtmlCacheBehavior [ RunTime:0.000000s ]
INFO: [ app_begin ] --END-- [ RunTime:0.000000s ]
INFO: [ app_end ] --START--
INFO: Run Behavior\ShowPageTraceBehavior [ RunTime:0.000000s ]
INFO: [ app_end ] --END-- [ RunTime:0.000000s ]

[ 2017-11-18T10:41:33+08:00 ] 140.207.54.79 /tpchat/index.php/home/index?signature=40bf0a5ea61615a4f2937b71f13874d3dcc0e045&timestamp=1510972885&nonce=530202597&openid=oAdCq060zNaPMlxWGwzpxOX92P3s
INFO: [ app_init ] --START--
INFO: Run Behavior\BuildLiteBehavior [ RunTime:0.000000s ]
INFO: [ app_init ] --END-- [ RunTime:0.000000s ]
INFO: [ app_begin ] --START--
INFO: Run Behavior\ReadHtmlCacheBehavior [ RunTime:0.000000s ]
INFO: [ app_begin ] --END-- [ RunTime:0.000000s ]
NOTIC: [8] Undefined index: key C:\www\tpchat\Application\Home\Controller\IndexController.class.php 第 54 行.
NOTIC: [8] Undefined index: key C:\www\tpchat\Application\Home\Controller\IndexController.class.php 第 66 行.
NOTIC: [8] Undefined index: key C:\www\tpchat\Application\Home\Controller\IndexController.class.php 第 68 行.
INFO: [ app_end ] --START--
INFO: Run Behavior\ShowPageTraceBehavior [ RunTime:0.000000s ]
INFO: [ app_end ] --END-- [ RunTime:0.000000s ]

[ 2017-11-18T10:41:34+08:00 ] 140.207.54.80 /tpchat/index.php/home/index?signature=58f54a0913e3cc1799f0d1fd3d9a6fa14ff690be&timestamp=1510972888&nonce=508303239&openid=oAdCq060zNaPMlxWGwzpxOX92P3s
INFO: [ app_init ] --START--
INFO: Run Behavior\BuildLiteBehavior [ RunTime:0.000000s ]
INFO: [ app_init ] --END-- [ RunTime:0.000000s ]
INFO: [ app_begin ] --START--
INFO: Run Behavior\ReadHtmlCacheBehavior [ RunTime:0.000000s ]
INFO: [ app_begin ] --END-- [ RunTime:0.000000s ]
INFO: [ app_end ] --START--
INFO: Run Behavior\ShowPageTraceBehavior [ RunTime:0.000000s ]
INFO: [ app_end ] --END-- [ RunTime:0.000000s ]

[ 2017-11-18T10:41:38+08:00 ] 140.207.54.79 /tpchat/index.php/home/index?signature=40bf0a5ea61615a4f2937b71f13874d3dcc0e045&timestamp=1510972885&nonce=530202597&openid=oAdCq060zNaPMlxWGwzpxOX92P3s
INFO: [ app_init ] --START--
INFO: Run Behavior\BuildLiteBehavior [ RunTime:0.000000s ]
INFO: [ app_init ] --END-- [ RunTime:0.000000s ]
INFO: [ app_begin ] --START--
INFO: Run Behavior\ReadHtmlCacheBehavior [ RunTime:0.000000s ]
INFO: [ app_begin ] --END-- [ RunTime:0.000000s ]
NOTIC: [8] Undefined index: key C:\www\tpchat\Application\Home\Controller\IndexController.class.php 第 54 行.
NOTIC: [8] Undefined index: key C:\www\tpchat\Application\Home\Controller\IndexController.class.php 第 66 行.
NOTIC: [8] Undefined index: key C:\www\tpchat\Application\Home\Controller\IndexController.class.php 第 68 行.
INFO: [ app_end ] --START--
INFO: Run Behavior\ShowPageTraceBehavior [ RunTime:0.015626s ]
INFO: [ app_end ] --END-- [ RunTime:0.015626s ]

[ 2017-11-18T10:41:42+08:00 ] 140.207.54.79 /tpchat/index.php/home/index?signature=58f54a0913e3cc1799f0d1fd3d9a6fa14ff690be&timestamp=1510972888&nonce=508303239&openid=oAdCq060zNaPMlxWGwzpxOX92P3s
INFO: [ app_init ] --START--
INFO: Run Behavior\BuildLiteBehavior [ RunTime:0.000000s ]
INFO: [ app_init ] --END-- [ RunTime:0.000000s ]
INFO: [ app_begin ] --START--
INFO: Run Behavior\ReadHtmlCacheBehavior [ RunTime:0.000000s ]
INFO: [ app_begin ] --END-- [ RunTime:0.000000s ]
INFO: [ app_end ] --START--
INFO: Run Behavior\ShowPageTraceBehavior [ RunTime:0.000000s ]
INFO: [ app_end ] --END-- [ RunTime:0.000000s ]

[ 2017-11-18T11:14:31+08:00 ] 127.0.0.1 /tpchat/
INFO: [ app_init ] --START--
INFO: Run Behavior\BuildLiteBehavior [ RunTime:0.000000s ]
INFO: [ app_init ] --END-- [ RunTime:0.000000s ]
INFO: [ app_begin ] --START--
INFO: Run Behavior\ReadHtmlCacheBehavior [ RunTime:0.015627s ]
INFO: [ app_begin ] --END-- [ RunTime:0.015627s ]

[ 2017-11-18T11:27:47+08:00 ] 123.57.157.64 /tpchat/
INFO: [ app_init ] --START--
INFO: Run Behavior\BuildLiteBehavior [ RunTime:0.000000s ]
INFO: [ app_init ] --END-- [ RunTime:0.015628s ]
INFO: [ app_begin ] --START--
INFO: Run Behavior\ReadHtmlCacheBehavior [ RunTime:0.015628s ]
INFO: [ app_begin ] --END-- [ RunTime:0.015628s ]

[ 2017-11-18T12:36:26+08:00 ] 140.207.54.75 /tpchat/index.php/home/index?signature=65636051dcb2287754f0df33795a28aca8a156fc&timestamp=1510979786&nonce=1468537117&openid=oAdCq016X8Hgd9iVKRk6Ob-r-sNU
INFO: [ app_init ] --START--
INFO: Run Behavior\BuildLiteBehavior [ RunTime:0.000000s ]
INFO: [ app_init ] --END-- [ RunTime:0.015629s ]
INFO: [ app_begin ] --START--
INFO: Run Behavior\ReadHtmlCacheBehavior [ RunTime:0.000000s ]
INFO: [ app_begin ] --END-- [ RunTime:0.015629s ]
INFO: [ app_end ] --START--
INFO: Run Behavior\ShowPageTraceBehavior [ RunTime:0.000000s ]
INFO: [ app_end ] --END-- [ RunTime:0.000000s ]

[ 2017-11-18T12:36:26+08:00 ] 140.207.54.75 /tpchat/index.php/home/index?signature=70425be20b1d271cf8527033fc781753b033fe8b&timestamp=1510979785&nonce=1191835285&openid=oAdCq016X8Hgd9iVKRk6Ob-r-sNU
INFO: [ app_init ] --START--
INFO: Run Behavior\BuildLiteBehavior [ RunTime:0.000000s ]
INFO: [ app_init ] --END-- [ RunTime:0.015629s ]
INFO: [ app_begin ] --START--
INFO: Run Behavior\ReadHtmlCacheBehavior [ RunTime:0.000000s ]
INFO: [ app_begin ] --END-- [ RunTime:0.000000s ]
NOTIC: [8] Undefined index: key C:\www\tpchat\Application\Home\Controller\IndexController.class.php 第 54 行.
NOTIC: [8] Undefined index: key C:\www\tpchat\Application\Home\Controller\IndexController.class.php 第 66 行.
NOTIC: [8] Undefined index: key C:\www\tpchat\Application\Home\Controller\IndexController.class.php 第 68 行.
INFO: [ app_end ] --START--
INFO: Run Behavior\ShowPageTraceBehavior [ RunTime:0.015629s ]
INFO: [ app_end ] --END-- [ RunTime:0.015629s ]

[ 2017-11-18T12:36:29+08:00 ] 140.207.54.75 /tpchat/index.php/home/index?signature=70425be20b1d271cf8527033fc781753b033fe8b&timestamp=1510979785&nonce=1191835285&openid=oAdCq016X8Hgd9iVKRk6Ob-r-sNU
INFO: [ app_init ] --START--
INFO: Run Behavior\BuildLiteBehavior [ RunTime:0.000000s ]
INFO: [ app_init ] --END-- [ RunTime:0.000000s ]
INFO: [ app_begin ] --START--
INFO: Run Behavior\ReadHtmlCacheBehavior [ RunTime:0.000000s ]
INFO: [ app_begin ] --END-- [ RunTime:0.000000s ]
NOTIC: [8] Undefined index: key C:\www\tpchat\Application\Home\Controller\IndexController.class.php 第 54 行.
NOTIC: [8] Undefined index: key C:\www\tpchat\Application\Home\Controller\IndexController.class.php 第 66 行.
NOTIC: [8] Undefined index: key C:\www\tpchat\Application\Home\Controller\IndexController.class.php 第 68 行.
INFO: [ app_end ] --START--
INFO: Run Behavior\ShowPageTraceBehavior [ RunTime:0.000000s ]
INFO: [ app_end ] --END-- [ RunTime:0.000000s ]

[ 2017-11-18T12:36:33+08:00 ] 140.207.54.76 /tpchat/index.php/home/index?signature=65636051dcb2287754f0df33795a28aca8a156fc&timestamp=1510979786&nonce=1468537117&openid=oAdCq016X8Hgd9iVKRk6Ob-r-sNU
INFO: [ app_init ] --START--
INFO: Run Behavior\BuildLiteBehavior [ RunTime:0.000000s ]
INFO: [ app_init ] --END-- [ RunTime:0.000000s ]
INFO: [ app_begin ] --START--
INFO: Run Behavior\ReadHtmlCacheBehavior [ RunTime:0.000000s ]
INFO: [ app_begin ] --END-- [ RunTime:0.000000s ]
INFO: [ app_end ] --START--
INFO: Run Behavior\ShowPageTraceBehavior [ RunTime:0.000000s ]
INFO: [ app_end ] --END-- [ RunTime:0.000000s ]

[ 2017-11-18T12:36:34+08:00 ] 140.207.54.76 /tpchat/index.php/home/index?signature=70425be20b1d271cf8527033fc781753b033fe8b&timestamp=1510979785&nonce=1191835285&openid=oAdCq016X8Hgd9iVKRk6Ob-r-sNU
INFO: [ app_init ] --START--
INFO: Run Behavior\BuildLiteBehavior [ RunTime:0.000000s ]
INFO: [ app_init ] --END-- [ RunTime:0.000000s ]
INFO: [ app_begin ] --START--
INFO: Run Behavior\ReadHtmlCacheBehavior [ RunTime:0.000000s ]
INFO: [ app_begin ] --END-- [ RunTime:0.000000s ]
NOTIC: [8] Undefined index: key C:\www\tpchat\Application\Home\Controller\IndexController.class.php 第 54 行.
NOTIC: [8] Undefined index: key C:\www\tpchat\Application\Home\Controller\IndexController.class.php 第 66 行.
NOTIC: [8] Undefined index: key C:\www\tpchat\Application\Home\Controller\IndexController.class.php 第 68 行.
INFO: [ app_end ] --START--
INFO: Run Behavior\ShowPageTraceBehavior [ RunTime:0.000000s ]
INFO: [ app_end ] --END-- [ RunTime:0.000000s ]

[ 2017-11-18T12:36:38+08:00 ] 140.207.54.75 /tpchat/index.php/home/index?signature=65636051dcb2287754f0df33795a28aca8a156fc&timestamp=1510979786&nonce=1468537117&openid=oAdCq016X8Hgd9iVKRk6Ob-r-sNU
INFO: [ app_init ] --START--
INFO: Run Behavior\BuildLiteBehavior [ RunTime:0.000000s ]
INFO: [ app_init ] --END-- [ RunTime:0.000000s ]
INFO: [ app_begin ] --START--
INFO: Run Behavior\ReadHtmlCacheBehavior [ RunTime:0.000000s ]
INFO: [ app_begin ] --END-- [ RunTime:0.000000s ]
INFO: [ app_end ] --START--
INFO: Run Behavior\ShowPageTraceBehavior [ RunTime:0.015629s ]
INFO: [ app_end ] --END-- [ RunTime:0.015629s ]

[ 2017-11-18T12:36:47+08:00 ] 140.207.54.76 /tpchat/index.php/home/index?signature=99796141959d52d6ddb63a726e7805876b7479a5&timestamp=1510979808&nonce=67350523&openid=oAdCq016X8Hgd9iVKRk6Ob-r-sNU
INFO: [ app_init ] --START--
INFO: Run Behavior\BuildLiteBehavior [ RunTime:0.000000s ]
INFO: [ app_init ] --END-- [ RunTime:0.000000s ]
INFO: [ app_begin ] --START--
INFO: Run Behavior\ReadHtmlCacheBehavior [ RunTime:0.000000s ]
INFO: [ app_begin ] --END-- [ RunTime:0.000000s ]
NOTIC: [8] Undefined index: key C:\www\tpchat\Application\Home\Controller\IndexController.class.php 第 54 行.
NOTIC: [8] Undefined index: key C:\www\tpchat\Application\Home\Controller\IndexController.class.php 第 66 行.
NOTIC: [8] Undefined index: key C:\www\tpchat\Application\Home\Controller\IndexController.class.php 第 68 行.
INFO: [ app_end ] --START--
INFO: Run Behavior\ShowPageTraceBehavior [ RunTime:0.000000s ]
INFO: [ app_end ] --END-- [ RunTime:0.000000s ]

[ 2017-11-18T12:36:49+08:00 ] 140.207.54.75 /tpchat/index.php/home/index?signature=13c55d109b0f768e7b25c7c801bc38a365b493de&timestamp=1510979811&nonce=940104430&openid=oAdCq016X8Hgd9iVKRk6Ob-r-sNU
INFO: [ app_init ] --START--
INFO: Run Behavior\BuildLiteBehavior [ RunTime:0.000000s ]
INFO: [ app_init ] --END-- [ RunTime:0.000000s ]
INFO: [ app_begin ] --START--
INFO: Run Behavior\ReadHtmlCacheBehavior [ RunTime:0.000000s ]
INFO: [ app_begin ] --END-- [ RunTime:0.000000s ]
INFO: [ app_end ] --START--
INFO: Run Behavior\ShowPageTraceBehavior [ RunTime:0.000000s ]
INFO: [ app_end ] --END-- [ RunTime:0.000000s ]

[ 2017-11-18T12:36:54+08:00 ] 140.207.54.75 /tpchat/index.php/home/index?signature=13c55d109b0f768e7b25c7c801bc38a365b493de&timestamp=1510979811&nonce=940104430&openid=oAdCq016X8Hgd9iVKRk6Ob-r-sNU
INFO: [ app_init ] --START--
INFO: Run Behavior\BuildLiteBehavior [ RunTime:0.000000s ]
INFO: [ app_init ] --END-- [ RunTime:0.000000s ]
INFO: [ app_begin ] --START--
INFO: Run Behavior\ReadHtmlCacheBehavior [ RunTime:0.000000s ]
INFO: [ app_begin ] --END-- [ RunTime:0.000000s ]
INFO: [ app_end ] --START--
INFO: Run Behavior\ShowPageTraceBehavior [ RunTime:0.000000s ]
INFO: [ app_end ] --END-- [ RunTime:0.000000s ]

[ 2017-11-18T12:36:57+08:00 ] 140.207.54.75 /tpchat/index.php/home/index?signature=99796141959d52d6ddb63a726e7805876b7479a5&timestamp=1510979808&nonce=67350523&openid=oAdCq016X8Hgd9iVKRk6Ob-r-sNU
INFO: [ app_init ] --START--
INFO: Run Behavior\BuildLiteBehavior [ RunTime:0.000000s ]
INFO: [ app_init ] --END-- [ RunTime:0.000000s ]
INFO: [ app_begin ] --START--
INFO: Run Behavior\ReadHtmlCacheBehavior [ RunTime:0.000000s ]
INFO: [ app_begin ] --END-- [ RunTime:0.000000s ]
NOTIC: [8] Undefined index: key C:\www\tpchat\Application\Home\Controller\IndexController.class.php 第 54 行.
NOTIC: [8] Undefined index: key C:\www\tpchat\Application\Home\Controller\IndexController.class.php 第 66 行.
NOTIC: [8] Undefined index: key C:\www\tpchat\Application\Home\Controller\IndexController.class.php 第 68 行.
INFO: [ app_end ] --START--
INFO: Run Behavior\ShowPageTraceBehavior [ RunTime:0.000000s ]
INFO: [ app_end ] --END-- [ RunTime:0.000000s ]

[ 2017-11-18T12:36:59+08:00 ] 140.207.54.75 /tpchat/index.php/home/index?signature=13c55d109b0f768e7b25c7c801bc38a365b493de&timestamp=1510979811&nonce=940104430&openid=oAdCq016X8Hgd9iVKRk6Ob-r-sNU
INFO: [ app_init ] --START--
INFO: Run Behavior\BuildLiteBehavior [ RunTime:0.000000s ]
INFO: [ app_init ] --END-- [ RunTime:0.000000s ]
INFO: [ app_begin ] --START--
INFO: Run Behavior\ReadHtmlCacheBehavior [ RunTime:0.000000s ]
INFO: [ app_begin ] --END-- [ RunTime:0.000000s ]
INFO: [ app_end ] --START--
INFO: Run Behavior\ShowPageTraceBehavior [ RunTime:0.000000s ]
INFO: [ app_end ] --END-- [ RunTime:0.000000s ]

[ 2017-11-18T12:37:21+08:00 ] 140.207.54.76 /tpchat/index.php/home/index?signature=fa12ae8f5f68c3cdbbb6150f06b1bd26139fabd1&timestamp=1510979843&nonce=1048185614&openid=oAdCq016X8Hgd9iVKRk6Ob-r-sNU
INFO: [ app_init ] --START--
INFO: Run Behavior\BuildLiteBehavior [ RunTime:0.000000s ]
INFO: [ app_init ] --END-- [ RunTime:0.000000s ]
INFO: [ app_begin ] --START--
INFO: Run Behavior\ReadHtmlCacheBehavior [ RunTime:0.000000s ]
INFO: [ app_begin ] --END-- [ RunTime:0.000000s ]
NOTIC: [8] Undefined index: key C:\www\tpchat\Application\Home\Controller\IndexController.class.php 第 54 行.
NOTIC: [8] Undefined index: key C:\www\tpchat\Application\Home\Controller\IndexController.class.php 第 66 行.
NOTIC: [8] Undefined index: key C:\www\tpchat\Application\Home\Controller\IndexController.class.php 第 68 行.
INFO: [ app_end ] --START--
INFO: Run Behavior\ShowPageTraceBehavior [ RunTime:0.000000s ]
INFO: [ app_end ] --END-- [ RunTime:0.000000s ]

[ 2017-11-18T12:37:26+08:00 ] 140.207.54.75 /tpchat/index.php/home/index?signature=fa12ae8f5f68c3cdbbb6150f06b1bd26139fabd1&timestamp=1510979843&nonce=1048185614&openid=oAdCq016X8Hgd9iVKRk6Ob-r-sNU
INFO: [ app_init ] --START--
INFO: Run Behavior\BuildLiteBehavior [ RunTime:0.000000s ]
INFO: [ app_init ] --END-- [ RunTime:0.000000s ]
INFO: [ app_begin ] --START--
INFO: Run Behavior\ReadHtmlCacheBehavior [ RunTime:0.000000s ]
INFO: [ app_begin ] --END-- [ RunTime:0.000000s ]
NOTIC: [8] Undefined index: key C:\www\tpchat\Application\Home\Controller\IndexController.class.php 第 54 行.
NOTIC: [8] Undefined index: key C:\www\tpchat\Application\Home\Controller\IndexController.class.php 第 66 行.
NOTIC: [8] Undefined index: key C:\www\tpchat\Application\Home\Controller\IndexController.class.php 第 68 行.
INFO: [ app_end ] --START--
INFO: Run Behavior\ShowPageTraceBehavior [ RunTime:0.000000s ]
INFO: [ app_end ] --END-- [ RunTime:0.000000s ]

[ 2017-11-18T12:37:31+08:00 ] 140.207.54.75 /tpchat/index.php/home/index?signature=fa12ae8f5f68c3cdbbb6150f06b1bd26139fabd1&timestamp=1510979843&nonce=1048185614&openid=oAdCq016X8Hgd9iVKRk6Ob-r-sNU
INFO: [ app_init ] --START--
INFO: Run Behavior\BuildLiteBehavior [ RunTime:0.000000s ]
INFO: [ app_init ] --END-- [ RunTime:0.000000s ]
INFO: [ app_begin ] --START--
INFO: Run Behavior\ReadHtmlCacheBehavior [ RunTime:0.000000s ]
INFO: [ app_begin ] --END-- [ RunTime:0.000000s ]
NOTIC: [8] Undefined index: key C:\www\tpchat\Application\Home\Controller\IndexController.class.php 第 54 行.
NOTIC: [8] Undefined index: key C:\www\tpchat\Application\Home\Controller\IndexController.class.php 第 66 行.
NOTIC: [8] Undefined index: key C:\www\tpchat\Application\Home\Controller\IndexController.class.php 第 68 行.
INFO: [ app_end ] --START--
INFO: Run Behavior\ShowPageTraceBehavior [ RunTime:0.000000s ]
INFO: [ app_end ] --END-- [ RunTime:0.000000s ]

[ 2017-11-18T13:27:11+08:00 ] 140.207.54.75 /tpchat/index.php/home/index?signature=8b2c8d6c0bc8eab46a2c65a6dfd592e7cfc95199&timestamp=1510982829&nonce=1877272774&openid=oAdCq01YzcVjLWljmeEBFcDEswEY
INFO: [ app_init ] --START--
INFO: Run Behavior\BuildLiteBehavior [ RunTime:0.000000s ]
INFO: [ app_init ] --END-- [ RunTime:0.031254s ]
INFO: [ app_begin ] --START--
INFO: Run Behavior\ReadHtmlCacheBehavior [ RunTime:0.015627s ]
INFO: [ app_begin ] --END-- [ RunTime:0.015627s ]
INFO: [ app_end ] --START--
INFO: Run Behavior\ShowPageTraceBehavior [ RunTime:0.015628s ]
INFO: [ app_end ] --END-- [ RunTime:0.015628s ]

[ 2017-11-18T13:27:22+08:00 ] 140.207.54.75 /tpchat/index.php/home/index?signature=2f23bda481de7a1494887d696907f55460aef9b9&timestamp=1510982843&nonce=368683542&openid=oAdCq01YzcVjLWljmeEBFcDEswEY
INFO: [ app_init ] --START--
INFO: Run Behavior\BuildLiteBehavior [ RunTime:0.000000s ]
INFO: [ app_init ] --END-- [ RunTime:0.000000s ]
INFO: [ app_begin ] --START--
INFO: Run Behavior\ReadHtmlCacheBehavior [ RunTime:0.015627s ]
INFO: [ app_begin ] --END-- [ RunTime:0.015627s ]
INFO: [ app_end ] --START--
INFO: Run Behavior\ShowPageTraceBehavior [ RunTime:0.000000s ]
INFO: [ app_end ] --END-- [ RunTime:0.000000s ]

[ 2017-11-18T13:56:48+08:00 ] 114.245.4.128 /tpchat/
INFO: [ app_init ] --START--
INFO: Run Behavior\BuildLiteBehavior [ RunTime:0.000000s ]
INFO: [ app_init ] --END-- [ RunTime:0.015626s ]
INFO: [ app_begin ] --START--
INFO: Run Behavior\ReadHtmlCacheBehavior [ RunTime:0.000000s ]
INFO: [ app_begin ] --END-- [ RunTime:0.000000s ]

[ 2017-11-18T14:25:11+08:00 ] 114.245.4.128 /tpchat/
INFO: [ app_init ] --START--
INFO: Run Behavior\BuildLiteBehavior [ RunTime:0.000000s ]
INFO: [ app_init ] --END-- [ RunTime:0.015627s ]
INFO: [ app_begin ] --START--
INFO: Run Behavior\ReadHtmlCacheBehavior [ RunTime:0.015626s ]
INFO: [ app_begin ] --END-- [ RunTime:0.015626s ]

[ 2017-11-18T14:31:28+08:00 ] 114.245.4.128 /tpchat/index.php/home/index
INFO: [ app_init ] --START--
INFO: Run Behavior\BuildLiteBehavior [ RunTime:0.000000s ]
INFO: [ app_init ] --END-- [ RunTime:0.015627s ]
INFO: [ app_begin ] --START--
INFO: Run Behavior\ReadHtmlCacheBehavior [ RunTime:0.000000s ]
INFO: [ app_begin ] --END-- [ RunTime:0.000000s ]

[ 2017-11-18T14:31:38+08:00 ] 140.207.54.76 /tpchat/index.php/home/index?signature=ddf45811f542cdb8395316046452c3452a1eb347&echostr=3639169171143524319&timestamp=1510986699&nonce=42997016
INFO: [ app_init ] --START--
INFO: Run Behavior\BuildLiteBehavior [ RunTime:0.000000s ]
INFO: [ app_init ] --END-- [ RunTime:0.000000s ]
INFO: [ app_begin ] --START--
INFO: Run Behavior\ReadHtmlCacheBehavior [ RunTime:0.000000s ]
INFO: [ app_begin ] --END-- [ RunTime:0.000000s ]

[ 2017-11-18T14:32:25+08:00 ] 114.245.4.128 /tpchat/index.php/home/index
INFO: [ app_init ] --START--
INFO: Run Behavior\BuildLiteBehavior [ RunTime:0.000000s ]
INFO: [ app_init ] --END-- [ RunTime:0.000000s ]
INFO: [ app_begin ] --START--
INFO: Run Behavior\ReadHtmlCacheBehavior [ RunTime:0.015627s ]
INFO: [ app_begin ] --END-- [ RunTime:0.015627s ]

[ 2017-11-18T16:48:22+08:00 ] 140.207.54.79 /tpchat/index.php/home/index?signature=48fcbba2f258c8c811b7f7fb32d4552a593bbd77&timestamp=1510994900&nonce=923637875&openid=oAdCq060zNaPMlxWGwzpxOX92P3s
INFO: [ app_init ] --START--
INFO: Run Behavior\BuildLiteBehavior [ RunTime:0.000000s ]
INFO: [ app_init ] --END-- [ RunTime:0.020509s ]
INFO: [ app_begin ] --START--
INFO: Run Behavior\ReadHtmlCacheBehavior [ RunTime:0.012695s ]
INFO: [ app_begin ] --END-- [ RunTime:0.012695s ]
NOTIC: [8] Undefined index: key C:\www\tpchat\Application\Home\Controller\IndexController.class.php 第 54 行.
NOTIC: [8] Undefined index: key C:\www\tpchat\Application\Home\Controller\IndexController.class.php 第 66 行.
NOTIC: [8] Undefined index: key C:\www\tpchat\Application\Home\Controller\IndexController.class.php 第 68 行.
INFO: [ app_end ] --START--
INFO: Run Behavior\ShowPageTraceBehavior [ RunTime:0.004883s ]
INFO: [ app_end ] --END-- [ RunTime:0.004883s ]

[ 2017-11-18T16:48:22+08:00 ] 140.207.54.79 /tpchat/index.php/home/index?signature=d45bfc2cc3797ad23a21b64da2a455649720a68b&timestamp=1510994901&nonce=990268713&openid=oAdCq060zNaPMlxWGwzpxOX92P3s
INFO: [ app_init ] --START--
INFO: Run Behavior\BuildLiteBehavior [ RunTime:0.000977s ]
INFO: [ app_init ] --END-- [ RunTime:0.019532s ]
INFO: [ app_begin ] --START--
INFO: Run Behavior\ReadHtmlCacheBehavior [ RunTime:0.013672s ]
INFO: [ app_begin ] --END-- [ RunTime:0.013672s ]
INFO: [ app_end ] --START--
INFO: Run Behavior\ShowPageTraceBehavior [ RunTime:0.006837s ]
INFO: [ app_end ] --END-- [ RunTime:0.006837s ]

[ 2017-11-18T16:48:30+08:00 ] 140.207.54.80 /tpchat/index.php/home/index?signature=6057164f900bd9d0eb405ff21fee7bbd189854ca&timestamp=1510994910&nonce=1505008901&openid=oAdCq060zNaPMlxWGwzpxOX92P3s
INFO: [ app_init ] --START--
INFO: Run Behavior\BuildLiteBehavior [ RunTime:0.000000s ]
INFO: [ app_init ] --END-- [ RunTime:0.000976s ]
INFO: [ app_begin ] --START--
INFO: Run Behavior\ReadHtmlCacheBehavior [ RunTime:0.001954s ]
INFO: [ app_begin ] --END-- [ RunTime:0.001954s ]
INFO: [ app_end ] --START--
INFO: Run Behavior\ShowPageTraceBehavior [ RunTime:0.001953s ]
INFO: [ app_end ] --END-- [ RunTime:0.002930s ]

[ 2017-11-18T16:48:36+08:00 ] 140.207.54.80 /tpchat/index.php/home/index?signature=f017f9e15a7ab8ef31759100117214a53abb5e3c&timestamp=1510994916&nonce=398149024&openid=oAdCq060zNaPMlxWGwzpxOX92P3s
INFO: [ app_init ] --START--
INFO: Run Behavior\BuildLiteBehavior [ RunTime:0.000000s ]
INFO: [ app_init ] --END-- [ RunTime:0.001954s ]
INFO: [ app_begin ] --START--
INFO: Run Behavior\ReadHtmlCacheBehavior [ RunTime:0.001953s ]
INFO: [ app_begin ] --END-- [ RunTime:0.001953s ]
INFO: [ app_end ] --START--
INFO: Run Behavior\ShowPageTraceBehavior [ RunTime:0.001953s ]
INFO: [ app_end ] --END-- [ RunTime:0.001953s ]

[ 2017-11-18T16:48:48+08:00 ] 140.207.54.80 /tpchat/index.php/home/index?signature=c2028fa5293cef6f49af114ba9ded65565bf6c55&timestamp=1510994928&nonce=773045981&openid=oAdCq060zNaPMlxWGwzpxOX92P3s
INFO: [ app_init ] --START--
INFO: Run Behavior\BuildLiteBehavior [ RunTime:0.000000s ]
INFO: [ app_init ] --END-- [ RunTime:0.002930s ]
INFO: [ app_begin ] --START--
INFO: Run Behavior\ReadHtmlCacheBehavior [ RunTime:0.001953s ]
INFO: [ app_begin ] --END-- [ RunTime:0.001953s ]
INFO: [ app_end ] --START--
INFO: Run Behavior\ShowPageTraceBehavior [ RunTime:0.000976s ]
INFO: [ app_end ] --END-- [ RunTime:0.001953s ]

[ 2017-11-18T16:48:59+08:00 ] 120.204.17.70 /tpchat/index.php/home/index
INFO: [ app_init ] --START--
INFO: Run Behavior\BuildLiteBehavior [ RunTime:0.000000s ]
INFO: [ app_init ] --END-- [ RunTime:0.001954s ]
INFO: [ app_begin ] --START--
INFO: Run Behavior\ReadHtmlCacheBehavior [ RunTime:0.006836s ]
INFO: [ app_begin ] --END-- [ RunTime:0.006836s ]

[ 2017-11-18T19:11:05+08:00 ] ::1 /tpchat/index.php/home/jspay?trade_id=253&code=00109BmT0SjVhX1gaCoT0eZvmT009BmW&state=STATE
INFO: [ app_init ] --START--
INFO: Run Behavior\BuildLiteBehavior [ RunTime:0.000028s ]
INFO: [ app_init ] --END-- [ RunTime:0.000591s ]
INFO: [ app_begin ] --START--
INFO: Run Behavior\ReadHtmlCacheBehavior [ RunTime:0.000538s ]
INFO: [ app_begin ] --END-- [ RunTime:0.000610s ]
NOTIC: [2] fopen(../logs/2017-11-18.log): failed to open stream: No such file or directory /Applications/MAMP/htdocs/tpchat/ThinkPHP/Library/Vendor/Wechat/log.php 第 16 行.
NOTIC: [8] Undefined property: JsApiPay::$curl_timeout /Applications/MAMP/htdocs/tpchat/ThinkPHP/Library/Vendor/Wechat/WxPayJsApiPay.php 第 99 行.
NOTIC: [8] Undefined index: openid /Applications/MAMP/htdocs/tpchat/ThinkPHP/Library/Vendor/Wechat/WxPayJsApiPay.php 第 116 行.
ERR: SQLSTATE[HY000] [1045] Access denied for user 'root'@'localhost' (using password: YES)

[ 2017-11-18T19:11:07+08:00 ] ::1 /tpchat/index.php/home/jspay?trade_id=253&code=00109BmT0SjVhX1gaCoT0eZvmT009BmW&state=STATE
INFO: [ app_init ] --START--
INFO: Run Behavior\BuildLiteBehavior [ RunTime:0.000014s ]
INFO: [ app_init ] --END-- [ RunTime:0.000343s ]
INFO: [ app_begin ] --START--
INFO: Run Behavior\ReadHtmlCacheBehavior [ RunTime:0.000494s ]
INFO: [ app_begin ] --END-- [ RunTime:0.000551s ]
NOTIC: [2] fopen(../logs/2017-11-18.log): failed to open stream: No such file or directory /Applications/MAMP/htdocs/tpchat/ThinkPHP/Library/Vendor/Wechat/log.php 第 16 行.
NOTIC: [8] Undefined property: JsApiPay::$curl_timeout /Applications/MAMP/htdocs/tpchat/ThinkPHP/Library/Vendor/Wechat/WxPayJsApiPay.php 第 99 行.
NOTIC: [8] Undefined index: openid /Applications/MAMP/htdocs/tpchat/ThinkPHP/Library/Vendor/Wechat/WxPayJsApiPay.php 第 116 行.
ERR: SQLSTATE[HY000] [1045] Access denied for user 'root'@'localhost' (using password: YES)

[ 2017-11-18T19:12:40+08:00 ] ::1 /tpchat/index.php/home/jspay?trade_id=253&code=00109BmT0SjVhX1gaCoT0eZvmT009BmW&state=STATE
INFO: [ app_init ] --START--
INFO: Run Behavior\BuildLiteBehavior [ RunTime:0.000016s ]
INFO: [ app_init ] --END-- [ RunTime:0.000337s ]
INFO: [ app_begin ] --START--
INFO: Run Behavior\ReadHtmlCacheBehavior [ RunTime:0.000354s ]
INFO: [ app_begin ] --END-- [ RunTime:0.000399s ]
NOTIC: [2] fopen(../logs/2017-11-18.log): failed to open stream: No such file or directory /Applications/MAMP/htdocs/tpchat/ThinkPHP/Library/Vendor/Wechat/log.php 第 16 行.
NOTIC: [8] Undefined property: JsApiPay::$curl_timeout /Applications/MAMP/htdocs/tpchat/ThinkPHP/Library/Vendor/Wechat/WxPayJsApiPay.php 第 99 行.
NOTIC: [8] Undefined index: openid /Applications/MAMP/htdocs/tpchat/ThinkPHP/Library/Vendor/Wechat/WxPayJsApiPay.php 第 116 行.
SQL: SHOW COLUMNS FROM `trade` [ RunTime:0.0052s ]
SQL: SELECT * FROM `trade` WHERE `trade_id` = 253 LIMIT 1   [ RunTime:0.0078s ]
ERR: 参数错误

[ 2017-11-18T19:13:39+08:00 ] ::1 /tpchat/index.php/home/jspay?trade_id=253&code=00109BmT0SjVhX1gaCoT0eZvmT009BmW&state=STATE
INFO: [ app_init ] --START--
INFO: Run Behavior\BuildLiteBehavior [ RunTime:0.000018s ]
INFO: [ app_init ] --END-- [ RunTime:0.000345s ]
INFO: [ app_begin ] --START--
INFO: Run Behavior\ReadHtmlCacheBehavior [ RunTime:0.000364s ]
INFO: [ app_begin ] --END-- [ RunTime:0.000407s ]
NOTIC: [2] fopen(../logs/2017-11-18.log): failed to open stream: No such file or directory /Applications/MAMP/htdocs/tpchat/ThinkPHP/Library/Vendor/Wechat/log.php 第 16 行.
NOTIC: [8] Undefined property: JsApiPay::$curl_timeout /Applications/MAMP/htdocs/tpchat/ThinkPHP/Library/Vendor/Wechat/WxPayJsApiPay.php 第 99 行.
NOTIC: [8] Undefined index: openid /Applications/MAMP/htdocs/tpchat/ThinkPHP/Library/Vendor/Wechat/WxPayJsApiPay.php 第 116 行.
SQL: SHOW COLUMNS FROM `trade` [ RunTime:0.0053s ]
SQL: SELECT * FROM `trade` WHERE `trade_id` = 253 LIMIT 1   [ RunTime:0.0036s ]
ERR: 参数错误

[ 2017-11-18T19:14:33+08:00 ] ::1 /tpchat/index.php/home/jspay?trade_id=253&code=061aonOo0HqTAs13fRLo01QjOo0aonOS&state=STATE
INFO: [ app_init ] --START--
INFO: Run Behavior\BuildLiteBehavior [ RunTime:0.000016s ]
INFO: [ app_init ] --END-- [ RunTime:0.000332s ]
INFO: [ app_begin ] --START--
INFO: Run Behavior\ReadHtmlCacheBehavior [ RunTime:0.000351s ]
INFO: [ app_begin ] --END-- [ RunTime:0.000393s ]
NOTIC: [2] fopen(../logs/2017-11-18.log): failed to open stream: No such file or directory /Applications/MAMP/htdocs/tpchat/ThinkPHP/Library/Vendor/Wechat/log.php 第 16 行.
NOTIC: [8] Undefined property: JsApiPay::$curl_timeout /Applications/MAMP/htdocs/tpchat/ThinkPHP/Library/Vendor/Wechat/WxPayJsApiPay.php 第 99 行.
NOTIC: [8] Undefined index: openid /Applications/MAMP/htdocs/tpchat/ThinkPHP/Library/Vendor/Wechat/WxPayJsApiPay.php 第 116 行.
SQL: SHOW COLUMNS FROM `trade` [ RunTime:0.0053s ]
SQL: SELECT * FROM `trade` WHERE `trade_id` = 253 LIMIT 1   [ RunTime:0.0074s ]
ERR: 参数错误

[ 2017-11-18T19:14:42+08:00 ] ::1 /tpchat/index.php/home/jspay?trade_id=253&code=061aonOo0HqTAs13fRLo01QjOo0aonOS&state=STATE
INFO: [ app_init ] --START--
INFO: Run Behavior\BuildLiteBehavior [ RunTime:0.000016s ]
INFO: [ app_init ] --END-- [ RunTime:0.000335s ]
INFO: [ app_begin ] --START--
INFO: Run Behavior\ReadHtmlCacheBehavior [ RunTime:0.000357s ]
INFO: [ app_begin ] --END-- [ RunTime:0.000399s ]
NOTIC: [2] fopen(../logs/2017-11-18.log): failed to open stream: No such file or directory /Applications/MAMP/htdocs/tpchat/ThinkPHP/Library/Vendor/Wechat/log.php 第 16 行.
NOTIC: [8] Undefined property: JsApiPay::$curl_timeout /Applications/MAMP/htdocs/tpchat/ThinkPHP/Library/Vendor/Wechat/WxPayJsApiPay.php 第 99 行.
NOTIC: [8] Undefined index: openid /Applications/MAMP/htdocs/tpchat/ThinkPHP/Library/Vendor/Wechat/WxPayJsApiPay.php 第 116 行.
SQL: SHOW COLUMNS FROM `trade` [ RunTime:0.0052s ]
SQL: SELECT * FROM `trade` WHERE `trade_id` = 253 LIMIT 1   [ RunTime:0.0034s ]
ERR: 参数错误
NOTIC: [2] Cannot modify header information - headers already sent by (output started at /Applications/MAMP/htdocs/tpchat/Application/Home/Controller/JspayController.class.php:39) /Applications/MAMP/htdocs/tpchat/ThinkPHP/Library/Think/Think.class.php 第 229 行.
NOTIC: [2] Cannot modify header information - headers already sent by (output started at /Applications/MAMP/htdocs/tpchat/Application/Home/Controller/JspayController.class.php:39) /Applications/MAMP/htdocs/tpchat/ThinkPHP/Library/Think/Think.class.php 第 230 行.

[ 2017-11-18T19:14:49+08:00 ] ::1 /tpchat/index.php/home/jspay?trade_id=253&code=061aonOo0HqTAs13fRLo01QjOo0aonOS&state=STATE
INFO: [ app_init ] --START--
INFO: Run Behavior\BuildLiteBehavior [ RunTime:0.000010s ]
INFO: [ app_init ] --END-- [ RunTime:0.000242s ]
INFO: [ app_begin ] --START--
INFO: Run Behavior\ReadHtmlCacheBehavior [ RunTime:0.000316s ]
INFO: [ app_begin ] --END-- [ RunTime:0.000355s ]
NOTIC: [2] fopen(../logs/2017-11-18.log): failed to open stream: No such file or directory /Applications/MAMP/htdocs/tpchat/ThinkPHP/Library/Vendor/Wechat/log.php 第 16 行.
NOTIC: [8] Undefined property: JsApiPay::$curl_timeout /Applications/MAMP/htdocs/tpchat/ThinkPHP/Library/Vendor/Wechat/WxPayJsApiPay.php 第 99 行.
NOTIC: [8] Undefined index: openid /Applications/MAMP/htdocs/tpchat/ThinkPHP/Library/Vendor/Wechat/WxPayJsApiPay.php 第 116 行.
SQL: SHOW COLUMNS FROM `trade` [ RunTime:0.0051s ]
SQL: SELECT * FROM `trade` WHERE `trade_id` = 253 LIMIT 1   [ RunTime:0.0037s ]
ERR: 参数错误
NOTIC: [2] Cannot modify header information - headers already sent by (output started at /Applications/MAMP/htdocs/tpchat/Application/Home/Controller/JspayController.class.php:41) /Applications/MAMP/htdocs/tpchat/ThinkPHP/Library/Think/Think.class.php 第 229 行.
NOTIC: [2] Cannot modify header information - headers already sent by (output started at /Applications/MAMP/htdocs/tpchat/Application/Home/Controller/JspayController.class.php:41) /Applications/MAMP/htdocs/tpchat/ThinkPHP/Library/Think/Think.class.php 第 230 行.

[ 2017-11-18T19:15:11+08:00 ] ::1 /tpchat/index.php/home/jspay?trade_id=253&code=061aonOo0HqTAs13fRLo01QjOo0aonOS&state=STATE
INFO: [ app_init ] --START--
INFO: Run Behavior\BuildLiteBehavior [ RunTime:0.000011s ]
INFO: [ app_init ] --END-- [ RunTime:0.000272s ]
INFO: [ app_begin ] --START--
INFO: Run Behavior\ReadHtmlCacheBehavior [ RunTime:0.000594s ]
INFO: [ app_begin ] --END-- [ RunTime:0.000660s ]
NOTIC: [2] fopen(../logs/2017-11-18.log): failed to open stream: No such file or directory /Applications/MAMP/htdocs/tpchat/ThinkPHP/Library/Vendor/Wechat/log.php 第 16 行.
NOTIC: [8] Undefined property: JsApiPay::$curl_timeout /Applications/MAMP/htdocs/tpchat/ThinkPHP/Library/Vendor/Wechat/WxPayJsApiPay.php 第 99 行.
NOTIC: [8] Undefined index: openid /Applications/MAMP/htdocs/tpchat/ThinkPHP/Library/Vendor/Wechat/WxPayJsApiPay.php 第 116 行.
SQL: SHOW COLUMNS FROM `trade` [ RunTime:0.0052s ]
SQL: SELECT * FROM `trade` WHERE `trade_id` = 253 LIMIT 1   [ RunTime:0.0036s ]
ERR: 参数错误
NOTIC: [2] Cannot modify header information - headers already sent by (output started at /Applications/MAMP/htdocs/tpchat/Application/Home/Controller/JspayController.class.php:40) /Applications/MAMP/htdocs/tpchat/ThinkPHP/Library/Think/Think.class.php 第 229 行.
NOTIC: [2] Cannot modify header information - headers already sent by (output started at /Applications/MAMP/htdocs/tpchat/Application/Home/Controller/JspayController.class.php:40) /Applications/MAMP/htdocs/tpchat/ThinkPHP/Library/Think/Think.class.php 第 230 行.

[ 2017-11-18T19:15:51+08:00 ] ::1 /tpchat/index.php/home/jspay?trade_id=253&code=061aonOo0HqTAs13fRLo01QjOo0aonOS&state=STATE
INFO: [ app_init ] --START--
INFO: Run Behavior\BuildLiteBehavior [ RunTime:0.000011s ]
INFO: [ app_init ] --END-- [ RunTime:0.000252s ]
INFO: [ app_begin ] --START--
INFO: Run Behavior\ReadHtmlCacheBehavior [ RunTime:0.000319s ]
INFO: [ app_begin ] --END-- [ RunTime:0.000358s ]
NOTIC: [2] fopen(../logs/2017-11-18.log): failed to open stream: No such file or directory /Applications/MAMP/htdocs/tpchat/ThinkPHP/Library/Vendor/Wechat/log.php 第 16 行.
NOTIC: [8] Undefined property: JsApiPay::$curl_timeout /Applications/MAMP/htdocs/tpchat/ThinkPHP/Library/Vendor/Wechat/WxPayJsApiPay.php 第 99 行.
NOTIC: [8] Undefined index: openid /Applications/MAMP/htdocs/tpchat/ThinkPHP/Library/Vendor/Wechat/WxPayJsApiPay.php 第 116 行.
SQL: SHOW COLUMNS FROM `trade` [ RunTime:0.0059s ]
SQL: SELECT * FROM `trade` WHERE `trade_id` = 253 LIMIT 1   [ RunTime:0.0075s ]
ERR: 参数错误

[ 2017-11-18T19:26:04+08:00 ] ::1 /tpchat/index.php/home/jspay?trade_id=253&code=061aonOo0HqTAs13fRLo01QjOo0aonOS&state=STATE
INFO: [ app_init ] --START--
INFO: Run Behavior\BuildLiteBehavior [ RunTime:0.000019s ]
INFO: [ app_init ] --END-- [ RunTime:0.000443s ]
INFO: [ app_begin ] --START--
INFO: Run Behavior\ReadHtmlCacheBehavior [ RunTime:0.000383s ]
INFO: [ app_begin ] --END-- [ RunTime:0.000427s ]
NOTIC: [2] fopen(../logs/2017-11-18.log): failed to open stream: No such file or directory /Applications/MAMP/htdocs/tpchat/ThinkPHP/Library/Vendor/Wechat/log.php 第 16 行.
NOTIC: [8] Undefined property: JsApiPay::$curl_timeout /Applications/MAMP/htdocs/tpchat/ThinkPHP/Library/Vendor/Wechat/WxPayJsApiPay.php 第 99 行.
NOTIC: [8] Undefined index: openid /Applications/MAMP/htdocs/tpchat/ThinkPHP/Library/Vendor/Wechat/WxPayJsApiPay.php 第 116 行.
SQL: SHOW COLUMNS FROM `trade` [ RunTime:0.0053s ]
SQL: SELECT * FROM `trade` WHERE `trade_id` = 253 LIMIT 1   [ RunTime:0.0035s ]
ERR: 参数错误

[ 2017-11-18T19:28:32+08:00 ] ::1 /tpchat/index.php/home/jspay?code=021hpJBa28eREO0WiFya216QBa2hpJB8&state=STATE
INFO: [ app_init ] --START--
INFO: Run Behavior\BuildLiteBehavior [ RunTime:0.000011s ]
INFO: [ app_init ] --END-- [ RunTime:0.000247s ]
INFO: [ app_begin ] --START--
INFO: Run Behavior\ReadHtmlCacheBehavior [ RunTime:0.000317s ]
INFO: [ app_begin ] --END-- [ RunTime:0.000355s ]
NOTIC: [2] fopen(../logs/2017-11-18.log): failed to open stream: No such file or directory /Applications/MAMP/htdocs/tpchat/ThinkPHP/Library/Vendor/Wechat/log.php 第 16 行.
NOTIC: [8] Undefined property: JsApiPay::$curl_timeout /Applications/MAMP/htdocs/tpchat/ThinkPHP/Library/Vendor/Wechat/WxPayJsApiPay.php 第 99 行.
NOTIC: [8] Undefined index: openid /Applications/MAMP/htdocs/tpchat/ThinkPHP/Library/Vendor/Wechat/WxPayJsApiPay.php 第 116 行.
SQL: SHOW COLUMNS FROM `trade` [ RunTime:0.0056s ]
SQL: SELECT * FROM `trade` WHERE `trade_id` = 0 LIMIT 1   [ RunTime:0.4181s ]
ERR: 参数错误

[ 2017-11-18T19:30:32+08:00 ] ::1 /tpchat/index.php/
INFO: [ app_init ] --START--
INFO: Run Behavior\BuildLiteBehavior [ RunTime:0.000010s ]
INFO: [ app_init ] --END-- [ RunTime:0.000248s ]
INFO: [ app_begin ] --START--
INFO: Run Behavior\ReadHtmlCacheBehavior [ RunTime:0.000320s ]
INFO: [ app_begin ] --END-- [ RunTime:0.000359s ]

[ 2017-11-18T19:42:25+08:00 ] ::1 /tpchat/index.php/home/jspay?trade_id=255trade_id=255&code=071DkTEX1JnlST0rDzEX1uMMEX1DkTE3&state=STATE
INFO: [ app_init ] --START--
INFO: Run Behavior\BuildLiteBehavior [ RunTime:0.000011s ]
INFO: [ app_init ] --END-- [ RunTime:0.000252s ]
INFO: [ app_begin ] --START--
INFO: Run Behavior\ReadHtmlCacheBehavior [ RunTime:0.000332s ]
INFO: [ app_begin ] --END-- [ RunTime:0.000372s ]
NOTIC: [2] fopen(../logs/2017-11-18.log): failed to open stream: No such file or directory /Applications/MAMP/htdocs/tpchat/ThinkPHP/Library/Vendor/Wechat/log.php 第 16 行.
NOTIC: [8] Undefined property: JsApiPay::$curl_timeout /Applications/MAMP/htdocs/tpchat/ThinkPHP/Library/Vendor/Wechat/WxPayJsApiPay.php 第 99 行.
NOTIC: [8] Undefined index: openid /Applications/MAMP/htdocs/tpchat/ThinkPHP/Library/Vendor/Wechat/WxPayJsApiPay.php 第 116 行.
SQL: SHOW COLUMNS FROM `trade` [ RunTime:0.0055s ]
SQL: SELECT * FROM `trade` WHERE `trade_id` = 255 LIMIT 1   [ RunTime:0.0047s ]
ERR: 参数错误

[ 2017-11-18T19:44:53+08:00 ] ::1 /tpchat/index.php/home/jspay?trade_id=255&code=071DkTEX1JnlST0rDzEX1uMMEX1DkTE3&state=STATE
INFO: [ app_init ] --START--
INFO: Run Behavior\BuildLiteBehavior [ RunTime:0.000011s ]
INFO: [ app_init ] --END-- [ RunTime:0.000262s ]
INFO: [ app_begin ] --START--
INFO: Run Behavior\ReadHtmlCacheBehavior [ RunTime:0.000358s ]
INFO: [ app_begin ] --END-- [ RunTime:0.000401s ]
NOTIC: [2] fopen(../logs/2017-11-18.log): failed to open stream: No such file or directory /Applications/MAMP/htdocs/tpchat/ThinkPHP/Library/Vendor/Wechat/log.php 第 16 行.
NOTIC: [8] Undefined property: JsApiPay::$curl_timeout /Applications/MAMP/htdocs/tpchat/ThinkPHP/Library/Vendor/Wechat/WxPayJsApiPay.php 第 99 行.
NOTIC: [8] Undefined index: openid /Applications/MAMP/htdocs/tpchat/ThinkPHP/Library/Vendor/Wechat/WxPayJsApiPay.php 第 116 行.
SQL: SHOW COLUMNS FROM `trade` [ RunTime:0.0057s ]
SQL: SELECT * FROM `trade` WHERE `trade_id` = 255 LIMIT 1   [ RunTime:0.0034s ]
ERR: 参数错误

[ 2017-11-18T19:44:56+08:00 ] ::1 /tpchat/index.php/home/jspay?trade_id=255&code=071DkTEX1JnlST0rDzEX1uMMEX1DkTE3&state=STATE
INFO: [ app_init ] --START--
INFO: Run Behavior\BuildLiteBehavior [ RunTime:0.000010s ]
INFO: [ app_init ] --END-- [ RunTime:0.000241s ]
INFO: [ app_begin ] --START--
INFO: Run Behavior\ReadHtmlCacheBehavior [ RunTime:0.000315s ]
INFO: [ app_begin ] --END-- [ RunTime:0.000354s ]
NOTIC: [2] fopen(../logs/2017-11-18.log): failed to open stream: No such file or directory /Applications/MAMP/htdocs/tpchat/ThinkPHP/Library/Vendor/Wechat/log.php 第 16 行.
NOTIC: [8] Undefined property: JsApiPay::$curl_timeout /Applications/MAMP/htdocs/tpchat/ThinkPHP/Library/Vendor/Wechat/WxPayJsApiPay.php 第 99 行.
NOTIC: [8] Undefined index: openid /Applications/MAMP/htdocs/tpchat/ThinkPHP/Library/Vendor/Wechat/WxPayJsApiPay.php 第 116 行.
SQL: SHOW COLUMNS FROM `trade` [ RunTime:0.0052s ]
SQL: SELECT * FROM `trade` WHERE `trade_id` = 255 LIMIT 1   [ RunTime:0.0035s ]
ERR: 参数错误

[ 2017-11-18T19:44:57+08:00 ] ::1 /tpchat/index.php/home/jspay?trade_id=255&code=071DkTEX1JnlST0rDzEX1uMMEX1DkTE3&state=STATE
INFO: [ app_init ] --START--
INFO: Run Behavior\BuildLiteBehavior [ RunTime:0.000010s ]
INFO: [ app_init ] --END-- [ RunTime:0.000236s ]
INFO: [ app_begin ] --START--
INFO: Run Behavior\ReadHtmlCacheBehavior [ RunTime:0.000312s ]
INFO: [ app_begin ] --END-- [ RunTime:0.000351s ]
NOTIC: [2] fopen(../logs/2017-11-18.log): failed to open stream: No such file or directory /Applications/MAMP/htdocs/tpchat/ThinkPHP/Library/Vendor/Wechat/log.php 第 16 行.
NOTIC: [8] Undefined property: JsApiPay::$curl_timeout /Applications/MAMP/htdocs/tpchat/ThinkPHP/Library/Vendor/Wechat/WxPayJsApiPay.php 第 99 行.
NOTIC: [8] Undefined index: openid /Applications/MAMP/htdocs/tpchat/ThinkPHP/Library/Vendor/Wechat/WxPayJsApiPay.php 第 116 行.
SQL: SHOW COLUMNS FROM `trade` [ RunTime:0.0051s ]
SQL: SELECT * FROM `trade` WHERE `trade_id` = 255 LIMIT 1   [ RunTime:0.0047s ]
ERR: 参数错误

[ 2017-11-18T19:45:02+08:00 ] ::1 /tpchat/index.php/home/jspay?trade_id=255trade_id=255&code=071DkTEX1JnlST0rDzEX1uMMEX1DkTE3&state=STATE
INFO: [ app_init ] --START--
INFO: Run Behavior\BuildLiteBehavior [ RunTime:0.000011s ]
INFO: [ app_init ] --END-- [ RunTime:0.000245s ]
INFO: [ app_begin ] --START--
INFO: Run Behavior\ReadHtmlCacheBehavior [ RunTime:0.000314s ]
INFO: [ app_begin ] --END-- [ RunTime:0.000354s ]
NOTIC: [2] fopen(../logs/2017-11-18.log): failed to open stream: No such file or directory /Applications/MAMP/htdocs/tpchat/ThinkPHP/Library/Vendor/Wechat/log.php 第 16 行.
NOTIC: [8] Undefined property: JsApiPay::$curl_timeout /Applications/MAMP/htdocs/tpchat/ThinkPHP/Library/Vendor/Wechat/WxPayJsApiPay.php 第 99 行.
NOTIC: [8] Undefined index: openid /Applications/MAMP/htdocs/tpchat/ThinkPHP/Library/Vendor/Wechat/WxPayJsApiPay.php 第 116 行.
SQL: SHOW COLUMNS FROM `trade` [ RunTime:0.0053s ]
SQL: SELECT * FROM `trade` WHERE `trade_id` = 255 LIMIT 1   [ RunTime:0.0075s ]
ERR: 参数错误

[ 2017-11-18T19:45:10+08:00 ] ::1 /tpchat/index.php/home/jspay?trade_id=255trade_id=255&code=071DkTEX1JnlST0rDzEX1uMMEX1DkTE3&state=STATE
INFO: [ app_init ] --START--
INFO: Run Behavior\BuildLiteBehavior [ RunTime:0.000012s ]
INFO: [ app_init ] --END-- [ RunTime:0.000313s ]
INFO: [ app_begin ] --START--
INFO: Run Behavior\ReadHtmlCacheBehavior [ RunTime:0.000427s ]
INFO: [ app_begin ] --END-- [ RunTime:0.000473s ]
NOTIC: [2] fopen(../logs/2017-11-18.log): failed to open stream: No such file or directory /Applications/MAMP/htdocs/tpchat/ThinkPHP/Library/Vendor/Wechat/log.php 第 16 行.
NOTIC: [8] Undefined property: JsApiPay::$curl_timeout /Applications/MAMP/htdocs/tpchat/ThinkPHP/Library/Vendor/Wechat/WxPayJsApiPay.php 第 99 行.
NOTIC: [8] Undefined index: openid /Applications/MAMP/htdocs/tpchat/ThinkPHP/Library/Vendor/Wechat/WxPayJsApiPay.php 第 116 行.
SQL: SHOW COLUMNS FROM `trade` [ RunTime:0.0057s ]
SQL: SELECT * FROM `trade` WHERE `trade_id` = 255 LIMIT 1   [ RunTime:0.0078s ]
ERR: 参数错误

[ 2017-11-18T19:45:39+08:00 ] ::1 /tpchat/index.php/home/jspay?trade_id=255&code=071DkTEX1JnlST0rDzEX1uMMEX1DkTE3&state=STATE
INFO: [ app_init ] --START--
INFO: Run Behavior\BuildLiteBehavior [ RunTime:0.000010s ]
INFO: [ app_init ] --END-- [ RunTime:0.000244s ]
INFO: [ app_begin ] --START--
INFO: Run Behavior\ReadHtmlCacheBehavior [ RunTime:0.000313s ]
INFO: [ app_begin ] --END-- [ RunTime:0.000351s ]
NOTIC: [2] fopen(../logs/2017-11-18.log): failed to open stream: No such file or directory /Applications/MAMP/htdocs/tpchat/ThinkPHP/Library/Vendor/Wechat/log.php 第 16 行.
NOTIC: [8] Undefined property: JsApiPay::$curl_timeout /Applications/MAMP/htdocs/tpchat/ThinkPHP/Library/Vendor/Wechat/WxPayJsApiPay.php 第 99 行.
NOTIC: [8] Undefined index: openid /Applications/MAMP/htdocs/tpchat/ThinkPHP/Library/Vendor/Wechat/WxPayJsApiPay.php 第 116 行.
SQL: SHOW COLUMNS FROM `trade` [ RunTime:0.0053s ]
SQL: SELECT * FROM `trade` WHERE `trade_id` = 255 LIMIT 1   [ RunTime:0.0037s ]
ERR: 参数错误

[ 2017-11-18T20:00:09+08:00 ] ::1 /tpchat/index.php/home/jspay?trade_id=255trade_id=255&code=071DkTEX1JnlST0rDzEX1uMMEX1DkTE3&state=STATE
INFO: [ app_init ] --START--
INFO: Run Behavior\BuildLiteBehavior [ RunTime:0.000016s ]
INFO: [ app_init ] --END-- [ RunTime:0.000334s ]
INFO: [ app_begin ] --START--
INFO: Run Behavior\ReadHtmlCacheBehavior [ RunTime:0.000358s ]
INFO: [ app_begin ] --END-- [ RunTime:0.000401s ]
NOTIC: [2] fopen(../logs/2017-11-18.log): failed to open stream: No such file or directory /Applications/MAMP/htdocs/tpchat/ThinkPHP/Library/Vendor/Wechat/log.php 第 16 行.
NOTIC: [8] Undefined property: JsApiPay::$curl_timeout /Applications/MAMP/htdocs/tpchat/ThinkPHP/Library/Vendor/Wechat/WxPayJsApiPay.php 第 99 行.
NOTIC: [8] Undefined index: openid /Applications/MAMP/htdocs/tpchat/ThinkPHP/Library/Vendor/Wechat/WxPayJsApiPay.php 第 116 行.
SQL: SHOW COLUMNS FROM `trade` [ RunTime:0.0050s ]
SQL: SELECT * FROM `trade` WHERE `trade_id` = 255 LIMIT 1   [ RunTime:0.0037s ]
ERR: 参数错误

[ 2017-11-18T20:14:19+08:00 ] ::1 /tpchat/index.php/home/jspay?trade_id=261trade_id=261&code=081M0W5c0ROYDt1wql4c0YtF5c0M0W58&state=STATE
INFO: [ app_init ] --START--
INFO: Run Behavior\BuildLiteBehavior [ RunTime:0.000016s ]
INFO: [ app_init ] --END-- [ RunTime:0.000338s ]
INFO: [ app_begin ] --START--
INFO: Run Behavior\ReadHtmlCacheBehavior [ RunTime:0.000361s ]
INFO: [ app_begin ] --END-- [ RunTime:0.000404s ]
NOTIC: [2] fopen(../logs/2017-11-18.log): failed to open stream: No such file or directory /Applications/MAMP/htdocs/tpchat/ThinkPHP/Library/Vendor/Wechat/log.php 第 16 行.
SQL: SHOW COLUMNS FROM `trade` [ RunTime:0.0050s ]
SQL: SELECT * FROM `trade` WHERE `trade_id` = 261 LIMIT 1   [ RunTime:0.0037s ]
NOTIC: [8] Undefined variable: openId /Applications/MAMP/htdocs/tpchat/Application/Home/Controller/JspayController.class.php 第 54 行.
NOTIC: [8] Undefined variable: tools /Applications/MAMP/htdocs/tpchat/Application/Home/Controller/JspayController.class.php 第 58 行.

[ 2017-11-18T20:14:28+08:00 ] ::1 /tpchat/index.php/home/jspay?trade_id=261
INFO: [ app_init ] --START--
INFO: Run Behavior\BuildLiteBehavior [ RunTime:0.000011s ]
INFO: [ app_init ] --END-- [ RunTime:0.000255s ]
INFO: [ app_begin ] --START--
INFO: Run Behavior\ReadHtmlCacheBehavior [ RunTime:0.000341s ]
INFO: [ app_begin ] --END-- [ RunTime:0.000385s ]
NOTIC: [2] fopen(../logs/2017-11-18.log): failed to open stream: No such file or directory /Applications/MAMP/htdocs/tpchat/ThinkPHP/Library/Vendor/Wechat/log.php 第 16 行.
SQL: SHOW COLUMNS FROM `trade` [ RunTime:0.0053s ]
SQL: SELECT * FROM `trade` WHERE `trade_id` = 261 LIMIT 1   [ RunTime:0.0035s ]
NOTIC: [8] Undefined variable: openId /Applications/MAMP/htdocs/tpchat/Application/Home/Controller/JspayController.class.php 第 54 行.
NOTIC: [8] Undefined variable: tools /Applications/MAMP/htdocs/tpchat/Application/Home/Controller/JspayController.class.php 第 58 行.

[ 2017-11-18T20:14:46+08:00 ] ::1 /tpchat/index.php/home/jspay?trade_id=261
INFO: [ app_init ] --START--
INFO: Run Behavior\BuildLiteBehavior [ RunTime:0.000010s ]
INFO: [ app_init ] --END-- [ RunTime:0.000243s ]
INFO: [ app_begin ] --START--
INFO: Run Behavior\ReadHtmlCacheBehavior [ RunTime:0.000319s ]
INFO: [ app_begin ] --END-- [ RunTime:0.000357s ]
NOTIC: [2] fopen(../logs/2017-11-18.log): failed to open stream: No such file or directory /Applications/MAMP/htdocs/tpchat/ThinkPHP/Library/Vendor/Wechat/log.php 第 16 行.
SQL: SHOW COLUMNS FROM `trade` [ RunTime:0.0054s ]
SQL: SELECT * FROM `trade` WHERE `trade_id` = 261 LIMIT 1   [ RunTime:0.0036s ]
ERR: 统一支付接口中，缺少必填参数openid！trade_type为JSAPI时，openid为必填参数！

[ 2017-11-18T20:15:03+08:00 ] ::1 /tpchat/index.php/home/jspay?trade_id=261
INFO: [ app_init ] --START--
INFO: Run Behavior\BuildLiteBehavior [ RunTime:0.000010s ]
INFO: [ app_init ] --END-- [ RunTime:0.000283s ]
INFO: [ app_begin ] --START--
INFO: Run Behavior\ReadHtmlCacheBehavior [ RunTime:0.000405s ]
INFO: [ app_begin ] --END-- [ RunTime:0.000478s ]
NOTIC: [2] fopen(../logs/2017-11-18.log): failed to open stream: No such file or directory /Applications/MAMP/htdocs/tpchat/ThinkPHP/Library/Vendor/Wechat/log.php 第 16 行.

[ 2017-11-18T20:15:10+08:00 ] ::1 /tpchat/index.php/home/jspay?trade_id=261
INFO: [ app_init ] --START--
INFO: Run Behavior\BuildLiteBehavior [ RunTime:0.000010s ]
INFO: [ app_init ] --END-- [ RunTime:0.000242s ]
INFO: [ app_begin ] --START--
INFO: Run Behavior\ReadHtmlCacheBehavior [ RunTime:0.000361s ]
INFO: [ app_begin ] --END-- [ RunTime:0.000405s ]
NOTIC: [2] fopen(../logs/2017-11-18.log): failed to open stream: No such file or directory /Applications/MAMP/htdocs/tpchat/ThinkPHP/Library/Vendor/Wechat/log.php 第 16 行.
SQL: SHOW COLUMNS FROM `trade` [ RunTime:0.0052s ]
SQL: SELECT * FROM `trade` WHERE `trade_id` = 261 LIMIT 1   [ RunTime:0.0036s ]
INFO: [ view_parse ] --START--
INFO: [ template_filter ] --START--
INFO: Run Behavior\ContentReplaceBehavior [ RunTime:0.000036s ]
INFO: [ template_filter ] --END-- [ RunTime:0.000086s ]
NOTIC: [8] Undefined variable: data /Applications/MAMP/htdocs/tpchat/Application/Runtime/Cache/Home/40acda064c8095928f73a05e194aa131.php 第 25 行.
NOTIC: [8] Undefined variable: data /Applications/MAMP/htdocs/tpchat/Application/Runtime/Cache/Home/40acda064c8095928f73a05e194aa131.php 第 31 行.
NOTIC: [8] Undefined variable: data /Applications/MAMP/htdocs/tpchat/Application/Runtime/Cache/Home/40acda064c8095928f73a05e194aa131.php 第 36 行.
NOTIC: [8] Undefined variable: data /Applications/MAMP/htdocs/tpchat/Application/Runtime/Cache/Home/40acda064c8095928f73a05e194aa131.php 第 41 行.
NOTIC: [8] Undefined variable: data /Applications/MAMP/htdocs/tpchat/Application/Runtime/Cache/Home/40acda064c8095928f73a05e194aa131.php 第 48 行.
INFO: Run Behavior\ParseTemplateBehavior [ RunTime:0.004894s ]
INFO: [ view_parse ] --END-- [ RunTime:0.004935s ]
INFO: [ view_filter ] --START--
INFO: Run Behavior\WriteHtmlCacheBehavior [ RunTime:0.000107s ]
INFO: [ view_filter ] --END-- [ RunTime:0.000140s ]
INFO: [ app_end ] --START--
INFO: Run Behavior\ShowPageTraceBehavior [ RunTime:0.000406s ]
INFO: [ app_end ] --END-- [ RunTime:0.000442s ]

[ 2017-11-18T20:15:11+08:00 ] ::1 /tpchat/index.php/home/jspay?trade_id=261
INFO: [ app_init ] --START--
INFO: Run Behavior\BuildLiteBehavior [ RunTime:0.000009s ]
INFO: [ app_init ] --END-- [ RunTime:0.000240s ]
INFO: [ app_begin ] --START--
INFO: Run Behavior\ReadHtmlCacheBehavior [ RunTime:0.000315s ]
INFO: [ app_begin ] --END-- [ RunTime:0.000353s ]
NOTIC: [2] fopen(../logs/2017-11-18.log): failed to open stream: No such file or directory /Applications/MAMP/htdocs/tpchat/ThinkPHP/Library/Vendor/Wechat/log.php 第 16 行.
SQL: SHOW COLUMNS FROM `trade` [ RunTime:0.0053s ]
SQL: SELECT * FROM `trade` WHERE `trade_id` = 261 LIMIT 1   [ RunTime:0.0035s ]
INFO: [ view_parse ] --START--
INFO: [ template_filter ] --START--
INFO: Run Behavior\ContentReplaceBehavior [ RunTime:0.000032s ]
INFO: [ template_filter ] --END-- [ RunTime:0.000069s ]
NOTIC: [8] Undefined variable: data /Applications/MAMP/htdocs/tpchat/Application/Runtime/Cache/Home/40acda064c8095928f73a05e194aa131.php 第 25 行.
NOTIC: [8] Undefined variable: data /Applications/MAMP/htdocs/tpchat/Application/Runtime/Cache/Home/40acda064c8095928f73a05e194aa131.php 第 31 行.
NOTIC: [8] Undefined variable: data /Applications/MAMP/htdocs/tpchat/Application/Runtime/Cache/Home/40acda064c8095928f73a05e194aa131.php 第 36 行.
NOTIC: [8] Undefined variable: data /Applications/MAMP/htdocs/tpchat/Application/Runtime/Cache/Home/40acda064c8095928f73a05e194aa131.php 第 41 行.
NOTIC: [8] Undefined variable: data /Applications/MAMP/htdocs/tpchat/Application/Runtime/Cache/Home/40acda064c8095928f73a05e194aa131.php 第 48 行.
INFO: Run Behavior\ParseTemplateBehavior [ RunTime:0.004514s ]
INFO: [ view_parse ] --END-- [ RunTime:0.004555s ]
INFO: [ view_filter ] --START--
INFO: Run Behavior\WriteHtmlCacheBehavior [ RunTime:0.000097s ]
INFO: [ view_filter ] --END-- [ RunTime:0.000129s ]
INFO: [ app_end ] --START--
INFO: Run Behavior\ShowPageTraceBehavior [ RunTime:0.000352s ]
INFO: [ app_end ] --END-- [ RunTime:0.000389s ]

[ 2017-11-18T20:16:37+08:00 ] ::1 /tpchat/index.php/home/jspay?trade_id=261
INFO: [ app_init ] --START--
INFO: Run Behavior\BuildLiteBehavior [ RunTime:0.000016s ]
INFO: [ app_init ] --END-- [ RunTime:0.000329s ]
INFO: [ app_begin ] --START--
INFO: Run Behavior\ReadHtmlCacheBehavior [ RunTime:0.000355s ]
INFO: [ app_begin ] --END-- [ RunTime:0.000397s ]
NOTIC: [2] fopen(../logs/2017-11-18.log): failed to open stream: No such file or directory /Applications/MAMP/htdocs/tpchat/ThinkPHP/Library/Vendor/Wechat/log.php 第 16 行.

[ 2017-11-18T20:16:39+08:00 ] ::1 /tpchat/index.php/home/jspay?trade_id=261
INFO: [ app_init ] --START--
INFO: Run Behavior\BuildLiteBehavior [ RunTime:0.000010s ]
INFO: [ app_init ] --END-- [ RunTime:0.000242s ]
INFO: [ app_begin ] --START--
INFO: Run Behavior\ReadHtmlCacheBehavior [ RunTime:0.000315s ]
INFO: [ app_begin ] --END-- [ RunTime:0.000354s ]
NOTIC: [2] fopen(../logs/2017-11-18.log): failed to open stream: No such file or directory /Applications/MAMP/htdocs/tpchat/ThinkPHP/Library/Vendor/Wechat/log.php 第 16 行.

[ 2017-11-18T20:16:41+08:00 ] ::1 /tpchat/index.php/home/jspay?trade_id=261
INFO: [ app_init ] --START--
INFO: Run Behavior\BuildLiteBehavior [ RunTime:0.000009s ]
INFO: [ app_init ] --END-- [ RunTime:0.000239s ]
INFO: [ app_begin ] --START--
INFO: Run Behavior\ReadHtmlCacheBehavior [ RunTime:0.000314s ]
INFO: [ app_begin ] --END-- [ RunTime:0.000352s ]
NOTIC: [2] fopen(../logs/2017-11-18.log): failed to open stream: No such file or directory /Applications/MAMP/htdocs/tpchat/ThinkPHP/Library/Vendor/Wechat/log.php 第 16 行.

[ 2017-11-18T20:40:54+08:00 ] ::1 /tpchat/index.php/home/jspay?trade_id=261
INFO: [ app_init ] --START--
INFO: Run Behavior\BuildLiteBehavior [ RunTime:0.000011s ]
INFO: [ app_init ] --END-- [ RunTime:0.000246s ]
INFO: [ app_begin ] --START--
INFO: Run Behavior\ReadHtmlCacheBehavior [ RunTime:0.000316s ]
INFO: [ app_begin ] --END-- [ RunTime:0.000354s ]
NOTIC: [2] fopen(../logs/2017-11-18.log): failed to open stream: No such file or directory /Applications/MAMP/htdocs/tpchat/ThinkPHP/Library/Vendor/Wechat/log.php 第 16 行.

[ 2017-11-18T20:42:04+08:00 ] ::1 /tpchat/index.php/home/result
INFO: [ app_init ] --START--
INFO: Run Behavior\BuildLiteBehavior [ RunTime:0.000009s ]
INFO: [ app_init ] --END-- [ RunTime:0.000242s ]
INFO: [ app_begin ] --START--
INFO: Run Behavior\ReadHtmlCacheBehavior [ RunTime:0.000323s ]
INFO: [ app_begin ] --END-- [ RunTime:0.000362s ]
SQL: SHOW COLUMNS FROM `trade` [ RunTime:0.0051s ]
SQL: SELECT * FROM `trade` WHERE `trade_id` = 0 LIMIT 1   [ RunTime:0.0038s ]
SQL: SELECT * FROM `trade` WHERE `trade_id` = 0 LIMIT 1   [ RunTime:0.0039s ]
SQL: SHOW COLUMNS FROM `user` [ RunTime:0.0056s ]
SQL: SELECT * FROM `user` WHERE `openid` = null LIMIT 1   [ RunTime:0.0036s ]
NOTIC: [8] Undefined variable: share_user /Applications/MAMP/htdocs/tpchat/Application/Home/Controller/ResultController.class.php 第 75 行.
NOTIC: [8] Undefined index: bonus_cost /Applications/MAMP/htdocs/tpchat/Application/Home/Controller/ResultController.class.php 第 85 行.
INFO: [ view_parse ] --START--
INFO: [ template_filter ] --START--
INFO: Run Behavior\ContentReplaceBehavior [ RunTime:0.000032s ]
INFO: [ template_filter ] --END-- [ RunTime:0.000069s ]
INFO: Run Behavior\ParseTemplateBehavior [ RunTime:0.004253s ]
INFO: [ view_parse ] --END-- [ RunTime:0.004292s ]
INFO: [ view_filter ] --START--
INFO: Run Behavior\WriteHtmlCacheBehavior [ RunTime:0.000097s ]
INFO: [ view_filter ] --END-- [ RunTime:0.000129s ]
NOTIC: [2] Cannot modify header information - headers already sent by (output started at /Applications/MAMP/htdocs/tpchat/Application/Home/Controller/ResultController.class.php:18) /Applications/MAMP/htdocs/tpchat/ThinkPHP/Library/Think/View.class.php 第 91 行.
NOTIC: [2] Cannot modify header information - headers already sent by (output started at /Applications/MAMP/htdocs/tpchat/Application/Home/Controller/ResultController.class.php:18) /Applications/MAMP/htdocs/tpchat/ThinkPHP/Library/Think/View.class.php 第 92 行.
NOTIC: [2] Cannot modify header information - headers already sent by (output started at /Applications/MAMP/htdocs/tpchat/Application/Home/Controller/ResultController.class.php:18) /Applications/MAMP/htdocs/tpchat/ThinkPHP/Library/Think/View.class.php 第 93 行.
INFO: [ app_end ] --START--
INFO: Run Behavior\ShowPageTraceBehavior [ RunTime:0.000346s ]
INFO: [ app_end ] --END-- [ RunTime:0.000382s ]

[ 2017-11-18T20:42:14+08:00 ] ::1 /tpchat/index.php/home/result?trade_id=251
INFO: [ app_init ] --START--
INFO: Run Behavior\BuildLiteBehavior [ RunTime:0.000010s ]
INFO: [ app_init ] --END-- [ RunTime:0.000242s ]
INFO: [ app_begin ] --START--
INFO: Run Behavior\ReadHtmlCacheBehavior [ RunTime:0.000319s ]
INFO: [ app_begin ] --END-- [ RunTime:0.000359s ]
SQL: SHOW COLUMNS FROM `trade` [ RunTime:0.0052s ]
SQL: SELECT * FROM `trade` WHERE `trade_id` = 251 LIMIT 1   [ RunTime:0.0033s ]
SQL: UPDATE `trade` SET `openid`='oAdCq03nJeSERDm80iW8j5U2jlBQ',`trade_state`='已支付',`evidence`='Nuo0b0ZQtInvcaJb',`course_id`='32',`trade_createtime`='2017-11-16 08:20:57',`user_discount`='0.00',`user_bonus`='0',`agent_openid`='',`agent_bonus`='0',`final_price`='2000.00',`people_count`='1',`course_title`='北京中小幼教师摄影摄像提高班报名通知',`course_price`='2000.00',`cheap_price`='0.00',`transaction_id`='0' WHERE `trade_id` = 251 [ RunTime:0.0147s ]
SQL: SELECT * FROM `trade` WHERE `trade_id` = 251 LIMIT 1   [ RunTime:0.0054s ]
SQL: SHOW COLUMNS FROM `user` [ RunTime:0.0045s ]
SQL: SELECT * FROM `user` WHERE `openid` = 'oAdCq03nJeSERDm80iW8j5U2jlBQ' LIMIT 1   [ RunTime:0.0037s ]
NOTIC: [8] Undefined variable: share_user /Applications/MAMP/htdocs/tpchat/Application/Home/Controller/ResultController.class.php 第 75 行.
SQL: UPDATE `user` SET `openid`='oAdCq03nJeSERDm80iW8j5U2jlBQ',`username`='晴的成',`chatname`='晴的成',`phone`='',`profile`='http://wx.qlogo.cn/mmopen/wicYz6BCBT7GU4Qwbgk8SFBU2emJ6vRVaxIEwweL0g3tBsdABq4oviaMRK68L2ib0gXqMFeE9NOwrTR4oalzz74MYmjq1BotW0Z/0',`agent`='0',`share_count`='0',`gender`='1',`createtime`='2017-10-13 12:41:09',`bonus_total`='6',`bonus_current`='2',`bonus_cost`='4',`cash_total`='0',`cash_current`='0',`cash_cost`='0',`cash_submit`='0',`signature`='',`province`='北京',`city`='大兴',`user_level`='0',`point_x`='39.774090',`point_y`='116.310478',`activity_state`='0' WHERE `user_id` = 19 [ RunTime:0.0111s ]
INFO: [ view_parse ] --START--
INFO: [ template_filter ] --START--
INFO: Run Behavior\ContentReplaceBehavior [ RunTime:0.000038s ]
INFO: [ template_filter ] --END-- [ RunTime:0.000078s ]
INFO: Run Behavior\ParseTemplateBehavior [ RunTime:0.004432s ]
INFO: [ view_parse ] --END-- [ RunTime:0.004484s ]
INFO: [ view_filter ] --START--
INFO: Run Behavior\WriteHtmlCacheBehavior [ RunTime:0.000100s ]
INFO: [ view_filter ] --END-- [ RunTime:0.000130s ]
NOTIC: [2] Cannot modify header information - headers already sent by (output started at /Applications/MAMP/htdocs/tpchat/Application/Home/Controller/ResultController.class.php:18) /Applications/MAMP/htdocs/tpchat/ThinkPHP/Library/Think/View.class.php 第 91 行.
NOTIC: [2] Cannot modify header information - headers already sent by (output started at /Applications/MAMP/htdocs/tpchat/Application/Home/Controller/ResultController.class.php:18) /Applications/MAMP/htdocs/tpchat/ThinkPHP/Library/Think/View.class.php 第 92 行.
NOTIC: [2] Cannot modify header information - headers already sent by (output started at /Applications/MAMP/htdocs/tpchat/Application/Home/Controller/ResultController.class.php:18) /Applications/MAMP/htdocs/tpchat/ThinkPHP/Library/Think/View.class.php 第 93 行.
INFO: [ app_end ] --START--
INFO: Run Behavior\ShowPageTraceBehavior [ RunTime:0.000409s ]
INFO: [ app_end ] --END-- [ RunTime:0.000455s ]

[ 2017-11-18T21:22:53+08:00 ] 114.245.4.128 /tpchat/
INFO: [ app_init ] --START--
INFO: Run Behavior\BuildLiteBehavior [ RunTime:0.000000s ]
INFO: [ app_init ] --END-- [ RunTime:0.000976s ]
INFO: [ app_begin ] --START--
INFO: Run Behavior\ReadHtmlCacheBehavior [ RunTime:0.000977s ]
INFO: [ app_begin ] --END-- [ RunTime:0.000977s ]

[ 2017-11-18T22:33:14+08:00 ] 106.121.73.90 /tpchat/index.php
INFO: [ app_init ] --START--
INFO: Run Behavior\BuildLiteBehavior [ RunTime:0.000000s ]
INFO: [ app_init ] --END-- [ RunTime:0.001953s ]
INFO: [ app_begin ] --START--
INFO: Run Behavior\ReadHtmlCacheBehavior [ RunTime:0.002930s ]
INFO: [ app_begin ] --END-- [ RunTime:0.002930s ]

[ 2017-11-18T23:19:28+08:00 ] 223.72.63.53 /tpchat/index.php/home/index
INFO: [ app_init ] --START--
INFO: Run Behavior\BuildLiteBehavior [ RunTime:0.000000s ]
INFO: [ app_init ] --END-- [ RunTime:0.000977s ]
INFO: [ app_begin ] --START--
INFO: Run Behavior\ReadHtmlCacheBehavior [ RunTime:0.000000s ]
INFO: [ app_begin ] --END-- [ RunTime:0.000000s ]

