[ 2017-12-23T14:44:51+08:00 ] 140.207.54.75 /tpchat/index.php/home/index?signature=b25938ac2c7a7d00091e3ae91a09b2dc08aea5cd&timestamp=1514011488&nonce=63749125&openid=oAdCq01YzcVjLWljmeEBFcDEswEY
INFO: [ app_init ] --START--
INFO: Run Behavior\BuildLiteBehavior [ RunTime:0.000000s ]
INFO: [ app_init ] --END-- [ RunTime:0.000000s ]
INFO: [ app_begin ] --START--
INFO: Run Behavior\ReadHtmlCacheBehavior [ RunTime:0.000000s ]
INFO: [ app_begin ] --END-- [ RunTime:0.000000s ]
NOTIC: [8] Undefined index: key C:\www\tpchat\Application\Home\Controller\IndexController.class.php 第 54 行.
NOTIC: [8] Undefined index: key C:\www\tpchat\Application\Home\Controller\IndexController.class.php 第 66 行.
NOTIC: [8] Undefined index: key C:\www\tpchat\Application\Home\Controller\IndexController.class.php 第 68 行.
INFO: [ app_end ] --START--
INFO: Run Behavior\ShowPageTraceBehavior [ RunTime:0.000000s ]
INFO: [ app_end ] --END-- [ RunTime:0.000000s ]

[ 2017-12-23T14:44:51+08:00 ] 140.207.54.76 /tpchat/index.php/home/index?signature=b5d2abe965bf5bd4814c240046b8e4e33c5aa42b&timestamp=1514011489&nonce=2140573392&openid=oAdCq01YzcVjLWljmeEBFcDEswEY
INFO: [ app_init ] --START--
INFO: Run Behavior\BuildLiteBehavior [ RunTime:0.000000s ]
INFO: [ app_init ] --END-- [ RunTime:0.000000s ]
INFO: [ app_begin ] --START--
INFO: Run Behavior\ReadHtmlCacheBehavior [ RunTime:0.000000s ]
INFO: [ app_begin ] --END-- [ RunTime:0.000000s ]
INFO: [ app_end ] --START--
INFO: Run Behavior\ShowPageTraceBehavior [ RunTime:0.000000s ]
INFO: [ app_end ] --END-- [ RunTime:0.000000s ]

[ 2017-12-23T14:44:53+08:00 ] 140.207.54.76 /tpchat/index.php/home/index?signature=995efc68cd9818ed44be15c535b7cb8f83d7fe6f&timestamp=1514011493&nonce=666538490&openid=oAdCq01YzcVjLWljmeEBFcDEswEY
INFO: [ app_init ] --START--
INFO: Run Behavior\BuildLiteBehavior [ RunTime:0.000000s ]
INFO: [ app_init ] --END-- [ RunTime:0.000000s ]
INFO: [ app_begin ] --START--
INFO: Run Behavior\ReadHtmlCacheBehavior [ RunTime:0.015626s ]
INFO: [ app_begin ] --END-- [ RunTime:0.015626s ]
NOTIC: [8] Undefined index: key C:\www\tpchat\Application\Home\Controller\IndexController.class.php 第 54 行.
NOTIC: [8] Undefined index: key C:\www\tpchat\Application\Home\Controller\IndexController.class.php 第 66 行.
NOTIC: [8] Undefined index: key C:\www\tpchat\Application\Home\Controller\IndexController.class.php 第 68 行.
INFO: [ app_end ] --START--
INFO: Run Behavior\ShowPageTraceBehavior [ RunTime:0.000000s ]
INFO: [ app_end ] --END-- [ RunTime:0.000000s ]

