[ 2018-03-06T13:08:55+08:00 ] 140.207.54.80 /tpchat/index.php/home/index?signature=3dad422038071c56d50e25658855002dc582284e&timestamp=1520312935&nonce=43790&openid=oAdCq0wPjnvT2DofxArj8YOLiWLc
INFO: [ app_init ] --START--
INFO: Run Behavior\BuildLiteBehavior [ RunTime:0.000023s ]
INFO: [ app_init ] --END-- [ RunTime:0.000167s ]
INFO: [ app_begin ] --START--
INFO: Run Behavior\ReadHtmlCacheBehavior [ RunTime:0.000056s ]
INFO: [ app_begin ] --END-- [ RunTime:0.000095s ]
INFO: [ app_end ] --START--
INFO: Run Behavior\ShowPageTraceBehavior [ RunTime:0.000116s ]
INFO: [ app_end ] --END-- [ RunTime:0.000202s ]

[ 2018-03-06T18:35:04+08:00 ] 223.72.89.13 /tpchat/index.php/home/jspay?trade_id=307
INFO: [ app_init ] --START--
INFO: Run Behavior\BuildLiteBehavior [ RunTime:0.000015s ]
INFO: [ app_init ] --END-- [ RunTime:0.000095s ]
INFO: [ app_begin ] --START--
INFO: Run Behavior\ReadHtmlCacheBehavior [ RunTime:0.000036s ]
INFO: [ app_begin ] --END-- [ RunTime:0.000073s ]
NOTIC: [2] fopen(../logs/2018-03-06.log): failed to open stream: No such file or directory /mnt/tpchat/ThinkPHP/Library/Vendor/Wechat/log.php 第 16 行.

[ 2018-03-06T18:36:04+08:00 ] 58.247.212.98 /tpchat/index.php/home/jspay?trade_id=307
INFO: [ app_init ] --START--
INFO: Run Behavior\BuildLiteBehavior [ RunTime:0.000014s ]
INFO: [ app_init ] --END-- [ RunTime:0.000096s ]
INFO: [ app_begin ] --START--
INFO: Run Behavior\ReadHtmlCacheBehavior [ RunTime:0.000066s ]
INFO: [ app_begin ] --END-- [ RunTime:0.000127s ]
NOTIC: [2] fopen(../logs/2018-03-06.log): failed to open stream: No such file or directory /mnt/tpchat/ThinkPHP/Library/Vendor/Wechat/log.php 第 16 行.

