[ 2018-02-08T09:55:26+08:00 ] 114.245.13.114 /tpchat/
INFO: [ app_init ] --START--
INFO: Run Behavior\BuildLiteBehavior [ RunTime:0.000031s ]
INFO: [ app_init ] --END-- [ RunTime:0.001483s ]
INFO: [ app_begin ] --START--
INFO: Run Behavior\ReadHtmlCacheBehavior [ RunTime:0.000085s ]
INFO: [ app_begin ] --END-- [ RunTime:0.000139s ]

[ 2018-02-08T09:55:33+08:00 ] 114.245.13.114 /tpchat/
INFO: [ app_init ] --START--
INFO: Run Behavior\BuildLiteBehavior [ RunTime:0.000017s ]
INFO: [ app_init ] --END-- [ RunTime:0.000138s ]
INFO: [ app_begin ] --START--
INFO: Run Behavior\ReadHtmlCacheBehavior [ RunTime:0.000053s ]
INFO: [ app_begin ] --END-- [ RunTime:0.000103s ]

[ 2018-02-08T09:58:04+08:00 ] 114.245.13.114 /tpchat/
INFO: [ app_init ] --START--
INFO: Run Behavior\BuildLiteBehavior [ RunTime:0.000017s ]
INFO: [ app_init ] --END-- [ RunTime:0.000175s ]
INFO: [ app_begin ] --START--
INFO: Run Behavior\ReadHtmlCacheBehavior [ RunTime:0.000051s ]
INFO: [ app_begin ] --END-- [ RunTime:0.000102s ]

[ 2018-02-08T11:13:46+08:00 ] 114.245.13.114 /tpchat/
INFO: [ app_init ] --START--
INFO: Run Behavior\BuildLiteBehavior [ RunTime:0.000015s ]
INFO: [ app_init ] --END-- [ RunTime:0.000115s ]
INFO: [ app_begin ] --START--
INFO: Run Behavior\ReadHtmlCacheBehavior [ RunTime:0.000052s ]
INFO: [ app_begin ] --END-- [ RunTime:0.000102s ]

[ 2018-02-08T11:13:47+08:00 ] 114.245.13.114 /tpchat/
INFO: [ app_init ] --START--
INFO: Run Behavior\BuildLiteBehavior [ RunTime:0.000016s ]
INFO: [ app_init ] --END-- [ RunTime:0.000115s ]
INFO: [ app_begin ] --START--
INFO: Run Behavior\ReadHtmlCacheBehavior [ RunTime:0.000062s ]
INFO: [ app_begin ] --END-- [ RunTime:0.000129s ]

[ 2018-02-08T17:12:51+08:00 ] 140.207.54.75 /tpchat/index.php/home/index?signature=6f5eecdfa8d9fcc443a8b5169a035b176404443b&timestamp=1518081171&nonce=1910980085&openid=oAdCq01YzcVjLWljmeEBFcDEswEY
INFO: [ app_init ] --START--
INFO: Run Behavior\BuildLiteBehavior [ RunTime:0.000024s ]
INFO: [ app_init ] --END-- [ RunTime:0.000186s ]
INFO: [ app_begin ] --START--
INFO: Run Behavior\ReadHtmlCacheBehavior [ RunTime:0.000131s ]
INFO: [ app_begin ] --END-- [ RunTime:0.000255s ]
INFO: [ app_end ] --START--
INFO: Run Behavior\ShowPageTraceBehavior [ RunTime:0.000108s ]
INFO: [ app_end ] --END-- [ RunTime:0.000234s ]

[ 2018-02-08T21:12:13+08:00 ] 140.207.54.79 /tpchat/index.php/home/index?signature=65a72c262e4a07a6e9cf789f8707b8a381b67117&timestamp=1518095533&nonce=1749066301&openid=oAdCq0zwD8v6-W4XPfbeO-m2RhV8
INFO: [ app_init ] --START--
INFO: Run Behavior\BuildLiteBehavior [ RunTime:0.000014s ]
INFO: [ app_init ] --END-- [ RunTime:0.000114s ]
INFO: [ app_begin ] --START--
INFO: Run Behavior\ReadHtmlCacheBehavior [ RunTime:0.000047s ]
INFO: [ app_begin ] --END-- [ RunTime:0.000099s ]
NOTIC: [8] Undefined index: key /mnt/tpchat/Application/Home/Controller/IndexController.class.php 第 54 行.
NOTIC: [8] Undefined index: key /mnt/tpchat/Application/Home/Controller/IndexController.class.php 第 66 行.
NOTIC: [8] Undefined index: key /mnt/tpchat/Application/Home/Controller/IndexController.class.php 第 68 行.
INFO: [ app_end ] --START--
INFO: Run Behavior\ShowPageTraceBehavior [ RunTime:0.000050s ]
INFO: [ app_end ] --END-- [ RunTime:0.000098s ]

[ 2018-02-08T21:12:27+08:00 ] 140.207.54.79 /tpchat/index.php/home/index?signature=59bb837082a31b0aa132b97c307d0ff98391efa6&timestamp=1518095547&nonce=1339599798&openid=oAdCq0zwD8v6-W4XPfbeO-m2RhV8
INFO: [ app_init ] --START--
INFO: Run Behavior\BuildLiteBehavior [ RunTime:0.000015s ]
INFO: [ app_init ] --END-- [ RunTime:0.000113s ]
INFO: [ app_begin ] --START--
INFO: Run Behavior\ReadHtmlCacheBehavior [ RunTime:0.000057s ]
INFO: [ app_begin ] --END-- [ RunTime:0.000128s ]
INFO: [ app_end ] --START--
INFO: Run Behavior\ShowPageTraceBehavior [ RunTime:0.000054s ]
INFO: [ app_end ] --END-- [ RunTime:0.000112s ]

[ 2018-02-08T21:12:33+08:00 ] 140.207.54.80 /tpchat/index.php/home/index?signature=a372f9e851f83309ab93c2c617dd57f2c11cee44&timestamp=1518095553&nonce=615448706&openid=oAdCq0zwD8v6-W4XPfbeO-m2RhV8
INFO: [ app_init ] --START--
INFO: Run Behavior\BuildLiteBehavior [ RunTime:0.000016s ]
INFO: [ app_init ] --END-- [ RunTime:0.000129s ]
INFO: [ app_begin ] --START--
INFO: Run Behavior\ReadHtmlCacheBehavior [ RunTime:0.000049s ]
INFO: [ app_begin ] --END-- [ RunTime:0.000101s ]
NOTIC: [8] Undefined index: key /mnt/tpchat/Application/Home/Controller/IndexController.class.php 第 54 行.
NOTIC: [8] Undefined index: key /mnt/tpchat/Application/Home/Controller/IndexController.class.php 第 66 行.
NOTIC: [8] Undefined index: key /mnt/tpchat/Application/Home/Controller/IndexController.class.php 第 68 行.
INFO: [ app_end ] --START--
INFO: Run Behavior\ShowPageTraceBehavior [ RunTime:0.000050s ]
INFO: [ app_end ] --END-- [ RunTime:0.000099s ]

[ 2018-02-08T21:12:38+08:00 ] 140.207.54.79 /tpchat/index.php/home/index?signature=bf02a35c87d816f3828252097a8cd502098fbcf3&timestamp=1518095558&nonce=1555471695&openid=oAdCq0zwD8v6-W4XPfbeO-m2RhV8
INFO: [ app_init ] --START--
INFO: Run Behavior\BuildLiteBehavior [ RunTime:0.000015s ]
INFO: [ app_init ] --END-- [ RunTime:0.000113s ]
INFO: [ app_begin ] --START--
INFO: Run Behavior\ReadHtmlCacheBehavior [ RunTime:0.000050s ]
INFO: [ app_begin ] --END-- [ RunTime:0.000101s ]
INFO: [ app_end ] --START--
INFO: Run Behavior\ShowPageTraceBehavior [ RunTime:0.000051s ]
INFO: [ app_end ] --END-- [ RunTime:0.000106s ]

[ 2018-02-08T21:12:58+08:00 ] 140.207.54.79 /tpchat/index.php/home/index?signature=5512c066331883995e8419829b4de4f288cdbccb&timestamp=1518095578&nonce=1932888197&openid=oAdCq0zwD8v6-W4XPfbeO-m2RhV8
INFO: [ app_init ] --START--
INFO: Run Behavior\BuildLiteBehavior [ RunTime:0.000016s ]
INFO: [ app_init ] --END-- [ RunTime:0.000115s ]
INFO: [ app_begin ] --START--
INFO: Run Behavior\ReadHtmlCacheBehavior [ RunTime:0.000050s ]
INFO: [ app_begin ] --END-- [ RunTime:0.000104s ]
NOTIC: [8] Undefined index: key /mnt/tpchat/Application/Home/Controller/IndexController.class.php 第 54 行.
NOTIC: [8] Undefined index: key /mnt/tpchat/Application/Home/Controller/IndexController.class.php 第 66 行.
NOTIC: [8] Undefined index: key /mnt/tpchat/Application/Home/Controller/IndexController.class.php 第 68 行.
INFO: [ app_end ] --START--
INFO: Run Behavior\ShowPageTraceBehavior [ RunTime:0.000060s ]
INFO: [ app_end ] --END-- [ RunTime:0.000122s ]

