[ 2018-01-24T22:06:35+08:00 ] 223.72.59.72 /tpchat/index.php/chat?code=021dELHs1LQMso0CNFHs11CMHs1dELHq&state=1
INFO: [ app_init ] --START--
INFO: Run Behavior\BuildLiteBehavior [ RunTime:0.000000s ]
INFO: [ app_init ] --END-- [ RunTime:0.001953s ]
INFO: [ app_begin ] --START--
INFO: Run Behavior\ReadHtmlCacheBehavior [ RunTime:0.002930s ]
INFO: [ app_begin ] --END-- [ RunTime:0.002930s ]
SQL: SHOW COLUMNS FROM `user` [ RunTime:0.0020s ]
SQL: SELECT * FROM `user` WHERE `openid` = 'oAdCq027xs01dDxx3TpqPeWlIGVA' LIMIT 1   [ RunTime:0.0088s ]
NOTIC: [8] Constant OPEN_ID already defined C:\www\tpchat\Application\Chat\Model\UserModel.class.php 第 18 行.
SQL: INSERT INTO `user` (`openid`,`username`,`chatname`,`profile`,`province`,`city`,`gender`) VALUES ('oAdCq027xs01dDxx3TpqPeWlIGVA','薇若','薇若','http://wx.qlogo.cn/mmopen/vi_32/yk3Ok9Palo8KVa37VZsKViaia1jH6swichf7uaKTh324LAiaDNVKapicr0Mc6HAGpsuE564uiaQSOicWWYqqsBZhFu0Jg/132','','','0') [ RunTime:0.0088s ]
SQL: SHOW COLUMNS FROM `banner` [ RunTime:0.0010s ]
SQL: SELECT * FROM `banner`  [ RunTime:0.0000s ]
SQL: SHOW COLUMNS FROM `category` [ RunTime:0.0010s ]
SQL: SELECT * FROM `category`  [ RunTime:0.0010s ]
INFO: [ view_parse ] --START--
INFO: [ template_filter ] --START--
INFO: Run Behavior\ContentReplaceBehavior [ RunTime:0.006836s ]
INFO: [ template_filter ] --END-- [ RunTime:0.007813s ]
INFO: Run Behavior\ParseTemplateBehavior [ RunTime:0.126958s ]
INFO: [ view_parse ] --END-- [ RunTime:0.126958s ]
INFO: [ view_filter ] --START--
INFO: Run Behavior\WriteHtmlCacheBehavior [ RunTime:0.007812s ]
INFO: [ view_filter ] --END-- [ RunTime:0.007812s ]
INFO: [ app_end ] --START--
INFO: Run Behavior\ShowPageTraceBehavior [ RunTime:0.003906s ]
INFO: [ app_end ] --END-- [ RunTime:0.004883s ]

