[ 2018-03-01T11:47:40+08:00 ] ::1 /tpchat/index.php/chat/product
INFO: [ app_init ] --START--
INFO: Run Behavior\BuildLiteBehavior [ RunTime:0.000014s ]
INFO: [ app_init ] --END-- [ RunTime:0.000539s ]
INFO: [ app_begin ] --START--
INFO: Run Behavior\ReadHtmlCacheBehavior [ RunTime:0.000493s ]
INFO: [ app_begin ] --END-- [ RunTime:0.000536s ]
SQL: SHOW COLUMNS FROM `user` [ RunTime:0.0051s ]
SQL: SELECT * FROM `user` WHERE `openid` = 'oAdCq016X8Hgd9iVKRk6Ob-r-sNU' LIMIT 1   [ RunTime:0.0033s ]
SQL: SHOW COLUMNS FROM `video` [ RunTime:0.0038s ]
SQL: SHOW COLUMNS FROM `course` [ RunTime:0.0053s ]
SQL: SELECT * FROM `course` ORDER BY createtime desc  [ RunTime:0.0158s ]
SQL: SHOW COLUMNS FROM `article` [ RunTime:0.0035s ]
SQL: SELECT * FROM `article` ORDER BY createtime desc  [ RunTime:0.0040s ]
SQL: SHOW COLUMNS FROM `video_activity` [ RunTime:0.0039s ]
SQL: SELECT * FROM `video_activity` ORDER BY starttime desc  [ RunTime:0.0038s ]
INFO: [ view_parse ] --START--
INFO: [ template_filter ] --START--
INFO: Run Behavior\ContentReplaceBehavior [ RunTime:0.000051s ]
INFO: [ template_filter ] --END-- [ RunTime:0.000093s ]
NOTIC: [8] Undefined index: desc /Applications/MAMP/htdocs/tpchat/Application/Runtime/Cache/Chat/d8284913d94a3ddb4d5d2388b1d03584.php 第 53 行.
NOTIC: [8] Undefined variable: data /Applications/MAMP/htdocs/tpchat/Application/Runtime/Cache/Chat/d8284913d94a3ddb4d5d2388b1d03584.php 第 83 行.
INFO: Run Behavior\ParseTemplateBehavior [ RunTime:0.014255s ]
INFO: [ view_parse ] --END-- [ RunTime:0.014301s ]
INFO: [ view_filter ] --START--
INFO: Run Behavior\WriteHtmlCacheBehavior [ RunTime:0.000278s ]
INFO: [ view_filter ] --END-- [ RunTime:0.000328s ]
INFO: [ app_end ] --START--
INFO: Run Behavior\ShowPageTraceBehavior [ RunTime:0.000521s ]
INFO: [ app_end ] --END-- [ RunTime:0.000561s ]

[ 2018-03-01T11:48:57+08:00 ] ::1 /tpchat/index.php/chat/product
INFO: [ app_init ] --START--
INFO: Run Behavior\BuildLiteBehavior [ RunTime:0.000011s ]
INFO: [ app_init ] --END-- [ RunTime:0.000273s ]
INFO: [ app_begin ] --START--
INFO: Run Behavior\ReadHtmlCacheBehavior [ RunTime:0.000371s ]
INFO: [ app_begin ] --END-- [ RunTime:0.000416s ]
SQL: SHOW COLUMNS FROM `user` [ RunTime:0.0055s ]
SQL: SELECT * FROM `user` WHERE `openid` = 'oAdCq016X8Hgd9iVKRk6Ob-r-sNU' LIMIT 1   [ RunTime:0.0074s ]
SQL: SHOW COLUMNS FROM `video` [ RunTime:0.0085s ]
SQL: SHOW COLUMNS FROM `course` [ RunTime:0.0047s ]
SQL: SELECT * FROM `course` ORDER BY createtime desc  [ RunTime:0.0178s ]
SQL: SHOW COLUMNS FROM `article` [ RunTime:0.0041s ]
SQL: SELECT * FROM `article` ORDER BY createtime desc  [ RunTime:0.0041s ]
SQL: SHOW COLUMNS FROM `video_activity` [ RunTime:0.0043s ]
SQL: SELECT * FROM `video_activity` ORDER BY starttime desc  [ RunTime:0.0039s ]
INFO: [ view_parse ] --START--
INFO: [ template_filter ] --START--
INFO: Run Behavior\ContentReplaceBehavior [ RunTime:0.000049s ]
INFO: [ template_filter ] --END-- [ RunTime:0.000090s ]
NOTIC: [8] Undefined index: desc /Applications/MAMP/htdocs/tpchat/Application/Runtime/Cache/Chat/d8284913d94a3ddb4d5d2388b1d03584.php 第 53 行.
NOTIC: [8] Undefined variable: data /Applications/MAMP/htdocs/tpchat/Application/Runtime/Cache/Chat/d8284913d94a3ddb4d5d2388b1d03584.php 第 83 行.
INFO: Run Behavior\ParseTemplateBehavior [ RunTime:0.012580s ]
INFO: [ view_parse ] --END-- [ RunTime:0.012622s ]
INFO: [ view_filter ] --START--
INFO: Run Behavior\WriteHtmlCacheBehavior [ RunTime:0.000106s ]
INFO: [ view_filter ] --END-- [ RunTime:0.000138s ]
INFO: [ app_end ] --START--
INFO: Run Behavior\ShowPageTraceBehavior [ RunTime:0.000364s ]
INFO: [ app_end ] --END-- [ RunTime:0.000397s ]

[ 2018-03-01T11:48:59+08:00 ] ::1 /tpchat/index.php/chat/product
INFO: [ app_init ] --START--
INFO: Run Behavior\BuildLiteBehavior [ RunTime:0.000009s ]
INFO: [ app_init ] --END-- [ RunTime:0.000237s ]
INFO: [ app_begin ] --START--
INFO: Run Behavior\ReadHtmlCacheBehavior [ RunTime:0.000422s ]
INFO: [ app_begin ] --END-- [ RunTime:0.000467s ]
SQL: SHOW COLUMNS FROM `user` [ RunTime:0.0059s ]
SQL: SELECT * FROM `user` WHERE `openid` = 'oAdCq016X8Hgd9iVKRk6Ob-r-sNU' LIMIT 1   [ RunTime:0.0070s ]
SQL: SHOW COLUMNS FROM `video` [ RunTime:0.0082s ]
SQL: SHOW COLUMNS FROM `course` [ RunTime:0.0078s ]
SQL: SELECT * FROM `course` ORDER BY createtime desc  [ RunTime:0.0243s ]
SQL: SHOW COLUMNS FROM `article` [ RunTime:0.0074s ]
SQL: SELECT * FROM `article` ORDER BY createtime desc  [ RunTime:0.0077s ]
SQL: SHOW COLUMNS FROM `video_activity` [ RunTime:0.0081s ]
SQL: SELECT * FROM `video_activity` ORDER BY starttime desc  [ RunTime:0.0079s ]
INFO: [ view_parse ] --START--
INFO: [ template_filter ] --START--
INFO: Run Behavior\ContentReplaceBehavior [ RunTime:0.000055s ]
INFO: [ template_filter ] --END-- [ RunTime:0.000108s ]
NOTIC: [8] Undefined index: desc /Applications/MAMP/htdocs/tpchat/Application/Runtime/Cache/Chat/d8284913d94a3ddb4d5d2388b1d03584.php 第 53 行.
NOTIC: [8] Undefined variable: data /Applications/MAMP/htdocs/tpchat/Application/Runtime/Cache/Chat/d8284913d94a3ddb4d5d2388b1d03584.php 第 83 行.
INFO: Run Behavior\ParseTemplateBehavior [ RunTime:0.012658s ]
INFO: [ view_parse ] --END-- [ RunTime:0.012697s ]
INFO: [ view_filter ] --START--
INFO: Run Behavior\WriteHtmlCacheBehavior [ RunTime:0.000105s ]
INFO: [ view_filter ] --END-- [ RunTime:0.000139s ]
INFO: [ app_end ] --START--
INFO: Run Behavior\ShowPageTraceBehavior [ RunTime:0.000359s ]
INFO: [ app_end ] --END-- [ RunTime:0.000394s ]

[ 2018-03-01T11:51:56+08:00 ] ::1 /tpchat/index.php/chat/product/ajax
INFO: [ app_init ] --START--
INFO: Run Behavior\BuildLiteBehavior [ RunTime:0.000010s ]
INFO: [ app_init ] --END-- [ RunTime:0.000251s ]
INFO: [ app_begin ] --START--
INFO: Run Behavior\ReadHtmlCacheBehavior [ RunTime:0.000338s ]
INFO: [ app_begin ] --END-- [ RunTime:0.000378s ]
SQL: SHOW COLUMNS FROM `user` [ RunTime:0.0062s ]
SQL: SELECT * FROM `user` WHERE `openid` = 'oAdCq016X8Hgd9iVKRk6Ob-r-sNU' LIMIT 1   [ RunTime:0.0068s ]
SQL: SHOW COLUMNS FROM `video` [ RunTime:0.0040s ]
SQL: SHOW COLUMNS FROM `course` [ RunTime:0.0039s ]
SQL: SELECT * FROM `course` ORDER BY createtime desc  [ RunTime:0.0170s ]
SQL: SHOW COLUMNS FROM `article` [ RunTime:0.0036s ]
SQL: SELECT * FROM `article` ORDER BY createtime desc  [ RunTime:0.0036s ]
SQL: SHOW COLUMNS FROM `video_activity` [ RunTime:0.0043s ]
SQL: SELECT * FROM `video_activity` ORDER BY starttime desc  [ RunTime:0.0037s ]

