[ 2017-12-29T19:43:09+08:00 ] 223.104.3.152 /tpchat/index.php/admin
INFO: [ app_init ] --START--
INFO: Run Behavior\BuildLiteBehavior [ RunTime:0.000000s ]
INFO: [ app_init ] --END-- [ RunTime:0.000000s ]
INFO: [ app_begin ] --START--
INFO: Run Behavior\ReadHtmlCacheBehavior [ RunTime:0.000000s ]
INFO: [ app_begin ] --END-- [ RunTime:0.000000s ]
INFO: [ view_parse ] --START--
INFO: [ template_filter ] --START--
INFO: Run Behavior\ContentReplaceBehavior [ RunTime:0.000000s ]
INFO: [ template_filter ] --END-- [ RunTime:0.000000s ]
INFO: Run Behavior\ParseTemplateBehavior [ RunTime:0.062502s ]
INFO: [ view_parse ] --END-- [ RunTime:0.062502s ]
INFO: [ view_filter ] --START--
INFO: Run Behavior\WriteHtmlCacheBehavior [ RunTime:0.015626s ]
INFO: [ view_filter ] --END-- [ RunTime:0.015626s ]
INFO: [ app_end ] --START--
INFO: Run Behavior\ShowPageTraceBehavior [ RunTime:0.000000s ]
INFO: [ app_end ] --END-- [ RunTime:0.000000s ]

[ 2017-12-29T19:43:16+08:00 ] 223.104.3.152 /tpchat/index.php/Admin/Trade/index
INFO: [ app_init ] --START--
INFO: Run Behavior\BuildLiteBehavior [ RunTime:0.000000s ]
INFO: [ app_init ] --END-- [ RunTime:0.000000s ]
INFO: [ app_begin ] --START--
INFO: Run Behavior\ReadHtmlCacheBehavior [ RunTime:0.000000s ]
INFO: [ app_begin ] --END-- [ RunTime:0.000000s ]
SQL: SHOW COLUMNS FROM `trade` [ RunTime:0.0156s ]
SQL: SELECT COUNT(*) AS tp_count FROM `trade` LIMIT 1   [ RunTime:0.0000s ]
SQL: SELECT*
                            FROM  `trade`  a

                            INNER JOIN `user` b

                            WHERE  a.openid=b.openid
                            ORDER BY `createtime` DESC
                             LIMIT 0,20 [ RunTime:0.0313s ]
SQL: SELECT * FROM `trade`  [ RunTime:0.0000s ]
INFO: [ view_parse ] --START--
INFO: [ template_filter ] --START--
INFO: Run Behavior\ContentReplaceBehavior [ RunTime:0.000000s ]
INFO: [ template_filter ] --END-- [ RunTime:0.000000s ]
INFO: Run Behavior\ParseTemplateBehavior [ RunTime:0.046877s ]
INFO: [ view_parse ] --END-- [ RunTime:0.046877s ]
INFO: [ view_filter ] --START--
INFO: Run Behavior\WriteHtmlCacheBehavior [ RunTime:0.000000s ]
INFO: [ view_filter ] --END-- [ RunTime:0.000000s ]
INFO: [ app_end ] --START--
INFO: Run Behavior\ShowPageTraceBehavior [ RunTime:0.015625s ]
INFO: [ app_end ] --END-- [ RunTime:0.015625s ]

[ 2017-12-29T19:43:25+08:00 ] 223.104.3.152 /tpchat/index.php/Admin/Course/index
INFO: [ app_init ] --START--
INFO: Run Behavior\BuildLiteBehavior [ RunTime:0.000000s ]
INFO: [ app_init ] --END-- [ RunTime:0.015626s ]
INFO: [ app_begin ] --START--
INFO: Run Behavior\ReadHtmlCacheBehavior [ RunTime:0.000000s ]
INFO: [ app_begin ] --END-- [ RunTime:0.000000s ]
SQL: SHOW COLUMNS FROM `course` [ RunTime:0.0000s ]
SQL: SELECT * FROM `course`  [ RunTime:0.0000s ]
INFO: [ view_parse ] --START--
INFO: [ template_filter ] --START--
INFO: Run Behavior\ContentReplaceBehavior [ RunTime:0.000000s ]
INFO: [ template_filter ] --END-- [ RunTime:0.000000s ]
INFO: Run Behavior\ParseTemplateBehavior [ RunTime:0.046877s ]
INFO: [ view_parse ] --END-- [ RunTime:0.046877s ]
INFO: [ view_filter ] --START--
INFO: Run Behavior\WriteHtmlCacheBehavior [ RunTime:0.015625s ]
INFO: [ view_filter ] --END-- [ RunTime:0.015625s ]
INFO: [ app_end ] --START--
INFO: Run Behavior\ShowPageTraceBehavior [ RunTime:0.000000s ]
INFO: [ app_end ] --END-- [ RunTime:0.000000s ]

[ 2017-12-29T19:43:42+08:00 ] 223.104.3.152 /tpchat/index.php/Admin/Course/addcourse
INFO: [ app_init ] --START--
INFO: Run Behavior\BuildLiteBehavior [ RunTime:0.000000s ]
INFO: [ app_init ] --END-- [ RunTime:0.000000s ]
INFO: [ app_begin ] --START--
INFO: Run Behavior\ReadHtmlCacheBehavior [ RunTime:0.000000s ]
INFO: [ app_begin ] --END-- [ RunTime:0.000000s ]
SQL: SHOW COLUMNS FROM `course` [ RunTime:0.0000s ]
SQL: SHOW COLUMNS FROM `category` [ RunTime:0.0000s ]
SQL: SELECT * FROM `category`  [ RunTime:0.0000s ]
INFO: [ view_parse ] --START--
INFO: [ template_filter ] --START--
INFO: Run Behavior\ContentReplaceBehavior [ RunTime:0.000000s ]
INFO: [ template_filter ] --END-- [ RunTime:0.000000s ]
NOTIC: [8] Undefined variable: data C:\www\tpchat\Application\Runtime\Cache\Admin\a3d946e29ba3341bf0a01a1d5d0cd10d.php 第 110 行.
NOTIC: [8] Undefined variable: data C:\www\tpchat\Application\Runtime\Cache\Admin\a3d946e29ba3341bf0a01a1d5d0cd10d.php 第 120 行.
NOTIC: [8] Undefined variable: data C:\www\tpchat\Application\Runtime\Cache\Admin\a3d946e29ba3341bf0a01a1d5d0cd10d.php 第 120 行.
NOTIC: [8] Undefined variable: data C:\www\tpchat\Application\Runtime\Cache\Admin\a3d946e29ba3341bf0a01a1d5d0cd10d.php 第 137 行.
NOTIC: [8] Undefined variable: data C:\www\tpchat\Application\Runtime\Cache\Admin\a3d946e29ba3341bf0a01a1d5d0cd10d.php 第 137 行.
NOTIC: [8] Undefined variable: data C:\www\tpchat\Application\Runtime\Cache\Admin\a3d946e29ba3341bf0a01a1d5d0cd10d.php 第 150 行.
NOTIC: [8] Undefined variable: data C:\www\tpchat\Application\Runtime\Cache\Admin\a3d946e29ba3341bf0a01a1d5d0cd10d.php 第 158 行.
NOTIC: [8] Undefined variable: data C:\www\tpchat\Application\Runtime\Cache\Admin\a3d946e29ba3341bf0a01a1d5d0cd10d.php 第 166 行.
NOTIC: [8] Undefined variable: data C:\www\tpchat\Application\Runtime\Cache\Admin\a3d946e29ba3341bf0a01a1d5d0cd10d.php 第 175 行.
NOTIC: [8] Undefined variable: data C:\www\tpchat\Application\Runtime\Cache\Admin\a3d946e29ba3341bf0a01a1d5d0cd10d.php 第 184 行.
NOTIC: [8] Undefined variable: data C:\www\tpchat\Application\Runtime\Cache\Admin\a3d946e29ba3341bf0a01a1d5d0cd10d.php 第 194 行.
NOTIC: [8] Undefined variable: data C:\www\tpchat\Application\Runtime\Cache\Admin\a3d946e29ba3341bf0a01a1d5d0cd10d.php 第 196 行.
NOTIC: [8] Undefined variable: data C:\www\tpchat\Application\Runtime\Cache\Admin\a3d946e29ba3341bf0a01a1d5d0cd10d.php 第 207 行.
NOTIC: [8] Undefined variable: data C:\www\tpchat\Application\Runtime\Cache\Admin\a3d946e29ba3341bf0a01a1d5d0cd10d.php 第 218 行.
NOTIC: [8] Undefined variable: data C:\www\tpchat\Application\Runtime\Cache\Admin\a3d946e29ba3341bf0a01a1d5d0cd10d.php 第 233 行.
NOTIC: [8] Undefined variable: data C:\www\tpchat\Application\Runtime\Cache\Admin\a3d946e29ba3341bf0a01a1d5d0cd10d.php 第 244 行.
NOTIC: [8] Undefined variable: data C:\www\tpchat\Application\Runtime\Cache\Admin\a3d946e29ba3341bf0a01a1d5d0cd10d.php 第 253 行.
NOTIC: [8] Undefined variable: data C:\www\tpchat\Application\Runtime\Cache\Admin\a3d946e29ba3341bf0a01a1d5d0cd10d.php 第 266 行.
NOTIC: [8] Undefined variable: data C:\www\tpchat\Application\Runtime\Cache\Admin\a3d946e29ba3341bf0a01a1d5d0cd10d.php 第 274 行.
INFO: Run Behavior\ParseTemplateBehavior [ RunTime:0.046877s ]
INFO: [ view_parse ] --END-- [ RunTime:0.046877s ]
INFO: [ view_filter ] --START--
INFO: Run Behavior\WriteHtmlCacheBehavior [ RunTime:0.000000s ]
INFO: [ view_filter ] --END-- [ RunTime:0.000000s ]
INFO: [ app_end ] --START--
INFO: Run Behavior\ShowPageTraceBehavior [ RunTime:0.000000s ]
INFO: [ app_end ] --END-- [ RunTime:0.000000s ]

[ 2017-12-29T19:43:45+08:00 ] 223.104.3.152 /tpchat/index.php/Admin/Course/tpchat/Public/timepicker/jquery-1.8.3.js
INFO: [ app_init ] --START--
INFO: Run Behavior\BuildLiteBehavior [ RunTime:0.000000s ]
INFO: [ app_init ] --END-- [ RunTime:0.000000s ]
INFO: [ app_begin ] --START--
INFO: Run Behavior\ReadHtmlCacheBehavior [ RunTime:0.000000s ]
INFO: [ app_begin ] --END-- [ RunTime:0.000000s ]
SQL: SHOW COLUMNS FROM `course` [ RunTime:0.0000s ]
ERR: 非法操作:tpchat

[ 2017-12-29T19:43:51+08:00 ] 223.104.3.152 /tpchat/index.php/Admin/Course/tpchat/Public/timepicker/jquery-1.8.3.js
INFO: [ app_init ] --START--
INFO: Run Behavior\BuildLiteBehavior [ RunTime:0.000000s ]
INFO: [ app_init ] --END-- [ RunTime:0.000000s ]
INFO: [ app_begin ] --START--
INFO: Run Behavior\ReadHtmlCacheBehavior [ RunTime:0.000000s ]
INFO: [ app_begin ] --END-- [ RunTime:0.000000s ]
SQL: SHOW COLUMNS FROM `course` [ RunTime:0.0000s ]
ERR: 非法操作:tpchat

[ 2017-12-29T19:49:19+08:00 ] 223.104.3.152 /tpchat/index.php/Admin/Course/category
INFO: [ app_init ] --START--
INFO: Run Behavior\BuildLiteBehavior [ RunTime:0.000000s ]
INFO: [ app_init ] --END-- [ RunTime:0.000000s ]
INFO: [ app_begin ] --START--
INFO: Run Behavior\ReadHtmlCacheBehavior [ RunTime:0.000000s ]
INFO: [ app_begin ] --END-- [ RunTime:0.000000s ]
SQL: SHOW COLUMNS FROM `course` [ RunTime:0.0000s ]
SQL: SHOW COLUMNS FROM `category` [ RunTime:0.0000s ]
SQL: SELECT * FROM `category`  [ RunTime:0.0000s ]
INFO: [ view_parse ] --START--
INFO: [ template_filter ] --START--
INFO: Run Behavior\ContentReplaceBehavior [ RunTime:0.000000s ]
INFO: [ template_filter ] --END-- [ RunTime:0.000000s ]
NOTIC: [8] Undefined index: category_id C:\www\tpchat\Application\Runtime\Cache\Admin\a38042d8518ce5251466e00bbf5415f3.php 第 163 行.
NOTIC: [8] Undefined index: category_id C:\www\tpchat\Application\Runtime\Cache\Admin\a38042d8518ce5251466e00bbf5415f3.php 第 167 行.
NOTIC: [8] Undefined index: category_id C:\www\tpchat\Application\Runtime\Cache\Admin\a38042d8518ce5251466e00bbf5415f3.php 第 169 行.
NOTIC: [8] Undefined index: category_id C:\www\tpchat\Application\Runtime\Cache\Admin\a38042d8518ce5251466e00bbf5415f3.php 第 163 行.
NOTIC: [8] Undefined index: category_id C:\www\tpchat\Application\Runtime\Cache\Admin\a38042d8518ce5251466e00bbf5415f3.php 第 167 行.
NOTIC: [8] Undefined index: category_id C:\www\tpchat\Application\Runtime\Cache\Admin\a38042d8518ce5251466e00bbf5415f3.php 第 169 行.
NOTIC: [8] Undefined variable: page C:\www\tpchat\Application\Runtime\Cache\Admin\a38042d8518ce5251466e00bbf5415f3.php 第 181 行.
INFO: Run Behavior\ParseTemplateBehavior [ RunTime:0.046877s ]
INFO: [ view_parse ] --END-- [ RunTime:0.046877s ]
INFO: [ view_filter ] --START--
INFO: Run Behavior\WriteHtmlCacheBehavior [ RunTime:0.015625s ]
INFO: [ view_filter ] --END-- [ RunTime:0.015625s ]
INFO: [ app_end ] --START--
INFO: Run Behavior\ShowPageTraceBehavior [ RunTime:0.000000s ]
INFO: [ app_end ] --END-- [ RunTime:0.000000s ]

[ 2017-12-29T19:49:33+08:00 ] 223.104.3.152 /tpchat/index.php/Admin/Course/index
INFO: [ app_init ] --START--
INFO: Run Behavior\BuildLiteBehavior [ RunTime:0.000000s ]
INFO: [ app_init ] --END-- [ RunTime:0.000000s ]
INFO: [ app_begin ] --START--
INFO: Run Behavior\ReadHtmlCacheBehavior [ RunTime:0.000000s ]
INFO: [ app_begin ] --END-- [ RunTime:0.000000s ]
SQL: SHOW COLUMNS FROM `course` [ RunTime:0.0000s ]
SQL: SELECT * FROM `course`  [ RunTime:0.0000s ]
INFO: [ view_parse ] --START--
INFO: [ template_filter ] --START--
INFO: Run Behavior\ContentReplaceBehavior [ RunTime:0.000000s ]
INFO: [ template_filter ] --END-- [ RunTime:0.000000s ]
INFO: Run Behavior\ParseTemplateBehavior [ RunTime:0.031251s ]
INFO: [ view_parse ] --END-- [ RunTime:0.031251s ]
INFO: [ view_filter ] --START--
INFO: Run Behavior\WriteHtmlCacheBehavior [ RunTime:0.000000s ]
INFO: [ view_filter ] --END-- [ RunTime:0.000000s ]
INFO: [ app_end ] --START--
INFO: Run Behavior\ShowPageTraceBehavior [ RunTime:0.000000s ]
INFO: [ app_end ] --END-- [ RunTime:0.000000s ]

[ 2017-12-29T19:49:35+08:00 ] 223.104.3.152 /tpchat/index.php/Admin/Course/category
INFO: [ app_init ] --START--
INFO: Run Behavior\BuildLiteBehavior [ RunTime:0.000000s ]
INFO: [ app_init ] --END-- [ RunTime:0.015625s ]
INFO: [ app_begin ] --START--
INFO: Run Behavior\ReadHtmlCacheBehavior [ RunTime:0.000000s ]
INFO: [ app_begin ] --END-- [ RunTime:0.000000s ]
SQL: SHOW COLUMNS FROM `course` [ RunTime:0.0000s ]
SQL: SHOW COLUMNS FROM `category` [ RunTime:0.0000s ]
SQL: SELECT * FROM `category`  [ RunTime:0.0000s ]
INFO: [ view_parse ] --START--
INFO: [ template_filter ] --START--
INFO: Run Behavior\ContentReplaceBehavior [ RunTime:0.000000s ]
INFO: [ template_filter ] --END-- [ RunTime:0.000000s ]
NOTIC: [8] Undefined index: category_id C:\www\tpchat\Application\Runtime\Cache\Admin\a38042d8518ce5251466e00bbf5415f3.php 第 163 行.
NOTIC: [8] Undefined index: category_id C:\www\tpchat\Application\Runtime\Cache\Admin\a38042d8518ce5251466e00bbf5415f3.php 第 167 行.
NOTIC: [8] Undefined index: category_id C:\www\tpchat\Application\Runtime\Cache\Admin\a38042d8518ce5251466e00bbf5415f3.php 第 169 行.
NOTIC: [8] Undefined index: category_id C:\www\tpchat\Application\Runtime\Cache\Admin\a38042d8518ce5251466e00bbf5415f3.php 第 163 行.
NOTIC: [8] Undefined index: category_id C:\www\tpchat\Application\Runtime\Cache\Admin\a38042d8518ce5251466e00bbf5415f3.php 第 167 行.
NOTIC: [8] Undefined index: category_id C:\www\tpchat\Application\Runtime\Cache\Admin\a38042d8518ce5251466e00bbf5415f3.php 第 169 行.
NOTIC: [8] Undefined variable: page C:\www\tpchat\Application\Runtime\Cache\Admin\a38042d8518ce5251466e00bbf5415f3.php 第 181 行.
INFO: Run Behavior\ParseTemplateBehavior [ RunTime:0.031251s ]
INFO: [ view_parse ] --END-- [ RunTime:0.031251s ]
INFO: [ view_filter ] --START--
INFO: Run Behavior\WriteHtmlCacheBehavior [ RunTime:0.015626s ]
INFO: [ view_filter ] --END-- [ RunTime:0.015626s ]
INFO: [ app_end ] --START--
INFO: Run Behavior\ShowPageTraceBehavior [ RunTime:0.000000s ]
INFO: [ app_end ] --END-- [ RunTime:0.000000s ]

[ 2017-12-29T19:49:37+08:00 ] 223.104.3.152 /tpchat/index.php/Admin/Course/index
INFO: [ app_init ] --START--
INFO: Run Behavior\BuildLiteBehavior [ RunTime:0.000000s ]
INFO: [ app_init ] --END-- [ RunTime:0.000000s ]
INFO: [ app_begin ] --START--
INFO: Run Behavior\ReadHtmlCacheBehavior [ RunTime:0.000000s ]
INFO: [ app_begin ] --END-- [ RunTime:0.000000s ]
SQL: SHOW COLUMNS FROM `course` [ RunTime:0.0000s ]
SQL: SELECT * FROM `course`  [ RunTime:0.0156s ]
INFO: [ view_parse ] --START--
INFO: [ template_filter ] --START--
INFO: Run Behavior\ContentReplaceBehavior [ RunTime:0.000000s ]
INFO: [ template_filter ] --END-- [ RunTime:0.000000s ]
INFO: Run Behavior\ParseTemplateBehavior [ RunTime:0.031251s ]
INFO: [ view_parse ] --END-- [ RunTime:0.031251s ]
INFO: [ view_filter ] --START--
INFO: Run Behavior\WriteHtmlCacheBehavior [ RunTime:0.000000s ]
INFO: [ view_filter ] --END-- [ RunTime:0.000000s ]
INFO: [ app_end ] --START--
INFO: Run Behavior\ShowPageTraceBehavior [ RunTime:0.000000s ]
INFO: [ app_end ] --END-- [ RunTime:0.000000s ]

[ 2017-12-29T19:49:39+08:00 ] 223.104.3.152 /tpchat/index.php/Admin/Course/addcourse
INFO: [ app_init ] --START--
INFO: Run Behavior\BuildLiteBehavior [ RunTime:0.000000s ]
INFO: [ app_init ] --END-- [ RunTime:0.000000s ]
INFO: [ app_begin ] --START--
INFO: Run Behavior\ReadHtmlCacheBehavior [ RunTime:0.000000s ]
INFO: [ app_begin ] --END-- [ RunTime:0.000000s ]
SQL: SHOW COLUMNS FROM `course` [ RunTime:0.0000s ]
SQL: SHOW COLUMNS FROM `category` [ RunTime:0.0000s ]
SQL: SELECT * FROM `category`  [ RunTime:0.0000s ]
INFO: [ view_parse ] --START--
INFO: [ template_filter ] --START--
INFO: Run Behavior\ContentReplaceBehavior [ RunTime:0.000000s ]
INFO: [ template_filter ] --END-- [ RunTime:0.000000s ]
NOTIC: [8] Undefined variable: data C:\www\tpchat\Application\Runtime\Cache\Admin\a3d946e29ba3341bf0a01a1d5d0cd10d.php 第 110 行.
NOTIC: [8] Undefined variable: data C:\www\tpchat\Application\Runtime\Cache\Admin\a3d946e29ba3341bf0a01a1d5d0cd10d.php 第 120 行.
NOTIC: [8] Undefined variable: data C:\www\tpchat\Application\Runtime\Cache\Admin\a3d946e29ba3341bf0a01a1d5d0cd10d.php 第 120 行.
NOTIC: [8] Undefined variable: data C:\www\tpchat\Application\Runtime\Cache\Admin\a3d946e29ba3341bf0a01a1d5d0cd10d.php 第 137 行.
NOTIC: [8] Undefined variable: data C:\www\tpchat\Application\Runtime\Cache\Admin\a3d946e29ba3341bf0a01a1d5d0cd10d.php 第 137 行.
NOTIC: [8] Undefined variable: data C:\www\tpchat\Application\Runtime\Cache\Admin\a3d946e29ba3341bf0a01a1d5d0cd10d.php 第 150 行.
NOTIC: [8] Undefined variable: data C:\www\tpchat\Application\Runtime\Cache\Admin\a3d946e29ba3341bf0a01a1d5d0cd10d.php 第 158 行.
NOTIC: [8] Undefined variable: data C:\www\tpchat\Application\Runtime\Cache\Admin\a3d946e29ba3341bf0a01a1d5d0cd10d.php 第 166 行.
NOTIC: [8] Undefined variable: data C:\www\tpchat\Application\Runtime\Cache\Admin\a3d946e29ba3341bf0a01a1d5d0cd10d.php 第 175 行.
NOTIC: [8] Undefined variable: data C:\www\tpchat\Application\Runtime\Cache\Admin\a3d946e29ba3341bf0a01a1d5d0cd10d.php 第 184 行.
NOTIC: [8] Undefined variable: data C:\www\tpchat\Application\Runtime\Cache\Admin\a3d946e29ba3341bf0a01a1d5d0cd10d.php 第 194 行.
NOTIC: [8] Undefined variable: data C:\www\tpchat\Application\Runtime\Cache\Admin\a3d946e29ba3341bf0a01a1d5d0cd10d.php 第 196 行.
NOTIC: [8] Undefined variable: data C:\www\tpchat\Application\Runtime\Cache\Admin\a3d946e29ba3341bf0a01a1d5d0cd10d.php 第 207 行.
NOTIC: [8] Undefined variable: data C:\www\tpchat\Application\Runtime\Cache\Admin\a3d946e29ba3341bf0a01a1d5d0cd10d.php 第 218 行.
NOTIC: [8] Undefined variable: data C:\www\tpchat\Application\Runtime\Cache\Admin\a3d946e29ba3341bf0a01a1d5d0cd10d.php 第 233 行.
NOTIC: [8] Undefined variable: data C:\www\tpchat\Application\Runtime\Cache\Admin\a3d946e29ba3341bf0a01a1d5d0cd10d.php 第 244 行.
NOTIC: [8] Undefined variable: data C:\www\tpchat\Application\Runtime\Cache\Admin\a3d946e29ba3341bf0a01a1d5d0cd10d.php 第 253 行.
NOTIC: [8] Undefined variable: data C:\www\tpchat\Application\Runtime\Cache\Admin\a3d946e29ba3341bf0a01a1d5d0cd10d.php 第 266 行.
NOTIC: [8] Undefined variable: data C:\www\tpchat\Application\Runtime\Cache\Admin\a3d946e29ba3341bf0a01a1d5d0cd10d.php 第 274 行.
INFO: Run Behavior\ParseTemplateBehavior [ RunTime:0.031251s ]
INFO: [ view_parse ] --END-- [ RunTime:0.031251s ]
INFO: [ view_filter ] --START--
INFO: Run Behavior\WriteHtmlCacheBehavior [ RunTime:0.000000s ]
INFO: [ view_filter ] --END-- [ RunTime:0.000000s ]
INFO: [ app_end ] --START--
INFO: Run Behavior\ShowPageTraceBehavior [ RunTime:0.000000s ]
INFO: [ app_end ] --END-- [ RunTime:0.000000s ]

[ 2017-12-29T19:49:39+08:00 ] 223.104.3.152 /tpchat/index.php/Admin/Course/tpchat/Public/timepicker/jquery-1.8.3.js
INFO: [ app_init ] --START--
INFO: Run Behavior\BuildLiteBehavior [ RunTime:0.000000s ]
INFO: [ app_init ] --END-- [ RunTime:0.000000s ]
INFO: [ app_begin ] --START--
INFO: Run Behavior\ReadHtmlCacheBehavior [ RunTime:0.000000s ]
INFO: [ app_begin ] --END-- [ RunTime:0.000000s ]
SQL: SHOW COLUMNS FROM `course` [ RunTime:0.0000s ]
ERR: 非法操作:tpchat

