[ 2017-09-30T15:31:37+08:00 ] ::1 /tpchat/Public/js/maps/swiper.jquery.js.map
INFO: [ app_init ] --START--
INFO: Run Behavior\BuildLiteBehavior [ RunTime:0.000012s ]
INFO: [ app_init ] --END-- [ RunTime:0.000281s ]
ERR: 无法加载模块:Public

[ 2017-09-30T15:31:44+08:00 ] ::1 /tpchat/Public/froala_editor/css/froala_editor.pkgd.min.css
INFO: [ app_init ] --START--
INFO: Run Behavior\BuildLiteBehavior [ RunTime:0.000012s ]
INFO: [ app_init ] --END-- [ RunTime:0.000250s ]
ERR: 无法加载模块:Public

[ 2017-09-30T15:31:44+08:00 ] ::1 /tpchat/Public/froala_editor/css/froala_style.min.css
INFO: [ app_init ] --START--
INFO: Run Behavior\BuildLiteBehavior [ RunTime:0.000019s ]
INFO: [ app_init ] --END-- [ RunTime:0.000442s ]
ERR: 无法加载模块:Public

[ 2017-09-30T15:31:44+08:00 ] ::1 /tpchat/Public/img/nav_qrcode.png
INFO: [ app_init ] --START--
INFO: Run Behavior\BuildLiteBehavior [ RunTime:0.000012s ]
INFO: [ app_init ] --END-- [ RunTime:0.000307s ]
ERR: 无法加载模块:Public

[ 2017-09-30T15:31:44+08:00 ] ::1 /tpchat/Public/img/nav_qrcode.png
INFO: [ app_init ] --START--
INFO: Run Behavior\BuildLiteBehavior [ RunTime:0.000011s ]
INFO: [ app_init ] --END-- [ RunTime:0.000244s ]
ERR: 无法加载模块:Public

[ 2017-09-30T15:34:15+08:00 ] ::1 /tpchat/Public/js/maps/swiper.jquery.js.map
INFO: [ app_init ] --START--
INFO: Run Behavior\BuildLiteBehavior [ RunTime:0.000010s ]
INFO: [ app_init ] --END-- [ RunTime:0.000246s ]
ERR: 无法加载模块:Public

[ 2017-09-30T15:34:37+08:00 ] ::1 /tpchat/Public/js/maps/swiper.jquery.js.map
INFO: [ app_init ] --START--
INFO: Run Behavior\BuildLiteBehavior [ RunTime:0.000020s ]
INFO: [ app_init ] --END-- [ RunTime:0.000426s ]
ERR: 无法加载模块:Public

[ 2017-09-30T15:34:38+08:00 ] ::1 /tpchat/Public/js/maps/swiper.jquery.js.map
INFO: [ app_init ] --START--
INFO: Run Behavior\BuildLiteBehavior [ RunTime:0.000011s ]
INFO: [ app_init ] --END-- [ RunTime:0.000243s ]
ERR: 无法加载模块:Public

[ 2017-09-30T15:35:28+08:00 ] ::1 /tpchat/Public/js/maps/swiper.jquery.js.map
INFO: [ app_init ] --START--
INFO: Run Behavior\BuildLiteBehavior [ RunTime:0.000012s ]
INFO: [ app_init ] --END-- [ RunTime:0.000245s ]
ERR: 无法加载模块:Public

[ 2017-09-30T17:13:15+08:00 ] ::1 /tpchat/Public/js/maps/swiper.jquery.js.map
INFO: [ app_init ] --START--
INFO: Run Behavior\BuildLiteBehavior [ RunTime:0.000018s ]
INFO: [ app_init ] --END-- [ RunTime:0.000428s ]
ERR: 无法加载模块:Public

[ 2017-09-30T17:14:38+08:00 ] ::1 /tpchat/http://vpic.video.qq.com/7045068/f0547g03qf5_160_90_3.jpg
INFO: [ app_init ] --START--
INFO: Run Behavior\BuildLiteBehavior [ RunTime:0.000010s ]
INFO: [ app_init ] --END-- [ RunTime:0.000243s ]
ERR: 无法加载模块:Http:

[ 2017-09-30T17:14:38+08:00 ] ::1 /tpchat/Application/Admin/Public/up/2017-09-29/59cd971c473d0.png
INFO: [ app_init ] --START--
INFO: Run Behavior\BuildLiteBehavior [ RunTime:0.000014s ]
INFO: [ app_init ] --END-- [ RunTime:0.000260s ]
ERR: 无法加载模块:Application

[ 2017-09-30T17:14:38+08:00 ] ::1 /tpchat/Application/Admin/Public/up/2017-09-29/59cd96e525ae0.png
INFO: [ app_init ] --START--
INFO: Run Behavior\BuildLiteBehavior [ RunTime:0.000011s ]
INFO: [ app_init ] --END-- [ RunTime:0.000280s ]
ERR: 无法加载模块:Application

[ 2017-09-30T17:17:38+08:00 ] ::1 /tpchat/Public/js/maps/swiper.jquery.js.map
INFO: [ app_init ] --START--
INFO: Run Behavior\BuildLiteBehavior [ RunTime:0.000012s ]
INFO: [ app_init ] --END-- [ RunTime:0.000255s ]
ERR: 无法加载模块:Public

[ 2017-09-30T17:22:29+08:00 ] ::1 /tpchat/Public/js/maps/swiper.jquery.js.map
INFO: [ app_init ] --START--
INFO: Run Behavior\BuildLiteBehavior [ RunTime:0.000018s ]
INFO: [ app_init ] --END-- [ RunTime:0.000391s ]
ERR: 无法加载模块:Public

[ 2017-09-30T17:25:28+08:00 ] ::1 /tpchat/Application/Admin/Public/up/2017-09-29/59cd971c473d0.png
INFO: [ app_init ] --START--
INFO: Run Behavior\BuildLiteBehavior [ RunTime:0.000011s ]
INFO: [ app_init ] --END-- [ RunTime:0.000244s ]
ERR: 无法加载模块:Application

[ 2017-09-30T17:25:28+08:00 ] ::1 /tpchat/Application/Admin/Public/up/2017-09-29/59cd96e525ae0.png
INFO: [ app_init ] --START--
INFO: Run Behavior\BuildLiteBehavior [ RunTime:0.000009s ]
INFO: [ app_init ] --END-- [ RunTime:0.000235s ]
ERR: 无法加载模块:Application

[ 2017-09-30T17:25:28+08:00 ] ::1 /tpchat/http://vpic.video.qq.com/7045068/f0547g03qf5_160_90_3.jpg
INFO: [ app_init ] --START--
INFO: Run Behavior\BuildLiteBehavior [ RunTime:0.000011s ]
INFO: [ app_init ] --END-- [ RunTime:0.000242s ]
ERR: 无法加载模块:Http:

[ 2017-09-30T17:31:15+08:00 ] ::1 /tpchat/Application/Admin/Public/up/2017-09-29/59cd96e525ae0.png
INFO: [ app_init ] --START--
INFO: Run Behavior\BuildLiteBehavior [ RunTime:0.000012s ]
INFO: [ app_init ] --END-- [ RunTime:0.000249s ]
ERR: 无法加载模块:Application

[ 2017-09-30T17:31:15+08:00 ] ::1 /tpchat/Application/Admin/Public/up/2017-09-29/59cd971c473d0.png
INFO: [ app_init ] --START--
INFO: Run Behavior\BuildLiteBehavior [ RunTime:0.000012s ]
INFO: [ app_init ] --END-- [ RunTime:0.000317s ]
ERR: 无法加载模块:Application

[ 2017-09-30T17:31:15+08:00 ] ::1 /tpchat/http://vpic.video.qq.com/7045068/f0547g03qf5_160_90_3.jpg
INFO: [ app_init ] --START--
INFO: Run Behavior\BuildLiteBehavior [ RunTime:0.000011s ]
INFO: [ app_init ] --END-- [ RunTime:0.000305s ]
ERR: 无法加载模块:Http:

[ 2017-09-30T17:31:32+08:00 ] ::1 /tpchat/Application/Admin/Public/up/2017-09-29/59cd96e525ae0.png
INFO: [ app_init ] --START--
INFO: Run Behavior\BuildLiteBehavior [ RunTime:0.000011s ]
INFO: [ app_init ] --END-- [ RunTime:0.000251s ]
ERR: 无法加载模块:Application

[ 2017-09-30T17:31:32+08:00 ] ::1 /tpchat/http://vpic.video.qq.com/7045068/f0547g03qf5_160_90_3.jpg
INFO: [ app_init ] --START--
INFO: Run Behavior\BuildLiteBehavior [ RunTime:0.000009s ]
INFO: [ app_init ] --END-- [ RunTime:0.000239s ]
ERR: 无法加载模块:Http:

[ 2017-09-30T17:31:32+08:00 ] ::1 /tpchat/Application/Admin/Public/up/2017-09-29/59cd971c473d0.png
INFO: [ app_init ] --START--
INFO: Run Behavior\BuildLiteBehavior [ RunTime:0.000010s ]
INFO: [ app_init ] --END-- [ RunTime:0.000237s ]
ERR: 无法加载模块:Application

[ 2017-09-30T17:31:39+08:00 ] ::1 /tpchat/http://vpic.video.qq.com/7045068/f0547g03qf5_160_90_3.jpg
INFO: [ app_init ] --START--
INFO: Run Behavior\BuildLiteBehavior [ RunTime:0.000012s ]
INFO: [ app_init ] --END-- [ RunTime:0.000248s ]
ERR: 无法加载模块:Http:

[ 2017-09-30T17:31:39+08:00 ] ::1 /tpchat/Application/Admin/Public/up/2017-09-29/59cd971c473d0.png
INFO: [ app_init ] --START--
INFO: Run Behavior\BuildLiteBehavior [ RunTime:0.000012s ]
INFO: [ app_init ] --END-- [ RunTime:0.000281s ]
ERR: 无法加载模块:Application

[ 2017-09-30T17:31:39+08:00 ] ::1 /tpchat/Application/Admin/Public/up/2017-09-29/59cd96e525ae0.png
INFO: [ app_init ] --START--
INFO: Run Behavior\BuildLiteBehavior [ RunTime:0.000011s ]
INFO: [ app_init ] --END-- [ RunTime:0.000329s ]
ERR: 无法加载模块:Application

[ 2017-09-30T17:31:44+08:00 ] ::1 /tpchat/Application/Admin/Public/up/2017-09-29/59cd96e525ae0.png
INFO: [ app_init ] --START--
INFO: Run Behavior\BuildLiteBehavior [ RunTime:0.000009s ]
INFO: [ app_init ] --END-- [ RunTime:0.000235s ]
ERR: 无法加载模块:Application

[ 2017-09-30T17:31:44+08:00 ] ::1 /tpchat/http://vpic.video.qq.com/7045068/f0547g03qf5_160_90_3.jpg
INFO: [ app_init ] --START--
INFO: Run Behavior\BuildLiteBehavior [ RunTime:0.000010s ]
INFO: [ app_init ] --END-- [ RunTime:0.000244s ]
ERR: 无法加载模块:Http:

[ 2017-09-30T17:31:44+08:00 ] ::1 /tpchat/Application/Admin/Public/up/2017-09-29/59cd971c473d0.png
INFO: [ app_init ] --START--
INFO: Run Behavior\BuildLiteBehavior [ RunTime:0.000010s ]
INFO: [ app_init ] --END-- [ RunTime:0.000236s ]
ERR: 无法加载模块:Application

[ 2017-09-30T17:32:09+08:00 ] ::1 /tpchat/http://vpic.video.qq.com/7045068/f0547g03qf5_160_90_3.jpg
INFO: [ app_init ] --START--
INFO: Run Behavior\BuildLiteBehavior [ RunTime:0.000012s ]
INFO: [ app_init ] --END-- [ RunTime:0.000303s ]
ERR: 无法加载模块:Http:

[ 2017-09-30T17:32:09+08:00 ] ::1 /tpchat/Application/Admin/Public/up/2017-09-29/59cd96e525ae0.png
INFO: [ app_init ] --START--
INFO: Run Behavior\BuildLiteBehavior [ RunTime:0.000013s ]
INFO: [ app_init ] --END-- [ RunTime:0.000317s ]
ERR: 无法加载模块:Application

[ 2017-09-30T17:32:09+08:00 ] ::1 /tpchat/Application/Admin/Public/up/2017-09-29/59cd971c473d0.png
INFO: [ app_init ] --START--
INFO: Run Behavior\BuildLiteBehavior [ RunTime:0.000014s ]
INFO: [ app_init ] --END-- [ RunTime:0.000331s ]
ERR: 无法加载模块:Application

[ 2017-09-30T17:32:10+08:00 ] ::1 /tpchat/http://vpic.video.qq.com/7045068/f0547g03qf5_160_90_3.jpg
INFO: [ app_init ] --START--
INFO: Run Behavior\BuildLiteBehavior [ RunTime:0.000010s ]
INFO: [ app_init ] --END-- [ RunTime:0.000247s ]
ERR: 无法加载模块:Http:

[ 2017-09-30T17:32:10+08:00 ] ::1 /tpchat/Application/Admin/Public/up/2017-09-29/59cd971c473d0.png
INFO: [ app_init ] --START--
INFO: Run Behavior\BuildLiteBehavior [ RunTime:0.000010s ]
INFO: [ app_init ] --END-- [ RunTime:0.000236s ]
ERR: 无法加载模块:Application

[ 2017-09-30T17:32:10+08:00 ] ::1 /tpchat/Application/Admin/Public/up/2017-09-29/59cd96e525ae0.png
INFO: [ app_init ] --START--
INFO: Run Behavior\BuildLiteBehavior [ RunTime:0.000010s ]
INFO: [ app_init ] --END-- [ RunTime:0.000237s ]
ERR: 无法加载模块:Application

[ 2017-09-30T17:32:29+08:00 ] ::1 /tpchat/Application/Admin/Public/up/2017-09-29/59cd971c473d0.png
INFO: [ app_init ] --START--
INFO: Run Behavior\BuildLiteBehavior [ RunTime:0.000009s ]
INFO: [ app_init ] --END-- [ RunTime:0.000236s ]
ERR: 无法加载模块:Application

[ 2017-09-30T17:32:29+08:00 ] ::1 /tpchat/http://vpic.video.qq.com/7045068/f0547g03qf5_160_90_3.jpg
INFO: [ app_init ] --START--
INFO: Run Behavior\BuildLiteBehavior [ RunTime:0.000011s ]
INFO: [ app_init ] --END-- [ RunTime:0.000240s ]
ERR: 无法加载模块:Http:

[ 2017-09-30T17:32:29+08:00 ] ::1 /tpchat/Application/Admin/Public/up/2017-09-29/59cd96e525ae0.png
INFO: [ app_init ] --START--
INFO: Run Behavior\BuildLiteBehavior [ RunTime:0.000009s ]
INFO: [ app_init ] --END-- [ RunTime:0.000233s ]
ERR: 无法加载模块:Application

[ 2017-09-30T17:32:35+08:00 ] ::1 /tpchat/Application/Admin/Public/up/2017-09-29/59cd96e525ae0.png
INFO: [ app_init ] --START--
INFO: Run Behavior\BuildLiteBehavior [ RunTime:0.000012s ]
INFO: [ app_init ] --END-- [ RunTime:0.000244s ]
ERR: 无法加载模块:Application

[ 2017-09-30T17:32:35+08:00 ] ::1 /tpchat/http://vpic.video.qq.com/7045068/f0547g03qf5_160_90_3.jpg
INFO: [ app_init ] --START--
INFO: Run Behavior\BuildLiteBehavior [ RunTime:0.000009s ]
INFO: [ app_init ] --END-- [ RunTime:0.000234s ]
ERR: 无法加载模块:Http:

[ 2017-09-30T17:32:35+08:00 ] ::1 /tpchat/Application/Admin/Public/up/2017-09-29/59cd971c473d0.png
INFO: [ app_init ] --START--
INFO: Run Behavior\BuildLiteBehavior [ RunTime:0.000010s ]
INFO: [ app_init ] --END-- [ RunTime:0.000237s ]
ERR: 无法加载模块:Application

[ 2017-09-30T17:32:50+08:00 ] ::1 /tpchat/Application/Admin/Public/up/2017-09-29/59cd971c473d0.png
INFO: [ app_init ] --START--
INFO: Run Behavior\BuildLiteBehavior [ RunTime:0.000016s ]
INFO: [ app_init ] --END-- [ RunTime:0.000455s ]
ERR: 无法加载模块:Application

[ 2017-09-30T17:32:50+08:00 ] ::1 /tpchat/Application/Admin/Public/up/2017-09-29/59cd96e525ae0.png
INFO: [ app_init ] --START--
INFO: Run Behavior\BuildLiteBehavior [ RunTime:0.000015s ]
INFO: [ app_init ] --END-- [ RunTime:0.000325s ]
ERR: 无法加载模块:Application

[ 2017-09-30T17:32:50+08:00 ] ::1 /tpchat/http://vpic.video.qq.com/7045068/f0547g03qf5_160_90_3.jpg
INFO: [ app_init ] --START--
INFO: Run Behavior\BuildLiteBehavior [ RunTime:0.000012s ]
INFO: [ app_init ] --END-- [ RunTime:0.000336s ]
ERR: 无法加载模块:Http:

[ 2017-09-30T17:34:46+08:00 ] ::1 /tpchat/Application/Admin/Public/up/2017-09-29/59cd971c473d0.png
INFO: [ app_init ] --START--
INFO: Run Behavior\BuildLiteBehavior [ RunTime:0.000012s ]
INFO: [ app_init ] --END-- [ RunTime:0.000318s ]
ERR: 无法加载模块:Application

[ 2017-09-30T17:34:46+08:00 ] ::1 /tpchat/Application/Admin/Public/up/2017-09-29/59cd96e525ae0.png
INFO: [ app_init ] --START--
INFO: Run Behavior\BuildLiteBehavior [ RunTime:0.000013s ]
INFO: [ app_init ] --END-- [ RunTime:0.000325s ]
ERR: 无法加载模块:Application

[ 2017-09-30T17:34:46+08:00 ] ::1 /tpchat/http://vpic.video.qq.com/7045068/f0547g03qf5_160_90_3.jpg
INFO: [ app_init ] --START--
INFO: Run Behavior\BuildLiteBehavior [ RunTime:0.000011s ]
INFO: [ app_init ] --END-- [ RunTime:0.000280s ]
ERR: 无法加载模块:Http:

[ 2017-09-30T17:34:52+08:00 ] ::1 /tpchat/http://vpic.video.qq.com/7045068/f0547g03qf5_160_90_3.jpg
INFO: [ app_init ] --START--
INFO: Run Behavior\BuildLiteBehavior [ RunTime:0.000012s ]
INFO: [ app_init ] --END-- [ RunTime:0.000254s ]
ERR: 无法加载模块:Http:

[ 2017-09-30T17:34:52+08:00 ] ::1 /tpchat/Application/Admin/Public/up/2017-09-29/59cd96e525ae0.png
INFO: [ app_init ] --START--
INFO: Run Behavior\BuildLiteBehavior [ RunTime:0.000013s ]
INFO: [ app_init ] --END-- [ RunTime:0.000271s ]
ERR: 无法加载模块:Application

[ 2017-09-30T17:34:52+08:00 ] ::1 /tpchat/Application/Admin/Public/up/2017-09-29/59cd971c473d0.png
INFO: [ app_init ] --START--
INFO: Run Behavior\BuildLiteBehavior [ RunTime:0.000014s ]
INFO: [ app_init ] --END-- [ RunTime:0.000330s ]
ERR: 无法加载模块:Application

[ 2017-09-30T17:35:04+08:00 ] ::1 /tpchat/Application/Admin/Public/up/2017-09-29/59cd971c473d0.png
INFO: [ app_init ] --START--
INFO: Run Behavior\BuildLiteBehavior [ RunTime:0.000014s ]
INFO: [ app_init ] --END-- [ RunTime:0.000330s ]
ERR: 无法加载模块:Application

[ 2017-09-30T17:35:04+08:00 ] ::1 /tpchat/Application/Admin/Public/up/2017-09-29/59cd96e525ae0.png
INFO: [ app_init ] --START--
INFO: Run Behavior\BuildLiteBehavior [ RunTime:0.000010s ]
INFO: [ app_init ] --END-- [ RunTime:0.000303s ]
ERR: 无法加载模块:Application

[ 2017-09-30T17:35:04+08:00 ] ::1 /tpchat/http://vpic.video.qq.com/7045068/f0547g03qf5_160_90_3.jpg
INFO: [ app_init ] --START--
INFO: Run Behavior\BuildLiteBehavior [ RunTime:0.000009s ]
INFO: [ app_init ] --END-- [ RunTime:0.000235s ]
ERR: 无法加载模块:Http:

[ 2017-09-30T17:35:12+08:00 ] ::1 /tpchat/Application/Admin/Public/up/2017-09-29/59cd96e525ae0.png
INFO: [ app_init ] --START--
INFO: Run Behavior\BuildLiteBehavior [ RunTime:0.000011s ]
INFO: [ app_init ] --END-- [ RunTime:0.000299s ]
ERR: 无法加载模块:Application

[ 2017-09-30T17:35:12+08:00 ] ::1 /tpchat/http://vpic.video.qq.com/7045068/f0547g03qf5_160_90_3.jpg
INFO: [ app_init ] --START--
INFO: Run Behavior\BuildLiteBehavior [ RunTime:0.000009s ]
INFO: [ app_init ] --END-- [ RunTime:0.000289s ]
ERR: 无法加载模块:Http:

[ 2017-09-30T17:35:12+08:00 ] ::1 /tpchat/Application/Admin/Public/up/2017-09-29/59cd971c473d0.png
INFO: [ app_init ] --START--
INFO: Run Behavior\BuildLiteBehavior [ RunTime:0.000010s ]
INFO: [ app_init ] --END-- [ RunTime:0.000244s ]
ERR: 无法加载模块:Application

[ 2017-09-30T17:35:16+08:00 ] ::1 /tpchat/Application/Admin/Public/up/2017-09-29/59cd971c473d0.png
INFO: [ app_init ] --START--
INFO: Run Behavior\BuildLiteBehavior [ RunTime:0.000012s ]
INFO: [ app_init ] --END-- [ RunTime:0.000291s ]
ERR: 无法加载模块:Application

[ 2017-09-30T17:35:16+08:00 ] ::1 /tpchat/Application/Admin/Public/up/2017-09-29/59cd96e525ae0.png
INFO: [ app_init ] --START--
INFO: Run Behavior\BuildLiteBehavior [ RunTime:0.000010s ]
INFO: [ app_init ] --END-- [ RunTime:0.000301s ]
ERR: 无法加载模块:Application

[ 2017-09-30T17:35:16+08:00 ] ::1 /tpchat/http://vpic.video.qq.com/7045068/f0547g03qf5_160_90_3.jpg
INFO: [ app_init ] --START--
INFO: Run Behavior\BuildLiteBehavior [ RunTime:0.000012s ]
INFO: [ app_init ] --END-- [ RunTime:0.000319s ]
ERR: 无法加载模块:Http:

[ 2017-09-30T17:35:20+08:00 ] ::1 /tpchat/Application/Admin/Public/up/2017-09-29/59cd96e525ae0.png
INFO: [ app_init ] --START--
INFO: Run Behavior\BuildLiteBehavior [ RunTime:0.000011s ]
INFO: [ app_init ] --END-- [ RunTime:0.000241s ]
ERR: 无法加载模块:Application

[ 2017-09-30T17:35:20+08:00 ] ::1 /tpchat/http://vpic.video.qq.com/7045068/f0547g03qf5_160_90_3.jpg
INFO: [ app_init ] --START--
INFO: Run Behavior\BuildLiteBehavior [ RunTime:0.000009s ]
INFO: [ app_init ] --END-- [ RunTime:0.000235s ]
ERR: 无法加载模块:Http:

[ 2017-09-30T17:35:20+08:00 ] ::1 /tpchat/Application/Admin/Public/up/2017-09-29/59cd971c473d0.png
INFO: [ app_init ] --START--
INFO: Run Behavior\BuildLiteBehavior [ RunTime:0.000010s ]
INFO: [ app_init ] --END-- [ RunTime:0.000235s ]
ERR: 无法加载模块:Application

[ 2017-09-30T17:56:43+08:00 ] ::1 /tpchat/Application/Admin/Public/up/2017-09-29/59cd971c473d0.png
INFO: [ app_init ] --START--
INFO: Run Behavior\BuildLiteBehavior [ RunTime:0.000010s ]
INFO: [ app_init ] --END-- [ RunTime:0.000241s ]
ERR: 无法加载模块:Application

[ 2017-09-30T17:56:43+08:00 ] ::1 /tpchat/http://vpic.video.qq.com/7045068/f0547g03qf5_160_90_3.jpg
INFO: [ app_init ] --START--
INFO: Run Behavior\BuildLiteBehavior [ RunTime:0.000010s ]
INFO: [ app_init ] --END-- [ RunTime:0.000237s ]
ERR: 无法加载模块:Http:

[ 2017-09-30T17:56:43+08:00 ] ::1 /tpchat/Application/Admin/Public/up/2017-09-29/59cd96e525ae0.png
INFO: [ app_init ] --START--
INFO: Run Behavior\BuildLiteBehavior [ RunTime:0.000010s ]
INFO: [ app_init ] --END-- [ RunTime:0.000237s ]
ERR: 无法加载模块:Application

[ 2017-09-30T18:30:47+08:00 ] ::1 /tpchat/Application/Admin/Public/up/banner1.jpg
INFO: [ app_init ] --START--
INFO: Run Behavior\BuildLiteBehavior [ RunTime:0.000011s ]
INFO: [ app_init ] --END-- [ RunTime:0.000262s ]
ERR: 无法加载模块:Application

[ 2017-09-30T18:30:50+08:00 ] ::1 /tpchat/Application/Admin/Public/up/banner1.jpg
INFO: [ app_init ] --START--
INFO: Run Behavior\BuildLiteBehavior [ RunTime:0.000013s ]
INFO: [ app_init ] --END-- [ RunTime:0.000316s ]
ERR: 无法加载模块:Application

[ 2017-09-30T18:31:36+08:00 ] ::1 /tpchat/Application/Admin/Public/up/banner1.jpg
INFO: [ app_init ] --START--
INFO: Run Behavior\BuildLiteBehavior [ RunTime:0.000011s ]
INFO: [ app_init ] --END-- [ RunTime:0.000254s ]
ERR: 无法加载模块:Application

[ 2017-09-30T18:31:49+08:00 ] ::1 /tpchat/Application/Admin/Public/up/banner1.jpg
INFO: [ app_init ] --START--
INFO: Run Behavior\BuildLiteBehavior [ RunTime:0.000011s ]
INFO: [ app_init ] --END-- [ RunTime:0.000253s ]
ERR: 无法加载模块:Application

[ 2017-09-30T18:40:13+08:00 ] ::1 /tpchat/Public/js/layer.min.js
INFO: [ app_init ] --START--
INFO: Run Behavior\BuildLiteBehavior [ RunTime:0.000015s ]
INFO: [ app_init ] --END-- [ RunTime:0.000348s ]
ERR: 无法加载模块:Public

[ 2017-09-30T18:40:13+08:00 ] ::1 /tpchat/Application/Admin/Public/up/2017-09-25/59c88f6e9fece.jpg
INFO: [ app_init ] --START--
INFO: Run Behavior\BuildLiteBehavior [ RunTime:0.000015s ]
INFO: [ app_init ] --END-- [ RunTime:0.000330s ]
ERR: 无法加载模块:Application

[ 2017-09-30T18:40:13+08:00 ] ::1 /tpchat/Application/Admin/Public/up/2017-09-23/59c64f689fe11.jpg
INFO: [ app_init ] --START--
INFO: Run Behavior\BuildLiteBehavior [ RunTime:0.000010s ]
INFO: [ app_init ] --END-- [ RunTime:0.000254s ]
ERR: 无法加载模块:Application

[ 2017-09-30T18:40:13+08:00 ] ::1 /tpchat/Application/Admin/Public/up/2017-09-25/59c88e1f79cb4.jpg
INFO: [ app_init ] --START--
INFO: Run Behavior\BuildLiteBehavior [ RunTime:0.000011s ]
INFO: [ app_init ] --END-- [ RunTime:0.000248s ]
ERR: 无法加载模块:Application

[ 2017-09-30T18:40:13+08:00 ] ::1 /tpchat/Public/js/layer.min.js
INFO: [ app_init ] --START--
INFO: Run Behavior\BuildLiteBehavior [ RunTime:0.000011s ]
INFO: [ app_init ] --END-- [ RunTime:0.000245s ]
ERR: 无法加载模块:Public

[ 2017-09-30T18:40:32+08:00 ] ::1 /tpchat/Public/js/layer.min.js
INFO: [ app_init ] --START--
INFO: Run Behavior\BuildLiteBehavior [ RunTime:0.000011s ]
INFO: [ app_init ] --END-- [ RunTime:0.000244s ]
ERR: 无法加载模块:Public

[ 2017-09-30T18:40:32+08:00 ] ::1 /tpchat/Application/Admin/Public/up/2017-09-25/59c88f6e9fece.jpg
INFO: [ app_init ] --START--
INFO: Run Behavior\BuildLiteBehavior [ RunTime:0.000011s ]
INFO: [ app_init ] --END-- [ RunTime:0.000255s ]
ERR: 无法加载模块:Application

[ 2017-09-30T18:40:32+08:00 ] ::1 /tpchat/Application/Admin/Public/up/2017-09-23/59c64f689fe11.jpg
INFO: [ app_init ] --START--
INFO: Run Behavior\BuildLiteBehavior [ RunTime:0.000011s ]
INFO: [ app_init ] --END-- [ RunTime:0.000240s ]
ERR: 无法加载模块:Application

[ 2017-09-30T18:40:32+08:00 ] ::1 /tpchat/Application/Admin/Public/up/2017-09-25/59c88e1f79cb4.jpg
INFO: [ app_init ] --START--
INFO: Run Behavior\BuildLiteBehavior [ RunTime:0.000009s ]
INFO: [ app_init ] --END-- [ RunTime:0.000234s ]
ERR: 无法加载模块:Application

[ 2017-09-30T18:43:18+08:00 ] ::1 /tpchat/Application/Admin/Public/up/2017-09-25/59c88f6e9fece.jpg
INFO: [ app_init ] --START--
INFO: Run Behavior\BuildLiteBehavior [ RunTime:0.000016s ]
INFO: [ app_init ] --END-- [ RunTime:0.000369s ]
ERR: 无法加载模块:Application

[ 2017-09-30T18:43:18+08:00 ] ::1 /tpchat/Public/js/layer.min.js
INFO: [ app_init ] --START--
INFO: Run Behavior\BuildLiteBehavior [ RunTime:0.000014s ]
INFO: [ app_init ] --END-- [ RunTime:0.000347s ]
ERR: 无法加载模块:Public

[ 2017-09-30T18:43:18+08:00 ] ::1 /tpchat/Application/Admin/Public/up/2017-09-23/59c64f689fe11.jpg
INFO: [ app_init ] --START--
INFO: Run Behavior\BuildLiteBehavior [ RunTime:0.000011s ]
INFO: [ app_init ] --END-- [ RunTime:0.000266s ]
ERR: 无法加载模块:Application

[ 2017-09-30T18:43:18+08:00 ] ::1 /tpchat/Application/Admin/Public/up/2017-09-25/59c88e1f79cb4.jpg
INFO: [ app_init ] --START--
INFO: Run Behavior\BuildLiteBehavior [ RunTime:0.000012s ]
INFO: [ app_init ] --END-- [ RunTime:0.000252s ]
ERR: 无法加载模块:Application

[ 2017-09-30T18:43:40+08:00 ] ::1 /tpchat/Public/js/layer.min.js
INFO: [ app_init ] --START--
INFO: Run Behavior\BuildLiteBehavior [ RunTime:0.000013s ]
INFO: [ app_init ] --END-- [ RunTime:0.000317s ]
ERR: 无法加载模块:Public

[ 2017-09-30T18:43:40+08:00 ] ::1 /tpchat/Application/Admin/Public/up/2017-09-25/59c88f6e9fece.jpg
INFO: [ app_init ] --START--
INFO: Run Behavior\BuildLiteBehavior [ RunTime:0.000015s ]
INFO: [ app_init ] --END-- [ RunTime:0.000262s ]
ERR: 无法加载模块:Application

[ 2017-09-30T18:43:40+08:00 ] ::1 /tpchat/Application/Admin/Public/up/2017-09-23/59c64f689fe11.jpg
INFO: [ app_init ] --START--
INFO: Run Behavior\BuildLiteBehavior [ RunTime:0.000012s ]
INFO: [ app_init ] --END-- [ RunTime:0.000270s ]
ERR: 无法加载模块:Application

[ 2017-09-30T18:43:40+08:00 ] ::1 /tpchat/Application/Admin/Public/up/2017-09-25/59c88e1f79cb4.jpg
INFO: [ app_init ] --START--
INFO: Run Behavior\BuildLiteBehavior [ RunTime:0.000012s ]
INFO: [ app_init ] --END-- [ RunTime:0.000265s ]
ERR: 无法加载模块:Application

[ 2017-09-30T18:43:40+08:00 ] ::1 /tpchat/Public/js/layer.min.js
INFO: [ app_init ] --START--
INFO: Run Behavior\BuildLiteBehavior [ RunTime:0.000011s ]
INFO: [ app_init ] --END-- [ RunTime:0.000240s ]
ERR: 无法加载模块:Public

[ 2017-09-30T18:44:41+08:00 ] ::1 /tpchat/Public/js/layer.min.js
INFO: [ app_init ] --START--
INFO: Run Behavior\BuildLiteBehavior [ RunTime:0.000016s ]
INFO: [ app_init ] --END-- [ RunTime:0.000298s ]
ERR: 无法加载模块:Public

[ 2017-09-30T18:44:41+08:00 ] ::1 /tpchat/Application/Admin/Public/up/2017-09-25/59c88f6e9fece.jpg
INFO: [ app_init ] --START--
INFO: Run Behavior\BuildLiteBehavior [ RunTime:0.000017s ]
INFO: [ app_init ] --END-- [ RunTime:0.000364s ]
ERR: 无法加载模块:Application

[ 2017-09-30T18:44:41+08:00 ] ::1 /tpchat/Application/Admin/Public/up/2017-09-23/59c64f689fe11.jpg
INFO: [ app_init ] --START--
INFO: Run Behavior\BuildLiteBehavior [ RunTime:0.000017s ]
INFO: [ app_init ] --END-- [ RunTime:0.000361s ]
ERR: 无法加载模块:Application

[ 2017-09-30T18:44:41+08:00 ] ::1 /tpchat/Application/Admin/Public/up/2017-09-25/59c88e1f79cb4.jpg
INFO: [ app_init ] --START--
INFO: Run Behavior\BuildLiteBehavior [ RunTime:0.000013s ]
INFO: [ app_init ] --END-- [ RunTime:0.000322s ]
ERR: 无法加载模块:Application

[ 2017-09-30T18:44:41+08:00 ] ::1 /tpchat/Public/js/layer.min.js
INFO: [ app_init ] --START--
INFO: Run Behavior\BuildLiteBehavior [ RunTime:0.000011s ]
INFO: [ app_init ] --END-- [ RunTime:0.000242s ]
ERR: 无法加载模块:Public

[ 2017-09-30T18:44:51+08:00 ] ::1 /tpchat/Public/js/layer.min.js
INFO: [ app_init ] --START--
INFO: Run Behavior\BuildLiteBehavior [ RunTime:0.000017s ]
INFO: [ app_init ] --END-- [ RunTime:0.000340s ]
ERR: 无法加载模块:Public

[ 2017-09-30T18:44:51+08:00 ] ::1 /tpchat/Application/Admin/Public/up/2017-09-25/59c88f6e9fece.jpg
INFO: [ app_init ] --START--
INFO: Run Behavior\BuildLiteBehavior [ RunTime:0.000012s ]
INFO: [ app_init ] --END-- [ RunTime:0.000271s ]
ERR: 无法加载模块:Application

[ 2017-09-30T18:44:51+08:00 ] ::1 /tpchat/Application/Admin/Public/up/2017-09-23/59c64f689fe11.jpg
INFO: [ app_init ] --START--
INFO: Run Behavior\BuildLiteBehavior [ RunTime:0.000015s ]
INFO: [ app_init ] --END-- [ RunTime:0.000377s ]
ERR: 无法加载模块:Application

[ 2017-09-30T18:44:51+08:00 ] ::1 /tpchat/Application/Admin/Public/up/2017-09-25/59c88e1f79cb4.jpg
INFO: [ app_init ] --START--
INFO: Run Behavior\BuildLiteBehavior [ RunTime:0.000011s ]
INFO: [ app_init ] --END-- [ RunTime:0.000253s ]
ERR: 无法加载模块:Application

[ 2017-09-30T18:44:51+08:00 ] ::1 /tpchat/Public/js/layer.min.js
INFO: [ app_init ] --START--
INFO: Run Behavior\BuildLiteBehavior [ RunTime:0.000014s ]
INFO: [ app_init ] --END-- [ RunTime:0.000265s ]
ERR: 无法加载模块:Public

[ 2017-09-30T18:48:14+08:00 ] ::1 /tpchat/Public/js/layer.min.js
INFO: [ app_init ] --START--
INFO: Run Behavior\BuildLiteBehavior [ RunTime:0.000011s ]
INFO: [ app_init ] --END-- [ RunTime:0.000245s ]
ERR: 无法加载模块:Public

[ 2017-09-30T18:48:14+08:00 ] ::1 /tpchat/Application/Admin/Public/up/2017-09-25/59c88f6e9fece.jpg
INFO: [ app_init ] --START--
INFO: Run Behavior\BuildLiteBehavior [ RunTime:0.000020s ]
INFO: [ app_init ] --END-- [ RunTime:0.000349s ]
ERR: 无法加载模块:Application

[ 2017-09-30T18:48:14+08:00 ] ::1 /tpchat/Application/Admin/Public/up/2017-09-23/59c64f689fe11.jpg
INFO: [ app_init ] --START--
INFO: Run Behavior\BuildLiteBehavior [ RunTime:0.000012s ]
INFO: [ app_init ] --END-- [ RunTime:0.000254s ]
ERR: 无法加载模块:Application

[ 2017-09-30T18:48:14+08:00 ] ::1 /tpchat/Application/Admin/Public/up/2017-09-25/59c88e1f79cb4.jpg
INFO: [ app_init ] --START--
INFO: Run Behavior\BuildLiteBehavior [ RunTime:0.000011s ]
INFO: [ app_init ] --END-- [ RunTime:0.000274s ]
ERR: 无法加载模块:Application

[ 2017-09-30T18:48:14+08:00 ] ::1 /tpchat/Public/js/layer.min.js
INFO: [ app_init ] --START--
INFO: Run Behavior\BuildLiteBehavior [ RunTime:0.000011s ]
INFO: [ app_init ] --END-- [ RunTime:0.000248s ]
ERR: 无法加载模块:Public

[ 2017-09-30T18:48:24+08:00 ] ::1 /tpchat/Public/js/layer.min.js
INFO: [ app_init ] --START--
INFO: Run Behavior\BuildLiteBehavior [ RunTime:0.000019s ]
INFO: [ app_init ] --END-- [ RunTime:0.000344s ]
ERR: 无法加载模块:Public

[ 2017-09-30T18:48:24+08:00 ] ::1 /tpchat/Application/Admin/Public/up/2017-09-25/59c88f6e9fece.jpg
INFO: [ app_init ] --START--
INFO: Run Behavior\BuildLiteBehavior [ RunTime:0.000011s ]
INFO: [ app_init ] --END-- [ RunTime:0.000291s ]
ERR: 无法加载模块:Application

[ 2017-09-30T18:48:24+08:00 ] ::1 /tpchat/Application/Admin/Public/up/2017-09-23/59c64f689fe11.jpg
INFO: [ app_init ] --START--
INFO: Run Behavior\BuildLiteBehavior [ RunTime:0.000012s ]
INFO: [ app_init ] --END-- [ RunTime:0.000300s ]
ERR: 无法加载模块:Application

[ 2017-09-30T18:48:24+08:00 ] ::1 /tpchat/Application/Admin/Public/up/2017-09-25/59c88e1f79cb4.jpg
INFO: [ app_init ] --START--
INFO: Run Behavior\BuildLiteBehavior [ RunTime:0.000012s ]
INFO: [ app_init ] --END-- [ RunTime:0.000256s ]
ERR: 无法加载模块:Application

[ 2017-09-30T18:48:24+08:00 ] ::1 /tpchat/Public/js/layer.min.js
INFO: [ app_init ] --START--
INFO: Run Behavior\BuildLiteBehavior [ RunTime:0.000011s ]
INFO: [ app_init ] --END-- [ RunTime:0.000245s ]
ERR: 无法加载模块:Public

[ 2017-09-30T18:49:28+08:00 ] ::1 /tpchat/Public/js/layer.min.js
INFO: [ app_init ] --START--
INFO: Run Behavior\BuildLiteBehavior [ RunTime:0.000011s ]
INFO: [ app_init ] --END-- [ RunTime:0.000249s ]
ERR: 无法加载模块:Public

[ 2017-09-30T18:49:28+08:00 ] ::1 /tpchat/Application/Admin/Public/up/2017-09-25/59c88f6e9fece.jpg
INFO: [ app_init ] --START--
INFO: Run Behavior\BuildLiteBehavior [ RunTime:0.000015s ]
INFO: [ app_init ] --END-- [ RunTime:0.000308s ]
ERR: 无法加载模块:Application

[ 2017-09-30T18:49:28+08:00 ] ::1 /tpchat/Application/Admin/Public/up/2017-09-23/59c64f689fe11.jpg
INFO: [ app_init ] --START--
INFO: Run Behavior\BuildLiteBehavior [ RunTime:0.000016s ]
INFO: [ app_init ] --END-- [ RunTime:0.000409s ]
ERR: 无法加载模块:Application

[ 2017-09-30T18:49:28+08:00 ] ::1 /tpchat/Application/Admin/Public/up/2017-09-25/59c88e1f79cb4.jpg
INFO: [ app_init ] --START--
INFO: Run Behavior\BuildLiteBehavior [ RunTime:0.000012s ]
INFO: [ app_init ] --END-- [ RunTime:0.000259s ]
ERR: 无法加载模块:Application

[ 2017-09-30T18:49:28+08:00 ] ::1 /tpchat/Public/js/layer.min.js
INFO: [ app_init ] --START--
INFO: Run Behavior\BuildLiteBehavior [ RunTime:0.000012s ]
INFO: [ app_init ] --END-- [ RunTime:0.000279s ]
ERR: 无法加载模块:Public

[ 2017-09-30T18:50:44+08:00 ] ::1 /tpchat/Public/js/layer.min.js
INFO: [ app_init ] --START--
INFO: Run Behavior\BuildLiteBehavior [ RunTime:0.000011s ]
INFO: [ app_init ] --END-- [ RunTime:0.000245s ]
ERR: 无法加载模块:Public

[ 2017-09-30T18:50:44+08:00 ] ::1 /tpchat/Application/Admin/Public/up/2017-09-25/59c88f6e9fece.jpg
INFO: [ app_init ] --START--
INFO: Run Behavior\BuildLiteBehavior [ RunTime:0.000012s ]
INFO: [ app_init ] --END-- [ RunTime:0.000270s ]
ERR: 无法加载模块:Application

[ 2017-09-30T18:50:44+08:00 ] ::1 /tpchat/Application/Admin/Public/up/2017-09-23/59c64f689fe11.jpg
INFO: [ app_init ] --START--
INFO: Run Behavior\BuildLiteBehavior [ RunTime:0.000016s ]
INFO: [ app_init ] --END-- [ RunTime:0.000343s ]
ERR: 无法加载模块:Application

[ 2017-09-30T18:50:44+08:00 ] ::1 /tpchat/Application/Admin/Public/up/2017-09-25/59c88e1f79cb4.jpg
INFO: [ app_init ] --START--
INFO: Run Behavior\BuildLiteBehavior [ RunTime:0.000012s ]
INFO: [ app_init ] --END-- [ RunTime:0.000272s ]
ERR: 无法加载模块:Application

[ 2017-09-30T18:50:44+08:00 ] ::1 /tpchat/Public/js/layer.min.js
INFO: [ app_init ] --START--
INFO: Run Behavior\BuildLiteBehavior [ RunTime:0.000010s ]
INFO: [ app_init ] --END-- [ RunTime:0.000248s ]
ERR: 无法加载模块:Public

[ 2017-09-30T18:52:39+08:00 ] ::1 /tpchat/Application/Admin/Public/up/2017-09-25/59c88f6e9fece.jpg
INFO: [ app_init ] --START--
INFO: Run Behavior\BuildLiteBehavior [ RunTime:0.000012s ]
INFO: [ app_init ] --END-- [ RunTime:0.000272s ]
ERR: 无法加载模块:Application

[ 2017-09-30T18:52:39+08:00 ] ::1 /tpchat/Application/Admin/Public/up/2017-09-23/59c64f689fe11.jpg
INFO: [ app_init ] --START--
INFO: Run Behavior\BuildLiteBehavior [ RunTime:0.000030s ]
INFO: [ app_init ] --END-- [ RunTime:0.000356s ]
ERR: 无法加载模块:Application

[ 2017-09-30T18:52:39+08:00 ] ::1 /tpchat/Application/Admin/Public/up/2017-09-25/59c88e1f79cb4.jpg
INFO: [ app_init ] --START--
INFO: Run Behavior\BuildLiteBehavior [ RunTime:0.000011s ]
INFO: [ app_init ] --END-- [ RunTime:0.000287s ]
ERR: 无法加载模块:Application

[ 2017-09-30T18:53:17+08:00 ] ::1 /tpchat/Public/js/layer.min.js
INFO: [ app_init ] --START--
INFO: Run Behavior\BuildLiteBehavior [ RunTime:0.000017s ]
INFO: [ app_init ] --END-- [ RunTime:0.000341s ]
ERR: 无法加载模块:Public

[ 2017-09-30T18:53:17+08:00 ] ::1 /tpchat/Application/Admin/Public/up/2017-09-25/59c88f6e9fece.jpg
INFO: [ app_init ] --START--
INFO: Run Behavior\BuildLiteBehavior [ RunTime:0.000012s ]
INFO: [ app_init ] --END-- [ RunTime:0.000326s ]
ERR: 无法加载模块:Application

[ 2017-09-30T18:53:18+08:00 ] ::1 /tpchat/Application/Admin/Public/up/2017-09-23/59c64f689fe11.jpg
INFO: [ app_init ] --START--
INFO: Run Behavior\BuildLiteBehavior [ RunTime:0.000011s ]
INFO: [ app_init ] --END-- [ RunTime:0.000249s ]
ERR: 无法加载模块:Application

[ 2017-09-30T18:53:18+08:00 ] ::1 /tpchat/Application/Admin/Public/up/2017-09-25/59c88e1f79cb4.jpg
INFO: [ app_init ] --START--
INFO: Run Behavior\BuildLiteBehavior [ RunTime:0.000014s ]
INFO: [ app_init ] --END-- [ RunTime:0.000275s ]
ERR: 无法加载模块:Application

[ 2017-09-30T18:53:18+08:00 ] ::1 /tpchat/Public/js/layer.min.js
INFO: [ app_init ] --START--
INFO: Run Behavior\BuildLiteBehavior [ RunTime:0.000015s ]
INFO: [ app_init ] --END-- [ RunTime:0.000289s ]
ERR: 无法加载模块:Public

[ 2017-09-30T18:54:11+08:00 ] ::1 /tpchat/Public/js/layer.min.js
INFO: [ app_init ] --START--
INFO: Run Behavior\BuildLiteBehavior [ RunTime:0.000016s ]
INFO: [ app_init ] --END-- [ RunTime:0.000325s ]
ERR: 无法加载模块:Public

[ 2017-09-30T18:54:11+08:00 ] ::1 /tpchat/Application/Admin/Public/up/2017-09-25/59c88f6e9fece.jpg
INFO: [ app_init ] --START--
INFO: Run Behavior\BuildLiteBehavior [ RunTime:0.000012s ]
INFO: [ app_init ] --END-- [ RunTime:0.000288s ]
ERR: 无法加载模块:Application

[ 2017-09-30T18:54:11+08:00 ] ::1 /tpchat/Application/Admin/Public/up/2017-09-23/59c64f689fe11.jpg
INFO: [ app_init ] --START--
INFO: Run Behavior\BuildLiteBehavior [ RunTime:0.000012s ]
INFO: [ app_init ] --END-- [ RunTime:0.000270s ]
ERR: 无法加载模块:Application

[ 2017-09-30T18:54:11+08:00 ] ::1 /tpchat/Application/Admin/Public/up/2017-09-25/59c88e1f79cb4.jpg
INFO: [ app_init ] --START--
INFO: Run Behavior\BuildLiteBehavior [ RunTime:0.000013s ]
INFO: [ app_init ] --END-- [ RunTime:0.000290s ]
ERR: 无法加载模块:Application

[ 2017-09-30T18:54:11+08:00 ] ::1 /tpchat/Public/js/layer.min.js
INFO: [ app_init ] --START--
INFO: Run Behavior\BuildLiteBehavior [ RunTime:0.000012s ]
INFO: [ app_init ] --END-- [ RunTime:0.000278s ]
ERR: 无法加载模块:Public

[ 2017-09-30T18:54:51+08:00 ] ::1 /tpchat/Application/Admin/Public/up/2017-09-25/59c88f6e9fece.jpg
INFO: [ app_init ] --START--
INFO: Run Behavior\BuildLiteBehavior [ RunTime:0.000011s ]
INFO: [ app_init ] --END-- [ RunTime:0.000255s ]
ERR: 无法加载模块:Application

[ 2017-09-30T18:54:51+08:00 ] ::1 /tpchat/Application/Admin/Public/up/2017-09-23/59c64f689fe11.jpg
INFO: [ app_init ] --START--
INFO: Run Behavior\BuildLiteBehavior [ RunTime:0.000012s ]
INFO: [ app_init ] --END-- [ RunTime:0.000301s ]
ERR: 无法加载模块:Application

[ 2017-09-30T18:54:51+08:00 ] ::1 /tpchat/Application/Admin/Public/up/2017-09-25/59c88e1f79cb4.jpg
INFO: [ app_init ] --START--
INFO: Run Behavior\BuildLiteBehavior [ RunTime:0.000018s ]
INFO: [ app_init ] --END-- [ RunTime:0.000308s ]
ERR: 无法加载模块:Application

[ 2017-09-30T18:55:15+08:00 ] ::1 /tpchat/Application/Admin/Public/up/2017-09-25/59c88f6e9fece.jpg
INFO: [ app_init ] --START--
INFO: Run Behavior\BuildLiteBehavior [ RunTime:0.000012s ]
INFO: [ app_init ] --END-- [ RunTime:0.000247s ]
ERR: 无法加载模块:Application

[ 2017-09-30T18:55:15+08:00 ] ::1 /tpchat/Application/Admin/Public/up/2017-09-23/59c64f689fe11.jpg
INFO: [ app_init ] --START--
INFO: Run Behavior\BuildLiteBehavior [ RunTime:0.000013s ]
INFO: [ app_init ] --END-- [ RunTime:0.000283s ]
ERR: 无法加载模块:Application

[ 2017-09-30T18:55:15+08:00 ] ::1 /tpchat/Application/Admin/Public/up/2017-09-25/59c88e1f79cb4.jpg
INFO: [ app_init ] --START--
INFO: Run Behavior\BuildLiteBehavior [ RunTime:0.000017s ]
INFO: [ app_init ] --END-- [ RunTime:0.000416s ]
ERR: 无法加载模块:Application

[ 2017-09-30T18:55:58+08:00 ] ::1 /tpchat/Application/Admin/Public/up/2017-09-25/59c88f6e9fece.jpg
INFO: [ app_init ] --START--
INFO: Run Behavior\BuildLiteBehavior [ RunTime:0.000012s ]
INFO: [ app_init ] --END-- [ RunTime:0.000248s ]
ERR: 无法加载模块:Application

[ 2017-09-30T18:55:58+08:00 ] ::1 /tpchat/Application/Admin/Public/up/2017-09-23/59c64f689fe11.jpg
INFO: [ app_init ] --START--
INFO: Run Behavior\BuildLiteBehavior [ RunTime:0.000017s ]
INFO: [ app_init ] --END-- [ RunTime:0.000406s ]
ERR: 无法加载模块:Application

[ 2017-09-30T18:55:58+08:00 ] ::1 /tpchat/Application/Admin/Public/up/2017-09-25/59c88e1f79cb4.jpg
INFO: [ app_init ] --START--
INFO: Run Behavior\BuildLiteBehavior [ RunTime:0.000012s ]
INFO: [ app_init ] --END-- [ RunTime:0.000315s ]
ERR: 无法加载模块:Application

[ 2017-09-30T19:06:11+08:00 ] ::1 /tpchat/Application/Admin/Public/up/banner1.jpg
INFO: [ app_init ] --START--
INFO: Run Behavior\BuildLiteBehavior [ RunTime:0.000010s ]
INFO: [ app_init ] --END-- [ RunTime:0.000251s ]
ERR: 无法加载模块:Application

[ 2017-09-30T19:06:11+08:00 ] ::1 /tpchat/Application/Admin/Public/up/banner1.jpg
INFO: [ app_init ] --START--
INFO: Run Behavior\BuildLiteBehavior [ RunTime:0.000027s ]
INFO: [ app_init ] --END-- [ RunTime:0.000524s ]
ERR: 无法加载模块:Application

[ 2017-09-30T19:06:11+08:00 ] ::1 /tpchat/Application/Admin/Public/up/2017-09-25/59c88f6e9fece.jpg
INFO: [ app_init ] --START--
INFO: Run Behavior\BuildLiteBehavior [ RunTime:0.000016s ]
INFO: [ app_init ] --END-- [ RunTime:0.000352s ]
ERR: 无法加载模块:Application

[ 2017-09-30T19:06:11+08:00 ] ::1 /tpchat/Public/js/maps/swiper.jquery.js.map
INFO: [ app_init ] --START--
INFO: Run Behavior\BuildLiteBehavior [ RunTime:0.000016s ]
INFO: [ app_init ] --END-- [ RunTime:0.000362s ]
ERR: 无法加载模块:Public

[ 2017-09-30T19:06:11+08:00 ] ::1 /tpchat/Application/Admin/Public/up/2017-09-25/59c88e1f79cb4.jpg
INFO: [ app_init ] --START--
INFO: Run Behavior\BuildLiteBehavior [ RunTime:0.000015s ]
INFO: [ app_init ] --END-- [ RunTime:0.000349s ]
ERR: 无法加载模块:Application

[ 2017-09-30T19:06:12+08:00 ] ::1 /tpchat/Public/froala_editor/css/froala_style.min.css
INFO: [ app_init ] --START--
INFO: Run Behavior\BuildLiteBehavior [ RunTime:0.000013s ]
INFO: [ app_init ] --END-- [ RunTime:0.000345s ]
ERR: 无法加载模块:Public

[ 2017-09-30T19:06:12+08:00 ] ::1 /tpchat/Public/froala_editor/css/froala_editor.pkgd.min.css
INFO: [ app_init ] --START--
INFO: Run Behavior\BuildLiteBehavior [ RunTime:0.000012s ]
INFO: [ app_init ] --END-- [ RunTime:0.000343s ]
ERR: 无法加载模块:Public

[ 2017-09-30T19:06:12+08:00 ] ::1 /tpchat/Public/upload/image/20170925/20170925130818_72600.jpg
INFO: [ app_init ] --START--
INFO: Run Behavior\BuildLiteBehavior [ RunTime:0.000015s ]
INFO: [ app_init ] --END-- [ RunTime:0.000380s ]
ERR: 无法加载模块:Public

[ 2017-09-30T19:06:12+08:00 ] ::1 /tpchat/Public/img/nav_qrcode.png
INFO: [ app_init ] --START--
INFO: Run Behavior\BuildLiteBehavior [ RunTime:0.000011s ]
INFO: [ app_init ] --END-- [ RunTime:0.000249s ]
ERR: 无法加载模块:Public

[ 2017-09-30T19:06:12+08:00 ] ::1 /tpchat/Public/img/nav_qrcode.png
INFO: [ app_init ] --START--
INFO: Run Behavior\BuildLiteBehavior [ RunTime:0.000011s ]
INFO: [ app_init ] --END-- [ RunTime:0.000255s ]
ERR: 无法加载模块:Public

[ 2017-09-30T19:06:12+08:00 ] ::1 /tpchat/Public/upload/image/20170925/20170925130818_72600.jpg
INFO: [ app_init ] --START--
INFO: Run Behavior\BuildLiteBehavior [ RunTime:0.000011s ]
INFO: [ app_init ] --END-- [ RunTime:0.000244s ]
ERR: 无法加载模块:Public

[ 2017-09-30T19:06:23+08:00 ] ::1 /tpchat/Public/js/maps/swiper.jquery.js.map
INFO: [ app_init ] --START--
INFO: Run Behavior\BuildLiteBehavior [ RunTime:0.000019s ]
INFO: [ app_init ] --END-- [ RunTime:0.000578s ]
ERR: 无法加载模块:Public

[ 2017-09-30T19:06:23+08:00 ] ::1 /tpchat/Application/Admin/Public/up/2017-09-25/59c88e1f79cb4.jpg
INFO: [ app_init ] --START--
INFO: Run Behavior\BuildLiteBehavior [ RunTime:0.000015s ]
INFO: [ app_init ] --END-- [ RunTime:0.000341s ]
ERR: 无法加载模块:Application

[ 2017-09-30T19:06:23+08:00 ] ::1 /tpchat/Application/Admin/Public/up/2017-09-25/59c88f6e9fece.jpg
INFO: [ app_init ] --START--
INFO: Run Behavior\BuildLiteBehavior [ RunTime:0.000025s ]
INFO: [ app_init ] --END-- [ RunTime:0.000388s ]
ERR: 无法加载模块:Application

[ 2017-09-30T19:06:24+08:00 ] ::1 /tpchat/Public/froala_editor/css/froala_style.min.css
INFO: [ app_init ] --START--
INFO: Run Behavior\BuildLiteBehavior [ RunTime:0.000015s ]
INFO: [ app_init ] --END-- [ RunTime:0.000379s ]
ERR: 无法加载模块:Public

[ 2017-09-30T19:06:24+08:00 ] ::1 /tpchat/Public/froala_editor/css/froala_editor.pkgd.min.css
INFO: [ app_init ] --START--
INFO: Run Behavior\BuildLiteBehavior [ RunTime:0.000015s ]
INFO: [ app_init ] --END-- [ RunTime:0.000358s ]
ERR: 无法加载模块:Public

[ 2017-09-30T19:06:24+08:00 ] ::1 /tpchat/Public/img/nav_qrcode.png
INFO: [ app_init ] --START--
INFO: Run Behavior\BuildLiteBehavior [ RunTime:0.000019s ]
INFO: [ app_init ] --END-- [ RunTime:0.000435s ]
ERR: 无法加载模块:Public

[ 2017-09-30T19:06:24+08:00 ] ::1 /tpchat/Public/img/nav_qrcode.png
INFO: [ app_init ] --START--
INFO: Run Behavior\BuildLiteBehavior [ RunTime:0.000015s ]
INFO: [ app_init ] --END-- [ RunTime:0.000460s ]
ERR: 无法加载模块:Public

[ 2017-09-30T19:28:22+08:00 ] ::1 /tpchat/Application/Admin/Public/up/2017-09-25/59c88f6e9fece.jpg
INFO: [ app_init ] --START--
INFO: Run Behavior\BuildLiteBehavior [ RunTime:0.000015s ]
INFO: [ app_init ] --END-- [ RunTime:0.000345s ]
ERR: 无法加载模块:Application

[ 2017-09-30T19:28:22+08:00 ] ::1 /tpchat/Application/Admin/Public/up/2017-09-25/59c88e1f79cb4.jpg
INFO: [ app_init ] --START--
INFO: Run Behavior\BuildLiteBehavior [ RunTime:0.000012s ]
INFO: [ app_init ] --END-- [ RunTime:0.000253s ]
ERR: 无法加载模块:Application

[ 2017-09-30T19:28:22+08:00 ] ::1 /tpchat/Application/Admin/Public/up/2017-09-23/59c64f689fe11.jpg
INFO: [ app_init ] --START--
INFO: Run Behavior\BuildLiteBehavior [ RunTime:0.000019s ]
INFO: [ app_init ] --END-- [ RunTime:0.000343s ]
ERR: 无法加载模块:Application

[ 2017-09-30T19:28:36+08:00 ] ::1 /tpchat/Application/Admin/Public/up/2017-09-25/59c88f6e9fece.jpg
INFO: [ app_init ] --START--
INFO: Run Behavior\BuildLiteBehavior [ RunTime:0.000010s ]
INFO: [ app_init ] --END-- [ RunTime:0.000247s ]
ERR: 无法加载模块:Application

[ 2017-09-30T19:28:36+08:00 ] ::1 /tpchat/Application/Admin/Public/up/2017-09-25/59c88e1f79cb4.jpg
INFO: [ app_init ] --START--
INFO: Run Behavior\BuildLiteBehavior [ RunTime:0.000011s ]
INFO: [ app_init ] --END-- [ RunTime:0.000262s ]
ERR: 无法加载模块:Application

[ 2017-09-30T19:28:36+08:00 ] ::1 /tpchat/Application/Admin/Public/up/2017-09-23/59c64f689fe11.jpg
INFO: [ app_init ] --START--
INFO: Run Behavior\BuildLiteBehavior [ RunTime:0.000010s ]
INFO: [ app_init ] --END-- [ RunTime:0.000242s ]
ERR: 无法加载模块:Application

[ 2017-09-30T19:28:36+08:00 ] ::1 /tpchat/Application/Admin/Public/up/2017-09-23/59c64f689fe11.jpg
INFO: [ app_init ] --START--
INFO: Run Behavior\BuildLiteBehavior [ RunTime:0.000010s ]
INFO: [ app_init ] --END-- [ RunTime:0.000241s ]
ERR: 无法加载模块:Application

[ 2017-09-30T19:28:36+08:00 ] ::1 /tpchat/Application/Admin/Public/up/2017-09-25/59c88f6e9fece.jpg
INFO: [ app_init ] --START--
INFO: Run Behavior\BuildLiteBehavior [ RunTime:0.000011s ]
INFO: [ app_init ] --END-- [ RunTime:0.000241s ]
ERR: 无法加载模块:Application

[ 2017-09-30T19:28:36+08:00 ] ::1 /tpchat/Application/Admin/Public/up/2017-09-25/59c88e1f79cb4.jpg
INFO: [ app_init ] --START--
INFO: Run Behavior\BuildLiteBehavior [ RunTime:0.000009s ]
INFO: [ app_init ] --END-- [ RunTime:0.000236s ]
ERR: 无法加载模块:Application

[ 2017-09-30T19:28:37+08:00 ] ::1 /tpchat/Application/Admin/Public/up/2017-09-23/59c64f689fe11.jpg
INFO: [ app_init ] --START--
INFO: Run Behavior\BuildLiteBehavior [ RunTime:0.000010s ]
INFO: [ app_init ] --END-- [ RunTime:0.000242s ]
ERR: 无法加载模块:Application

[ 2017-09-30T19:28:37+08:00 ] ::1 /tpchat/Application/Admin/Public/up/2017-09-25/59c88f6e9fece.jpg
INFO: [ app_init ] --START--
INFO: Run Behavior\BuildLiteBehavior [ RunTime:0.000010s ]
INFO: [ app_init ] --END-- [ RunTime:0.000231s ]
ERR: 无法加载模块:Application

[ 2017-09-30T19:28:37+08:00 ] ::1 /tpchat/Application/Admin/Public/up/2017-09-25/59c88e1f79cb4.jpg
INFO: [ app_init ] --START--
INFO: Run Behavior\BuildLiteBehavior [ RunTime:0.000009s ]
INFO: [ app_init ] --END-- [ RunTime:0.000232s ]
ERR: 无法加载模块:Application

[ 2017-09-30T19:52:46+08:00 ] ::1 /tpchat/Application/Admin/Public/up/2017-09-25/59c88f6e9fece.jpg
INFO: [ app_init ] --START--
INFO: Run Behavior\BuildLiteBehavior [ RunTime:0.000012s ]
INFO: [ app_init ] --END-- [ RunTime:0.000254s ]
ERR: 无法加载模块:Application

[ 2017-09-30T19:52:46+08:00 ] ::1 /tpchat/Application/Admin/Public/up/2017-09-25/59c88e1f79cb4.jpg
INFO: [ app_init ] --START--
INFO: Run Behavior\BuildLiteBehavior [ RunTime:0.000011s ]
INFO: [ app_init ] --END-- [ RunTime:0.000249s ]
ERR: 无法加载模块:Application

[ 2017-09-30T19:52:46+08:00 ] ::1 /tpchat/Application/Admin/Public/up/2017-09-23/59c64f689fe11.jpg
INFO: [ app_init ] --START--
INFO: Run Behavior\BuildLiteBehavior [ RunTime:0.000020s ]
INFO: [ app_init ] --END-- [ RunTime:0.000333s ]
ERR: 无法加载模块:Application

[ 2017-09-30T19:53:29+08:00 ] ::1 /tpchat/Application/Admin/Public/up/2017-09-25/59c88f6e9fece.jpg
INFO: [ app_init ] --START--
INFO: Run Behavior\BuildLiteBehavior [ RunTime:0.000011s ]
INFO: [ app_init ] --END-- [ RunTime:0.000250s ]
ERR: 无法加载模块:Application

[ 2017-09-30T19:53:29+08:00 ] ::1 /tpchat/Application/Admin/Public/up/2017-09-23/59c64f689fe11.jpg
INFO: [ app_init ] --START--
INFO: Run Behavior\BuildLiteBehavior [ RunTime:0.000013s ]
INFO: [ app_init ] --END-- [ RunTime:0.000361s ]
ERR: 无法加载模块:Application

[ 2017-09-30T19:53:29+08:00 ] ::1 /tpchat/Application/Admin/Public/up/2017-09-25/59c88e1f79cb4.jpg
INFO: [ app_init ] --START--
INFO: Run Behavior\BuildLiteBehavior [ RunTime:0.000011s ]
INFO: [ app_init ] --END-- [ RunTime:0.000249s ]
ERR: 无法加载模块:Application

[ 2017-09-30T19:53:33+08:00 ] ::1 /tpchat/Application/Admin/Public/up/2017-09-25/59c88f6e9fece.jpg
INFO: [ app_init ] --START--
INFO: Run Behavior\BuildLiteBehavior [ RunTime:0.000012s ]
INFO: [ app_init ] --END-- [ RunTime:0.000281s ]
ERR: 无法加载模块:Application

[ 2017-09-30T19:53:33+08:00 ] ::1 /tpchat/Application/Admin/Public/up/2017-09-25/59c88e1f79cb4.jpg
INFO: [ app_init ] --START--
INFO: Run Behavior\BuildLiteBehavior [ RunTime:0.000010s ]
INFO: [ app_init ] --END-- [ RunTime:0.000243s ]
ERR: 无法加载模块:Application

[ 2017-09-30T19:53:33+08:00 ] ::1 /tpchat/Application/Admin/Public/up/2017-09-23/59c64f689fe11.jpg
INFO: [ app_init ] --START--
INFO: Run Behavior\BuildLiteBehavior [ RunTime:0.000009s ]
INFO: [ app_init ] --END-- [ RunTime:0.000233s ]
ERR: 无法加载模块:Application

[ 2017-09-30T19:53:51+08:00 ] ::1 /tpchat/Application/Admin/Public/up/2017-09-25/59c88f6e9fece.jpg
INFO: [ app_init ] --START--
INFO: Run Behavior\BuildLiteBehavior [ RunTime:0.000011s ]
INFO: [ app_init ] --END-- [ RunTime:0.000254s ]
ERR: 无法加载模块:Application

[ 2017-09-30T19:53:51+08:00 ] ::1 /tpchat/Application/Admin/Public/up/2017-09-23/59c64f689fe11.jpg
INFO: [ app_init ] --START--
INFO: Run Behavior\BuildLiteBehavior [ RunTime:0.000011s ]
INFO: [ app_init ] --END-- [ RunTime:0.000253s ]
ERR: 无法加载模块:Application

[ 2017-09-30T19:53:51+08:00 ] ::1 /tpchat/Application/Admin/Public/up/2017-09-25/59c88e1f79cb4.jpg
INFO: [ app_init ] --START--
INFO: Run Behavior\BuildLiteBehavior [ RunTime:0.000010s ]
INFO: [ app_init ] --END-- [ RunTime:0.000244s ]
ERR: 无法加载模块:Application

[ 2017-09-30T19:58:10+08:00 ] ::1 /tpchat/Application/Admin/Public/up/2017-09-25/59c88f6e9fece.jpg
INFO: [ app_init ] --START--
INFO: Run Behavior\BuildLiteBehavior [ RunTime:0.000017s ]
INFO: [ app_init ] --END-- [ RunTime:0.000357s ]
ERR: 无法加载模块:Application

[ 2017-09-30T19:58:10+08:00 ] ::1 /tpchat/Application/Admin/Public/up/2017-09-23/59c64f689fe11.jpg
INFO: [ app_init ] --START--
INFO: Run Behavior\BuildLiteBehavior [ RunTime:0.000016s ]
INFO: [ app_init ] --END-- [ RunTime:0.000372s ]
ERR: 无法加载模块:Application

[ 2017-09-30T19:58:10+08:00 ] ::1 /tpchat/Application/Admin/Public/up/2017-09-25/59c88e1f79cb4.jpg
INFO: [ app_init ] --START--
INFO: Run Behavior\BuildLiteBehavior [ RunTime:0.000014s ]
INFO: [ app_init ] --END-- [ RunTime:0.000356s ]
ERR: 无法加载模块:Application

[ 2017-09-30T19:58:36+08:00 ] ::1 /tpchat/Application/Admin/Public/up/2017-09-25/59c88f6e9fece.jpg
INFO: [ app_init ] --START--
INFO: Run Behavior\BuildLiteBehavior [ RunTime:0.000012s ]
INFO: [ app_init ] --END-- [ RunTime:0.000266s ]
ERR: 无法加载模块:Application

[ 2017-09-30T19:58:36+08:00 ] ::1 /tpchat/Application/Admin/Public/up/2017-09-23/59c64f689fe11.jpg
INFO: [ app_init ] --START--
INFO: Run Behavior\BuildLiteBehavior [ RunTime:0.000012s ]
INFO: [ app_init ] --END-- [ RunTime:0.000252s ]
ERR: 无法加载模块:Application

[ 2017-09-30T19:58:37+08:00 ] ::1 /tpchat/Application/Admin/Public/up/2017-09-25/59c88e1f79cb4.jpg
INFO: [ app_init ] --START--
INFO: Run Behavior\BuildLiteBehavior [ RunTime:0.000012s ]
INFO: [ app_init ] --END-- [ RunTime:0.000266s ]
ERR: 无法加载模块:Application

[ 2017-09-30T19:58:56+08:00 ] ::1 /tpchat/Application/Admin/Public/up/2017-09-25/59c88f6e9fece.jpg
INFO: [ app_init ] --START--
INFO: Run Behavior\BuildLiteBehavior [ RunTime:0.000012s ]
INFO: [ app_init ] --END-- [ RunTime:0.000263s ]
ERR: 无法加载模块:Application

[ 2017-09-30T19:58:56+08:00 ] ::1 /tpchat/Application/Admin/Public/up/2017-09-23/59c64f689fe11.jpg
INFO: [ app_init ] --START--
INFO: Run Behavior\BuildLiteBehavior [ RunTime:0.000010s ]
INFO: [ app_init ] --END-- [ RunTime:0.000248s ]
ERR: 无法加载模块:Application

[ 2017-09-30T19:58:56+08:00 ] ::1 /tpchat/Application/Admin/Public/up/2017-09-25/59c88e1f79cb4.jpg
INFO: [ app_init ] --START--
INFO: Run Behavior\BuildLiteBehavior [ RunTime:0.000014s ]
INFO: [ app_init ] --END-- [ RunTime:0.000316s ]
ERR: 无法加载模块:Application

[ 2017-09-30T19:58:59+08:00 ] ::1 /tpchat/Application/Admin/Public/up/2017-09-25/59c88f6e9fece.jpg
INFO: [ app_init ] --START--
INFO: Run Behavior\BuildLiteBehavior [ RunTime:0.000013s ]
INFO: [ app_init ] --END-- [ RunTime:0.000367s ]
ERR: 无法加载模块:Application

[ 2017-09-30T19:58:59+08:00 ] ::1 /tpchat/Application/Admin/Public/up/2017-09-23/59c64f689fe11.jpg
INFO: [ app_init ] --START--
INFO: Run Behavior\BuildLiteBehavior [ RunTime:0.000013s ]
INFO: [ app_init ] --END-- [ RunTime:0.000328s ]
ERR: 无法加载模块:Application

[ 2017-09-30T19:58:59+08:00 ] ::1 /tpchat/Application/Admin/Public/up/2017-09-25/59c88e1f79cb4.jpg
INFO: [ app_init ] --START--
INFO: Run Behavior\BuildLiteBehavior [ RunTime:0.000011s ]
INFO: [ app_init ] --END-- [ RunTime:0.000253s ]
ERR: 无法加载模块:Application

[ 2017-09-30T19:59:02+08:00 ] ::1 /tpchat/Application/Admin/Public/up/2017-09-25/59c88e1f79cb4.jpg
INFO: [ app_init ] --START--
INFO: Run Behavior\BuildLiteBehavior [ RunTime:0.000011s ]
INFO: [ app_init ] --END-- [ RunTime:0.000258s ]
ERR: 无法加载模块:Application

[ 2017-09-30T19:59:10+08:00 ] ::1 /tpchat/Application/Admin/Public/up/2017-09-25/59c88f6e9fece.jpg
INFO: [ app_init ] --START--
INFO: Run Behavior\BuildLiteBehavior [ RunTime:0.000012s ]
INFO: [ app_init ] --END-- [ RunTime:0.000250s ]
ERR: 无法加载模块:Application

[ 2017-09-30T19:59:10+08:00 ] ::1 /tpchat/Application/Admin/Public/up/2017-09-25/59c88e1f79cb4.jpg
INFO: [ app_init ] --START--
INFO: Run Behavior\BuildLiteBehavior [ RunTime:0.000016s ]
INFO: [ app_init ] --END-- [ RunTime:0.000360s ]
ERR: 无法加载模块:Application

[ 2017-09-30T19:59:35+08:00 ] ::1 /tpchat/Application/Admin/Public/up/2017-09-25/59c88f6e9fece.jpg
INFO: [ app_init ] --START--
INFO: Run Behavior\BuildLiteBehavior [ RunTime:0.000015s ]
INFO: [ app_init ] --END-- [ RunTime:0.000341s ]
ERR: 无法加载模块:Application

[ 2017-09-30T19:59:35+08:00 ] ::1 /tpchat/Application/Admin/Public/up/2017-09-23/59c64f689fe11.jpg
INFO: [ app_init ] --START--
INFO: Run Behavior\BuildLiteBehavior [ RunTime:0.000016s ]
INFO: [ app_init ] --END-- [ RunTime:0.000335s ]
ERR: 无法加载模块:Application

[ 2017-09-30T19:59:35+08:00 ] ::1 /tpchat/Application/Admin/Public/up/2017-09-25/59c88e1f79cb4.jpg
INFO: [ app_init ] --START--
INFO: Run Behavior\BuildLiteBehavior [ RunTime:0.000014s ]
INFO: [ app_init ] --END-- [ RunTime:0.000313s ]
ERR: 无法加载模块:Application

[ 2017-09-30T20:27:27+08:00 ] ::1 /tpchat/Application/Admin/Public/up/2017-09-25/59c88f6e9fece.jpg
INFO: [ app_init ] --START--
INFO: Run Behavior\BuildLiteBehavior [ RunTime:0.000017s ]
INFO: [ app_init ] --END-- [ RunTime:0.000349s ]
ERR: 无法加载模块:Application

[ 2017-09-30T20:27:27+08:00 ] ::1 /tpchat/Application/Admin/Public/up/2017-09-23/59c64f689fe11.jpg
INFO: [ app_init ] --START--
INFO: Run Behavior\BuildLiteBehavior [ RunTime:0.000016s ]
INFO: [ app_init ] --END-- [ RunTime:0.000335s ]
ERR: 无法加载模块:Application

[ 2017-09-30T20:27:27+08:00 ] ::1 /tpchat/Application/Admin/Public/up/2017-09-25/59c88e1f79cb4.jpg
INFO: [ app_init ] --START--
INFO: Run Behavior\BuildLiteBehavior [ RunTime:0.000017s ]
INFO: [ app_init ] --END-- [ RunTime:0.000371s ]
ERR: 无法加载模块:Application

[ 2017-09-30T20:27:28+08:00 ] ::1 /tpchat/Application/Admin/Public/up/2017-09-23/59c64f689fe11.jpg
INFO: [ app_init ] --START--
INFO: Run Behavior\BuildLiteBehavior [ RunTime:0.000014s ]
INFO: [ app_init ] --END-- [ RunTime:0.000285s ]
ERR: 无法加载模块:Application

[ 2017-09-30T20:27:28+08:00 ] ::1 /tpchat/Application/Admin/Public/up/2017-09-25/59c88f6e9fece.jpg
INFO: [ app_init ] --START--
INFO: Run Behavior\BuildLiteBehavior [ RunTime:0.000013s ]
INFO: [ app_init ] --END-- [ RunTime:0.000324s ]
ERR: 无法加载模块:Application

[ 2017-09-30T20:27:28+08:00 ] ::1 /tpchat/Application/Admin/Public/up/2017-09-25/59c88e1f79cb4.jpg
INFO: [ app_init ] --START--
INFO: Run Behavior\BuildLiteBehavior [ RunTime:0.000014s ]
INFO: [ app_init ] --END-- [ RunTime:0.000369s ]
ERR: 无法加载模块:Application

[ 2017-09-30T20:27:37+08:00 ] ::1 /tpchat/Application/Admin/Public/up/2017-09-25/59c88f6e9fece.jpg
INFO: [ app_init ] --START--
INFO: Run Behavior\BuildLiteBehavior [ RunTime:0.000012s ]
INFO: [ app_init ] --END-- [ RunTime:0.000256s ]
ERR: 无法加载模块:Application

